TpTrace Verbose: 0 : 11644, 1, 2023/12/03, 13:27:45.774, 5730201458491, vstest.console.dll, Version: 17.8.0-release-23523-03 Current process architecture: X64
TpTrace Verbose: 0 : 11644, 1, 2023/12/03, 13:27:45.778, 5730201495845, vstest.console.dll, Runtime location: C:\Program Files\dotnet\shared\Microsoft.NETCore.App\8.0.0
TpTrace Verbose: 0 : 11644, 1, 2023/12/03, 13:27:45.781, 5730201527779, vstest.console.dll, ArtifactProcessingPostProcessModeProcessorExecutor.Initialize: ArtifactProcessingMode.Collect
TpTrace Verbose: 0 : 11644, 1, 2023/12/03, 13:27:45.781, 5730201529574, vstest.console.dll, TestSessionCorrelationIdProcessorModeProcessorExecutor.Initialize: TestSessionCorrelationId '34520_b1f09fc6-c7c7-43ff-9435-131a48e54f5f'
TpTrace Information: 0 : 11644, 1, 2023/12/03, 13:27:45.791, 5730201628439, vstest.console.dll, FilePatternParser: The given file C:\Users\Walterli\Documents\Projetos\Agenda-netcore\TaskManagement.Tests\bin\Debug\net8.0\fine-code-coverage\build-output\TaskManagement.Tests.dll is a full path.
TpTrace Verbose: 0 : 11644, 1, 2023/12/03, 13:27:45.797, 5730201687048, vstest.console.dll, TestPluginCache.DiscoverTestExtensions: finding test extensions in assemblies ends with: RuntimeProvider.dll TPluginInfo: Microsoft.VisualStudio.TestPlatform.Common.ExtensionFramework.Utilities.TestRuntimePluginInformation TExtension: Microsoft.VisualStudio.TestPlatform.ObjectModel.Host.ITestRuntimeProvider
TpTrace Verbose: 0 : 11644, 1, 2023/12/03, 13:27:45.798, 5730201701787, vstest.console.dll, TestPluginCache.GetExtensionPaths: Filtered extension paths: 
TpTrace Verbose: 0 : 11644, 1, 2023/12/03, 13:27:45.799, 5730201703482, vstest.console.dll, TestPluginCache.GetExtensionPaths: Added default extension paths: C:\Program Files\dotnet\sdk\8.0.100\Extensions\Microsoft.Diagnostics.NETCore.Client.dll
C:\Program Files\dotnet\sdk\8.0.100\Extensions\Microsoft.TestPlatform.Extensions.BlameDataCollector.dll
C:\Program Files\dotnet\sdk\8.0.100\Extensions\Microsoft.TestPlatform.Extensions.EventLogCollector.dll
C:\Program Files\dotnet\sdk\8.0.100\Extensions\Microsoft.TestPlatform.TestHostRuntimeProvider.dll
C:\Program Files\dotnet\sdk\8.0.100\Extensions\Microsoft.VisualStudio.TestPlatform.Extensions.Html.TestLogger.dll
C:\Program Files\dotnet\sdk\8.0.100\Extensions\Microsoft.VisualStudio.TestPlatform.Extensions.Trx.TestLogger.dll
TpTrace Verbose: 0 : 11644, 1, 2023/12/03, 13:27:45.799, 5730201704151, vstest.console.dll, TestPluginCache.GetExtensionPaths: Added unfilterableExtensionPaths: 
TpTrace Information: 0 : 11644, 1, 2023/12/03, 13:27:45.800, 5730201714793, vstest.console.dll, AssemblyResolver.ctor: Creating AssemblyResolver with searchDirectories C:\Program Files\dotnet\sdk\8.0.100\Extensions,C:\Program Files\dotnet\sdk\8.0.100
TpTrace Verbose: 0 : 11644, 1, 2023/12/03, 13:27:45.801, 5730201728147, vstest.console.dll, TestPluginCache.DiscoverTestExtensions: Discovering the extensions using extension path.
TpTrace Verbose: 0 : 11644, 1, 2023/12/03, 13:27:45.801, 5730201730247, vstest.console.dll, TestPluginCache.GetExtensionPaths: Filtered extension paths: 
TpTrace Verbose: 0 : 11644, 1, 2023/12/03, 13:27:45.801, 5730201730852, vstest.console.dll, TestPluginCache.GetExtensionPaths: Added default extension paths: C:\Program Files\dotnet\sdk\8.0.100\Extensions\Microsoft.Diagnostics.NETCore.Client.dll
C:\Program Files\dotnet\sdk\8.0.100\Extensions\Microsoft.TestPlatform.Extensions.BlameDataCollector.dll
C:\Program Files\dotnet\sdk\8.0.100\Extensions\Microsoft.TestPlatform.Extensions.EventLogCollector.dll
C:\Program Files\dotnet\sdk\8.0.100\Extensions\Microsoft.TestPlatform.TestHostRuntimeProvider.dll
C:\Program Files\dotnet\sdk\8.0.100\Extensions\Microsoft.VisualStudio.TestPlatform.Extensions.Html.TestLogger.dll
C:\Program Files\dotnet\sdk\8.0.100\Extensions\Microsoft.VisualStudio.TestPlatform.Extensions.Trx.TestLogger.dll
TpTrace Verbose: 0 : 11644, 1, 2023/12/03, 13:27:45.801, 5730201731340, vstest.console.dll, TestPluginCache.GetExtensionPaths: Added unfilterableExtensionPaths: 
TpTrace Verbose: 0 : 11644, 1, 2023/12/03, 13:27:45.801, 5730201732350, vstest.console.dll, TestPluginCache.DiscoverTestExtensions: Discovering the extensions using allExtensionPaths: C:\Program Files\dotnet\sdk\8.0.100\Extensions\Microsoft.Diagnostics.NETCore.Client.dll
C:\Program Files\dotnet\sdk\8.0.100\Extensions\Microsoft.TestPlatform.Extensions.BlameDataCollector.dll
C:\Program Files\dotnet\sdk\8.0.100\Extensions\Microsoft.TestPlatform.Extensions.EventLogCollector.dll
C:\Program Files\dotnet\sdk\8.0.100\Extensions\Microsoft.TestPlatform.TestHostRuntimeProvider.dll
C:\Program Files\dotnet\sdk\8.0.100\Extensions\Microsoft.VisualStudio.TestPlatform.Extensions.Html.TestLogger.dll
C:\Program Files\dotnet\sdk\8.0.100\Extensions\Microsoft.VisualStudio.TestPlatform.Extensions.Trx.TestLogger.dll
TpTrace Information: 0 : 11644, 1, 2023/12/03, 13:27:45.802, 5730201734279, vstest.console.dll, AssemblyResolver.AddSearchDirectories: Adding more searchDirectories C:\Program Files\dotnet\sdk\8.0.100\Extensions,C:\Program Files\dotnet\sdk\8.0.100
TpTrace Information: 0 : 11644, 1, 2023/12/03, 13:27:45.802, 5730201735123, vstest.console.dll, AssemblyResolver.AddSearchDirectories: Adding more searchDirectories C:\Program Files\dotnet\sdk\8.0.100\Extensions,C:\Program Files\dotnet\sdk\8.0.100
TpTrace Information: 0 : 11644, 1, 2023/12/03, 13:27:45.802, 5730201735754, vstest.console.dll, AssemblyResolver.AddSearchDirectories: Adding more searchDirectories C:\Program Files\dotnet\sdk\8.0.100\Extensions,C:\Program Files\dotnet\sdk\8.0.100
TpTrace Information: 0 : 11644, 1, 2023/12/03, 13:27:45.802, 5730201736184, vstest.console.dll, AssemblyResolver.AddSearchDirectories: Adding more searchDirectories C:\Program Files\dotnet\sdk\8.0.100\Extensions,C:\Program Files\dotnet\sdk\8.0.100
TpTrace Information: 0 : 11644, 1, 2023/12/03, 13:27:45.802, 5730201736582, vstest.console.dll, AssemblyResolver.AddSearchDirectories: Adding more searchDirectories C:\Program Files\dotnet\sdk\8.0.100\Extensions,C:\Program Files\dotnet\sdk\8.0.100
TpTrace Information: 0 : 11644, 1, 2023/12/03, 13:27:45.802, 5730201736976, vstest.console.dll, AssemblyResolver.AddSearchDirectories: Adding more searchDirectories C:\Program Files\dotnet\sdk\8.0.100\Extensions,C:\Program Files\dotnet\sdk\8.0.100
TpTrace Information: 0 : 11644, 1, 2023/12/03, 13:27:45.802, 5730201741460, vstest.console.dll, AssemblyResolver.OnResolve: Microsoft.Diagnostics.NETCore.Client: Resolving assembly.
TpTrace Information: 0 : 11644, 1, 2023/12/03, 13:27:45.803, 5730201742604, vstest.console.dll, AssemblyResolver.OnResolve: Microsoft.Diagnostics.NETCore.Client: Searching in: 'C:\Program Files\dotnet\sdk\8.0.100\Extensions'.
TpTrace Information: 0 : 11644, 1, 2023/12/03, 13:27:45.812, 5730201838746, vstest.console.dll, AssemblyResolver.OnResolve: Microsoft.Diagnostics.NETCore.Client: Loading assembly 'C:\Program Files\dotnet\sdk\8.0.100\Extensions\Microsoft.Diagnostics.NETCore.Client.dll'.
TpTrace Information: 0 : 11644, 1, 2023/12/03, 13:27:45.813, 5730201847832, vstest.console.dll, AssemblyResolver.OnResolve: Resolved assembly: Microsoft.Diagnostics.NETCore.Client, from path: C:\Program Files\dotnet\sdk\8.0.100\Extensions\Microsoft.Diagnostics.NETCore.Client.dll
TpTrace Verbose: 0 : 11644, 1, 2023/12/03, 13:27:45.820, 5730201922191, vstest.console.dll, MetadataReaderExtensionsHelper: Discovering extensions inside assembly 'Microsoft.Diagnostics.NETCore.Client, Version=0.2.8.21101, Culture=neutral, PublicKeyToken=31bf3856ad364e35' file path 'C:\Program Files\dotnet\sdk\8.0.100\Extensions\Microsoft.Diagnostics.NETCore.Client.dll'
TpTrace Information: 0 : 11644, 1, 2023/12/03, 13:27:45.827, 5730201988033, vstest.console.dll, AssemblyResolver.OnResolve: Microsoft.Bcl.AsyncInterfaces: Resolving assembly.
TpTrace Information: 0 : 11644, 1, 2023/12/03, 13:27:45.827, 5730201989486, vstest.console.dll, AssemblyResolver.OnResolve: Microsoft.Bcl.AsyncInterfaces: Searching in: 'C:\Program Files\dotnet\sdk\8.0.100\Extensions'.
TpTrace Information: 0 : 11644, 1, 2023/12/03, 13:27:45.827, 5730201990834, vstest.console.dll, AssemblyResolver.OnResolve: Microsoft.Bcl.AsyncInterfaces: Assembly path does not exist: 'C:\Program Files\dotnet\sdk\8.0.100\Extensions\Microsoft.Bcl.AsyncInterfaces.dll', returning.
TpTrace Information: 0 : 11644, 1, 2023/12/03, 13:27:45.828, 5730201992995, vstest.console.dll, AssemblyResolver.OnResolve: Microsoft.Bcl.AsyncInterfaces: Assembly path does not exist: 'C:\Program Files\dotnet\sdk\8.0.100\Extensions\Microsoft.Bcl.AsyncInterfaces.exe', returning.
TpTrace Information: 0 : 11644, 1, 2023/12/03, 13:27:45.828, 5730201993759, vstest.console.dll, AssemblyResolver.OnResolve: Microsoft.Bcl.AsyncInterfaces: Searching in: 'C:\Program Files\dotnet\sdk\8.0.100'.
TpTrace Information: 0 : 11644, 1, 2023/12/03, 13:27:45.828, 5730201994982, vstest.console.dll, AssemblyResolver.OnResolve: Microsoft.Bcl.AsyncInterfaces: Assembly path does not exist: 'C:\Program Files\dotnet\sdk\8.0.100\Microsoft.Bcl.AsyncInterfaces.dll', returning.
TpTrace Information: 0 : 11644, 1, 2023/12/03, 13:27:45.828, 5730201996135, vstest.console.dll, AssemblyResolver.OnResolve: Microsoft.Bcl.AsyncInterfaces: Assembly path does not exist: 'C:\Program Files\dotnet\sdk\8.0.100\Microsoft.Bcl.AsyncInterfaces.exe', returning.
TpTrace Information: 0 : 11644, 1, 2023/12/03, 13:27:45.828, 5730201996770, vstest.console.dll, AssemblyResolver.OnResolve: Microsoft.Bcl.AsyncInterfaces: Failed to load assembly.
TpTrace Verbose: 0 : 11644, 1, 2023/12/03, 13:27:45.828, 5730201997640, vstest.console.dll, CurrentDomainAssemblyResolve: Resolving assembly 'Microsoft.Bcl.AsyncInterfaces'.
TpTrace Information: 0 : 11644, 1, 2023/12/03, 13:27:45.828, 5730201998780, vstest.console.dll, AssemblyResolver.OnResolve: Microsoft.Bcl.AsyncInterfaces: Resolving assembly.
TpTrace Information: 0 : 11644, 1, 2023/12/03, 13:27:45.828, 5730201999530, vstest.console.dll, AssemblyResolver.OnResolve: Microsoft.Bcl.AsyncInterfaces: Resolved from cache.
TpTrace Verbose: 0 : 11644, 1, 2023/12/03, 13:27:45.828, 5730202000164, vstest.console.dll, CurrentDomainAssemblyResolve: Resolving assembly 'Microsoft.Bcl.AsyncInterfaces'.
TpTrace Verbose: 0 : 11644, 1, 2023/12/03, 13:27:45.828, 5730202000818, vstest.console.dll, CurrentDomainAssemblyResolve: Failed to resolve assembly 'Microsoft.Bcl.AsyncInterfaces'.
TpTrace Verbose: 0 : 11644, 1, 2023/12/03, 13:27:45.830, 5730202012897, vstest.console.dll, CurrentDomainAssemblyResolve: Failed to resolve assembly 'Microsoft.Bcl.AsyncInterfaces'.
TpTrace Warning: 0 : 11644, 1, 2023/12/03, 13:27:45.848, 5730202193870, vstest.console.dll, TestPluginDiscoverer: Failed to get types from assembly 'Microsoft.Diagnostics.NETCore.Client, Version=0.2.8.21101, Culture=neutral, PublicKeyToken=31bf3856ad364e35'. Error: System.Reflection.ReflectionTypeLoadException: Unable to load one or more of the requested types.
Could not load file or assembly 'Microsoft.Bcl.AsyncInterfaces, Version=1.0.0.0, Culture=neutral, PublicKeyToken=cc7b13ffcd2ddd51'. The system cannot find the file specified.
   at System.Reflection.RuntimeModule.GetTypes(RuntimeModule module)
   at System.Reflection.RuntimeModule.GetTypes()
   at Microsoft.VisualStudio.TestPlatform.Common.ExtensionFramework.TestPluginDiscoverer.GetTestExtensionsFromAssembly[TPluginInfo,TExtension](Assembly assembly, Dictionary`2 pluginInfos, String filePath) in /_/src/Microsoft.TestPlatform.Common/ExtensionFramework/TestPluginDiscoverer.cs:line 158
System.IO.FileNotFoundException: Could not load file or assembly 'Microsoft.Bcl.AsyncInterfaces, Version=1.0.0.0, Culture=neutral, PublicKeyToken=cc7b13ffcd2ddd51'. The system cannot find the file specified.
File name: 'Microsoft.Bcl.AsyncInterfaces, Version=1.0.0.0, Culture=neutral, PublicKeyToken=cc7b13ffcd2ddd51'
 ---> System.IO.FileNotFoundException: Could not load file or assembly 'Microsoft.Bcl.AsyncInterfaces, Culture=neutral, PublicKeyToken=null'. The system cannot find the file specified.
File name: 'Microsoft.Bcl.AsyncInterfaces, Culture=neutral, PublicKeyToken=null'
   at System.Reflection.RuntimeAssembly.InternalLoad(AssemblyName assemblyName, StackCrawlMark& stackMark, AssemblyLoadContext assemblyLoadContext, RuntimeAssembly requestingAssembly, Boolean throwOnFileNotFound)
   at System.Reflection.Assembly.Load(AssemblyName assemblyRef)
   at Microsoft.VisualStudio.TestPlatform.Common.ExtensionFramework.TestPluginCache.CurrentDomainAssemblyResolve(Object sender, AssemblyResolveEventArgs args) in /_/src/Microsoft.TestPlatform.Common/ExtensionFramework/TestPluginCache.cs:line 513
   at System.Runtime.Loader.AssemblyLoadContext.GetFirstResolvedAssemblyFromResolvingEvent(AssemblyName assemblyName)
   at System.Runtime.Loader.AssemblyLoadContext.ResolveUsingEvent(AssemblyName assemblyName)
   at System.Runtime.Loader.AssemblyLoadContext.ResolveUsingResolvingEvent(IntPtr gchManagedAssemblyLoadContext, AssemblyName assemblyName)
TpTrace Warning: 0 : 11644, 1, 2023/12/03, 13:27:45.848, 5730202198430, vstest.console.dll, LoaderExceptions: System.IO.FileNotFoundException: Could not load file or assembly 'Microsoft.Bcl.AsyncInterfaces, Version=1.0.0.0, Culture=neutral, PublicKeyToken=cc7b13ffcd2ddd51'. The system cannot find the file specified.
File name: 'Microsoft.Bcl.AsyncInterfaces, Version=1.0.0.0, Culture=neutral, PublicKeyToken=cc7b13ffcd2ddd51'
 ---> System.IO.FileNotFoundException: Could not load file or assembly 'Microsoft.Bcl.AsyncInterfaces, Culture=neutral, PublicKeyToken=null'. The system cannot find the file specified.
File name: 'Microsoft.Bcl.AsyncInterfaces, Culture=neutral, PublicKeyToken=null'
   at System.Reflection.RuntimeAssembly.InternalLoad(AssemblyName assemblyName, StackCrawlMark& stackMark, AssemblyLoadContext assemblyLoadContext, RuntimeAssembly requestingAssembly, Boolean throwOnFileNotFound)
   at System.Reflection.Assembly.Load(AssemblyName assemblyRef)
   at Microsoft.VisualStudio.TestPlatform.Common.ExtensionFramework.TestPluginCache.CurrentDomainAssemblyResolve(Object sender, AssemblyResolveEventArgs args) in /_/src/Microsoft.TestPlatform.Common/ExtensionFramework/TestPluginCache.cs:line 513
   at System.Runtime.Loader.AssemblyLoadContext.GetFirstResolvedAssemblyFromResolvingEvent(AssemblyName assemblyName)
   at System.Runtime.Loader.AssemblyLoadContext.ResolveUsingEvent(AssemblyName assemblyName)
   at System.Runtime.Loader.AssemblyLoadContext.ResolveUsingResolvingEvent(IntPtr gchManagedAssemblyLoadContext, AssemblyName assemblyName)
TpTrace Information: 0 : 11644, 1, 2023/12/03, 13:27:45.848, 5730202200280, vstest.console.dll, AssemblyResolver.OnResolve: Microsoft.TestPlatform.Extensions.BlameDataCollector: Resolving assembly.
TpTrace Information: 0 : 11644, 1, 2023/12/03, 13:27:45.848, 5730202200973, vstest.console.dll, AssemblyResolver.OnResolve: Microsoft.TestPlatform.Extensions.BlameDataCollector: Searching in: 'C:\Program Files\dotnet\sdk\8.0.100\Extensions'.
TpTrace Information: 0 : 11644, 1, 2023/12/03, 13:27:45.850, 5730202212995, vstest.console.dll, AssemblyResolver.OnResolve: Microsoft.TestPlatform.Extensions.BlameDataCollector: Loading assembly 'C:\Program Files\dotnet\sdk\8.0.100\Extensions\Microsoft.TestPlatform.Extensions.BlameDataCollector.dll'.
TpTrace Information: 0 : 11644, 1, 2023/12/03, 13:27:45.850, 5730202220275, vstest.console.dll, AssemblyResolver.OnResolve: Resolved assembly: Microsoft.TestPlatform.Extensions.BlameDataCollector, from path: C:\Program Files\dotnet\sdk\8.0.100\Extensions\Microsoft.TestPlatform.Extensions.BlameDataCollector.dll
TpTrace Verbose: 0 : 11644, 1, 2023/12/03, 13:27:45.850, 5730202221520, vstest.console.dll, MetadataReaderExtensionsHelper: Discovering extensions inside assembly 'Microsoft.TestPlatform.Extensions.BlameDataCollector, Version=15.0.0.0, Culture=neutral, PublicKeyToken=b03f5f7f11d50a3a' file path 'C:\Program Files\dotnet\sdk\8.0.100\Extensions\Microsoft.TestPlatform.Extensions.BlameDataCollector.dll'
TpTrace Information: 0 : 11644, 1, 2023/12/03, 13:27:45.852, 5730202238998, vstest.console.dll, AssemblyResolver.OnResolve: Microsoft.TestPlatform.Extensions.EventLogCollector: Resolving assembly.
TpTrace Information: 0 : 11644, 1, 2023/12/03, 13:27:45.852, 5730202240057, vstest.console.dll, AssemblyResolver.OnResolve: Microsoft.TestPlatform.Extensions.EventLogCollector: Searching in: 'C:\Program Files\dotnet\sdk\8.0.100\Extensions'.
TpTrace Information: 0 : 11644, 1, 2023/12/03, 13:27:45.853, 5730202248129, vstest.console.dll, AssemblyResolver.OnResolve: Microsoft.TestPlatform.Extensions.EventLogCollector: Loading assembly 'C:\Program Files\dotnet\sdk\8.0.100\Extensions\Microsoft.TestPlatform.Extensions.EventLogCollector.dll'.
TpTrace Information: 0 : 11644, 1, 2023/12/03, 13:27:45.854, 5730202255175, vstest.console.dll, AssemblyResolver.OnResolve: Resolved assembly: Microsoft.TestPlatform.Extensions.EventLogCollector, from path: C:\Program Files\dotnet\sdk\8.0.100\Extensions\Microsoft.TestPlatform.Extensions.EventLogCollector.dll
TpTrace Verbose: 0 : 11644, 1, 2023/12/03, 13:27:45.854, 5730202256341, vstest.console.dll, MetadataReaderExtensionsHelper: Discovering extensions inside assembly 'Microsoft.TestPlatform.Extensions.EventLogCollector, Version=15.0.0.0, Culture=neutral, PublicKeyToken=b03f5f7f11d50a3a' file path 'C:\Program Files\dotnet\sdk\8.0.100\Extensions\Microsoft.TestPlatform.Extensions.EventLogCollector.dll'
TpTrace Information: 0 : 11644, 1, 2023/12/03, 13:27:45.858, 5730202295451, vstest.console.dll, AssemblyResolver.OnResolve: Microsoft.TestPlatform.TestHostRuntimeProvider: Resolving assembly.
TpTrace Information: 0 : 11644, 1, 2023/12/03, 13:27:45.858, 5730202296978, vstest.console.dll, AssemblyResolver.OnResolve: Microsoft.TestPlatform.TestHostRuntimeProvider: Searching in: 'C:\Program Files\dotnet\sdk\8.0.100\Extensions'.
TpTrace Information: 0 : 11644, 1, 2023/12/03, 13:27:45.859, 5730202304503, vstest.console.dll, AssemblyResolver.OnResolve: Microsoft.TestPlatform.TestHostRuntimeProvider: Loading assembly 'C:\Program Files\dotnet\sdk\8.0.100\Extensions\Microsoft.TestPlatform.TestHostRuntimeProvider.dll'.
TpTrace Information: 0 : 11644, 1, 2023/12/03, 13:27:45.859, 5730202311231, vstest.console.dll, AssemblyResolver.OnResolve: Resolved assembly: Microsoft.TestPlatform.TestHostRuntimeProvider, from path: C:\Program Files\dotnet\sdk\8.0.100\Extensions\Microsoft.TestPlatform.TestHostRuntimeProvider.dll
TpTrace Verbose: 0 : 11644, 1, 2023/12/03, 13:27:45.859, 5730202312146, vstest.console.dll, MetadataReaderExtensionsHelper: Discovering extensions inside assembly 'Microsoft.TestPlatform.TestHostRuntimeProvider, Version=15.0.0.0, Culture=neutral, PublicKeyToken=b03f5f7f11d50a3a' file path 'C:\Program Files\dotnet\sdk\8.0.100\Extensions\Microsoft.TestPlatform.TestHostRuntimeProvider.dll'
TpTrace Information: 0 : 11644, 1, 2023/12/03, 13:27:45.862, 5730202333390, vstest.console.dll, GetTestExtensionFromType: Register extension with identifier data 'HostProvider://DefaultTestHost' and type 'Microsoft.VisualStudio.TestPlatform.CrossPlatEngine.Hosting.DefaultTestHostManager, Microsoft.TestPlatform.TestHostRuntimeProvider, Version=15.0.0.0, Culture=neutral, PublicKeyToken=b03f5f7f11d50a3a' inside file 'C:\Program Files\dotnet\sdk\8.0.100\Extensions\Microsoft.TestPlatform.TestHostRuntimeProvider.dll'
TpTrace Information: 0 : 11644, 1, 2023/12/03, 13:27:45.862, 5730202337344, vstest.console.dll, GetTestExtensionFromType: Register extension with identifier data 'HostProvider://DotnetTestHost' and type 'Microsoft.VisualStudio.TestPlatform.CrossPlatEngine.Hosting.DotnetTestHostManager, Microsoft.TestPlatform.TestHostRuntimeProvider, Version=15.0.0.0, Culture=neutral, PublicKeyToken=b03f5f7f11d50a3a' inside file 'C:\Program Files\dotnet\sdk\8.0.100\Extensions\Microsoft.TestPlatform.TestHostRuntimeProvider.dll'
TpTrace Information: 0 : 11644, 1, 2023/12/03, 13:27:45.862, 5730202338430, vstest.console.dll, AssemblyResolver.OnResolve: Microsoft.VisualStudio.TestPlatform.Extensions.Html.TestLogger: Resolving assembly.
TpTrace Information: 0 : 11644, 1, 2023/12/03, 13:27:45.862, 5730202339189, vstest.console.dll, AssemblyResolver.OnResolve: Microsoft.VisualStudio.TestPlatform.Extensions.Html.TestLogger: Searching in: 'C:\Program Files\dotnet\sdk\8.0.100\Extensions'.
TpTrace Information: 0 : 11644, 1, 2023/12/03, 13:27:45.863, 5730202346548, vstest.console.dll, AssemblyResolver.OnResolve: Microsoft.VisualStudio.TestPlatform.Extensions.Html.TestLogger: Loading assembly 'C:\Program Files\dotnet\sdk\8.0.100\Extensions\Microsoft.VisualStudio.TestPlatform.Extensions.Html.TestLogger.dll'.
TpTrace Information: 0 : 11644, 1, 2023/12/03, 13:27:45.864, 5730202353115, vstest.console.dll, AssemblyResolver.OnResolve: Resolved assembly: Microsoft.VisualStudio.TestPlatform.Extensions.Html.TestLogger, from path: C:\Program Files\dotnet\sdk\8.0.100\Extensions\Microsoft.VisualStudio.TestPlatform.Extensions.Html.TestLogger.dll
TpTrace Verbose: 0 : 11644, 1, 2023/12/03, 13:27:45.864, 5730202354339, vstest.console.dll, MetadataReaderExtensionsHelper: Discovering extensions inside assembly 'Microsoft.VisualStudio.TestPlatform.Extensions.Html.TestLogger, Version=15.0.0.0, Culture=neutral, PublicKeyToken=b03f5f7f11d50a3a' file path 'C:\Program Files\dotnet\sdk\8.0.100\Extensions\Microsoft.VisualStudio.TestPlatform.Extensions.Html.TestLogger.dll'
TpTrace Information: 0 : 11644, 1, 2023/12/03, 13:27:45.865, 5730202367007, vstest.console.dll, AssemblyResolver.OnResolve: Microsoft.VisualStudio.TestPlatform.Extensions.Trx.TestLogger: Resolving assembly.
TpTrace Information: 0 : 11644, 1, 2023/12/03, 13:27:45.865, 5730202368392, vstest.console.dll, AssemblyResolver.OnResolve: Microsoft.VisualStudio.TestPlatform.Extensions.Trx.TestLogger: Searching in: 'C:\Program Files\dotnet\sdk\8.0.100\Extensions'.
TpTrace Information: 0 : 11644, 1, 2023/12/03, 13:27:45.866, 5730202380167, vstest.console.dll, AssemblyResolver.OnResolve: Microsoft.VisualStudio.TestPlatform.Extensions.Trx.TestLogger: Loading assembly 'C:\Program Files\dotnet\sdk\8.0.100\Extensions\Microsoft.VisualStudio.TestPlatform.Extensions.Trx.TestLogger.dll'.
TpTrace Information: 0 : 11644, 1, 2023/12/03, 13:27:45.867, 5730202388081, vstest.console.dll, AssemblyResolver.OnResolve: Resolved assembly: Microsoft.VisualStudio.TestPlatform.Extensions.Trx.TestLogger, from path: C:\Program Files\dotnet\sdk\8.0.100\Extensions\Microsoft.VisualStudio.TestPlatform.Extensions.Trx.TestLogger.dll
TpTrace Verbose: 0 : 11644, 1, 2023/12/03, 13:27:45.867, 5730202389428, vstest.console.dll, MetadataReaderExtensionsHelper: Discovering extensions inside assembly 'Microsoft.VisualStudio.TestPlatform.Extensions.Trx.TestLogger, Version=15.0.0.0, Culture=neutral, PublicKeyToken=b03f5f7f11d50a3a' file path 'C:\Program Files\dotnet\sdk\8.0.100\Extensions\Microsoft.VisualStudio.TestPlatform.Extensions.Trx.TestLogger.dll'
TpTrace Verbose: 0 : 11644, 1, 2023/12/03, 13:27:45.869, 5730202404604, vstest.console.dll, TestPluginCache: Discovered the extensions using extension path ''.
TpTrace Verbose: 0 : 11644, 1, 2023/12/03, 13:27:45.869, 5730202405495, vstest.console.dll, TestPluginCache: Discoverers are ''.
TpTrace Verbose: 0 : 11644, 1, 2023/12/03, 13:27:45.869, 5730202405881, vstest.console.dll, TestPluginCache: Executors are ''.
TpTrace Verbose: 0 : 11644, 1, 2023/12/03, 13:27:45.869, 5730202406197, vstest.console.dll, TestPluginCache: Executors2 are ''.
TpTrace Verbose: 0 : 11644, 1, 2023/12/03, 13:27:45.869, 5730202406517, vstest.console.dll, TestPluginCache: Setting providers are ''.
TpTrace Verbose: 0 : 11644, 1, 2023/12/03, 13:27:45.869, 5730202406832, vstest.console.dll, TestPluginCache: Loggers are ''.
TpTrace Verbose: 0 : 11644, 1, 2023/12/03, 13:27:45.869, 5730202408969, vstest.console.dll, TestPluginCache: TestHosts are 'HostProvider://DefaultTestHost,HostProvider://DotnetTestHost'.
TpTrace Verbose: 0 : 11644, 1, 2023/12/03, 13:27:45.869, 5730202409501, vstest.console.dll, TestPluginCache: DataCollectors are ''.
TpTrace Information: 0 : 11644, 1, 2023/12/03, 13:27:45.884, 5730202556954, vstest.console.dll, RunTestsArgumentProcessor:Execute: Test run is starting.
TpTrace Verbose: 0 : 11644, 1, 2023/12/03, 13:27:45.884, 5730202558192, vstest.console.dll, RunTestsArgumentProcessor:Execute: Queuing Test run.
TpTrace Information: 0 : 11644, 1, 2023/12/03, 13:27:45.884, 5730202561228, vstest.console.dll, TestRequestManager.RunTests: run tests started.
TpTrace Information: 0 : 11644, 1, 2023/12/03, 13:27:45.886, 5730202574823, vstest.console.dll, AssemblyMetadataProvider.GetFrameworkName: Determined framework:'.NETCoreApp,Version=v8.0' for source: 'C:\Users\Walterli\Documents\Projetos\Agenda-netcore\TaskManagement.Tests\bin\Debug\net8.0\fine-code-coverage\build-output\TaskManagement.Tests.dll'
TpTrace Information: 0 : 11644, 1, 2023/12/03, 13:27:45.886, 5730202576737, vstest.console.dll, Determined framework for all sources: .NETCoreApp,Version=v8.0
TpTrace Verbose: 0 : 11644, 1, 2023/12/03, 13:27:45.886, 5730202581398, vstest.console.dll, TestRequestManager.UpdateRunSettingsIfRequired: Default architecture: X64 IsDefaultTargetArchitecture: True, Current process architecture: X64 OperatingSystem: Windows.
TpTrace Information: 0 : 11644, 1, 2023/12/03, 13:27:45.888, 5730202602190, vstest.console.dll, AssemblyMetadataProvider.GetArchitecture: Determined architecture:AnyCPU info for assembly: C:\Users\Walterli\Documents\Projetos\Agenda-netcore\TaskManagement.Tests\bin\Debug\net8.0\fine-code-coverage\build-output\TaskManagement.Tests.dll
TpTrace Information: 0 : 11644, 1, 2023/12/03, 13:27:45.889, 5730202603041, vstest.console.dll, Determined platform for source 'C:\Users\Walterli\Documents\Projetos\Agenda-netcore\TaskManagement.Tests\bin\Debug\net8.0\fine-code-coverage\build-output\TaskManagement.Tests.dll' was AnyCPU and it will use the default plaform X64.
TpTrace Information: 0 : 11644, 1, 2023/12/03, 13:27:45.889, 5730202603599, vstest.console.dll, None of the sources provided any runnable platform, using the default platform: X64
TpTrace Information: 0 : 11644, 1, 2023/12/03, 13:27:45.889, 5730202604928, vstest.console.dll, Platform was updated to 'X64'.
TpTrace Information: 0 : 11644, 1, 2023/12/03, 13:27:45.893, 5730202647095, vstest.console.dll, InferRunSettingsHelper.IsTestSettingsEnabled: Unable to navigate to RunSettings/MSTest. Current node: RunSettings
TpTrace Information: 0 : 11644, 1, 2023/12/03, 13:27:45.894, 5730202655068, vstest.console.dll, AssemblyResolver.OnResolve: Microsoft.VisualStudio.TestPlatform.Fakes: Resolving assembly.
TpTrace Information: 0 : 11644, 1, 2023/12/03, 13:27:45.894, 5730202655996, vstest.console.dll, AssemblyResolver.OnResolve: Microsoft.VisualStudio.TestPlatform.Fakes: Searching in: 'C:\Program Files\dotnet\sdk\8.0.100\Extensions'.
TpTrace Information: 0 : 11644, 1, 2023/12/03, 13:27:45.894, 5730202657086, vstest.console.dll, AssemblyResolver.OnResolve: Microsoft.VisualStudio.TestPlatform.Fakes: Assembly path does not exist: 'C:\Program Files\dotnet\sdk\8.0.100\Extensions\Microsoft.VisualStudio.TestPlatform.Fakes.dll', returning.
TpTrace Information: 0 : 11644, 1, 2023/12/03, 13:27:45.894, 5730202657901, vstest.console.dll, AssemblyResolver.OnResolve: Microsoft.VisualStudio.TestPlatform.Fakes: Assembly path does not exist: 'C:\Program Files\dotnet\sdk\8.0.100\Extensions\Microsoft.VisualStudio.TestPlatform.Fakes.exe', returning.
TpTrace Information: 0 : 11644, 1, 2023/12/03, 13:27:45.894, 5730202658305, vstest.console.dll, AssemblyResolver.OnResolve: Microsoft.VisualStudio.TestPlatform.Fakes: Searching in: 'C:\Program Files\dotnet\sdk\8.0.100'.
TpTrace Information: 0 : 11644, 1, 2023/12/03, 13:27:45.894, 5730202659036, vstest.console.dll, AssemblyResolver.OnResolve: Microsoft.VisualStudio.TestPlatform.Fakes: Assembly path does not exist: 'C:\Program Files\dotnet\sdk\8.0.100\Microsoft.VisualStudio.TestPlatform.Fakes.dll', returning.
TpTrace Information: 0 : 11644, 1, 2023/12/03, 13:27:45.894, 5730202659739, vstest.console.dll, AssemblyResolver.OnResolve: Microsoft.VisualStudio.TestPlatform.Fakes: Assembly path does not exist: 'C:\Program Files\dotnet\sdk\8.0.100\Microsoft.VisualStudio.TestPlatform.Fakes.exe', returning.
TpTrace Information: 0 : 11644, 1, 2023/12/03, 13:27:45.894, 5730202660238, vstest.console.dll, AssemblyResolver.OnResolve: Microsoft.VisualStudio.TestPlatform.Fakes: Failed to load assembly.
TpTrace Information: 0 : 11644, 1, 2023/12/03, 13:27:45.895, 5730202663350, vstest.console.dll, Failed to load assembly Microsoft.VisualStudio.TestPlatform.Fakes, Version=17.0.0.0, Culture=neutral. Reason:System.IO.FileNotFoundException: Could not load file or assembly 'Microsoft.VisualStudio.TestPlatform.Fakes, Version=17.0.0.0, Culture=neutral, PublicKeyToken=null'. The system cannot find the file specified.
File name: 'Microsoft.VisualStudio.TestPlatform.Fakes, Version=17.0.0.0, Culture=neutral, PublicKeyToken=null'
   at System.Reflection.RuntimeAssembly.InternalLoad(AssemblyName assemblyName, StackCrawlMark& stackMark, AssemblyLoadContext assemblyLoadContext, RuntimeAssembly requestingAssembly, Boolean throwOnFileNotFound)
   at System.Reflection.Assembly.Load(AssemblyName assemblyRef)
   at Microsoft.VisualStudio.TestPlatform.Common.Utilities.FakesUtilities.LoadTestPlatformAssembly() in /_/src/Microsoft.TestPlatform.Common/Utilities/FakesUtilities.cs:line 272
TpTrace Verbose: 0 : 11644, 1, 2023/12/03, 13:27:45.899, 5730202703001, vstest.console.dll, TestPluginCache.DiscoverTestExtensions: finding test extensions in assemblies ends with: TestLogger.dll TPluginInfo: Microsoft.VisualStudio.TestPlatform.Common.ExtensionFramework.Utilities.TestLoggerPluginInformation TExtension: Microsoft.VisualStudio.TestPlatform.ObjectModel.Client.ITestLogger
TpTrace Verbose: 0 : 11644, 1, 2023/12/03, 13:27:45.899, 5730202704274, vstest.console.dll, TestPluginCache.GetExtensionPaths: Filtered extension paths: 
TpTrace Verbose: 0 : 11644, 1, 2023/12/03, 13:27:45.899, 5730202704836, vstest.console.dll, TestPluginCache.GetExtensionPaths: Added default extension paths: C:\Program Files\dotnet\sdk\8.0.100\Extensions\Microsoft.Diagnostics.NETCore.Client.dll
C:\Program Files\dotnet\sdk\8.0.100\Extensions\Microsoft.TestPlatform.Extensions.BlameDataCollector.dll
C:\Program Files\dotnet\sdk\8.0.100\Extensions\Microsoft.TestPlatform.Extensions.EventLogCollector.dll
C:\Program Files\dotnet\sdk\8.0.100\Extensions\Microsoft.TestPlatform.TestHostRuntimeProvider.dll
C:\Program Files\dotnet\sdk\8.0.100\Extensions\Microsoft.VisualStudio.TestPlatform.Extensions.Html.TestLogger.dll
C:\Program Files\dotnet\sdk\8.0.100\Extensions\Microsoft.VisualStudio.TestPlatform.Extensions.Trx.TestLogger.dll
TpTrace Verbose: 0 : 11644, 1, 2023/12/03, 13:27:45.899, 5730202705199, vstest.console.dll, TestPluginCache.GetExtensionPaths: Added unfilterableExtensionPaths: 
TpTrace Information: 0 : 11644, 1, 2023/12/03, 13:27:45.899, 5730202706813, vstest.console.dll, AssemblyResolver.AddSearchDirectories: Adding more searchDirectories C:\Program Files\dotnet\sdk\8.0.100\Extensions,C:\Program Files\dotnet\sdk\8.0.100
TpTrace Verbose: 0 : 11644, 1, 2023/12/03, 13:27:45.899, 5730202707361, vstest.console.dll, TestPluginCache.DiscoverTestExtensions: Discovering the extensions using extension path.
TpTrace Verbose: 0 : 11644, 1, 2023/12/03, 13:27:45.899, 5730202707763, vstest.console.dll, TestPluginCache.GetExtensionPaths: Filtered extension paths: 
TpTrace Verbose: 0 : 11644, 1, 2023/12/03, 13:27:45.899, 5730202708105, vstest.console.dll, TestPluginCache.GetExtensionPaths: Added default extension paths: C:\Program Files\dotnet\sdk\8.0.100\Extensions\Microsoft.Diagnostics.NETCore.Client.dll
C:\Program Files\dotnet\sdk\8.0.100\Extensions\Microsoft.TestPlatform.Extensions.BlameDataCollector.dll
C:\Program Files\dotnet\sdk\8.0.100\Extensions\Microsoft.TestPlatform.Extensions.EventLogCollector.dll
C:\Program Files\dotnet\sdk\8.0.100\Extensions\Microsoft.TestPlatform.TestHostRuntimeProvider.dll
C:\Program Files\dotnet\sdk\8.0.100\Extensions\Microsoft.VisualStudio.TestPlatform.Extensions.Html.TestLogger.dll
C:\Program Files\dotnet\sdk\8.0.100\Extensions\Microsoft.VisualStudio.TestPlatform.Extensions.Trx.TestLogger.dll
TpTrace Verbose: 0 : 11644, 1, 2023/12/03, 13:27:45.899, 5730202708587, vstest.console.dll, TestPluginCache.GetExtensionPaths: Added unfilterableExtensionPaths: 
TpTrace Verbose: 0 : 11644, 1, 2023/12/03, 13:27:45.899, 5730202708938, vstest.console.dll, TestPluginCache.DiscoverTestExtensions: Discovering the extensions using allExtensionPaths: C:\Program Files\dotnet\sdk\8.0.100\Extensions\Microsoft.Diagnostics.NETCore.Client.dll
C:\Program Files\dotnet\sdk\8.0.100\Extensions\Microsoft.TestPlatform.Extensions.BlameDataCollector.dll
C:\Program Files\dotnet\sdk\8.0.100\Extensions\Microsoft.TestPlatform.Extensions.EventLogCollector.dll
C:\Program Files\dotnet\sdk\8.0.100\Extensions\Microsoft.TestPlatform.TestHostRuntimeProvider.dll
C:\Program Files\dotnet\sdk\8.0.100\Extensions\Microsoft.VisualStudio.TestPlatform.Extensions.Html.TestLogger.dll
C:\Program Files\dotnet\sdk\8.0.100\Extensions\Microsoft.VisualStudio.TestPlatform.Extensions.Trx.TestLogger.dll
TpTrace Information: 0 : 11644, 1, 2023/12/03, 13:27:45.899, 5730202710028, vstest.console.dll, AssemblyResolver.AddSearchDirectories: Adding more searchDirectories C:\Program Files\dotnet\sdk\8.0.100\Extensions,C:\Program Files\dotnet\sdk\8.0.100
TpTrace Information: 0 : 11644, 1, 2023/12/03, 13:27:45.899, 5730202710524, vstest.console.dll, AssemblyResolver.AddSearchDirectories: Adding more searchDirectories C:\Program Files\dotnet\sdk\8.0.100\Extensions,C:\Program Files\dotnet\sdk\8.0.100
TpTrace Information: 0 : 11644, 1, 2023/12/03, 13:27:45.899, 5730202710913, vstest.console.dll, AssemblyResolver.AddSearchDirectories: Adding more searchDirectories C:\Program Files\dotnet\sdk\8.0.100\Extensions,C:\Program Files\dotnet\sdk\8.0.100
TpTrace Information: 0 : 11644, 1, 2023/12/03, 13:27:45.899, 5730202711349, vstest.console.dll, AssemblyResolver.AddSearchDirectories: Adding more searchDirectories C:\Program Files\dotnet\sdk\8.0.100\Extensions,C:\Program Files\dotnet\sdk\8.0.100
TpTrace Information: 0 : 11644, 1, 2023/12/03, 13:27:45.899, 5730202711721, vstest.console.dll, AssemblyResolver.AddSearchDirectories: Adding more searchDirectories C:\Program Files\dotnet\sdk\8.0.100\Extensions,C:\Program Files\dotnet\sdk\8.0.100
TpTrace Information: 0 : 11644, 1, 2023/12/03, 13:27:45.899, 5730202712086, vstest.console.dll, AssemblyResolver.AddSearchDirectories: Adding more searchDirectories C:\Program Files\dotnet\sdk\8.0.100\Extensions,C:\Program Files\dotnet\sdk\8.0.100
TpTrace Verbose: 0 : 11644, 1, 2023/12/03, 13:27:45.900, 5730202713549, vstest.console.dll, MetadataReaderExtensionsHelper: Discovering extensions inside assembly 'Microsoft.Diagnostics.NETCore.Client, Version=0.2.8.21101, Culture=neutral, PublicKeyToken=31bf3856ad364e35' file path 'C:\Program Files\dotnet\sdk\8.0.100\Extensions\Microsoft.Diagnostics.NETCore.Client.dll'
TpTrace Information: 0 : 11644, 1, 2023/12/03, 13:27:45.900, 5730202721643, vstest.console.dll, AssemblyResolver.OnResolve: Microsoft.Bcl.AsyncInterfaces: Resolving assembly.
TpTrace Information: 0 : 11644, 1, 2023/12/03, 13:27:45.900, 5730202722233, vstest.console.dll, AssemblyResolver.OnResolve: Microsoft.Bcl.AsyncInterfaces: Resolved from cache.
TpTrace Verbose: 0 : 11644, 1, 2023/12/03, 13:27:45.901, 5730202722625, vstest.console.dll, CurrentDomainAssemblyResolve: Resolving assembly 'Microsoft.Bcl.AsyncInterfaces'.
TpTrace Information: 0 : 11644, 1, 2023/12/03, 13:27:45.901, 5730202723188, vstest.console.dll, AssemblyResolver.OnResolve: Microsoft.Bcl.AsyncInterfaces: Resolving assembly.
TpTrace Information: 0 : 11644, 1, 2023/12/03, 13:27:45.901, 5730202723581, vstest.console.dll, AssemblyResolver.OnResolve: Microsoft.Bcl.AsyncInterfaces: Resolved from cache.
TpTrace Verbose: 0 : 11644, 1, 2023/12/03, 13:27:45.901, 5730202723964, vstest.console.dll, CurrentDomainAssemblyResolve: Resolving assembly 'Microsoft.Bcl.AsyncInterfaces'.
TpTrace Verbose: 0 : 11644, 1, 2023/12/03, 13:27:45.901, 5730202724291, vstest.console.dll, CurrentDomainAssemblyResolve: Failed to resolve assembly 'Microsoft.Bcl.AsyncInterfaces'.
TpTrace Verbose: 0 : 11644, 1, 2023/12/03, 13:27:45.901, 5730202725848, vstest.console.dll, CurrentDomainAssemblyResolve: Failed to resolve assembly 'Microsoft.Bcl.AsyncInterfaces'.
TpTrace Warning: 0 : 11644, 1, 2023/12/03, 13:27:45.901, 5730202729496, vstest.console.dll, TestPluginDiscoverer: Failed to get types from assembly 'Microsoft.Diagnostics.NETCore.Client, Version=0.2.8.21101, Culture=neutral, PublicKeyToken=31bf3856ad364e35'. Error: System.Reflection.ReflectionTypeLoadException: Unable to load one or more of the requested types.
Could not load file or assembly 'Microsoft.Bcl.AsyncInterfaces, Version=1.0.0.0, Culture=neutral, PublicKeyToken=cc7b13ffcd2ddd51'. The system cannot find the file specified.
   at System.Reflection.RuntimeModule.GetTypes(RuntimeModule module)
   at System.Reflection.RuntimeModule.GetTypes()
   at Microsoft.VisualStudio.TestPlatform.Common.ExtensionFramework.TestPluginDiscoverer.GetTestExtensionsFromAssembly[TPluginInfo,TExtension](Assembly assembly, Dictionary`2 pluginInfos, String filePath) in /_/src/Microsoft.TestPlatform.Common/ExtensionFramework/TestPluginDiscoverer.cs:line 158
System.IO.FileNotFoundException: Could not load file or assembly 'Microsoft.Bcl.AsyncInterfaces, Version=1.0.0.0, Culture=neutral, PublicKeyToken=cc7b13ffcd2ddd51'. The system cannot find the file specified.
File name: 'Microsoft.Bcl.AsyncInterfaces, Version=1.0.0.0, Culture=neutral, PublicKeyToken=cc7b13ffcd2ddd51'
 ---> System.IO.FileNotFoundException: Could not load file or assembly 'Microsoft.Bcl.AsyncInterfaces, Culture=neutral, PublicKeyToken=null'. The system cannot find the file specified.
File name: 'Microsoft.Bcl.AsyncInterfaces, Culture=neutral, PublicKeyToken=null'
   at System.Reflection.RuntimeAssembly.InternalLoad(AssemblyName assemblyName, StackCrawlMark& stackMark, AssemblyLoadContext assemblyLoadContext, RuntimeAssembly requestingAssembly, Boolean throwOnFileNotFound)
   at System.Reflection.Assembly.Load(AssemblyName assemblyRef)
   at Microsoft.VisualStudio.TestPlatform.Common.ExtensionFramework.TestPluginCache.CurrentDomainAssemblyResolve(Object sender, AssemblyResolveEventArgs args) in /_/src/Microsoft.TestPlatform.Common/ExtensionFramework/TestPluginCache.cs:line 513
   at System.Runtime.Loader.AssemblyLoadContext.GetFirstResolvedAssemblyFromResolvingEvent(AssemblyName assemblyName)
   at System.Runtime.Loader.AssemblyLoadContext.ResolveUsingEvent(AssemblyName assemblyName)
   at System.Runtime.Loader.AssemblyLoadContext.ResolveUsingResolvingEvent(IntPtr gchManagedAssemblyLoadContext, AssemblyName assemblyName)
TpTrace Warning: 0 : 11644, 1, 2023/12/03, 13:27:45.901, 5730202731454, vstest.console.dll, LoaderExceptions: System.IO.FileNotFoundException: Could not load file or assembly 'Microsoft.Bcl.AsyncInterfaces, Version=1.0.0.0, Culture=neutral, PublicKeyToken=cc7b13ffcd2ddd51'. The system cannot find the file specified.
File name: 'Microsoft.Bcl.AsyncInterfaces, Version=1.0.0.0, Culture=neutral, PublicKeyToken=cc7b13ffcd2ddd51'
 ---> System.IO.FileNotFoundException: Could not load file or assembly 'Microsoft.Bcl.AsyncInterfaces, Culture=neutral, PublicKeyToken=null'. The system cannot find the file specified.
File name: 'Microsoft.Bcl.AsyncInterfaces, Culture=neutral, PublicKeyToken=null'
   at System.Reflection.RuntimeAssembly.InternalLoad(AssemblyName assemblyName, StackCrawlMark& stackMark, AssemblyLoadContext assemblyLoadContext, RuntimeAssembly requestingAssembly, Boolean throwOnFileNotFound)
   at System.Reflection.Assembly.Load(AssemblyName assemblyRef)
   at Microsoft.VisualStudio.TestPlatform.Common.ExtensionFramework.TestPluginCache.CurrentDomainAssemblyResolve(Object sender, AssemblyResolveEventArgs args) in /_/src/Microsoft.TestPlatform.Common/ExtensionFramework/TestPluginCache.cs:line 513
   at System.Runtime.Loader.AssemblyLoadContext.GetFirstResolvedAssemblyFromResolvingEvent(AssemblyName assemblyName)
   at System.Runtime.Loader.AssemblyLoadContext.ResolveUsingEvent(AssemblyName assemblyName)
   at System.Runtime.Loader.AssemblyLoadContext.ResolveUsingResolvingEvent(IntPtr gchManagedAssemblyLoadContext, AssemblyName assemblyName)
TpTrace Verbose: 0 : 11644, 1, 2023/12/03, 13:27:45.901, 5730202732470, vstest.console.dll, MetadataReaderExtensionsHelper: Discovering extensions inside assembly 'Microsoft.TestPlatform.Extensions.BlameDataCollector, Version=15.0.0.0, Culture=neutral, PublicKeyToken=b03f5f7f11d50a3a' file path 'C:\Program Files\dotnet\sdk\8.0.100\Extensions\Microsoft.TestPlatform.Extensions.BlameDataCollector.dll'
TpTrace Information: 0 : 11644, 1, 2023/12/03, 13:27:45.902, 5730202736951, vstest.console.dll, GetTestExtensionFromType: Register extension with identifier data 'logger://Microsoft/TestPlatform/Extensions/Blame/v1' and type 'Microsoft.TestPlatform.Extensions.BlameDataCollector.BlameLogger, Microsoft.TestPlatform.Extensions.BlameDataCollector, Version=15.0.0.0, Culture=neutral, PublicKeyToken=b03f5f7f11d50a3a' inside file 'C:\Program Files\dotnet\sdk\8.0.100\Extensions\Microsoft.TestPlatform.Extensions.BlameDataCollector.dll'
TpTrace Verbose: 0 : 11644, 1, 2023/12/03, 13:27:45.902, 5730202737642, vstest.console.dll, MetadataReaderExtensionsHelper: Discovering extensions inside assembly 'Microsoft.TestPlatform.Extensions.EventLogCollector, Version=15.0.0.0, Culture=neutral, PublicKeyToken=b03f5f7f11d50a3a' file path 'C:\Program Files\dotnet\sdk\8.0.100\Extensions\Microsoft.TestPlatform.Extensions.EventLogCollector.dll'
TpTrace Verbose: 0 : 11644, 1, 2023/12/03, 13:27:45.902, 5730202740518, vstest.console.dll, MetadataReaderExtensionsHelper: Discovering extensions inside assembly 'Microsoft.TestPlatform.TestHostRuntimeProvider, Version=15.0.0.0, Culture=neutral, PublicKeyToken=b03f5f7f11d50a3a' file path 'C:\Program Files\dotnet\sdk\8.0.100\Extensions\Microsoft.TestPlatform.TestHostRuntimeProvider.dll'
TpTrace Verbose: 0 : 11644, 1, 2023/12/03, 13:27:45.903, 5730202743449, vstest.console.dll, MetadataReaderExtensionsHelper: Discovering extensions inside assembly 'Microsoft.VisualStudio.TestPlatform.Extensions.Html.TestLogger, Version=15.0.0.0, Culture=neutral, PublicKeyToken=b03f5f7f11d50a3a' file path 'C:\Program Files\dotnet\sdk\8.0.100\Extensions\Microsoft.VisualStudio.TestPlatform.Extensions.Html.TestLogger.dll'
TpTrace Information: 0 : 11644, 1, 2023/12/03, 13:27:45.903, 5730202750460, vstest.console.dll, GetTestExtensionFromType: Register extension with identifier data 'logger://Microsoft/TestPlatform/HtmlLogger/v1' and type 'Microsoft.VisualStudio.TestPlatform.Extensions.HtmlLogger.HtmlLogger, Microsoft.VisualStudio.TestPlatform.Extensions.Html.TestLogger, Version=15.0.0.0, Culture=neutral, PublicKeyToken=b03f5f7f11d50a3a' inside file 'C:\Program Files\dotnet\sdk\8.0.100\Extensions\Microsoft.VisualStudio.TestPlatform.Extensions.Html.TestLogger.dll'
TpTrace Verbose: 0 : 11644, 1, 2023/12/03, 13:27:45.903, 5730202751782, vstest.console.dll, MetadataReaderExtensionsHelper: Discovering extensions inside assembly 'Microsoft.VisualStudio.TestPlatform.Extensions.Trx.TestLogger, Version=15.0.0.0, Culture=neutral, PublicKeyToken=b03f5f7f11d50a3a' file path 'C:\Program Files\dotnet\sdk\8.0.100\Extensions\Microsoft.VisualStudio.TestPlatform.Extensions.Trx.TestLogger.dll'
TpTrace Information: 0 : 11644, 1, 2023/12/03, 13:27:45.904, 5730202758688, vstest.console.dll, GetTestExtensionFromType: Register extension with identifier data 'logger://Microsoft/TestPlatform/TrxLogger/v1' and type 'Microsoft.VisualStudio.TestPlatform.Extensions.TrxLogger.TrxLogger, Microsoft.VisualStudio.TestPlatform.Extensions.Trx.TestLogger, Version=15.0.0.0, Culture=neutral, PublicKeyToken=b03f5f7f11d50a3a' inside file 'C:\Program Files\dotnet\sdk\8.0.100\Extensions\Microsoft.VisualStudio.TestPlatform.Extensions.Trx.TestLogger.dll'
TpTrace Verbose: 0 : 11644, 1, 2023/12/03, 13:27:45.904, 5730202760661, vstest.console.dll, TestPluginCache: Discovered the extensions using extension path ''.
TpTrace Verbose: 0 : 11644, 1, 2023/12/03, 13:27:45.904, 5730202761490, vstest.console.dll, TestPluginCache: Discoverers are ''.
TpTrace Verbose: 0 : 11644, 1, 2023/12/03, 13:27:45.904, 5730202762270, vstest.console.dll, TestPluginCache: Executors are ''.
TpTrace Verbose: 0 : 11644, 1, 2023/12/03, 13:27:45.905, 5730202762820, vstest.console.dll, TestPluginCache: Executors2 are ''.
TpTrace Verbose: 0 : 11644, 1, 2023/12/03, 13:27:45.905, 5730202763338, vstest.console.dll, TestPluginCache: Setting providers are ''.
TpTrace Verbose: 0 : 11644, 1, 2023/12/03, 13:27:45.905, 5730202764710, vstest.console.dll, TestPluginCache: Loggers are 'logger://Microsoft/TestPlatform/Extensions/Blame/v1,logger://Microsoft/TestPlatform/HtmlLogger/v1,logger://Microsoft/TestPlatform/TrxLogger/v1'.
TpTrace Verbose: 0 : 11644, 1, 2023/12/03, 13:27:45.905, 5730202765620, vstest.console.dll, TestPluginCache: TestHosts are 'HostProvider://DefaultTestHost,HostProvider://DotnetTestHost'.
TpTrace Verbose: 0 : 11644, 1, 2023/12/03, 13:27:45.905, 5730202766200, vstest.console.dll, TestPluginCache: DataCollectors are ''.
TpTrace Information: 0 : 11644, 1, 2023/12/03, 13:27:45.906, 5730202781418, vstest.console.dll, TestPluginManager.CreateTestExtension: Attempting to load test extension: Microsoft.TestPlatform.Extensions.BlameDataCollector.BlameLogger
TpTrace Verbose: 0 : 11644, 1, 2023/12/03, 13:27:45.917, 5730202888721, vstest.console.dll, TestEngine: Initializing Parallel Execution as MaxCpuCount is set to: 1
TpTrace Information: 0 : 11644, 1, 2023/12/03, 13:27:45.919, 5730202905021, vstest.console.dll, TestPluginManager.CreateTestExtension: Attempting to load test extension: Microsoft.VisualStudio.TestPlatform.CrossPlatEngine.Hosting.DefaultTestHostManager
TpTrace Information: 0 : 11644, 1, 2023/12/03, 13:27:45.920, 5730202917236, vstest.console.dll, TestPluginManager.CreateTestExtension: Attempting to load test extension: Microsoft.VisualStudio.TestPlatform.CrossPlatEngine.Hosting.DotnetTestHostManager
TpTrace Information: 0 : 11644, 1, 2023/12/03, 13:27:45.921, 5730202925090, vstest.console.dll, InferRunSettingsHelper.IsTestSettingsEnabled: Unable to navigate to RunSettings/MSTest. Current node: RunSettings
TpTrace Verbose: 0 : 11644, 1, 2023/12/03, 13:27:45.921, 5730202932539, vstest.console.dll, ParallelOperationManager.ClearSlots: Clearing all slots. Slots should accept more work: True
TpTrace Verbose: 0 : 11644, 1, 2023/12/03, 13:27:45.922, 5730202939641, vstest.console.dll, ParallelOperationManager.SetOccupiedSlotCount: Setting slot counts AvailableSlotCount = 1, OccupiedSlotCount = 0.
TpTrace Verbose: 0 : 11644, 1, 2023/12/03, 13:27:45.923, 5730202943607, vstest.console.dll, Occupied slots:

TpTrace Verbose: 0 : 11644, 1, 2023/12/03, 13:27:45.927, 5730202987293, vstest.console.dll, TestEngine.GetExecutionManager: Chosen execution manager 'Microsoft.VisualStudio.TestPlatform.CrossPlatEngine.Client.Parallel.ParallelProxyExecutionManager, Microsoft.TestPlatform.CrossPlatEngine, Version=15.0.0.0, Culture=neutral, PublicKeyToken=b03f5f7f11d50a3a' ParallelLevel '1'.
TpTrace Verbose: 0 : 11644, 1, 2023/12/03, 13:27:45.927, 5730202989995, vstest.console.dll, TestRunRequest.ExecuteAsync: Creating test run request.
TpTrace Verbose: 0 : 11644, 1, 2023/12/03, 13:27:45.928, 5730202992749, vstest.console.dll, TestRunRequest.ExecuteAsync: Starting.
TpTrace Information: 0 : 11644, 1, 2023/12/03, 13:27:45.929, 5730203007268, vstest.console.dll, TestRunRequest.ExecuteAsync: Starting run with settings:TestRunCriteria:
   KeepAlive=False,FrequencyOfRunStatsChangeEvent=10,RunStatsChangeEventTimeout=00:00:01.5000000,TestCaseFilter=,TestExecutorLauncher=
   Settingsxml=<RunSettings>
  <RunConfiguration>
    <ResultsDirectory>C:\Users\Walterli\Documents\Projetos\Agenda-netcore\TaskManagement.Tests\bin\Debug\net8.0\fine-code-coverage\coverage-tool-output</ResultsDirectory>
    <TargetPlatform>X64</TargetPlatform>
    <TargetFrameworkVersion>.NETCoreApp,Version=v8.0</TargetFrameworkVersion>
    <DesignMode>False</DesignMode>
    <CollectSourceInformation>False</CollectSourceInformation>
  </RunConfiguration>
  <LoggerRunSettings>
    <Loggers>
      <Logger friendlyName="blame" enabled="True" />
      <Logger friendlyName="Console" uri="logger://microsoft/TestPlatform/ConsoleLogger/v1" assemblyQualifiedName="Microsoft.VisualStudio.TestPlatform.CommandLine.Internal.ConsoleLogger, vstest.console, Version=15.0.0.0, Culture=neutral, PublicKeyToken=b03f5f7f11d50a3a" codeBase="C:\Program Files\dotnet\sdk\8.0.100\vstest.console.dll" enabled="True" />
    </Loggers>
  </LoggerRunSettings>
  <DataCollectionRunSettings>
    <DataCollectors>
      <DataCollector friendlyName="blame" enabled="True">
        <Configuration>
          <ResultsDirectory>C:\Users\Walterli\Documents\Projetos\Agenda-netcore\TaskManagement.Tests\bin\Debug\net8.0\fine-code-coverage\coverage-tool-output</ResultsDirectory>
        </Configuration>
      </DataCollector>
    </DataCollectors>
  </DataCollectionRunSettings>
</RunSettings>

TpTrace Verbose: 0 : 11644, 1, 2023/12/03, 13:27:45.929, 5730203008225, vstest.console.dll, TestRunRequest.ExecuteAsync: Wait for the first run request is over.
TpTrace Verbose: 0 : 11644, 1, 2023/12/03, 13:27:45.930, 5730203012796, vstest.console.dll, MulticastDelegateUtilities.SafeInvoke: TestRun.TestRunStart: Invoking callbacks was skipped because there are no subscribers.
TpTrace Verbose: 0 : 11644, 4, 2023/12/03, 13:27:45.930, 5730203015724, vstest.console.dll, MulticastDelegateUtilities.SafeInvoke: InternalTestLoggerEvents.SendTestRunStart: Invoking callback 1/1 for Microsoft.VisualStudio.TestPlatform.CommandLine.Internal.ConsoleLogger., took 0 ms.
TpTrace Verbose: 0 : 11644, 1, 2023/12/03, 13:27:45.931, 5730203025433, vstest.console.dll, ParallelProxyExecutionManager: Start execution. Total sources: 1
TpTrace Verbose: 0 : 11644, 1, 2023/12/03, 13:27:45.931, 5730203030281, vstest.console.dll, ParallelOperationManager.StartWork: Starting adding 1 workloads.
TpTrace Verbose: 0 : 11644, 1, 2023/12/03, 13:27:45.931, 5730203031123, vstest.console.dll, ParallelOperationManager.ClearSlots: Clearing all slots. Slots should accept more work: True
TpTrace Verbose: 0 : 11644, 1, 2023/12/03, 13:27:45.931, 5730203032150, vstest.console.dll, ParallelOperationManager.SetOccupiedSlotCount: Setting slot counts AvailableSlotCount = 1, OccupiedSlotCount = 0.
TpTrace Verbose: 0 : 11644, 1, 2023/12/03, 13:27:45.932, 5730203032668, vstest.console.dll, Occupied slots:

TpTrace Verbose: 0 : 11644, 1, 2023/12/03, 13:27:45.933, 5730203048837, vstest.console.dll, TestRequestSender is acting as server.
TpTrace Verbose: 0 : 11644, 1, 2023/12/03, 13:27:45.934, 5730203061981, vstest.console.dll, ParallelOperationManager.RunWorkInParallel: Adding 1 workload to slot, remaining workloads 0.
TpTrace Verbose: 0 : 11644, 1, 2023/12/03, 13:27:45.935, 5730203062804, vstest.console.dll, ParallelOperationManager.SetOccupiedSlotCount: Setting slot counts AvailableSlotCount = 0, OccupiedSlotCount = 1.
TpTrace Verbose: 0 : 11644, 1, 2023/12/03, 13:27:45.935, 5730203064225, vstest.console.dll, Occupied slots:
0: C:\Users\Walterli\Documents\Projetos\Agenda-netcore\TaskManagement.Tests\bin\Debug\net8.0\fine-code-coverage\build-output\TaskManagement.Tests.dll
TpTrace Verbose: 0 : 11644, 1, 2023/12/03, 13:27:45.936, 5730203076006, vstest.console.dll, ParallelOperationManager.RunWorkInParallel: Started host in slot number 0 for work (source): C:\Users\Walterli\Documents\Projetos\Agenda-netcore\TaskManagement.Tests\bin\Debug\net8.0\fine-code-coverage\build-output\TaskManagement.Tests.dll.
TpTrace Verbose: 0 : 11644, 1, 2023/12/03, 13:27:45.937, 5730203089379, vstest.console.dll, ParallelOperationManager.RunWorkInParallel: We started 1 work items, which is the max parallel level. Won't start more work.
TpTrace Verbose: 0 : 11644, 1, 2023/12/03, 13:27:45.937, 5730203091319, vstest.console.dll, ParallelOperationManager.RunWorkInParallel: We started 1 work items in here, returning True.
TpTrace Information: 0 : 11644, 1, 2023/12/03, 13:27:45.938, 5730203092553, vstest.console.dll, TestRunRequest.ExecuteAsync: Started.
TpTrace Verbose: 0 : 11644, 5, 2023/12/03, 13:27:45.938, 5730203092675, vstest.console.dll, ParallelProxyExecutionManager.StartTestRunOnConcurrentManager: Initializing uninitialized client. Started clients: 0
TpTrace Verbose: 0 : 11644, 5, 2023/12/03, 13:27:45.938, 5730203095098, vstest.console.dll, DataCollectionRequestSender.InitializeCommunication : Initialize communication. 
TpTrace Verbose: 0 : 11644, 1, 2023/12/03, 13:27:45.939, 5730203102838, vstest.console.dll, TestRunRequest.WaitForCompletion: Waiting with timeout -1.
TpTrace Information: 0 : 11644, 5, 2023/12/03, 13:27:45.948, 5730203192698, vstest.console.dll, Listening on Endpoint : 127.0.0.1:51722
TpTrace Verbose: 0 : 11644, 5, 2023/12/03, 13:27:45.956, 5730203272666, vstest.console.dll, DotnetDataCollectionLauncher: Adding  --runtimeconfig "C:\Program Files\dotnet\sdk\8.0.100\datacollector.runtimeconfig.json" in args
TpTrace Verbose: 0 : 11644, 5, 2023/12/03, 13:27:45.956, 5730203274420, vstest.console.dll, DotnetDataCollectionLauncher: Adding  --depsfile "C:\Program Files\dotnet\sdk\8.0.100\datacollector.deps.json" in args
TpTrace Verbose: 0 : 11644, 5, 2023/12/03, 13:27:45.956, 5730203277308, vstest.console.dll, DotnetDataCollectionLauncher: Full path of dotnet.exe is C:\Program Files\dotnet\dotnet.exe
TpTrace Information: 0 : 11644, 5, 2023/12/03, 13:27:45.966, 5730203373576, vstest.console.dll, ProxyDataCollectionManager.Initialize: Launched datacollector processId: 24836 port: 51722
TpTrace Information: 0 : 11644, 5, 2023/12/03, 13:27:45.966, 5730203376180, vstest.console.dll, ProxyDataCollectionManager.Initialize: waiting for connection with timeout: 90 seconds
TpTrace Verbose: 0 : 11644, 5, 2023/12/03, 13:27:45.966, 5730203377149, vstest.console.dll, DataCollectionRequestSender.WaitForRequestHandlerConnection : Waiting for connection with timeout: 90000
TpTrace Information: 0 : 11644, 11, 2023/12/03, 13:27:46.187, 5730205591895, vstest.console.dll, Using the buffer size of 16384 bytes
TpTrace Verbose: 0 : 11644, 5, 2023/12/03, 13:27:46.187, 5730205592286, vstest.console.dll, SocketCommunicationManager.WaitForClientConnection took: 221 ms, with 90000 ms timeout, and finished with True.
TpTrace Information: 0 : 11644, 11, 2023/12/03, 13:27:46.188, 5730205593681, vstest.console.dll, Accepted Client request and set the flag
TpTrace Verbose: 0 : 11644, 5, 2023/12/03, 13:27:46.188, 5730205595543, vstest.console.dll, ProxyDataCollectionManager.InvokeDataCollectionServiceAction: Starting.
TpTrace Information: 0 : 11644, 5, 2023/12/03, 13:27:46.188, 5730205596830, vstest.console.dll, ProxyDataCollectionManager.BeforeTestRunStart: Get environment variable and port for datacollector processId: 24836 port: 51722
TpTrace Verbose: 0 : 11644, 5, 2023/12/03, 13:27:46.188, 5730205598830, vstest.console.dll, DataCollectionRequestSender.SendBeforeTestRunStartAndGetResult: Send BeforeTestRunStart message with settingsXml <RunSettings><RunConfiguration><ResultsDirectory>C:\Users\Walterli\Documents\Projetos\Agenda-netcore\TaskManagement.Tests\bin\Debug\net8.0\fine-code-coverage\coverage-tool-output</ResultsDirectory><TargetPlatform>X64</TargetPlatform><TargetFrameworkVersion>.NETCoreApp,Version=v8.0</TargetFrameworkVersion><DesignMode>False</DesignMode><CollectSourceInformation>False</CollectSourceInformation><TestAdaptersPaths>C:\Program Files\dotnet\sdk\8.0.100\Extensions</TestAdaptersPaths></RunConfiguration><LoggerRunSettings><Loggers><Logger friendlyName="blame" enabled="True" /><Logger friendlyName="Console" uri="logger://microsoft/TestPlatform/ConsoleLogger/v1" assemblyQualifiedName="Microsoft.VisualStudio.TestPlatform.CommandLine.Internal.ConsoleLogger, vstest.console, Version=15.0.0.0, Culture=neutral, PublicKeyToken=b03f5f7f11d50a3a" codeBase="C:\Program Files\dotnet\sdk\8.0.100\vstest.console.dll" enabled="True" /></Loggers></LoggerRunSettings><DataCollectionRunSettings><DataCollectors><DataCollector friendlyName="blame" enabled="True"><Configuration><ResultsDirectory>C:\Users\Walterli\Documents\Projetos\Agenda-netcore\TaskManagement.Tests\bin\Debug\net8.0\fine-code-coverage\coverage-tool-output</ResultsDirectory></Configuration></DataCollector></DataCollectors></DataCollectionRunSettings></RunSettings> and sources System.Collections.Generic.List`1[System.String]: 
TpTrace Verbose: 0 : 11644, 5, 2023/12/03, 13:27:46.268, 5730206398021, vstest.console.dll, DataCollectionRequestSender.SendBeforeTestRunStartAndGetResult: Received message: (DataCollection.SendMessage) -> {"MessageType":"DataCollection.SendMessage","Payload":{"FriendlyName":null,"Uri":null,"TestCaseId":"00000000-0000-0000-0000-000000000000","Message":"Logging DataCollector Diagnostics in file: C:\\Users\\Walterli\\Documents\\Projetos\\Agenda-netcore\\TaskManagement.Tests\\bin\\Debug\\net8.0\\fine-code-coverage\\coverage-tool-output\\diagnostics.datacollector.23-12-03_13-27-45_95568_5.log","Level":0}}
TpTrace Verbose: 0 : 11644, 5, 2023/12/03, 13:27:46.387, 5730207587308, vstest.console.dll, DataCollectionRequestSender.SendBeforeTestRunStartAndGetResult: Received message: (DataCollection.BeforeTestRunStartResult) -> {"MessageType":"DataCollection.BeforeTestRunStartResult","Payload":{"EnvironmentVariables":{},"DataCollectionEventsPort":51724}}
TpTrace Information: 0 : 11644, 5, 2023/12/03, 13:27:46.392, 5730207640331, vstest.console.dll, ProxyDataCollectionManager.BeforeTestRunStart: SendBeforeTestRunStartAndGetResult successful, env variable from datacollector:   and testhost port: 51724
TpTrace Information: 0 : 11644, 5, 2023/12/03, 13:27:46.392, 5730207641768, vstest.console.dll, ProxyDataCollectionManager.InvokeDataCollectionServiceAction: Completed.
TpTrace Verbose: 0 : 11644, 5, 2023/12/03, 13:27:46.392, 5730207642340, vstest.console.dll, ParallelProxyExecutionManager.StartTestRunOnConcurrentManager: Initializing test run. Started clients: 0
TpTrace Verbose: 0 : 11644, 5, 2023/12/03, 13:27:46.393, 5730207643330, vstest.console.dll, ProxyExecutionManager: Test host is always Lazy initialize.
TpTrace Verbose: 0 : 11644, 5, 2023/12/03, 13:27:46.393, 5730207645777, vstest.console.dll, TestRequestSender.InitializeCommunication: initialize communication. 
TpTrace Information: 0 : 11644, 5, 2023/12/03, 13:27:46.394, 5730207653364, vstest.console.dll, SocketServer.Start: Listening on endpoint : 127.0.0.1:51725
TpTrace Verbose: 0 : 11644, 5, 2023/12/03, 13:27:46.394, 5730207662520, vstest.console.dll, DotnetTestHostmanager.GetTestHostProcessStartInfo: Platform environment 'X64' target architecture 'X64' framework '.NETCoreApp,Version=v8.0' OS 'Windows'
TpTrace Verbose: 0 : 11644, 5, 2023/12/03, 13:27:46.395, 5730207665327, vstest.console.dll, DotnetTestHostmanager: Adding  --runtimeconfig "C:\Users\Walterli\Documents\Projetos\Agenda-netcore\TaskManagement.Tests\bin\Debug\net8.0\fine-code-coverage\build-output\TaskManagement.Tests.runtimeconfig.json" in args
TpTrace Verbose: 0 : 11644, 5, 2023/12/03, 13:27:46.395, 5730207666569, vstest.console.dll, DotnetTestHostmanager: Adding  --depsfile "C:\Users\Walterli\Documents\Projetos\Agenda-netcore\TaskManagement.Tests\bin\Debug\net8.0\fine-code-coverage\build-output\TaskManagement.Tests.deps.json" in args
TpTrace Verbose: 0 : 11644, 5, 2023/12/03, 13:27:46.395, 5730207668560, vstest.console.dll, DotnetTestHostmanager.IsWinOnArm: Current PROCESSOR_ARCHITECTURE from environment variable 'AMD64'
TpTrace Verbose: 0 : 11644, 5, 2023/12/03, 13:27:46.395, 5730207669324, vstest.console.dll, DotnetTestHostmanager.IsWinOnArm: Is Windows on ARM 'False'
TpTrace Verbose: 0 : 11644, 5, 2023/12/03, 13:27:46.395, 5730207670340, vstest.console.dll, DotnetTestHostManager: testhost.exe found at path: C:\Users\Walterli\Documents\Projetos\Agenda-netcore\TaskManagement.Tests\bin\Debug\net8.0\fine-code-coverage\build-output\testhost.exe
TpTrace Verbose: 0 : 11644, 5, 2023/12/03, 13:27:46.395, 5730207670948, vstest.console.dll, DotnetTestHostmanager: Full path of host exe is C:\Users\Walterli\Documents\Projetos\Agenda-netcore\TaskManagement.Tests\bin\Debug\net8.0\fine-code-coverage\build-output\testhost.exe
TpTrace Verbose: 0 : 11644, 5, 2023/12/03, 13:27:46.395, 5730207672286, vstest.console.dll, DotnetTestHostmanager.LaunchTestHostAsync: Found 'VSTEST_WINAPPHOST_DOTNET_ROOT' in env variables, value 'C:\Program Files\dotnet', forwarding to 'DOTNET_ROOT'
TpTrace Verbose: 0 : 11644, 5, 2023/12/03, 13:27:46.396, 5730207673885, vstest.console.dll, DotnetTestHostManager: Starting process 'C:\Users\Walterli\Documents\Projetos\Agenda-netcore\TaskManagement.Tests\bin\Debug\net8.0\fine-code-coverage\build-output\testhost.exe' with command line ' --runtimeconfig "C:\Users\Walterli\Documents\Projetos\Agenda-netcore\TaskManagement.Tests\bin\Debug\net8.0\fine-code-coverage\build-output\TaskManagement.Tests.runtimeconfig.json" --depsfile "C:\Users\Walterli\Documents\Projetos\Agenda-netcore\TaskManagement.Tests\bin\Debug\net8.0\fine-code-coverage\build-output\TaskManagement.Tests.deps.json" --port 51725 --endpoint 127.0.0.1:051725 --role client --parentprocessid 11644 --diag "C:\Users\Walterli\Documents\Projetos\Agenda-netcore\TaskManagement.Tests\bin\Debug\net8.0\fine-code-coverage\coverage-tool-output\diagnostics.host.23-12-03_13-27-46_39456_5.log" --tracelevel 4 --datacollectionport 51724 --telemetryoptedin false'
TpTrace Verbose: 0 : 11644, 5, 2023/12/03, 13:27:46.405, 5730207771039, vstest.console.dll, MulticastDelegateUtilities.SafeInvoke: HostProviderEvents.OnHostLaunched: Invoking callback 1/2 for Microsoft.VisualStudio.TestPlatform.CrossPlatEngine.Client.ProxyExecutionManagerWithDataCollection., took 1 ms.
TpTrace Verbose: 0 : 11644, 5, 2023/12/03, 13:27:46.406, 5730207775895, vstest.console.dll, Test Runtime launched
TpTrace Verbose: 0 : 11644, 5, 2023/12/03, 13:27:46.406, 5730207776871, vstest.console.dll, MulticastDelegateUtilities.SafeInvoke: HostProviderEvents.OnHostLaunched: Invoking callback 2/2 for Microsoft.VisualStudio.TestPlatform.CrossPlatEngine.Client.ProxyOperationManager., took 0 ms.
TpTrace Verbose: 0 : 11644, 5, 2023/12/03, 13:27:46.406, 5730207778701, vstest.console.dll, TestRequestSender.WaitForRequestHandlerConnection: waiting for connection with timeout: 90000.
TpTrace Verbose: 0 : 11644, 5, 2023/12/03, 13:27:46.695, 5730210665027, vstest.console.dll, TestRequestSender.WaitForRequestHandlerConnection: waiting took 288 ms, with timeout 90000 ms, and result 0, which is success.
TpTrace Verbose: 0 : 11644, 11, 2023/12/03, 13:27:46.695, 5730210665007, vstest.console.dll, MulticastDelegateUtilities.SafeInvoke: SocketServer: ClientConnected: Invoking callback 1/1 for Microsoft.VisualStudio.TestPlatform.CommunicationUtilities.TestRequestSender., took 0 ms.
TpTrace Verbose: 0 : 11644, 11, 2023/12/03, 13:27:46.695, 5730210668089, vstest.console.dll, SocketServer.OnClientConnected: Client connected for endPoint: 127.0.0.1:51725, starting MessageLoopAsync:
TpTrace Verbose: 0 : 11644, 13, 2023/12/03, 13:27:46.696, 5730210677985, vstest.console.dll, TcpClientExtensions.MessageLoopAsync: Polling on remoteEndPoint: 127.0.0.1:51726 localEndPoint: 127.0.0.1:51725
TpTrace Verbose: 0 : 11644, 5, 2023/12/03, 13:27:46.697, 5730210683275, vstest.console.dll, TestRequestSender.CheckVersionWithTestHost: Sending check version message: {"MessageType":"ProtocolVersion","Payload":7}
TpTrace Verbose: 0 : 11644, 13, 2023/12/03, 13:27:46.842, 5730212140422, vstest.console.dll, TcpClientExtensions.MessageLoopAsync: NotifyDataAvailable remoteEndPoint: 127.0.0.1:51726 localEndPoint: 127.0.0.1:51725
TpTrace Verbose: 0 : 11644, 13, 2023/12/03, 13:27:46.843, 5730212144021, vstest.console.dll, TestRequestSender.CheckVersionWithTestHost: onMessageReceived received message: (ProtocolVersion) -> {"MessageType":"ProtocolVersion","Payload":7}
TpTrace Verbose: 0 : 11644, 13, 2023/12/03, 13:27:46.844, 5730212156307, vstest.console.dll, MulticastDelegateUtilities.SafeInvoke: LengthPrefixCommunicationChannel: MessageReceived: Invoking callback 1/1 for Microsoft.VisualStudio.TestPlatform.CommunicationUtilities.TestRequestSender+<>c__DisplayClass29_0., took 1 ms.
TpTrace Verbose: 0 : 11644, 13, 2023/12/03, 13:27:46.844, 5730212158913, vstest.console.dll, TcpClientExtensions.MessageLoopAsync: Polling on remoteEndPoint: 127.0.0.1:51726 localEndPoint: 127.0.0.1:51725
TpTrace Verbose: 0 : 11644, 5, 2023/12/03, 13:27:46.844, 5730212158921, vstest.console.dll, TestPluginCache.GetExtensionPaths: Filtered extension paths: 
TpTrace Verbose: 0 : 11644, 5, 2023/12/03, 13:27:46.844, 5730212161202, vstest.console.dll, TestPluginCache.GetExtensionPaths: Added default extension paths: C:\Program Files\dotnet\sdk\8.0.100\Extensions\Microsoft.Diagnostics.NETCore.Client.dll
C:\Program Files\dotnet\sdk\8.0.100\Extensions\Microsoft.TestPlatform.Extensions.BlameDataCollector.dll
C:\Program Files\dotnet\sdk\8.0.100\Extensions\Microsoft.TestPlatform.Extensions.EventLogCollector.dll
C:\Program Files\dotnet\sdk\8.0.100\Extensions\Microsoft.TestPlatform.TestHostRuntimeProvider.dll
C:\Program Files\dotnet\sdk\8.0.100\Extensions\Microsoft.VisualStudio.TestPlatform.Extensions.Html.TestLogger.dll
C:\Program Files\dotnet\sdk\8.0.100\Extensions\Microsoft.VisualStudio.TestPlatform.Extensions.Trx.TestLogger.dll
TpTrace Verbose: 0 : 11644, 5, 2023/12/03, 13:27:46.845, 5730212163467, vstest.console.dll, TestPluginCache.GetExtensionPaths: Added unfilterableExtensionPaths: 
TpTrace Verbose: 0 : 11644, 5, 2023/12/03, 13:27:46.850, 5730212213623, vstest.console.dll, TestRequestSender.InitializeExecution: Sending initialize execution with message: {"Version":7,"MessageType":"TestExecution.Initialize","Payload":["C:\\Users\\Walterli\\Documents\\Projetos\\Agenda-netcore\\TaskManagement.Tests\\bin\\Debug\\net8.0\\fine-code-coverage\\build-output\\xunit.runner.visualstudio.dotnetcore.testadapter.dll"]}
TpTrace Verbose: 0 : 11644, 5, 2023/12/03, 13:27:46.850, 5730212217866, vstest.console.dll, ParallelProxyExecutionManager.StartTestRunOnConcurrentManager: Execution starting. Started clients: 1
TpTrace Verbose: 0 : 11644, 5, 2023/12/03, 13:27:46.850, 5730212222390, vstest.console.dll, TestRunRequest:SendTestRunMessage: Starting.
TpTrace Verbose: 0 : 11644, 5, 2023/12/03, 13:27:46.851, 5730212225249, vstest.console.dll, MulticastDelegateUtilities.SafeInvoke: TestRun.LogMessages: Invoking callback 1/1 for Microsoft.VisualStudio.TestPlatform.CommandLine.TestRunResultAggregator., took 0 ms.
TpTrace Information: 0 : 11644, 5, 2023/12/03, 13:27:46.851, 5730212226257, vstest.console.dll, TestRunRequest:SendTestRunMessage: Completed.
TpTrace Verbose: 0 : 11644, 4, 2023/12/03, 13:27:46.851, 5730212227604, vstest.console.dll, MulticastDelegateUtilities.SafeInvoke: InternalTestLoggerEvents.SendTestRunMessage: Invoking callback 1/1 for Microsoft.VisualStudio.TestPlatform.CommandLine.Internal.ConsoleLogger., took 0 ms.
TpTrace Warning: 0 : 11644, 5, 2023/12/03, 13:27:46.851, 5730212232424, vstest.console.dll, InferRunSettingsHelper.MakeRunsettingsCompatible: Removing the following settings: TargetPlatform from RunSettings file. To use those settings please move to latest version of Microsoft.NET.Test.Sdk
TpTrace Verbose: 0 : 11644, 13, 2023/12/03, 13:27:46.853, 5730212250136, vstest.console.dll, TcpClientExtensions.MessageLoopAsync: NotifyDataAvailable remoteEndPoint: 127.0.0.1:51726 localEndPoint: 127.0.0.1:51725
TpTrace Verbose: 0 : 11644, 13, 2023/12/03, 13:27:46.854, 5730212254874, vstest.console.dll, TestRequestSender.OnExecutionMessageReceived: Received message: {"Version":7,"MessageType":"TestSession.Message","Payload":{"MessageLevel":0,"Message":"Registro em log do diagnstico TestHost no arquivo: C:\\Users\\Walterli\\Documents\\Projetos\\Agenda-netcore\\TaskManagement.Tests\\bin\\Debug\\net8.0\\fine-code-coverage\\coverage-tool-output\\diagnostics.host.23-12-03_13-27-46_39456_5.log"}}
TpTrace Verbose: 0 : 11644, 13, 2023/12/03, 13:27:46.858, 5730212299382, vstest.console.dll, TestRunRequest:SendTestRunMessage: Starting.
TpTrace Verbose: 0 : 11644, 13, 2023/12/03, 13:27:46.858, 5730212301828, vstest.console.dll, MulticastDelegateUtilities.SafeInvoke: TestRun.LogMessages: Invoking callback 1/1 for Microsoft.VisualStudio.TestPlatform.CommandLine.TestRunResultAggregator., took 0 ms.
TpTrace Verbose: 0 : 11644, 4, 2023/12/03, 13:27:46.858, 5730212302106, vstest.console.dll, MulticastDelegateUtilities.SafeInvoke: InternalTestLoggerEvents.SendTestRunMessage: Invoking callback 1/1 for Microsoft.VisualStudio.TestPlatform.CommandLine.Internal.ConsoleLogger., took 0 ms.
TpTrace Information: 0 : 11644, 13, 2023/12/03, 13:27:46.859, 5730212302716, vstest.console.dll, TestRunRequest:SendTestRunMessage: Completed.
TpTrace Verbose: 0 : 11644, 13, 2023/12/03, 13:27:46.859, 5730212304830, vstest.console.dll, MulticastDelegateUtilities.SafeInvoke: LengthPrefixCommunicationChannel: MessageReceived: Invoking callback 1/1 for Microsoft.VisualStudio.TestPlatform.CommunicationUtilities.TestRequestSender+<>c__DisplayClass34_0., took 5 ms.
TpTrace Verbose: 0 : 11644, 13, 2023/12/03, 13:27:46.865, 5730212365939, vstest.console.dll, TcpClientExtensions.MessageLoopAsync: Polling on remoteEndPoint: 127.0.0.1:51726 localEndPoint: 127.0.0.1:51725
TpTrace Verbose: 0 : 11644, 5, 2023/12/03, 13:27:46.867, 5730212390135, vstest.console.dll, TestRequestSender.StartTestRun: Sending test run with message: {"Version":7,"MessageType":"TestExecution.StartWithSources","Payload":{"AdapterSourceMap":{"_none_":["C:\\Users\\Walterli\\Documents\\Projetos\\Agenda-netcore\\TaskManagement.Tests\\bin\\Debug\\net8.0\\fine-code-coverage\\build-output\\TaskManagement.Tests.dll"]},"RunSettings":"<RunSettings>\r\n  <RunConfiguration>\r\n    <ResultsDirectory>C:\\Users\\Walterli\\Documents\\Projetos\\Agenda-netcore\\TaskManagement.Tests\\bin\\Debug\\net8.0\\fine-code-coverage\\coverage-tool-output</ResultsDirectory>\r\n    <TargetFrameworkVersion>.NETCoreApp,Version=v8.0</TargetFrameworkVersion>\r\n    <DesignMode>False</DesignMode>\r\n    <CollectSourceInformation>False</CollectSourceInformation>\r\n  </RunConfiguration>\r\n  <LoggerRunSettings>\r\n    <Loggers>\r\n      <Logger friendlyName=\"blame\" enabled=\"True\" />\r\n      <Logger friendlyName=\"Console\" uri=\"logger://microsoft/TestPlatform/ConsoleLogger/v1\" assemblyQualifiedName=\"Microsoft.VisualStudio.TestPlatform.CommandLine.Internal.ConsoleLogger, vstest.console, Version=15.0.0.0, Culture=neutral, PublicKeyToken=b03f5f7f11d50a3a\" codeBase=\"C:\\Program Files\\dotnet\\sdk\\8.0.100\\vstest.console.dll\" enabled=\"True\" />\r\n    </Loggers>\r\n  </LoggerRunSettings>\r\n  <DataCollectionRunSettings>\r\n    <DataCollectors>\r\n      <DataCollector friendlyName=\"blame\" enabled=\"True\">\r\n        <Configuration>\r\n          <ResultsDirectory>C:\\Users\\Walterli\\Documents\\Projetos\\Agenda-netcore\\TaskManagement.Tests\\bin\\Debug\\net8.0\\fine-code-coverage\\coverage-tool-output</ResultsDirectory>\r\n        </Configuration>\r\n      </DataCollector>\r\n    </DataCollectors>\r\n  </DataCollectionRunSettings>\r\n</RunSettings>","TestExecutionContext":{"FrequencyOfRunStatsChangeEvent":10,"RunStatsChangeEventTimeout":"00:00:01.5000000","InIsolation":false,"KeepAlive":false,"AreTestCaseLevelEventsRequired":false,"IsDebug":false,"TestCaseFilter":null,"FilterOptions":null},"Package":null}}
TpTrace Verbose: 0 : 11644, 5, 2023/12/03, 13:27:46.868, 5730212393022, vstest.console.dll, ParallelProxyExecutionManager.StartTestRunOnConcurrentManager: Execution started. Started clients: 1
TpTrace Verbose: 0 : 11644, 13, 2023/12/03, 13:27:47.076, 5730214478102, vstest.console.dll, TcpClientExtensions.MessageLoopAsync: NotifyDataAvailable remoteEndPoint: 127.0.0.1:51726 localEndPoint: 127.0.0.1:51725
TpTrace Verbose: 0 : 11644, 13, 2023/12/03, 13:27:47.076, 5730214480834, vstest.console.dll, TestRequestSender.OnExecutionMessageReceived: Received message: {"Version":7,"MessageType":"TestSession.Message","Payload":{"MessageLevel":0,"Message":"[xUnit.net 00:00:00.00] xUnit.net VSTest Adapter v2.5.4.1+b9eacec401 (64-bit .NET 8.0.0)"}}
TpTrace Verbose: 0 : 11644, 13, 2023/12/03, 13:27:47.077, 5730214484386, vstest.console.dll, TestRunRequest:SendTestRunMessage: Starting.
TpTrace Verbose: 0 : 11644, 13, 2023/12/03, 13:27:47.077, 5730214485824, vstest.console.dll, MulticastDelegateUtilities.SafeInvoke: TestRun.LogMessages: Invoking callback 1/1 for Microsoft.VisualStudio.TestPlatform.CommandLine.TestRunResultAggregator., took 0 ms.
TpTrace Verbose: 0 : 11644, 4, 2023/12/03, 13:27:47.077, 5730214486220, vstest.console.dll, MulticastDelegateUtilities.SafeInvoke: InternalTestLoggerEvents.SendTestRunMessage: Invoking callback 1/1 for Microsoft.VisualStudio.TestPlatform.CommandLine.Internal.ConsoleLogger., took 0 ms.
TpTrace Information: 0 : 11644, 13, 2023/12/03, 13:27:47.077, 5730214486622, vstest.console.dll, TestRunRequest:SendTestRunMessage: Completed.
TpTrace Verbose: 0 : 11644, 13, 2023/12/03, 13:27:47.077, 5730214488460, vstest.console.dll, MulticastDelegateUtilities.SafeInvoke: LengthPrefixCommunicationChannel: MessageReceived: Invoking callback 1/1 for Microsoft.VisualStudio.TestPlatform.CommunicationUtilities.TestRequestSender+<>c__DisplayClass34_0., took 0 ms.
TpTrace Verbose: 0 : 11644, 13, 2023/12/03, 13:27:47.077, 5730214489251, vstest.console.dll, TcpClientExtensions.MessageLoopAsync: Polling on remoteEndPoint: 127.0.0.1:51726 localEndPoint: 127.0.0.1:51725
TpTrace Verbose: 0 : 11644, 13, 2023/12/03, 13:27:48.092, 5730224635778, vstest.console.dll, TcpClientExtensions.MessageLoopAsync: Polling on remoteEndPoint: 127.0.0.1:51726 localEndPoint: 127.0.0.1:51725
TpTrace Verbose: 0 : 11644, 13, 2023/12/03, 13:27:48.704, 5730230758441, vstest.console.dll, TcpClientExtensions.MessageLoopAsync: NotifyDataAvailable remoteEndPoint: 127.0.0.1:51726 localEndPoint: 127.0.0.1:51725
TpTrace Verbose: 0 : 11644, 13, 2023/12/03, 13:27:48.704, 5730230759998, vstest.console.dll, TestRequestSender.OnExecutionMessageReceived: Received message: {"Version":7,"MessageType":"TestSession.Message","Payload":{"MessageLevel":0,"Message":"[xUnit.net 00:00:01.63]   Discovering: TaskManagement.Tests"}}
TpTrace Verbose: 0 : 11644, 13, 2023/12/03, 13:27:48.704, 5730230761691, vstest.console.dll, TestRunRequest:SendTestRunMessage: Starting.
TpTrace Verbose: 0 : 11644, 13, 2023/12/03, 13:27:48.704, 5730230762376, vstest.console.dll, MulticastDelegateUtilities.SafeInvoke: TestRun.LogMessages: Invoking callback 1/1 for Microsoft.VisualStudio.TestPlatform.CommandLine.TestRunResultAggregator., took 0 ms.
TpTrace Information: 0 : 11644, 13, 2023/12/03, 13:27:48.705, 5730230762780, vstest.console.dll, TestRunRequest:SendTestRunMessage: Completed.
TpTrace Verbose: 0 : 11644, 4, 2023/12/03, 13:27:48.705, 5730230762811, vstest.console.dll, MulticastDelegateUtilities.SafeInvoke: InternalTestLoggerEvents.SendTestRunMessage: Invoking callback 1/1 for Microsoft.VisualStudio.TestPlatform.CommandLine.Internal.ConsoleLogger., took 0 ms.
TpTrace Verbose: 0 : 11644, 13, 2023/12/03, 13:27:48.705, 5730230763174, vstest.console.dll, MulticastDelegateUtilities.SafeInvoke: LengthPrefixCommunicationChannel: MessageReceived: Invoking callback 1/1 for Microsoft.VisualStudio.TestPlatform.CommunicationUtilities.TestRequestSender+<>c__DisplayClass34_0., took 0 ms.
TpTrace Verbose: 0 : 11644, 13, 2023/12/03, 13:27:48.705, 5730230764832, vstest.console.dll, TcpClientExtensions.MessageLoopAsync: Polling on remoteEndPoint: 127.0.0.1:51726 localEndPoint: 127.0.0.1:51725
TpTrace Verbose: 0 : 11644, 13, 2023/12/03, 13:27:48.752, 5730231241470, vstest.console.dll, TcpClientExtensions.MessageLoopAsync: NotifyDataAvailable remoteEndPoint: 127.0.0.1:51726 localEndPoint: 127.0.0.1:51725
TpTrace Verbose: 0 : 11644, 13, 2023/12/03, 13:27:48.753, 5730231245972, vstest.console.dll, TestRequestSender.OnExecutionMessageReceived: Received message: {"Version":7,"MessageType":"TestSession.Message","Payload":{"MessageLevel":0,"Message":"[xUnit.net 00:00:01.68]   Discovered:  TaskManagement.Tests"}}
TpTrace Verbose: 0 : 11644, 13, 2023/12/03, 13:27:48.753, 5730231248584, vstest.console.dll, TestRunRequest:SendTestRunMessage: Starting.
TpTrace Verbose: 0 : 11644, 13, 2023/12/03, 13:27:48.753, 5730231249965, vstest.console.dll, MulticastDelegateUtilities.SafeInvoke: TestRun.LogMessages: Invoking callback 1/1 for Microsoft.VisualStudio.TestPlatform.CommandLine.TestRunResultAggregator., took 0 ms.
TpTrace Information: 0 : 11644, 13, 2023/12/03, 13:27:48.753, 5730231250517, vstest.console.dll, TestRunRequest:SendTestRunMessage: Completed.
TpTrace Verbose: 0 : 11644, 13, 2023/12/03, 13:27:48.753, 5730231251164, vstest.console.dll, MulticastDelegateUtilities.SafeInvoke: LengthPrefixCommunicationChannel: MessageReceived: Invoking callback 1/1 for Microsoft.VisualStudio.TestPlatform.CommunicationUtilities.TestRequestSender+<>c__DisplayClass34_0., took 0 ms.
TpTrace Verbose: 0 : 11644, 13, 2023/12/03, 13:27:48.753, 5730231252076, vstest.console.dll, TcpClientExtensions.MessageLoopAsync: Polling on remoteEndPoint: 127.0.0.1:51726 localEndPoint: 127.0.0.1:51725
TpTrace Verbose: 0 : 11644, 4, 2023/12/03, 13:27:48.754, 5730231254650, vstest.console.dll, MulticastDelegateUtilities.SafeInvoke: InternalTestLoggerEvents.SendTestRunMessage: Invoking callback 1/1 for Microsoft.VisualStudio.TestPlatform.CommandLine.Internal.ConsoleLogger., took 0 ms.
TpTrace Verbose: 0 : 11644, 13, 2023/12/03, 13:27:48.764, 5730231357602, vstest.console.dll, TcpClientExtensions.MessageLoopAsync: NotifyDataAvailable remoteEndPoint: 127.0.0.1:51726 localEndPoint: 127.0.0.1:51725
TpTrace Verbose: 0 : 11644, 13, 2023/12/03, 13:27:48.764, 5730231359366, vstest.console.dll, TestRequestSender.OnExecutionMessageReceived: Received message: {"Version":7,"MessageType":"TestSession.Message","Payload":{"MessageLevel":0,"Message":"[xUnit.net 00:00:01.69]   Starting:    TaskManagement.Tests"}}
TpTrace Verbose: 0 : 11644, 13, 2023/12/03, 13:27:48.764, 5730231360923, vstest.console.dll, TestRunRequest:SendTestRunMessage: Starting.
TpTrace Verbose: 0 : 11644, 13, 2023/12/03, 13:27:48.764, 5730231361627, vstest.console.dll, MulticastDelegateUtilities.SafeInvoke: TestRun.LogMessages: Invoking callback 1/1 for Microsoft.VisualStudio.TestPlatform.CommandLine.TestRunResultAggregator., took 0 ms.
TpTrace Information: 0 : 11644, 13, 2023/12/03, 13:27:48.764, 5730231362181, vstest.console.dll, TestRunRequest:SendTestRunMessage: Completed.
TpTrace Verbose: 0 : 11644, 4, 2023/12/03, 13:27:48.764, 5730231362181, vstest.console.dll, MulticastDelegateUtilities.SafeInvoke: InternalTestLoggerEvents.SendTestRunMessage: Invoking callback 1/1 for Microsoft.VisualStudio.TestPlatform.CommandLine.Internal.ConsoleLogger., took 0 ms.
TpTrace Verbose: 0 : 11644, 13, 2023/12/03, 13:27:48.765, 5730231362774, vstest.console.dll, MulticastDelegateUtilities.SafeInvoke: LengthPrefixCommunicationChannel: MessageReceived: Invoking callback 1/1 for Microsoft.VisualStudio.TestPlatform.CommunicationUtilities.TestRequestSender+<>c__DisplayClass34_0., took 0 ms.
TpTrace Verbose: 0 : 11644, 13, 2023/12/03, 13:27:48.765, 5730231364243, vstest.console.dll, TcpClientExtensions.MessageLoopAsync: Polling on remoteEndPoint: 127.0.0.1:51726 localEndPoint: 127.0.0.1:51725
TpTrace Verbose: 0 : 11644, 13, 2023/12/03, 13:27:48.839, 5730232104899, vstest.console.dll, TcpClientExtensions.MessageLoopAsync: NotifyDataAvailable remoteEndPoint: 127.0.0.1:51726 localEndPoint: 127.0.0.1:51725
TpTrace Verbose: 0 : 11644, 13, 2023/12/03, 13:27:48.839, 5730232107192, vstest.console.dll, TestRequestSender.OnExecutionMessageReceived: Received message: {"Version":7,"MessageType":"TestExecution.StatsChange","Payload":{"NewTestResults":[],"TestRunStatistics":{"ExecutedTests":0,"Stats":{}},"ActiveTests":[{"Id":"8d8a1fd0-51ec-c58a-4d6b-15146420b81b","FullyQualifiedName":"TaskManagement.Tests.Controllers.ProjectControllerTests.Get_ReturnsBadRequest_WhenResponseIsInvalid","DisplayName":"TaskManagement.Tests.Controllers.ProjectControllerTests.Get_ReturnsBadRequest_WhenResponseIsInvalid","ExecutorUri":"executor://xunit/VsTestRunner2/netcoreapp","Source":"C:\\Users\\Walterli\\Documents\\Projetos\\Agenda-netcore\\TaskManagement.Tests\\bin\\Debug\\net8.0\\fine-code-coverage\\build-output\\TaskManagement.Tests.dll","CodeFilePath":null,"LineNumber":0,"Properties":[]}]}}
TpTrace Verbose: 0 : 11644, 13, 2023/12/03, 13:27:48.863, 5730232347170, vstest.console.dll, TestRunRequest:SendTestRunStatsChange: Starting.
TpTrace Verbose: 0 : 11644, 13, 2023/12/03, 13:27:48.863, 5730232350464, vstest.console.dll, InProgress is TaskManagement.Tests.Controllers.ProjectControllerTests.Get_ReturnsBadRequest_WhenResponseIsInvalid
TpTrace Verbose: 0 : 11644, 13, 2023/12/03, 13:27:48.864, 5730232353141, vstest.console.dll, MulticastDelegateUtilities.SafeInvoke: TestRun.RunStatsChanged: Invoking callbacks was skipped because there are no subscribers.
TpTrace Information: 0 : 11644, 13, 2023/12/03, 13:27:48.864, 5730232355410, vstest.console.dll, TestRunRequest:SendTestRunStatsChange: Completed.
TpTrace Verbose: 0 : 11644, 13, 2023/12/03, 13:27:48.864, 5730232356517, vstest.console.dll, MulticastDelegateUtilities.SafeInvoke: LengthPrefixCommunicationChannel: MessageReceived: Invoking callback 1/1 for Microsoft.VisualStudio.TestPlatform.CommunicationUtilities.TestRequestSender+<>c__DisplayClass34_0., took 24 ms.
TpTrace Verbose: 0 : 11644, 13, 2023/12/03, 13:27:48.864, 5730232357244, vstest.console.dll, TcpClientExtensions.MessageLoopAsync: Polling on remoteEndPoint: 127.0.0.1:51726 localEndPoint: 127.0.0.1:51725
TpTrace Verbose: 0 : 11644, 13, 2023/12/03, 13:27:49.865, 5730242362720, vstest.console.dll, TcpClientExtensions.MessageLoopAsync: Polling on remoteEndPoint: 127.0.0.1:51726 localEndPoint: 127.0.0.1:51725
TpTrace Verbose: 0 : 11644, 13, 2023/12/03, 13:27:50.349, 5730247211901, vstest.console.dll, TcpClientExtensions.MessageLoopAsync: NotifyDataAvailable remoteEndPoint: 127.0.0.1:51726 localEndPoint: 127.0.0.1:51725
TpTrace Verbose: 0 : 11644, 13, 2023/12/03, 13:27:50.350, 5730247215169, vstest.console.dll, TestRequestSender.OnExecutionMessageReceived: Received message: {"Version":7,"MessageType":"TestExecution.StatsChange","Payload":{"NewTestResults":[{"TestCase":{"Id":"90a52537-af7e-b75d-c85c-f587373e4f56","FullyQualifiedName":"TaskManagement.Tests.Controllers.TaskControllerTests.RemoveComment_ValidIds_ReturnsOkResult","DisplayName":"TaskManagement.Tests.Controllers.TaskControllerTests.RemoveComment_ValidIds_ReturnsOkResult","ExecutorUri":"executor://xunit/VsTestRunner2/netcoreapp","Source":"C:\\Users\\Walterli\\Documents\\Projetos\\Agenda-netcore\\TaskManagement.Tests\\bin\\Debug\\net8.0\\fine-code-coverage\\build-output\\TaskManagement.Tests.dll","CodeFilePath":null,"LineNumber":0,"Properties":[]},"Attachments":[],"Outcome":1,"ErrorMessage":null,"ErrorStackTrace":null,"DisplayName":"TaskManagement.Tests.Controllers.TaskControllerTests.RemoveComment_ValidIds_ReturnsOkResult","Messages":[],"ComputerName":"DESKTOP-3ANLQSQ","Duration":"00:00:01.4726743","StartTime":"2023-12-03T16:27:50.2986998+00:00","EndTime":"2023-12-03T16:27:50.2987231+00:00","Properties":[]},{"TestCase":{"Id":"8d8a1fd0-51ec-c58a-4d6b-15146420b81b","FullyQualifiedName":"TaskManagement.Tests.Controllers.ProjectControllerTests.Get_ReturnsBadRequest_WhenResponseIsInvalid","DisplayName":"TaskManagement.Tests.Controllers.ProjectControllerTests.Get_ReturnsBadRequest_WhenResponseIsInvalid","ExecutorUri":"executor://xunit/VsTestRunner2/netcoreapp","Source":"C:\\Users\\Walterli\\Documents\\Projetos\\Agenda-netcore\\TaskManagement.Tests\\bin\\Debug\\net8.0\\fine-code-coverage\\build-output\\TaskManagement.Tests.dll","CodeFilePath":null,"LineNumber":0,"Properties":[]},"Attachments":[],"Outcome":1,"ErrorMessage":null,"ErrorStackTrace":null,"DisplayName":"TaskManagement.Tests.Controllers.ProjectControllerTests.Get_ReturnsBadRequest_WhenResponseIsInvalid","Messages":[],"ComputerName":"DESKTOP-3ANLQSQ","Duration":"00:00:01.4726991","StartTime":"2023-12-03T16:27:50.332907+00:00","EndTime":"2023-12-03T16:27:50.3329071+00:00","Properties":[]}],"TestRunStatistics":{"ExecutedTests":2,"Stats":{"Passed":2}},"ActiveTests":[{"Id":"e74bdc2f-935e-ca52-3440-7daf8e9d32d9","FullyQualifiedName":"TaskManagement.Tests.Applications.ReportApplicationTests.GetAmountTasksFinishedPerUserInAMounth_ShouldReturnCorrectResult","DisplayName":"TaskManagement.Tests.Applications.ReportApplicationTests.GetAmountTasksFinishedPerUserInAMounth_ShouldReturnCorrectResult","ExecutorUri":"executor://xunit/VsTestRunner2/netcoreapp","Source":"C:\\Users\\Walterli\\Documents\\Projetos\\Agenda-netcore\\TaskManagement.Tests\\bin\\Debug\\net8.0\\fine-code-coverage\\build-output\\TaskManagement.Tests.dll","CodeFilePath":null,"LineNumber":0,"Properties":[]},{"Id":"88a2e505-3718-7cde-922b-948047b6b14e","FullyQualifiedName":"TaskManagement.Tests.Applications.CommentApplicationTests.CreateAsync_ShouldReturnOkResult","DisplayName":"TaskManagement.Tests.Applications.CommentApplicationTests.CreateAsync_ShouldReturnOkResult","ExecutorUri":"executor://xunit/VsTestRunner2/netcoreapp","Source":"C:\\Users\\Walterli\\Documents\\Projetos\\Agenda-netcore\\TaskManagement.Tests\\bin\\Debug\\net8.0\\fine-code-coverage\\build-output\\TaskManagement.Tests.dll","CodeFilePath":null,"LineNumber":0,"Properties":[]},{"Id":"679b6d6f-2c35-5c04-068f-2c4e1b9c8d10","FullyQualifiedName":"TaskManagement.Tests.Applications.ProjectApplicationTests.CreateAsync_ShouldReturnSuccess","DisplayName":"TaskManagement.Tests.Applications.ProjectApplicationTests.CreateAsync_ShouldReturnSuccess","ExecutorUri":"executor://xunit/VsTestRunner2/netcoreapp","Source":"C:\\Users\\Walterli\\Documents\\Projetos\\Agenda-netcore\\TaskManagement.Tests\\bin\\Debug\\net8.0\\fine-code-coverage\\build-output\\TaskManagement.Tests.dll","CodeFilePath":null,"LineNumber":0,"Properties":[]},{"Id":"f541be38-3d81-78bd-224f-2569b6e74914","FullyQualifiedName":"TaskManagement.Tests.Applications.TaskApplicationTests.RemoveAsync_ShouldReturnSuccess","DisplayName":"TaskManagement.Tests.Applications.TaskApplicationTests.RemoveAsync_ShouldReturnSuccess","ExecutorUri":"executor://xunit/VsTestRunner2/netcoreapp","Source":"C:\\Users\\Walterli\\Documents\\Projetos\\Agenda-netcore\\TaskManagement.Tests\\bin\\Debug\\net8.0\\fine-code-coverage\\build-output\\TaskManagement.Tests.dll","CodeFilePath":null,"LineNumber":0,"Properties":[]},{"Id":"71710635-77d2-cd46-e18c-c6c7fd499b94","FullyQualifiedName":"TaskManagement.Tests.Controllers.TaskControllerTests.GetComment_ValidId_ReturnsOkResult","DisplayName":"TaskManagement.Tests.Controllers.TaskControllerTests.GetComment_ValidId_ReturnsOkResult","ExecutorUri":"executor://xunit/VsTestRunner2/netcoreapp","Source":"C:\\Users\\Walterli\\Documents\\Projetos\\Agenda-netcore\\TaskManagement.Tests\\bin\\Debug\\net8.0\\fine-code-coverage\\build-output\\TaskManagement.Tests.dll","CodeFilePath":null,"LineNumber":0,"Properties":[]},{"Id":"af7d72dc-3aaa-2152-6ddf-269cda84385a","FullyQualifiedName":"TaskManagement.Tests.Controllers.ProjectControllerTests.Get_ReturnsSuccess_WhenResponseIsValid","DisplayName":"TaskManagement.Tests.Controllers.ProjectControllerTests.Get_ReturnsSuccess_WhenResponseIsValid","ExecutorUri":"executor://xunit/VsTestRunner2/netcoreapp","Source":"C:\\Users\\Walterli\\Documents\\Projetos\\Agenda-netcore\\TaskManagement.Tests\\bin\\Debug\\net8.0\\fine-code-coverage\\build-output\\TaskManagement.Tests.dll","CodeFilePath":null,"LineNumber":0,"Properties":[]}]}}
TpTrace Verbose: 0 : 11644, 13, 2023/12/03, 13:27:50.358, 5730247300592, vstest.console.dll, TestRunRequest:SendTestRunStatsChange: Starting.
TpTrace Verbose: 0 : 11644, 13, 2023/12/03, 13:27:50.358, 5730247301839, vstest.console.dll, InProgress is TaskManagement.Tests.Applications.ReportApplicationTests.GetAmountTasksFinishedPerUserInAMounth_ShouldReturnCorrectResult
TpTrace Verbose: 0 : 11644, 13, 2023/12/03, 13:27:50.358, 5730247302200, vstest.console.dll, InProgress is TaskManagement.Tests.Applications.CommentApplicationTests.CreateAsync_ShouldReturnOkResult
TpTrace Verbose: 0 : 11644, 13, 2023/12/03, 13:27:50.358, 5730247302482, vstest.console.dll, InProgress is TaskManagement.Tests.Applications.ProjectApplicationTests.CreateAsync_ShouldReturnSuccess
TpTrace Verbose: 0 : 11644, 13, 2023/12/03, 13:27:50.359, 5730247302756, vstest.console.dll, InProgress is TaskManagement.Tests.Applications.TaskApplicationTests.RemoveAsync_ShouldReturnSuccess
TpTrace Verbose: 0 : 11644, 13, 2023/12/03, 13:27:50.359, 5730247303018, vstest.console.dll, InProgress is TaskManagement.Tests.Controllers.TaskControllerTests.GetComment_ValidId_ReturnsOkResult
TpTrace Verbose: 0 : 11644, 13, 2023/12/03, 13:27:50.359, 5730247303277, vstest.console.dll, InProgress is TaskManagement.Tests.Controllers.ProjectControllerTests.Get_ReturnsSuccess_WhenResponseIsValid
TpTrace Verbose: 0 : 11644, 13, 2023/12/03, 13:27:50.359, 5730247305050, vstest.console.dll, MulticastDelegateUtilities.SafeInvoke: TestRun.RunStatsChanged: Invoking callbacks was skipped because there are no subscribers.
TpTrace Information: 0 : 11644, 13, 2023/12/03, 13:27:50.359, 5730247305498, vstest.console.dll, TestRunRequest:SendTestRunStatsChange: Completed.
TpTrace Verbose: 0 : 11644, 13, 2023/12/03, 13:27:50.359, 5730247306029, vstest.console.dll, MulticastDelegateUtilities.SafeInvoke: LengthPrefixCommunicationChannel: MessageReceived: Invoking callback 1/1 for Microsoft.VisualStudio.TestPlatform.CommunicationUtilities.TestRequestSender+<>c__DisplayClass34_0., took 9 ms.
TpTrace Verbose: 0 : 11644, 13, 2023/12/03, 13:27:50.359, 5730247306528, vstest.console.dll, TcpClientExtensions.MessageLoopAsync: Polling on remoteEndPoint: 127.0.0.1:51726 localEndPoint: 127.0.0.1:51725
TpTrace Verbose: 0 : 11644, 4, 2023/12/03, 13:27:50.363, 5730247344080, vstest.console.dll, MulticastDelegateUtilities.SafeInvoke: InternalTestLoggerEvents.SendTestResult: Invoking callback 1/1 for Microsoft.VisualStudio.TestPlatform.CommandLine.Internal.ConsoleLogger., took 3 ms.
TpTrace Verbose: 0 : 11644, 4, 2023/12/03, 13:27:50.363, 5730247349039, vstest.console.dll, MulticastDelegateUtilities.SafeInvoke: InternalTestLoggerEvents.SendTestResult: Invoking callback 1/1 for Microsoft.VisualStudio.TestPlatform.CommandLine.Internal.ConsoleLogger., took 0 ms.
TpTrace Verbose: 0 : 11644, 13, 2023/12/03, 13:27:50.431, 5730248028345, vstest.console.dll, TcpClientExtensions.MessageLoopAsync: NotifyDataAvailable remoteEndPoint: 127.0.0.1:51726 localEndPoint: 127.0.0.1:51725
TpTrace Verbose: 0 : 11644, 13, 2023/12/03, 13:27:50.431, 5730248031822, vstest.console.dll, TestRequestSender.OnExecutionMessageReceived: Received message: {"Version":7,"MessageType":"TestExecution.StatsChange","Payload":{"NewTestResults":[{"TestCase":{"Id":"71710635-77d2-cd46-e18c-c6c7fd499b94","FullyQualifiedName":"TaskManagement.Tests.Controllers.TaskControllerTests.GetComment_ValidId_ReturnsOkResult","DisplayName":"TaskManagement.Tests.Controllers.TaskControllerTests.GetComment_ValidId_ReturnsOkResult","ExecutorUri":"executor://xunit/VsTestRunner2/netcoreapp","Source":"C:\\Users\\Walterli\\Documents\\Projetos\\Agenda-netcore\\TaskManagement.Tests\\bin\\Debug\\net8.0\\fine-code-coverage\\build-output\\TaskManagement.Tests.dll","CodeFilePath":null,"LineNumber":0,"Properties":[]},"Attachments":[],"Outcome":1,"ErrorMessage":null,"ErrorStackTrace":null,"DisplayName":"TaskManagement.Tests.Controllers.TaskControllerTests.GetComment_ValidId_ReturnsOkResult","Messages":[],"ComputerName":"DESKTOP-3ANLQSQ","Duration":"00:00:00.0719031","StartTime":"2023-12-03T16:27:50.3702235+00:00","EndTime":"2023-12-03T16:27:50.3702237+00:00","Properties":[]},{"TestCase":{"Id":"af7d72dc-3aaa-2152-6ddf-269cda84385a","FullyQualifiedName":"TaskManagement.Tests.Controllers.ProjectControllerTests.Get_ReturnsSuccess_WhenResponseIsValid","DisplayName":"TaskManagement.Tests.Controllers.ProjectControllerTests.Get_ReturnsSuccess_WhenResponseIsValid","ExecutorUri":"executor://xunit/VsTestRunner2/netcoreapp","Source":"C:\\Users\\Walterli\\Documents\\Projetos\\Agenda-netcore\\TaskManagement.Tests\\bin\\Debug\\net8.0\\fine-code-coverage\\build-output\\TaskManagement.Tests.dll","CodeFilePath":null,"LineNumber":0,"Properties":[]},"Attachments":[],"Outcome":1,"ErrorMessage":null,"ErrorStackTrace":null,"DisplayName":"TaskManagement.Tests.Controllers.ProjectControllerTests.Get_ReturnsSuccess_WhenResponseIsValid","Messages":[],"ComputerName":"DESKTOP-3ANLQSQ","Duration":"00:00:00.0748098","StartTime":"2023-12-03T16:27:50.3761239+00:00","EndTime":"2023-12-03T16:27:50.3761241+00:00","Properties":[]},{"TestCase":{"Id":"de5059ad-82e5-9273-68a7-e2131a6c5a68","FullyQualifiedName":"TaskManagement.Tests.Controllers.TaskControllerTests.PostComment_ValidData_ReturnsOkResult","DisplayName":"TaskManagement.Tests.Controllers.TaskControllerTests.PostComment_ValidData_ReturnsOkResult","ExecutorUri":"executor://xunit/VsTestRunner2/netcoreapp","Source":"C:\\Users\\Walterli\\Documents\\Projetos\\Agenda-netcore\\TaskManagement.Tests\\bin\\Debug\\net8.0\\fine-code-coverage\\build-output\\TaskManagement.Tests.dll","CodeFilePath":null,"LineNumber":0,"Properties":[]},"Attachments":[],"Outcome":1,"ErrorMessage":null,"ErrorStackTrace":null,"DisplayName":"TaskManagement.Tests.Controllers.TaskControllerTests.PostComment_ValidData_ReturnsOkResult","Messages":[],"ComputerName":"DESKTOP-3ANLQSQ","Duration":"00:00:00.0036902","StartTime":"2023-12-03T16:27:50.4004702+00:00","EndTime":"2023-12-03T16:27:50.4004704+00:00","Properties":[]},{"TestCase":{"Id":"668a11be-c93c-3dad-0c1b-29640b1e9503","FullyQualifiedName":"TaskManagement.Tests.Controllers.ProjectControllerTests.Remove_ReturnsBadRequest_WhenResponseIsInvalid","DisplayName":"TaskManagement.Tests.Controllers.ProjectControllerTests.Remove_ReturnsBadRequest_WhenResponseIsInvalid","ExecutorUri":"executor://xunit/VsTestRunner2/netcoreapp","Source":"C:\\Users\\Walterli\\Documents\\Projetos\\Agenda-netcore\\TaskManagement.Tests\\bin\\Debug\\net8.0\\fine-code-coverage\\build-output\\TaskManagement.Tests.dll","CodeFilePath":null,"LineNumber":0,"Properties":[]},"Attachments":[],"Outcome":1,"ErrorMessage":null,"ErrorStackTrace":null,"DisplayName":"TaskManagement.Tests.Controllers.ProjectControllerTests.Remove_ReturnsBadRequest_WhenResponseIsInvalid","Messages":[],"ComputerName":"DESKTOP-3ANLQSQ","Duration":"00:00:00.0038855","StartTime":"2023-12-03T16:27:50.4055939+00:00","EndTime":"2023-12-03T16:27:50.4055961+00:00","Properties":[]},{"TestCase":{"Id":"aa5da257-9f79-a496-8e0e-b0ae48a67462","FullyQualifiedName":"TaskManagement.Tests.Controllers.TaskControllerTests.Remove_ReturnsSuccess_WhenResponseIsValid","DisplayName":"TaskManagement.Tests.Controllers.TaskControllerTests.Remove_ReturnsSuccess_WhenResponseIsValid","ExecutorUri":"executor://xunit/VsTestRunner2/netcoreapp","Source":"C:\\Users\\Walterli\\Documents\\Projetos\\Agenda-netcore\\TaskManagement.Tests\\bin\\Debug\\net8.0\\fine-code-coverage\\build-output\\TaskManagement.Tests.dll","CodeFilePath":null,"LineNumber":0,"Properties":[]},"Attachments":[],"Outcome":1,"ErrorMessage":null,"ErrorStackTrace":null,"DisplayName":"TaskManagement.Tests.Controllers.TaskControllerTests.Remove_ReturnsSuccess_WhenResponseIsValid","Messages":[],"ComputerName":"DESKTOP-3ANLQSQ","Duration":"00:00:00.0224168","StartTime":"2023-12-03T16:27:50.4106304+00:00","EndTime":"2023-12-03T16:27:50.4106306+00:00","Properties":[]},{"TestCase":{"Id":"f541be38-3d81-78bd-224f-2569b6e74914","FullyQualifiedName":"TaskManagement.Tests.Applications.TaskApplicationTests.RemoveAsync_ShouldReturnSuccess","DisplayName":"TaskManagement.Tests.Applications.TaskApplicationTests.RemoveAsync_ShouldReturnSuccess","ExecutorUri":"executor://xunit/VsTestRunner2/netcoreapp","Source":"C:\\Users\\Walterli\\Documents\\Projetos\\Agenda-netcore\\TaskManagement.Tests\\bin\\Debug\\net8.0\\fine-code-coverage\\build-output\\TaskManagement.Tests.dll","CodeFilePath":null,"LineNumber":0,"Properties":[]},"Attachments":[],"Outcome":1,"ErrorMessage":null,"ErrorStackTrace":null,"DisplayName":"TaskManagement.Tests.Applications.TaskApplicationTests.RemoveAsync_ShouldReturnSuccess","Messages":[],"ComputerName":"DESKTOP-3ANLQSQ","Duration":"00:00:01.5777174","StartTime":"2023-12-03T16:27:50.4149895+00:00","EndTime":"2023-12-03T16:27:50.4149897+00:00","Properties":[]},{"TestCase":{"Id":"e74bdc2f-935e-ca52-3440-7daf8e9d32d9","FullyQualifiedName":"TaskManagement.Tests.Applications.ReportApplicationTests.GetAmountTasksFinishedPerUserInAMounth_ShouldReturnCorrectResult","DisplayName":"TaskManagement.Tests.Applications.ReportApplicationTests.GetAmountTasksFinishedPerUserInAMounth_ShouldReturnCorrectResult","ExecutorUri":"executor://xunit/VsTestRunner2/netcoreapp","Source":"C:\\Users\\Walterli\\Documents\\Projetos\\Agenda-netcore\\TaskManagement.Tests\\bin\\Debug\\net8.0\\fine-code-coverage\\build-output\\TaskManagement.Tests.dll","CodeFilePath":null,"LineNumber":0,"Properties":[]},"Attachments":[],"Outcome":1,"ErrorMessage":null,"ErrorStackTrace":null,"DisplayName":"TaskManagement.Tests.Applications.ReportApplicationTests.GetAmountTasksFinishedPerUserInAMounth_ShouldReturnCorrectResult","Messages":[],"ComputerName":"DESKTOP-3ANLQSQ","Duration":"00:00:01.5847199","StartTime":"2023-12-03T16:27:50.4200611+00:00","EndTime":"2023-12-03T16:27:50.4200613+00:00","Properties":[]}],"TestRunStatistics":{"ExecutedTests":9,"Stats":{"Passed":9}},"ActiveTests":[{"Id":"89248619-d312-4380-c1ee-278ca108d992","FullyQualifiedName":"TaskManagement.Tests.Controllers.ProjectControllerTests.Create_ReturnsOk_WhenResponseIsValid","DisplayName":"TaskManagement.Tests.Controllers.ProjectControllerTests.Create_ReturnsOk_WhenResponseIsValid","ExecutorUri":"executor://xunit/VsTestRunner2/netcoreapp","Source":"C:\\Users\\Walterli\\Documents\\Projetos\\Agenda-netcore\\TaskManagement.Tests\\bin\\Debug\\net8.0\\fine-code-coverage\\build-output\\TaskManagement.Tests.dll","CodeFilePath":null,"LineNumber":0,"Properties":[]},{"Id":"afccbcff-b717-7911-fb1a-b4d9c7cbf6d8","FullyQualifiedName":"TaskManagement.Tests.Controllers.TaskControllerTests.Put_ReturnsBadRequest_WhenResponseIsInvalid","DisplayName":"TaskManagement.Tests.Controllers.TaskControllerTests.Put_ReturnsBadRequest_WhenResponseIsInvalid","ExecutorUri":"executor://xunit/VsTestRunner2/netcoreapp","Source":"C:\\Users\\Walterli\\Documents\\Projetos\\Agenda-netcore\\TaskManagement.Tests\\bin\\Debug\\net8.0\\fine-code-coverage\\build-output\\TaskManagement.Tests.dll","CodeFilePath":null,"LineNumber":0,"Properties":[]},{"Id":"ccbdc96d-279c-2005-79e8-1fca94fc7126","FullyQualifiedName":"TaskManagement.Tests.Applications.TaskApplicationTests.CreateAsync_ShouldReturnError_WhenEntityIsNotValid","DisplayName":"TaskManagement.Tests.Applications.TaskApplicationTests.CreateAsync_ShouldReturnError_WhenEntityIsNotValid","ExecutorUri":"executor://xunit/VsTestRunner2/netcoreapp","Source":"C:\\Users\\Walterli\\Documents\\Projetos\\Agenda-netcore\\TaskManagement.Tests\\bin\\Debug\\net8.0\\fine-code-coverage\\build-output\\TaskManagement.Tests.dll","CodeFilePath":null,"LineNumber":0,"Properties":[]}]}}
TpTrace Verbose: 0 : 11644, 13, 2023/12/03, 13:27:50.433, 5730248051057, vstest.console.dll, TestRunRequest:SendTestRunStatsChange: Starting.
TpTrace Verbose: 0 : 11644, 13, 2023/12/03, 13:27:50.433, 5730248052498, vstest.console.dll, InProgress is TaskManagement.Tests.Controllers.ProjectControllerTests.Create_ReturnsOk_WhenResponseIsValid
TpTrace Verbose: 0 : 11644, 13, 2023/12/03, 13:27:50.434, 5730248053015, vstest.console.dll, InProgress is TaskManagement.Tests.Controllers.TaskControllerTests.Put_ReturnsBadRequest_WhenResponseIsInvalid
TpTrace Verbose: 0 : 11644, 13, 2023/12/03, 13:27:50.434, 5730248053432, vstest.console.dll, InProgress is TaskManagement.Tests.Applications.TaskApplicationTests.CreateAsync_ShouldReturnError_WhenEntityIsNotValid
TpTrace Verbose: 0 : 11644, 13, 2023/12/03, 13:27:50.434, 5730248054380, vstest.console.dll, MulticastDelegateUtilities.SafeInvoke: TestRun.RunStatsChanged: Invoking callbacks was skipped because there are no subscribers.
TpTrace Information: 0 : 11644, 13, 2023/12/03, 13:27:50.434, 5730248055043, vstest.console.dll, TestRunRequest:SendTestRunStatsChange: Completed.
TpTrace Verbose: 0 : 11644, 13, 2023/12/03, 13:27:50.434, 5730248055465, vstest.console.dll, MulticastDelegateUtilities.SafeInvoke: LengthPrefixCommunicationChannel: MessageReceived: Invoking callback 1/1 for Microsoft.VisualStudio.TestPlatform.CommunicationUtilities.TestRequestSender+<>c__DisplayClass34_0., took 2 ms.
TpTrace Verbose: 0 : 11644, 13, 2023/12/03, 13:27:50.434, 5730248055875, vstest.console.dll, TcpClientExtensions.MessageLoopAsync: Polling on remoteEndPoint: 127.0.0.1:51726 localEndPoint: 127.0.0.1:51725
TpTrace Verbose: 0 : 11644, 4, 2023/12/03, 13:27:50.434, 5730248056244, vstest.console.dll, MulticastDelegateUtilities.SafeInvoke: InternalTestLoggerEvents.SendTestResult: Invoking callback 1/1 for Microsoft.VisualStudio.TestPlatform.CommandLine.Internal.ConsoleLogger., took 0 ms.
TpTrace Verbose: 0 : 11644, 4, 2023/12/03, 13:27:50.434, 5730248057333, vstest.console.dll, MulticastDelegateUtilities.SafeInvoke: InternalTestLoggerEvents.SendTestResult: Invoking callback 1/1 for Microsoft.VisualStudio.TestPlatform.CommandLine.Internal.ConsoleLogger., took 0 ms.
TpTrace Verbose: 0 : 11644, 4, 2023/12/03, 13:27:50.434, 5730248058066, vstest.console.dll, MulticastDelegateUtilities.SafeInvoke: InternalTestLoggerEvents.SendTestResult: Invoking callback 1/1 for Microsoft.VisualStudio.TestPlatform.CommandLine.Internal.ConsoleLogger., took 0 ms.
TpTrace Verbose: 0 : 11644, 4, 2023/12/03, 13:27:50.434, 5730248059423, vstest.console.dll, MulticastDelegateUtilities.SafeInvoke: InternalTestLoggerEvents.SendTestResult: Invoking callback 1/1 for Microsoft.VisualStudio.TestPlatform.CommandLine.Internal.ConsoleLogger., took 0 ms.
TpTrace Verbose: 0 : 11644, 4, 2023/12/03, 13:27:50.434, 5730248060088, vstest.console.dll, MulticastDelegateUtilities.SafeInvoke: InternalTestLoggerEvents.SendTestResult: Invoking callback 1/1 for Microsoft.VisualStudio.TestPlatform.CommandLine.Internal.ConsoleLogger., took 0 ms.
TpTrace Verbose: 0 : 11644, 4, 2023/12/03, 13:27:50.434, 5730248060752, vstest.console.dll, MulticastDelegateUtilities.SafeInvoke: InternalTestLoggerEvents.SendTestResult: Invoking callback 1/1 for Microsoft.VisualStudio.TestPlatform.CommandLine.Internal.ConsoleLogger., took 0 ms.
TpTrace Verbose: 0 : 11644, 4, 2023/12/03, 13:27:50.434, 5730248061376, vstest.console.dll, MulticastDelegateUtilities.SafeInvoke: InternalTestLoggerEvents.SendTestResult: Invoking callback 1/1 for Microsoft.VisualStudio.TestPlatform.CommandLine.Internal.ConsoleLogger., took 0 ms.
TpTrace Verbose: 0 : 11644, 13, 2023/12/03, 13:27:50.471, 5730248425062, vstest.console.dll, TcpClientExtensions.MessageLoopAsync: NotifyDataAvailable remoteEndPoint: 127.0.0.1:51726 localEndPoint: 127.0.0.1:51725
TpTrace Verbose: 0 : 11644, 13, 2023/12/03, 13:27:50.471, 5730248428103, vstest.console.dll, TestRequestSender.OnExecutionMessageReceived: Received message: {"Version":7,"MessageType":"TestExecution.StatsChange","Payload":{"NewTestResults":[{"TestCase":{"Id":"88a2e505-3718-7cde-922b-948047b6b14e","FullyQualifiedName":"TaskManagement.Tests.Applications.CommentApplicationTests.CreateAsync_ShouldReturnOkResult","DisplayName":"TaskManagement.Tests.Applications.CommentApplicationTests.CreateAsync_ShouldReturnOkResult","ExecutorUri":"executor://xunit/VsTestRunner2/netcoreapp","Source":"C:\\Users\\Walterli\\Documents\\Projetos\\Agenda-netcore\\TaskManagement.Tests\\bin\\Debug\\net8.0\\fine-code-coverage\\build-output\\TaskManagement.Tests.dll","CodeFilePath":null,"LineNumber":0,"Properties":[]},"Attachments":[],"Outcome":1,"ErrorMessage":null,"ErrorStackTrace":null,"DisplayName":"TaskManagement.Tests.Applications.CommentApplicationTests.CreateAsync_ShouldReturnOkResult","Messages":[],"ComputerName":"DESKTOP-3ANLQSQ","Duration":"00:00:01.5801905","StartTime":"2023-12-03T16:27:50.4319832+00:00","EndTime":"2023-12-03T16:27:50.4319834+00:00","Properties":[]},{"TestCase":{"Id":"679b6d6f-2c35-5c04-068f-2c4e1b9c8d10","FullyQualifiedName":"TaskManagement.Tests.Applications.ProjectApplicationTests.CreateAsync_ShouldReturnSuccess","DisplayName":"TaskManagement.Tests.Applications.ProjectApplicationTests.CreateAsync_ShouldReturnSuccess","ExecutorUri":"executor://xunit/VsTestRunner2/netcoreapp","Source":"C:\\Users\\Walterli\\Documents\\Projetos\\Agenda-netcore\\TaskManagement.Tests\\bin\\Debug\\net8.0\\fine-code-coverage\\build-output\\TaskManagement.Tests.dll","CodeFilePath":null,"LineNumber":0,"Properties":[]},"Attachments":[],"Outcome":1,"ErrorMessage":null,"ErrorStackTrace":null,"DisplayName":"TaskManagement.Tests.Applications.ProjectApplicationTests.CreateAsync_ShouldReturnSuccess","Messages":[],"ComputerName":"DESKTOP-3ANLQSQ","Duration":"00:00:01.5880965","StartTime":"2023-12-03T16:27:50.4373293+00:00","EndTime":"2023-12-03T16:27:50.4373294+00:00","Properties":[]},{"TestCase":{"Id":"89248619-d312-4380-c1ee-278ca108d992","FullyQualifiedName":"TaskManagement.Tests.Controllers.ProjectControllerTests.Create_ReturnsOk_WhenResponseIsValid","DisplayName":"TaskManagement.Tests.Controllers.ProjectControllerTests.Create_ReturnsOk_WhenResponseIsValid","ExecutorUri":"executor://xunit/VsTestRunner2/netcoreapp","Source":"C:\\Users\\Walterli\\Documents\\Projetos\\Agenda-netcore\\TaskManagement.Tests\\bin\\Debug\\net8.0\\fine-code-coverage\\build-output\\TaskManagement.Tests.dll","CodeFilePath":null,"LineNumber":0,"Properties":[]},"Attachments":[],"Outcome":1,"ErrorMessage":null,"ErrorStackTrace":null,"DisplayName":"TaskManagement.Tests.Controllers.ProjectControllerTests.Create_ReturnsOk_WhenResponseIsValid","Messages":[],"ComputerName":"DESKTOP-3ANLQSQ","Duration":"00:00:00.0402734","StartTime":"2023-12-03T16:27:50.4481927+00:00","EndTime":"2023-12-03T16:27:50.448193+00:00","Properties":[]},{"TestCase":{"Id":"afccbcff-b717-7911-fb1a-b4d9c7cbf6d8","FullyQualifiedName":"TaskManagement.Tests.Controllers.TaskControllerTests.Put_ReturnsBadRequest_WhenResponseIsInvalid","DisplayName":"TaskManagement.Tests.Controllers.TaskControllerTests.Put_ReturnsBadRequest_WhenResponseIsInvalid","ExecutorUri":"executor://xunit/VsTestRunner2/netcoreapp","Source":"C:\\Users\\Walterli\\Documents\\Projetos\\Agenda-netcore\\TaskManagement.Tests\\bin\\Debug\\net8.0\\fine-code-coverage\\build-output\\TaskManagement.Tests.dll","CodeFilePath":null,"LineNumber":0,"Properties":[]},"Attachments":[],"Outcome":1,"ErrorMessage":null,"ErrorStackTrace":null,"DisplayName":"TaskManagement.Tests.Controllers.TaskControllerTests.Put_ReturnsBadRequest_WhenResponseIsInvalid","Messages":[],"ComputerName":"DESKTOP-3ANLQSQ","Duration":"00:00:00.0209284","StartTime":"2023-12-03T16:27:50.4531718+00:00","EndTime":"2023-12-03T16:27:50.4531722+00:00","Properties":[]},{"TestCase":{"Id":"395c7593-20ca-83df-59e1-0511b8dfd05e","FullyQualifiedName":"TaskManagement.Tests.Controllers.TaskControllerTests.Remove_ReturnsBadRequest_WhenResponseIsInvalid","DisplayName":"TaskManagement.Tests.Controllers.TaskControllerTests.Remove_ReturnsBadRequest_WhenResponseIsInvalid","ExecutorUri":"executor://xunit/VsTestRunner2/netcoreapp","Source":"C:\\Users\\Walterli\\Documents\\Projetos\\Agenda-netcore\\TaskManagement.Tests\\bin\\Debug\\net8.0\\fine-code-coverage\\build-output\\TaskManagement.Tests.dll","CodeFilePath":null,"LineNumber":0,"Properties":[]},"Attachments":[],"Outcome":1,"ErrorMessage":null,"ErrorStackTrace":null,"DisplayName":"TaskManagement.Tests.Controllers.TaskControllerTests.Remove_ReturnsBadRequest_WhenResponseIsInvalid","Messages":[],"ComputerName":"DESKTOP-3ANLQSQ","Duration":"00:00:00.0022759","StartTime":"2023-12-03T16:27:50.4636919+00:00","EndTime":"2023-12-03T16:27:50.4636922+00:00","Properties":[]},{"TestCase":{"Id":"ccbdc96d-279c-2005-79e8-1fca94fc7126","FullyQualifiedName":"TaskManagement.Tests.Applications.TaskApplicationTests.CreateAsync_ShouldReturnError_WhenEntityIsNotValid","DisplayName":"TaskManagement.Tests.Applications.TaskApplicationTests.CreateAsync_ShouldReturnError_WhenEntityIsNotValid","ExecutorUri":"executor://xunit/VsTestRunner2/netcoreapp","Source":"C:\\Users\\Walterli\\Documents\\Projetos\\Agenda-netcore\\TaskManagement.Tests\\bin\\Debug\\net8.0\\fine-code-coverage\\build-output\\TaskManagement.Tests.dll","CodeFilePath":null,"LineNumber":0,"Properties":[]},"Attachments":[],"Outcome":1,"ErrorMessage":null,"ErrorStackTrace":null,"DisplayName":"TaskManagement.Tests.Applications.TaskApplicationTests.CreateAsync_ShouldReturnError_WhenEntityIsNotValid","Messages":[],"ComputerName":"DESKTOP-3ANLQSQ","Duration":"00:00:00.0321183","StartTime":"2023-12-03T16:27:50.4677879+00:00","EndTime":"2023-12-03T16:27:50.467789+00:00","Properties":[]}],"TestRunStatistics":{"ExecutedTests":15,"Stats":{"Passed":15}},"ActiveTests":[{"Id":"d4f8d78d-fdd3-7e53-1390-8f324656ac5b","FullyQualifiedName":"TaskManagement.Tests.Applications.CommentApplicationTests.GetAsync_ShouldReturnCorrectResult","DisplayName":"TaskManagement.Tests.Applications.CommentApplicationTests.GetAsync_ShouldReturnCorrectResult","ExecutorUri":"executor://xunit/VsTestRunner2/netcoreapp","Source":"C:\\Users\\Walterli\\Documents\\Projetos\\Agenda-netcore\\TaskManagement.Tests\\bin\\Debug\\net8.0\\fine-code-coverage\\build-output\\TaskManagement.Tests.dll","CodeFilePath":null,"LineNumber":0,"Properties":[]},{"Id":"ca1a58fc-1fb8-5888-d8e7-05d667ee32c5","FullyQualifiedName":"TaskManagement.Tests.Applications.ProjectApplicationTests.CreateAsync_DeveRetornarErroQuandoEntidadeInvalida","DisplayName":"TaskManagement.Tests.Applications.ProjectApplicationTests.CreateAsync_DeveRetornarErroQuandoEntidadeInvalida","ExecutorUri":"executor://xunit/VsTestRunner2/netcoreapp","Source":"C:\\Users\\Walterli\\Documents\\Projetos\\Agenda-netcore\\TaskManagement.Tests\\bin\\Debug\\net8.0\\fine-code-coverage\\build-output\\TaskManagement.Tests.dll","CodeFilePath":null,"LineNumber":0,"Properties":[]},{"Id":"863d9969-1ed2-efc5-b005-35de4cc69aa7","FullyQualifiedName":"TaskManagement.Tests.Controllers.ProjectControllerTests.Create_ReturnsBadRequest_WhenResponseIsInvalid","DisplayName":"TaskManagement.Tests.Controllers.ProjectControllerTests.Create_ReturnsBadRequest_WhenResponseIsInvalid","ExecutorUri":"executor://xunit/VsTestRunner2/netcoreapp","Source":"C:\\Users\\Walterli\\Documents\\Projetos\\Agenda-netcore\\TaskManagement.Tests\\bin\\Debug\\net8.0\\fine-code-coverage\\build-output\\TaskManagement.Tests.dll","CodeFilePath":null,"LineNumber":0,"Properties":[]},{"Id":"060d5f90-d3a4-57ae-522a-2b65bfb0dbf8","FullyQualifiedName":"TaskManagement.Tests.Controllers.TaskControllerTests.Post_ReturnsBadRequest_WhenResponseIsInvalid","DisplayName":"TaskManagement.Tests.Controllers.TaskControllerTests.Post_ReturnsBadRequest_WhenResponseIsInvalid","ExecutorUri":"executor://xunit/VsTestRunner2/netcoreapp","Source":"C:\\Users\\Walterli\\Documents\\Projetos\\Agenda-netcore\\TaskManagement.Tests\\bin\\Debug\\net8.0\\fine-code-coverage\\build-output\\TaskManagement.Tests.dll","CodeFilePath":null,"LineNumber":0,"Properties":[]}]}}
TpTrace Verbose: 0 : 11644, 13, 2023/12/03, 13:27:50.472, 5730248441705, vstest.console.dll, TestRunRequest:SendTestRunStatsChange: Starting.
TpTrace Verbose: 0 : 11644, 13, 2023/12/03, 13:27:50.473, 5730248442789, vstest.console.dll, InProgress is TaskManagement.Tests.Applications.CommentApplicationTests.GetAsync_ShouldReturnCorrectResult
TpTrace Verbose: 0 : 11644, 13, 2023/12/03, 13:27:50.473, 5730248443290, vstest.console.dll, InProgress is TaskManagement.Tests.Applications.ProjectApplicationTests.CreateAsync_DeveRetornarErroQuandoEntidadeInvalida
TpTrace Verbose: 0 : 11644, 13, 2023/12/03, 13:27:50.473, 5730248443757, vstest.console.dll, InProgress is TaskManagement.Tests.Controllers.ProjectControllerTests.Create_ReturnsBadRequest_WhenResponseIsInvalid
TpTrace Verbose: 0 : 11644, 13, 2023/12/03, 13:27:50.473, 5730248444215, vstest.console.dll, InProgress is TaskManagement.Tests.Controllers.TaskControllerTests.Post_ReturnsBadRequest_WhenResponseIsInvalid
TpTrace Verbose: 0 : 11644, 13, 2023/12/03, 13:27:50.473, 5730248445204, vstest.console.dll, MulticastDelegateUtilities.SafeInvoke: TestRun.RunStatsChanged: Invoking callbacks was skipped because there are no subscribers.
TpTrace Information: 0 : 11644, 13, 2023/12/03, 13:27:50.473, 5730248446068, vstest.console.dll, TestRunRequest:SendTestRunStatsChange: Completed.
TpTrace Verbose: 0 : 11644, 13, 2023/12/03, 13:27:50.473, 5730248446644, vstest.console.dll, MulticastDelegateUtilities.SafeInvoke: LengthPrefixCommunicationChannel: MessageReceived: Invoking callback 1/1 for Microsoft.VisualStudio.TestPlatform.CommunicationUtilities.TestRequestSender+<>c__DisplayClass34_0., took 1 ms.
TpTrace Verbose: 0 : 11644, 13, 2023/12/03, 13:27:50.473, 5730248447178, vstest.console.dll, TcpClientExtensions.MessageLoopAsync: Polling on remoteEndPoint: 127.0.0.1:51726 localEndPoint: 127.0.0.1:51725
TpTrace Verbose: 0 : 11644, 4, 2023/12/03, 13:27:50.473, 5730248449702, vstest.console.dll, MulticastDelegateUtilities.SafeInvoke: InternalTestLoggerEvents.SendTestResult: Invoking callback 1/1 for Microsoft.VisualStudio.TestPlatform.CommandLine.Internal.ConsoleLogger., took 0 ms.
TpTrace Verbose: 0 : 11644, 4, 2023/12/03, 13:27:50.473, 5730248450693, vstest.console.dll, MulticastDelegateUtilities.SafeInvoke: InternalTestLoggerEvents.SendTestResult: Invoking callback 1/1 for Microsoft.VisualStudio.TestPlatform.CommandLine.Internal.ConsoleLogger., took 0 ms.
TpTrace Verbose: 0 : 11644, 4, 2023/12/03, 13:27:50.474, 5730248452700, vstest.console.dll, MulticastDelegateUtilities.SafeInvoke: InternalTestLoggerEvents.SendTestResult: Invoking callback 1/1 for Microsoft.VisualStudio.TestPlatform.CommandLine.Internal.ConsoleLogger., took 0 ms.
TpTrace Verbose: 0 : 11644, 4, 2023/12/03, 13:27:50.474, 5730248453590, vstest.console.dll, MulticastDelegateUtilities.SafeInvoke: InternalTestLoggerEvents.SendTestResult: Invoking callback 1/1 for Microsoft.VisualStudio.TestPlatform.CommandLine.Internal.ConsoleLogger., took 0 ms.
TpTrace Verbose: 0 : 11644, 4, 2023/12/03, 13:27:50.474, 5730248454406, vstest.console.dll, MulticastDelegateUtilities.SafeInvoke: InternalTestLoggerEvents.SendTestResult: Invoking callback 1/1 for Microsoft.VisualStudio.TestPlatform.CommandLine.Internal.ConsoleLogger., took 0 ms.
TpTrace Verbose: 0 : 11644, 4, 2023/12/03, 13:27:50.474, 5730248455101, vstest.console.dll, MulticastDelegateUtilities.SafeInvoke: InternalTestLoggerEvents.SendTestResult: Invoking callback 1/1 for Microsoft.VisualStudio.TestPlatform.CommandLine.Internal.ConsoleLogger., took 0 ms.
TpTrace Verbose: 0 : 11644, 13, 2023/12/03, 13:27:50.494, 5730248660336, vstest.console.dll, TcpClientExtensions.MessageLoopAsync: NotifyDataAvailable remoteEndPoint: 127.0.0.1:51726 localEndPoint: 127.0.0.1:51725
TpTrace Verbose: 0 : 11644, 13, 2023/12/03, 13:27:50.495, 5730248662776, vstest.console.dll, TestRequestSender.OnExecutionMessageReceived: Received message: {"Version":7,"MessageType":"TestExecution.StatsChange","Payload":{"NewTestResults":[{"TestCase":{"Id":"863d9969-1ed2-efc5-b005-35de4cc69aa7","FullyQualifiedName":"TaskManagement.Tests.Controllers.ProjectControllerTests.Create_ReturnsBadRequest_WhenResponseIsInvalid","DisplayName":"TaskManagement.Tests.Controllers.ProjectControllerTests.Create_ReturnsBadRequest_WhenResponseIsInvalid","ExecutorUri":"executor://xunit/VsTestRunner2/netcoreapp","Source":"C:\\Users\\Walterli\\Documents\\Projetos\\Agenda-netcore\\TaskManagement.Tests\\bin\\Debug\\net8.0\\fine-code-coverage\\build-output\\TaskManagement.Tests.dll","CodeFilePath":null,"LineNumber":0,"Properties":[]},"Attachments":[],"Outcome":1,"ErrorMessage":null,"ErrorStackTrace":null,"DisplayName":"TaskManagement.Tests.Controllers.ProjectControllerTests.Create_ReturnsBadRequest_WhenResponseIsInvalid","Messages":[],"ComputerName":"DESKTOP-3ANLQSQ","Duration":"00:00:00.0186085","StartTime":"2023-12-03T16:27:50.4734255+00:00","EndTime":"2023-12-03T16:27:50.4734265+00:00","Properties":[]},{"TestCase":{"Id":"ca1a58fc-1fb8-5888-d8e7-05d667ee32c5","FullyQualifiedName":"TaskManagement.Tests.Applications.ProjectApplicationTests.CreateAsync_DeveRetornarErroQuandoEntidadeInvalida","DisplayName":"TaskManagement.Tests.Applications.ProjectApplicationTests.CreateAsync_DeveRetornarErroQuandoEntidadeInvalida","ExecutorUri":"executor://xunit/VsTestRunner2/netcoreapp","Source":"C:\\Users\\Walterli\\Documents\\Projetos\\Agenda-netcore\\TaskManagement.Tests\\bin\\Debug\\net8.0\\fine-code-coverage\\build-output\\TaskManagement.Tests.dll","CodeFilePath":null,"LineNumber":0,"Properties":[]},"Attachments":[],"Outcome":1,"ErrorMessage":null,"ErrorStackTrace":null,"DisplayName":"TaskManagement.Tests.Applications.ProjectApplicationTests.CreateAsync_DeveRetornarErroQuandoEntidadeInvalida","Messages":[],"ComputerName":"DESKTOP-3ANLQSQ","Duration":"00:00:00.0268456","StartTime":"2023-12-03T16:27:50.4779437+00:00","EndTime":"2023-12-03T16:27:50.4779438+00:00","Properties":[]},{"TestCase":{"Id":"ba57422b-b97b-bdd0-768a-6129145e3777","FullyQualifiedName":"TaskManagement.Tests.Controllers.ProjectControllerTests.Remove_ReturnsSuccess_WhenResponseIsValid","DisplayName":"TaskManagement.Tests.Controllers.ProjectControllerTests.Remove_ReturnsSuccess_WhenResponseIsValid","ExecutorUri":"executor://xunit/VsTestRunner2/netcoreapp","Source":"C:\\Users\\Walterli\\Documents\\Projetos\\Agenda-netcore\\TaskManagement.Tests\\bin\\Debug\\net8.0\\fine-code-coverage\\build-output\\TaskManagement.Tests.dll","CodeFilePath":null,"LineNumber":0,"Properties":[]},"Attachments":[],"Outcome":1,"ErrorMessage":null,"ErrorStackTrace":null,"DisplayName":"TaskManagement.Tests.Controllers.ProjectControllerTests.Remove_ReturnsSuccess_WhenResponseIsValid","Messages":[],"ComputerName":"DESKTOP-3ANLQSQ","Duration":"00:00:00.0022006","StartTime":"2023-12-03T16:27:50.4808+00:00","EndTime":"2023-12-03T16:27:50.4808001+00:00","Properties":[]},{"TestCase":{"Id":"060d5f90-d3a4-57ae-522a-2b65bfb0dbf8","FullyQualifiedName":"TaskManagement.Tests.Controllers.TaskControllerTests.Post_ReturnsBadRequest_WhenResponseIsInvalid","DisplayName":"TaskManagement.Tests.Controllers.TaskControllerTests.Post_ReturnsBadRequest_WhenResponseIsInvalid","ExecutorUri":"executor://xunit/VsTestRunner2/netcoreapp","Source":"C:\\Users\\Walterli\\Documents\\Projetos\\Agenda-netcore\\TaskManagement.Tests\\bin\\Debug\\net8.0\\fine-code-coverage\\build-output\\TaskManagement.Tests.dll","CodeFilePath":null,"LineNumber":0,"Properties":[]},"Attachments":[],"Outcome":1,"ErrorMessage":null,"ErrorStackTrace":null,"DisplayName":"TaskManagement.Tests.Controllers.TaskControllerTests.Post_ReturnsBadRequest_WhenResponseIsInvalid","Messages":[],"ComputerName":"DESKTOP-3ANLQSQ","Duration":"00:00:00.0205248","StartTime":"2023-12-03T16:27:50.4823578+00:00","EndTime":"2023-12-03T16:27:50.4823579+00:00","Properties":[]},{"TestCase":{"Id":"b2c9a529-b5ca-f7e4-094a-0720b18edd1e","FullyQualifiedName":"TaskManagement.Tests.Applications.ProjectApplicationTests.RemoveAsync_ShouldReturnError_WhenProjectIdIsInvalid","DisplayName":"TaskManagement.Tests.Applications.ProjectApplicationTests.RemoveAsync_ShouldReturnError_WhenProjectIdIsInvalid","ExecutorUri":"executor://xunit/VsTestRunner2/netcoreapp","Source":"C:\\Users\\Walterli\\Documents\\Projetos\\Agenda-netcore\\TaskManagement.Tests\\bin\\Debug\\net8.0\\fine-code-coverage\\build-output\\TaskManagement.Tests.dll","CodeFilePath":null,"LineNumber":0,"Properties":[]},"Attachments":[],"Outcome":1,"ErrorMessage":null,"ErrorStackTrace":null,"DisplayName":"TaskManagement.Tests.Applications.ProjectApplicationTests.RemoveAsync_ShouldReturnError_WhenProjectIdIsInvalid","Messages":[],"ComputerName":"DESKTOP-3ANLQSQ","Duration":"00:00:00.0129338","StartTime":"2023-12-03T16:27:50.4853598+00:00","EndTime":"2023-12-03T16:27:50.48536+00:00","Properties":[]},{"TestCase":{"Id":"7edf6b7d-2d56-04bc-e51f-7c345cdd6cb0","FullyQualifiedName":"TaskManagement.Tests.Controllers.TaskControllerTests.Post_ReturnsSuccess_WhenResponseIsValid","DisplayName":"TaskManagement.Tests.Controllers.TaskControllerTests.Post_ReturnsSuccess_WhenResponseIsValid","ExecutorUri":"executor://xunit/VsTestRunner2/netcoreapp","Source":"C:\\Users\\Walterli\\Documents\\Projetos\\Agenda-netcore\\TaskManagement.Tests\\bin\\Debug\\net8.0\\fine-code-coverage\\build-output\\TaskManagement.Tests.dll","CodeFilePath":null,"LineNumber":0,"Properties":[]},"Attachments":[],"Outcome":1,"ErrorMessage":null,"ErrorStackTrace":null,"DisplayName":"TaskManagement.Tests.Controllers.TaskControllerTests.Post_ReturnsSuccess_WhenResponseIsValid","Messages":[],"ComputerName":"DESKTOP-3ANLQSQ","Duration":"00:00:00.0133374","StartTime":"2023-12-03T16:27:50.4883391+00:00","EndTime":"2023-12-03T16:27:50.4883392+00:00","Properties":[]},{"TestCase":{"Id":"d4f8d78d-fdd3-7e53-1390-8f324656ac5b","FullyQualifiedName":"TaskManagement.Tests.Applications.CommentApplicationTests.GetAsync_ShouldReturnCorrectResult","DisplayName":"TaskManagement.Tests.Applications.CommentApplicationTests.GetAsync_ShouldReturnCorrectResult","ExecutorUri":"executor://xunit/VsTestRunner2/netcoreapp","Source":"C:\\Users\\Walterli\\Documents\\Projetos\\Agenda-netcore\\TaskManagement.Tests\\bin\\Debug\\net8.0\\fine-code-coverage\\build-output\\TaskManagement.Tests.dll","CodeFilePath":null,"LineNumber":0,"Properties":[]},"Attachments":[],"Outcome":1,"ErrorMessage":null,"ErrorStackTrace":null,"DisplayName":"TaskManagement.Tests.Applications.CommentApplicationTests.GetAsync_ShouldReturnCorrectResult","Messages":[],"ComputerName":"DESKTOP-3ANLQSQ","Duration":"00:00:00.0461626","StartTime":"2023-12-03T16:27:50.4923337+00:00","EndTime":"2023-12-03T16:27:50.4923338+00:00","Properties":[]}],"TestRunStatistics":{"ExecutedTests":22,"Stats":{"Passed":22}},"ActiveTests":[{"Id":"7fc25e3a-59ce-abdc-001b-400d80ab8a7d","FullyQualifiedName":"TaskManagement.Tests.Applications.TaskApplicationTests.CreateAsync_ShouldReturnError_WhenProjectHas20Tasks","DisplayName":"TaskManagement.Tests.Applications.TaskApplicationTests.CreateAsync_ShouldReturnError_WhenProjectHas20Tasks","ExecutorUri":"executor://xunit/VsTestRunner2/netcoreapp","Source":"C:\\Users\\Walterli\\Documents\\Projetos\\Agenda-netcore\\TaskManagement.Tests\\bin\\Debug\\net8.0\\fine-code-coverage\\build-output\\TaskManagement.Tests.dll","CodeFilePath":null,"LineNumber":0,"Properties":[]},{"Id":"4dc2a20f-13f5-cee8-057c-5bd6eff699fa","FullyQualifiedName":"TaskManagement.Tests.Applications.ProjectApplicationTests.GetAsync_ShouldReturnSuccess","DisplayName":"TaskManagement.Tests.Applications.ProjectApplicationTests.GetAsync_ShouldReturnSuccess","ExecutorUri":"executor://xunit/VsTestRunner2/netcoreapp","Source":"C:\\Users\\Walterli\\Documents\\Projetos\\Agenda-netcore\\TaskManagement.Tests\\bin\\Debug\\net8.0\\fine-code-coverage\\build-output\\TaskManagement.Tests.dll","CodeFilePath":null,"LineNumber":0,"Properties":[]},{"Id":"2179b59f-9bed-b91c-8ecb-0b83017a0e85","FullyQualifiedName":"TaskManagement.Tests.Controllers.TaskControllerTests.Put_ReturnsSuccess_WhenResponseIsValid","DisplayName":"TaskManagement.Tests.Controllers.TaskControllerTests.Put_ReturnsSuccess_WhenResponseIsValid","ExecutorUri":"executor://xunit/VsTestRunner2/netcoreapp","Source":"C:\\Users\\Walterli\\Documents\\Projetos\\Agenda-netcore\\TaskManagement.Tests\\bin\\Debug\\net8.0\\fine-code-coverage\\build-output\\TaskManagement.Tests.dll","CodeFilePath":null,"LineNumber":0,"Properties":[]}]}}
TpTrace Verbose: 0 : 11644, 13, 2023/12/03, 13:27:50.495, 5730248671676, vstest.console.dll, TestRunRequest:SendTestRunStatsChange: Starting.
TpTrace Verbose: 0 : 11644, 13, 2023/12/03, 13:27:50.495, 5730248672206, vstest.console.dll, InProgress is TaskManagement.Tests.Applications.TaskApplicationTests.CreateAsync_ShouldReturnError_WhenProjectHas20Tasks
TpTrace Verbose: 0 : 11644, 13, 2023/12/03, 13:27:50.495, 5730248672539, vstest.console.dll, InProgress is TaskManagement.Tests.Applications.ProjectApplicationTests.GetAsync_ShouldReturnSuccess
TpTrace Verbose: 0 : 11644, 13, 2023/12/03, 13:27:50.496, 5730248672789, vstest.console.dll, InProgress is TaskManagement.Tests.Controllers.TaskControllerTests.Put_ReturnsSuccess_WhenResponseIsValid
TpTrace Verbose: 0 : 11644, 13, 2023/12/03, 13:27:50.496, 5730248673301, vstest.console.dll, MulticastDelegateUtilities.SafeInvoke: TestRun.RunStatsChanged: Invoking callbacks was skipped because there are no subscribers.
TpTrace Information: 0 : 11644, 13, 2023/12/03, 13:27:50.496, 5730248673638, vstest.console.dll, TestRunRequest:SendTestRunStatsChange: Completed.
TpTrace Verbose: 0 : 11644, 13, 2023/12/03, 13:27:50.496, 5730248673940, vstest.console.dll, MulticastDelegateUtilities.SafeInvoke: LengthPrefixCommunicationChannel: MessageReceived: Invoking callback 1/1 for Microsoft.VisualStudio.TestPlatform.CommunicationUtilities.TestRequestSender+<>c__DisplayClass34_0., took 1 ms.
TpTrace Verbose: 0 : 11644, 4, 2023/12/03, 13:27:50.496, 5730248674119, vstest.console.dll, MulticastDelegateUtilities.SafeInvoke: InternalTestLoggerEvents.SendTestResult: Invoking callback 1/1 for Microsoft.VisualStudio.TestPlatform.CommandLine.Internal.ConsoleLogger., took 0 ms.
TpTrace Verbose: 0 : 11644, 13, 2023/12/03, 13:27:50.496, 5730248674245, vstest.console.dll, TcpClientExtensions.MessageLoopAsync: Polling on remoteEndPoint: 127.0.0.1:51726 localEndPoint: 127.0.0.1:51725
TpTrace Verbose: 0 : 11644, 4, 2023/12/03, 13:27:50.496, 5730248674929, vstest.console.dll, MulticastDelegateUtilities.SafeInvoke: InternalTestLoggerEvents.SendTestResult: Invoking callback 1/1 for Microsoft.VisualStudio.TestPlatform.CommandLine.Internal.ConsoleLogger., took 0 ms.
TpTrace Verbose: 0 : 11644, 4, 2023/12/03, 13:27:50.496, 5730248675480, vstest.console.dll, MulticastDelegateUtilities.SafeInvoke: InternalTestLoggerEvents.SendTestResult: Invoking callback 1/1 for Microsoft.VisualStudio.TestPlatform.CommandLine.Internal.ConsoleLogger., took 0 ms.
TpTrace Verbose: 0 : 11644, 4, 2023/12/03, 13:27:50.496, 5730248676080, vstest.console.dll, MulticastDelegateUtilities.SafeInvoke: InternalTestLoggerEvents.SendTestResult: Invoking callback 1/1 for Microsoft.VisualStudio.TestPlatform.CommandLine.Internal.ConsoleLogger., took 0 ms.
TpTrace Verbose: 0 : 11644, 4, 2023/12/03, 13:27:50.496, 5730248676646, vstest.console.dll, MulticastDelegateUtilities.SafeInvoke: InternalTestLoggerEvents.SendTestResult: Invoking callback 1/1 for Microsoft.VisualStudio.TestPlatform.CommandLine.Internal.ConsoleLogger., took 0 ms.
TpTrace Verbose: 0 : 11644, 4, 2023/12/03, 13:27:50.496, 5730248677047, vstest.console.dll, MulticastDelegateUtilities.SafeInvoke: InternalTestLoggerEvents.SendTestResult: Invoking callback 1/1 for Microsoft.VisualStudio.TestPlatform.CommandLine.Internal.ConsoleLogger., took 0 ms.
TpTrace Verbose: 0 : 11644, 4, 2023/12/03, 13:27:50.496, 5730248677858, vstest.console.dll, MulticastDelegateUtilities.SafeInvoke: InternalTestLoggerEvents.SendTestResult: Invoking callback 1/1 for Microsoft.VisualStudio.TestPlatform.CommandLine.Internal.ConsoleLogger., took 0 ms.
TpTrace Verbose: 0 : 11644, 13, 2023/12/03, 13:27:50.527, 5730248984408, vstest.console.dll, TcpClientExtensions.MessageLoopAsync: NotifyDataAvailable remoteEndPoint: 127.0.0.1:51726 localEndPoint: 127.0.0.1:51725
TpTrace Verbose: 0 : 11644, 13, 2023/12/03, 13:27:50.527, 5730248987035, vstest.console.dll, TestRequestSender.OnExecutionMessageReceived: Received message: {"Version":7,"MessageType":"TestExecution.StatsChange","Payload":{"NewTestResults":[{"TestCase":{"Id":"2179b59f-9bed-b91c-8ecb-0b83017a0e85","FullyQualifiedName":"TaskManagement.Tests.Controllers.TaskControllerTests.Put_ReturnsSuccess_WhenResponseIsValid","DisplayName":"TaskManagement.Tests.Controllers.TaskControllerTests.Put_ReturnsSuccess_WhenResponseIsValid","ExecutorUri":"executor://xunit/VsTestRunner2/netcoreapp","Source":"C:\\Users\\Walterli\\Documents\\Projetos\\Agenda-netcore\\TaskManagement.Tests\\bin\\Debug\\net8.0\\fine-code-coverage\\build-output\\TaskManagement.Tests.dll","CodeFilePath":null,"LineNumber":0,"Properties":[]},"Attachments":[],"Outcome":1,"ErrorMessage":null,"ErrorStackTrace":null,"DisplayName":"TaskManagement.Tests.Controllers.TaskControllerTests.Put_ReturnsSuccess_WhenResponseIsValid","Messages":[],"ComputerName":"DESKTOP-3ANLQSQ","Duration":"00:00:00.0146801","StartTime":"2023-12-03T16:27:50.4949861+00:00","EndTime":"2023-12-03T16:27:50.4949862+00:00","Properties":[]},{"TestCase":{"Id":"cf238958-0903-db5d-a717-6d4cd0cc9681","FullyQualifiedName":"TaskManagement.Tests.Controllers.TaskControllerTests.Get_ReturnsBadRequest_WhenResponseIsInvalid","DisplayName":"TaskManagement.Tests.Controllers.TaskControllerTests.Get_ReturnsBadRequest_WhenResponseIsInvalid","ExecutorUri":"executor://xunit/VsTestRunner2/netcoreapp","Source":"C:\\Users\\Walterli\\Documents\\Projetos\\Agenda-netcore\\TaskManagement.Tests\\bin\\Debug\\net8.0\\fine-code-coverage\\build-output\\TaskManagement.Tests.dll","CodeFilePath":null,"LineNumber":0,"Properties":[]},"Attachments":[],"Outcome":1,"ErrorMessage":null,"ErrorStackTrace":null,"DisplayName":"TaskManagement.Tests.Controllers.TaskControllerTests.Get_ReturnsBadRequest_WhenResponseIsInvalid","Messages":[],"ComputerName":"DESKTOP-3ANLQSQ","Duration":"00:00:00.0039455","StartTime":"2023-12-03T16:27:50.4987065+00:00","EndTime":"2023-12-03T16:27:50.4987066+00:00","Properties":[]},{"TestCase":{"Id":"a53c104a-3683-7223-1002-2526063fd5d7","FullyQualifiedName":"TaskManagement.Tests.Controllers.TaskControllerTests.Get_ReturnsSuccess_WhenResponseIsValid","DisplayName":"TaskManagement.Tests.Controllers.TaskControllerTests.Get_ReturnsSuccess_WhenResponseIsValid","ExecutorUri":"executor://xunit/VsTestRunner2/netcoreapp","Source":"C:\\Users\\Walterli\\Documents\\Projetos\\Agenda-netcore\\TaskManagement.Tests\\bin\\Debug\\net8.0\\fine-code-coverage\\build-output\\TaskManagement.Tests.dll","CodeFilePath":null,"LineNumber":0,"Properties":[]},"Attachments":[],"Outcome":1,"ErrorMessage":null,"ErrorStackTrace":null,"DisplayName":"TaskManagement.Tests.Controllers.TaskControllerTests.Get_ReturnsSuccess_WhenResponseIsValid","Messages":[],"ComputerName":"DESKTOP-3ANLQSQ","Duration":"00:00:00.0109633","StartTime":"2023-12-03T16:27:50.5017467+00:00","EndTime":"2023-12-03T16:27:50.5017468+00:00","Properties":[]},{"TestCase":{"Id":"4dc2a20f-13f5-cee8-057c-5bd6eff699fa","FullyQualifiedName":"TaskManagement.Tests.Applications.ProjectApplicationTests.GetAsync_ShouldReturnSuccess","DisplayName":"TaskManagement.Tests.Applications.ProjectApplicationTests.GetAsync_ShouldReturnSuccess","ExecutorUri":"executor://xunit/VsTestRunner2/netcoreapp","Source":"C:\\Users\\Walterli\\Documents\\Projetos\\Agenda-netcore\\TaskManagement.Tests\\bin\\Debug\\net8.0\\fine-code-coverage\\build-output\\TaskManagement.Tests.dll","CodeFilePath":null,"LineNumber":0,"Properties":[]},"Attachments":[],"Outcome":1,"ErrorMessage":null,"ErrorStackTrace":null,"DisplayName":"TaskManagement.Tests.Applications.ProjectApplicationTests.GetAsync_ShouldReturnSuccess","Messages":[],"ComputerName":"DESKTOP-3ANLQSQ","Duration":"00:00:00.0342595","StartTime":"2023-12-03T16:27:50.5118861+00:00","EndTime":"2023-12-03T16:27:50.5118863+00:00","Properties":[]},{"TestCase":{"Id":"5993890f-483c-923f-c451-cd053bf5f162","FullyQualifiedName":"TaskManagement.Tests.Controllers.TaskControllerTests.PutComment_ValidData_ReturnsOkResult","DisplayName":"TaskManagement.Tests.Controllers.TaskControllerTests.PutComment_ValidData_ReturnsOkResult","ExecutorUri":"executor://xunit/VsTestRunner2/netcoreapp","Source":"C:\\Users\\Walterli\\Documents\\Projetos\\Agenda-netcore\\TaskManagement.Tests\\bin\\Debug\\net8.0\\fine-code-coverage\\build-output\\TaskManagement.Tests.dll","CodeFilePath":null,"LineNumber":0,"Properties":[]},"Attachments":[],"Outcome":1,"ErrorMessage":null,"ErrorStackTrace":null,"DisplayName":"TaskManagement.Tests.Controllers.TaskControllerTests.PutComment_ValidData_ReturnsOkResult","Messages":[],"ComputerName":"DESKTOP-3ANLQSQ","Duration":"00:00:00.0034767","StartTime":"2023-12-03T16:27:50.5158118+00:00","EndTime":"2023-12-03T16:27:50.5158119+00:00","Properties":[]},{"TestCase":{"Id":"7fc25e3a-59ce-abdc-001b-400d80ab8a7d","FullyQualifiedName":"TaskManagement.Tests.Applications.TaskApplicationTests.CreateAsync_ShouldReturnError_WhenProjectHas20Tasks","DisplayName":"TaskManagement.Tests.Applications.TaskApplicationTests.CreateAsync_ShouldReturnError_WhenProjectHas20Tasks","ExecutorUri":"executor://xunit/VsTestRunner2/netcoreapp","Source":"C:\\Users\\Walterli\\Documents\\Projetos\\Agenda-netcore\\TaskManagement.Tests\\bin\\Debug\\net8.0\\fine-code-coverage\\build-output\\TaskManagement.Tests.dll","CodeFilePath":null,"LineNumber":0,"Properties":[]},"Attachments":[],"Outcome":1,"ErrorMessage":null,"ErrorStackTrace":null,"DisplayName":"TaskManagement.Tests.Applications.TaskApplicationTests.CreateAsync_ShouldReturnError_WhenProjectHas20Tasks","Messages":[],"ComputerName":"DESKTOP-3ANLQSQ","Duration":"00:00:00.0578310","StartTime":"2023-12-03T16:27:50.5177629+00:00","EndTime":"2023-12-03T16:27:50.5177629+00:00","Properties":[]},{"TestCase":{"Id":"36c5a3b0-83a7-ed1b-09a7-a54e7a66c3f1","FullyQualifiedName":"TaskManagement.Tests.Applications.TaskApplicationTests.CreateAsync_ShouldReturnError_WhenProjectNotFound","DisplayName":"TaskManagement.Tests.Applications.TaskApplicationTests.CreateAsync_ShouldReturnError_WhenProjectNotFound","ExecutorUri":"executor://xunit/VsTestRunner2/netcoreapp","Source":"C:\\Users\\Walterli\\Documents\\Projetos\\Agenda-netcore\\TaskManagement.Tests\\bin\\Debug\\net8.0\\fine-code-coverage\\build-output\\TaskManagement.Tests.dll","CodeFilePath":null,"LineNumber":0,"Properties":[]},"Attachments":[],"Outcome":1,"ErrorMessage":null,"ErrorStackTrace":null,"DisplayName":"TaskManagement.Tests.Applications.TaskApplicationTests.CreateAsync_ShouldReturnError_WhenProjectNotFound","Messages":[],"ComputerName":"DESKTOP-3ANLQSQ","Duration":"00:00:00.0258458","StartTime":"2023-12-03T16:27:50.5208736+00:00","EndTime":"2023-12-03T16:27:50.5208738+00:00","Properties":[]},{"TestCase":{"Id":"ad9abca7-af4e-811b-8655-89db359e7f3a","FullyQualifiedName":"TaskManagement.Tests.Applications.ProjectApplicationTests.RemoveAsync_ShouldReturnSuccess","DisplayName":"TaskManagement.Tests.Applications.ProjectApplicationTests.RemoveAsync_ShouldReturnSuccess","ExecutorUri":"executor://xunit/VsTestRunner2/netcoreapp","Source":"C:\\Users\\Walterli\\Documents\\Projetos\\Agenda-netcore\\TaskManagement.Tests\\bin\\Debug\\net8.0\\fine-code-coverage\\build-output\\TaskManagement.Tests.dll","CodeFilePath":null,"LineNumber":0,"Properties":[]},"Attachments":[],"Outcome":1,"ErrorMessage":null,"ErrorStackTrace":null,"DisplayName":"TaskManagement.Tests.Applications.ProjectApplicationTests.RemoveAsync_ShouldReturnSuccess","Messages":[],"ComputerName":"DESKTOP-3ANLQSQ","Duration":"00:00:00.0329762","StartTime":"2023-12-03T16:27:50.5244724+00:00","EndTime":"2023-12-03T16:27:50.5244725+00:00","Properties":[]}],"TestRunStatistics":{"ExecutedTests":30,"Stats":{"Passed":30}},"ActiveTests":[{"Id":"b01f88a0-1fc9-6249-f338-aa5ce399f027","FullyQualifiedName":"TaskManagement.Tests.Applications.TaskApplicationTests.UpdateAsync_ShouldReturnError_WhenInvalidData","DisplayName":"TaskManagement.Tests.Applications.TaskApplicationTests.UpdateAsync_ShouldReturnError_WhenInvalidData","ExecutorUri":"executor://xunit/VsTestRunner2/netcoreapp","Source":"C:\\Users\\Walterli\\Documents\\Projetos\\Agenda-netcore\\TaskManagement.Tests\\bin\\Debug\\net8.0\\fine-code-coverage\\build-output\\TaskManagement.Tests.dll","CodeFilePath":null,"LineNumber":0,"Properties":[]},{"Id":"a00686fb-6b8a-bd0a-8d54-44dd01e709c3","FullyQualifiedName":"TaskManagement.Tests.Applications.ProjectApplicationTests.GetAsync_ShouldRetornError_UserIdIsInvalid","DisplayName":"TaskManagement.Tests.Applications.ProjectApplicationTests.GetAsync_ShouldRetornError_UserIdIsInvalid","ExecutorUri":"executor://xunit/VsTestRunner2/netcoreapp","Source":"C:\\Users\\Walterli\\Documents\\Projetos\\Agenda-netcore\\TaskManagement.Tests\\bin\\Debug\\net8.0\\fine-code-coverage\\build-output\\TaskManagement.Tests.dll","CodeFilePath":null,"LineNumber":0,"Properties":[]}]}}
TpTrace Verbose: 0 : 11644, 13, 2023/12/03, 13:27:50.528, 5730248996996, vstest.console.dll, TestRunRequest:SendTestRunStatsChange: Starting.
TpTrace Verbose: 0 : 11644, 13, 2023/12/03, 13:27:50.528, 5730248998291, vstest.console.dll, InProgress is TaskManagement.Tests.Applications.TaskApplicationTests.UpdateAsync_ShouldReturnError_WhenInvalidData
TpTrace Verbose: 0 : 11644, 13, 2023/12/03, 13:27:50.528, 5730248998655, vstest.console.dll, InProgress is TaskManagement.Tests.Applications.ProjectApplicationTests.GetAsync_ShouldRetornError_UserIdIsInvalid
TpTrace Verbose: 0 : 11644, 13, 2023/12/03, 13:27:50.528, 5730248999874, vstest.console.dll, MulticastDelegateUtilities.SafeInvoke: TestRun.RunStatsChanged: Invoking callbacks was skipped because there are no subscribers.
TpTrace Information: 0 : 11644, 13, 2023/12/03, 13:27:50.528, 5730249000223, vstest.console.dll, TestRunRequest:SendTestRunStatsChange: Completed.
TpTrace Verbose: 0 : 11644, 4, 2023/12/03, 13:27:50.528, 5730249000515, vstest.console.dll, MulticastDelegateUtilities.SafeInvoke: InternalTestLoggerEvents.SendTestResult: Invoking callback 1/1 for Microsoft.VisualStudio.TestPlatform.CommandLine.Internal.ConsoleLogger., took 0 ms.
TpTrace Verbose: 0 : 11644, 13, 2023/12/03, 13:27:50.528, 5730249000653, vstest.console.dll, MulticastDelegateUtilities.SafeInvoke: LengthPrefixCommunicationChannel: MessageReceived: Invoking callback 1/1 for Microsoft.VisualStudio.TestPlatform.CommunicationUtilities.TestRequestSender+<>c__DisplayClass34_0., took 1 ms.
TpTrace Verbose: 0 : 11644, 4, 2023/12/03, 13:27:50.528, 5730249001667, vstest.console.dll, MulticastDelegateUtilities.SafeInvoke: InternalTestLoggerEvents.SendTestResult: Invoking callback 1/1 for Microsoft.VisualStudio.TestPlatform.CommandLine.Internal.ConsoleLogger., took 0 ms.
TpTrace Verbose: 0 : 11644, 13, 2023/12/03, 13:27:50.528, 5730249001825, vstest.console.dll, TcpClientExtensions.MessageLoopAsync: Polling on remoteEndPoint: 127.0.0.1:51726 localEndPoint: 127.0.0.1:51725
TpTrace Verbose: 0 : 11644, 4, 2023/12/03, 13:27:50.530, 5730249018930, vstest.console.dll, MulticastDelegateUtilities.SafeInvoke: InternalTestLoggerEvents.SendTestResult: Invoking callback 1/1 for Microsoft.VisualStudio.TestPlatform.CommandLine.Internal.ConsoleLogger., took 1 ms.
TpTrace Verbose: 0 : 11644, 4, 2023/12/03, 13:27:50.530, 5730249020404, vstest.console.dll, MulticastDelegateUtilities.SafeInvoke: InternalTestLoggerEvents.SendTestResult: Invoking callback 1/1 for Microsoft.VisualStudio.TestPlatform.CommandLine.Internal.ConsoleLogger., took 0 ms.
TpTrace Verbose: 0 : 11644, 4, 2023/12/03, 13:27:50.530, 5730249021220, vstest.console.dll, MulticastDelegateUtilities.SafeInvoke: InternalTestLoggerEvents.SendTestResult: Invoking callback 1/1 for Microsoft.VisualStudio.TestPlatform.CommandLine.Internal.ConsoleLogger., took 0 ms.
TpTrace Verbose: 0 : 11644, 4, 2023/12/03, 13:27:50.530, 5730249022029, vstest.console.dll, MulticastDelegateUtilities.SafeInvoke: InternalTestLoggerEvents.SendTestResult: Invoking callback 1/1 for Microsoft.VisualStudio.TestPlatform.CommandLine.Internal.ConsoleLogger., took 0 ms.
TpTrace Verbose: 0 : 11644, 4, 2023/12/03, 13:27:50.531, 5730249022767, vstest.console.dll, MulticastDelegateUtilities.SafeInvoke: InternalTestLoggerEvents.SendTestResult: Invoking callback 1/1 for Microsoft.VisualStudio.TestPlatform.CommandLine.Internal.ConsoleLogger., took 0 ms.
TpTrace Verbose: 0 : 11644, 4, 2023/12/03, 13:27:50.531, 5730249023279, vstest.console.dll, MulticastDelegateUtilities.SafeInvoke: InternalTestLoggerEvents.SendTestResult: Invoking callback 1/1 for Microsoft.VisualStudio.TestPlatform.CommandLine.Internal.ConsoleLogger., took 0 ms.
TpTrace Verbose: 0 : 11644, 13, 2023/12/03, 13:27:50.627, 5730249991507, vstest.console.dll, TcpClientExtensions.MessageLoopAsync: NotifyDataAvailable remoteEndPoint: 127.0.0.1:51726 localEndPoint: 127.0.0.1:51725
TpTrace Verbose: 0 : 11644, 13, 2023/12/03, 13:27:50.628, 5730249993212, vstest.console.dll, TestRequestSender.OnExecutionMessageReceived: Received message: {"Version":7,"MessageType":"TestSession.Message","Payload":{"MessageLevel":0,"Message":"[xUnit.net 00:00:03.55]   Finished:    TaskManagement.Tests"}}
TpTrace Verbose: 0 : 11644, 13, 2023/12/03, 13:27:50.628, 5730249994668, vstest.console.dll, TestRunRequest:SendTestRunMessage: Starting.
TpTrace Verbose: 0 : 11644, 13, 2023/12/03, 13:27:50.628, 5730249995290, vstest.console.dll, MulticastDelegateUtilities.SafeInvoke: TestRun.LogMessages: Invoking callback 1/1 for Microsoft.VisualStudio.TestPlatform.CommandLine.TestRunResultAggregator., took 0 ms.
TpTrace Information: 0 : 11644, 13, 2023/12/03, 13:27:50.628, 5730249995602, vstest.console.dll, TestRunRequest:SendTestRunMessage: Completed.
TpTrace Verbose: 0 : 11644, 4, 2023/12/03, 13:27:50.628, 5730249995571, vstest.console.dll, MulticastDelegateUtilities.SafeInvoke: InternalTestLoggerEvents.SendTestRunMessage: Invoking callback 1/1 for Microsoft.VisualStudio.TestPlatform.CommandLine.Internal.ConsoleLogger., took 0 ms.
TpTrace Verbose: 0 : 11644, 13, 2023/12/03, 13:27:50.628, 5730249995939, vstest.console.dll, MulticastDelegateUtilities.SafeInvoke: LengthPrefixCommunicationChannel: MessageReceived: Invoking callback 1/1 for Microsoft.VisualStudio.TestPlatform.CommunicationUtilities.TestRequestSender+<>c__DisplayClass34_0., took 0 ms.
TpTrace Verbose: 0 : 11644, 13, 2023/12/03, 13:27:50.628, 5730249997144, vstest.console.dll, TcpClientExtensions.MessageLoopAsync: Polling on remoteEndPoint: 127.0.0.1:51726 localEndPoint: 127.0.0.1:51725
TpTrace Verbose: 0 : 11644, 13, 2023/12/03, 13:27:50.649, 5730250211657, vstest.console.dll, TcpClientExtensions.MessageLoopAsync: NotifyDataAvailable remoteEndPoint: 127.0.0.1:51726 localEndPoint: 127.0.0.1:51725
TpTrace Verbose: 0 : 11644, 13, 2023/12/03, 13:27:50.650, 5730250214189, vstest.console.dll, TestRequestSender.OnExecutionMessageReceived: Received message: {"Version":7,"MessageType":"TestExecution.Completed","Payload":{"TestRunCompleteArgs":{"TestRunStatistics":{"ExecutedTests":36,"Stats":{"Passed":36}},"IsCanceled":false,"IsAborted":false,"Error":null,"AttachmentSets":[],"InvokedDataCollectors":[],"ElapsedTimeInRunningTests":"00:00:03.5754025","Metrics":{},"DiscoveredExtensions":{"TestDiscoverers":["Xunit.Runner.VisualStudio.VsTestRunner, xunit.runner.visualstudio.dotnetcore.testadapter, Version=2.5.0.0, Culture=neutral, PublicKeyToken=null"],"TestExecutors":["executor://xunit/VsTestRunner2/netcoreapp"],"TestExecutors2":[],"TestSettingsProviders":[]}},"LastRunTests":{"NewTestResults":[{"TestCase":{"Id":"a00686fb-6b8a-bd0a-8d54-44dd01e709c3","FullyQualifiedName":"TaskManagement.Tests.Applications.ProjectApplicationTests.GetAsync_ShouldRetornError_UserIdIsInvalid","DisplayName":"TaskManagement.Tests.Applications.ProjectApplicationTests.GetAsync_ShouldRetornError_UserIdIsInvalid","ExecutorUri":"executor://xunit/VsTestRunner2/netcoreapp","Source":"C:\\Users\\Walterli\\Documents\\Projetos\\Agenda-netcore\\TaskManagement.Tests\\bin\\Debug\\net8.0\\fine-code-coverage\\build-output\\TaskManagement.Tests.dll","CodeFilePath":null,"LineNumber":0,"Properties":[]},"Attachments":[],"Outcome":1,"ErrorMessage":null,"ErrorStackTrace":null,"DisplayName":"TaskManagement.Tests.Applications.ProjectApplicationTests.GetAsync_ShouldRetornError_UserIdIsInvalid","Messages":[],"ComputerName":"DESKTOP-3ANLQSQ","Duration":"00:00:00.0104413","StartTime":"2023-12-03T16:27:50.5290595+00:00","EndTime":"2023-12-03T16:27:50.5290599+00:00","Properties":[]},{"TestCase":{"Id":"b01f88a0-1fc9-6249-f338-aa5ce399f027","FullyQualifiedName":"TaskManagement.Tests.Applications.TaskApplicationTests.UpdateAsync_ShouldReturnError_WhenInvalidData","DisplayName":"TaskManagement.Tests.Applications.TaskApplicationTests.UpdateAsync_ShouldReturnError_WhenInvalidData","ExecutorUri":"executor://xunit/VsTestRunner2/netcoreapp","Source":"C:\\Users\\Walterli\\Documents\\Projetos\\Agenda-netcore\\TaskManagement.Tests\\bin\\Debug\\net8.0\\fine-code-coverage\\build-output\\TaskManagement.Tests.dll","CodeFilePath":null,"LineNumber":0,"Properties":[]},"Attachments":[],"Outcome":1,"ErrorMessage":null,"ErrorStackTrace":null,"DisplayName":"TaskManagement.Tests.Applications.TaskApplicationTests.UpdateAsync_ShouldReturnError_WhenInvalidData","Messages":[],"ComputerName":"DESKTOP-3ANLQSQ","Duration":"00:00:00.0204675","StartTime":"2023-12-03T16:27:50.5371224+00:00","EndTime":"2023-12-03T16:27:50.5371226+00:00","Properties":[]},{"TestCase":{"Id":"b39e2f24-84ed-d88c-6d8a-ac57de882e3a","FullyQualifiedName":"TaskManagement.Tests.Applications.TaskApplicationTests.UpdateAsync_ShouldReturnSuccess","DisplayName":"TaskManagement.Tests.Applications.TaskApplicationTests.UpdateAsync_ShouldReturnSuccess","ExecutorUri":"executor://xunit/VsTestRunner2/netcoreapp","Source":"C:\\Users\\Walterli\\Documents\\Projetos\\Agenda-netcore\\TaskManagement.Tests\\bin\\Debug\\net8.0\\fine-code-coverage\\build-output\\TaskManagement.Tests.dll","CodeFilePath":null,"LineNumber":0,"Properties":[]},"Attachments":[],"Outcome":1,"ErrorMessage":null,"ErrorStackTrace":null,"DisplayName":"TaskManagement.Tests.Applications.TaskApplicationTests.UpdateAsync_ShouldReturnSuccess","Messages":[],"ComputerName":"DESKTOP-3ANLQSQ","Duration":"00:00:00.0188701","StartTime":"2023-12-03T16:27:50.5561484+00:00","EndTime":"2023-12-03T16:27:50.5561487+00:00","Properties":[]},{"TestCase":{"Id":"579a0216-cfb5-5848-0155-1cf3519174c4","FullyQualifiedName":"TaskManagement.Tests.Applications.TaskApplicationTests.GetAsync_ShouldReturnSuccess","DisplayName":"TaskManagement.Tests.Applications.TaskApplicationTests.GetAsync_ShouldReturnSuccess","ExecutorUri":"executor://xunit/VsTestRunner2/netcoreapp","Source":"C:\\Users\\Walterli\\Documents\\Projetos\\Agenda-netcore\\TaskManagement.Tests\\bin\\Debug\\net8.0\\fine-code-coverage\\build-output\\TaskManagement.Tests.dll","CodeFilePath":null,"LineNumber":0,"Properties":[]},"Attachments":[],"Outcome":1,"ErrorMessage":null,"ErrorStackTrace":null,"DisplayName":"TaskManagement.Tests.Applications.TaskApplicationTests.GetAsync_ShouldReturnSuccess","Messages":[],"ComputerName":"DESKTOP-3ANLQSQ","Duration":"00:00:00.0357378","StartTime":"2023-12-03T16:27:50.5921411+00:00","EndTime":"2023-12-03T16:27:50.5921413+00:00","Properties":[]},{"TestCase":{"Id":"28a8eb3d-8df3-9df9-2f95-27a81692df4d","FullyQualifiedName":"TaskManagement.Tests.Applications.TaskApplicationTests.CreateAsync_ShouldReturnSuccess","DisplayName":"TaskManagement.Tests.Applications.TaskApplicationTests.CreateAsync_ShouldReturnSuccess","ExecutorUri":"executor://xunit/VsTestRunner2/netcoreapp","Source":"C:\\Users\\Walterli\\Documents\\Projetos\\Agenda-netcore\\TaskManagement.Tests\\bin\\Debug\\net8.0\\fine-code-coverage\\build-output\\TaskManagement.Tests.dll","CodeFilePath":null,"LineNumber":0,"Properties":[]},"Attachments":[],"Outcome":1,"ErrorMessage":null,"ErrorStackTrace":null,"DisplayName":"TaskManagement.Tests.Applications.TaskApplicationTests.CreateAsync_ShouldReturnSuccess","Messages":[],"ComputerName":"DESKTOP-3ANLQSQ","Duration":"00:00:00.0229446","StartTime":"2023-12-03T16:27:50.6152015+00:00","EndTime":"2023-12-03T16:27:50.6152017+00:00","Properties":[]},{"TestCase":{"Id":"80d6d4b7-0b1f-da49-be53-24ada6c1487c","FullyQualifiedName":"TaskManagement.Tests.Applications.TaskApplicationTests.RemoveAsync_ShouldReturnError_WhenTaskNotFound","DisplayName":"TaskManagement.Tests.Applications.TaskApplicationTests.RemoveAsync_ShouldReturnError_WhenTaskNotFound","ExecutorUri":"executor://xunit/VsTestRunner2/netcoreapp","Source":"C:\\Users\\Walterli\\Documents\\Projetos\\Agenda-netcore\\TaskManagement.Tests\\bin\\Debug\\net8.0\\fine-code-coverage\\build-output\\TaskManagement.Tests.dll","CodeFilePath":null,"LineNumber":0,"Properties":[]},"Attachments":[],"Outcome":1,"ErrorMessage":null,"ErrorStackTrace":null,"DisplayName":"TaskManagement.Tests.Applications.TaskApplicationTests.RemoveAsync_ShouldReturnError_WhenTaskNotFound","Messages":[],"ComputerName":"DESKTOP-3ANLQSQ","Duration":"00:00:00.0076175","StartTime":"2023-12-03T16:27:50.6230334+00:00","EndTime":"2023-12-03T16:27:50.6230338+00:00","Properties":[]}],"TestRunStatistics":{"ExecutedTests":36,"Stats":{"Passed":36}},"ActiveTests":[]},"RunAttachments":[],"ExecutorUris":["executor://xunit/VsTestRunner2/netcoreapp"]}}
TpTrace Verbose: 0 : 11644, 13, 2023/12/03, 13:27:50.650, 5730250216116, vstest.console.dll, TestRequestSender.EndSession: Sending end session.
TpTrace Verbose: 0 : 11644, 13, 2023/12/03, 13:27:50.650, 5730250218236, vstest.console.dll, ProxyOperationManager.Close: waiting for test host to exit for 100 ms
TpTrace Verbose: 0 : 11644, 7, 2023/12/03, 13:27:50.697, 5730250682825, vstest.console.dll, TestHostManagerCallbacks.ctor: Experimental forwarding output is disabled.
TpTrace Warning: 0 : 11644, 7, 2023/12/03, 13:27:50.697, 5730250684172, vstest.console.dll, TestHostManagerCallbacks.ErrorReceivedCallback Test host standard error line: 
TpTrace Verbose: 0 : 11644, 7, 2023/12/03, 13:27:50.714, 5730250862367, vstest.console.dll, TestHostProvider.ExitCallBack: Host exited starting callback.
TpTrace Information: 0 : 11644, 7, 2023/12/03, 13:27:50.715, 5730250863949, vstest.console.dll, TestHostManagerCallbacks.ExitCallBack: Testhost processId: 5784 exited with exitcode: 0 error: ''
TpTrace Verbose: 0 : 11644, 7, 2023/12/03, 13:27:50.715, 5730250864355, vstest.console.dll, DotnetTestHostManager.OnHostExited: invoking OnHostExited callback
TpTrace Verbose: 0 : 11644, 7, 2023/12/03, 13:27:50.715, 5730250864838, vstest.console.dll, CrossPlatEngine.TestHostManagerHostExited: calling on client process exit callback.
TpTrace Information: 0 : 11644, 7, 2023/12/03, 13:27:50.715, 5730250865335, vstest.console.dll, TestRequestSender.OnClientProcessExit: Test host process exited. Standard error: 
TpTrace Information: 0 : 11644, 13, 2023/12/03, 13:27:50.715, 5730250865701, vstest.console.dll, SocketServer.Stop: Stop server endPoint: 127.0.0.1:51725
TpTrace Information: 0 : 11644, 13, 2023/12/03, 13:27:50.715, 5730250866497, vstest.console.dll, SocketServer.Stop: Cancellation requested. Stopping message loop.
TpTrace Information: 0 : 11644, 7, 2023/12/03, 13:27:50.715, 5730250865741, vstest.console.dll, SocketServer.Stop: Stop server endPoint: 127.0.0.1:51725
TpTrace Information: 0 : 11644, 7, 2023/12/03, 13:27:50.715, 5730250867352, vstest.console.dll, SocketServer.Stop: Cancellation requested. Stopping message loop.
TpTrace Information: 0 : 11644, 13, 2023/12/03, 13:27:50.715, 5730250867643, vstest.console.dll, Closing the connection
TpTrace Verbose: 0 : 11644, 7, 2023/12/03, 13:27:50.715, 5730250867827, vstest.console.dll, MulticastDelegateUtilities.SafeInvoke: HostProviderEvents.OnHostExited: Invoking callback 1/1 for Microsoft.VisualStudio.TestPlatform.CrossPlatEngine.Client.ProxyOperationManager., took 0 ms.
TpTrace Verbose: 0 : 11644, 13, 2023/12/03, 13:27:50.715, 5730250869722, vstest.console.dll, ProxyDataCollectionManager.InvokeDataCollectionServiceAction: Starting.
TpTrace Information: 0 : 11644, 13, 2023/12/03, 13:27:50.715, 5730250870173, vstest.console.dll, ProxyDataCollectionManager.AfterTestRunEnd: Get attachment set and invoked data collectors processId: 24836 port: 51722
TpTrace Verbose: 0 : 11644, 13, 2023/12/03, 13:27:50.715, 5730250870652, vstest.console.dll, DataCollectionRequestSender.SendAfterTestRunStartAndGetResult: Send AfterTestRunEnd message with isCancelled: False
TpTrace Verbose: 0 : 11644, 13, 2023/12/03, 13:27:50.723, 5730250946171, vstest.console.dll, DataCollectionRequestSender.SendAfterTestRunStartAndGetResult: Received message: (DataCollection.AfterTestRunEndResult) -> {"MessageType":"DataCollection.AfterTestRunEndResult","Payload":{"AttachmentSets":[],"InvokedDataCollectors":[{"Uri":"datacollector://Microsoft/TestPlatform/Extensions/Blame/v1","FriendlyName":"Blame","AssemblyQualifiedName":"Microsoft.TestPlatform.Extensions.BlameDataCollector.BlameCollector, Microsoft.TestPlatform.Extensions.BlameDataCollector, Version=15.0.0.0, Culture=neutral, PublicKeyToken=b03f5f7f11d50a3a","FilePath":"C:\\Program Files\\dotnet\\sdk\\8.0.100\\Extensions\\Microsoft.TestPlatform.Extensions.BlameDataCollector.dll","HasAttachmentProcessor":false}],"Metrics":{}}}
TpTrace Warning: 0 : 11644, 10, 2023/12/03, 13:27:50.728, 5730250998500, vstest.console.dll, DataCollectionLauncher.ErrorReceivedCallback datacollector standard error line: 
TpTrace Information: 0 : 11644, 13, 2023/12/03, 13:27:50.729, 5730251002917, vstest.console.dll, ProxyDataCollectionManager.InvokeDataCollectionServiceAction: Completed.
TpTrace Information: 0 : 11644, 10, 2023/12/03, 13:27:50.738, 5730251099106, vstest.console.dll, DataCollectionLauncher.ExitCallBack: Data collector exited with exitcode: 0 error: ''
TpTrace Verbose: 0 : 11644, 13, 2023/12/03, 13:27:50.768, 5730251397429, vstest.console.dll, TestRunRequest:SendTestRunStatsChange: Starting.
TpTrace Verbose: 0 : 11644, 13, 2023/12/03, 13:27:50.768, 5730251398873, vstest.console.dll, MulticastDelegateUtilities.SafeInvoke: TestRun.RunStatsChanged: Invoking callbacks was skipped because there are no subscribers.
TpTrace Information: 0 : 11644, 13, 2023/12/03, 13:27:50.768, 5730251399210, vstest.console.dll, TestRunRequest:SendTestRunStatsChange: Completed.
TpTrace Verbose: 0 : 11644, 4, 2023/12/03, 13:27:50.768, 5730251399640, vstest.console.dll, MulticastDelegateUtilities.SafeInvoke: InternalTestLoggerEvents.SendTestResult: Invoking callback 1/1 for Microsoft.VisualStudio.TestPlatform.CommandLine.Internal.ConsoleLogger., took 0 ms.
TpTrace Verbose: 0 : 11644, 4, 2023/12/03, 13:27:50.768, 5730251400451, vstest.console.dll, MulticastDelegateUtilities.SafeInvoke: InternalTestLoggerEvents.SendTestResult: Invoking callback 1/1 for Microsoft.VisualStudio.TestPlatform.CommandLine.Internal.ConsoleLogger., took 0 ms.
TpTrace Verbose: 0 : 11644, 4, 2023/12/03, 13:27:50.768, 5730251400901, vstest.console.dll, MulticastDelegateUtilities.SafeInvoke: InternalTestLoggerEvents.SendTestResult: Invoking callback 1/1 for Microsoft.VisualStudio.TestPlatform.CommandLine.Internal.ConsoleLogger., took 0 ms.
TpTrace Verbose: 0 : 11644, 4, 2023/12/03, 13:27:50.768, 5730251401352, vstest.console.dll, MulticastDelegateUtilities.SafeInvoke: InternalTestLoggerEvents.SendTestResult: Invoking callback 1/1 for Microsoft.VisualStudio.TestPlatform.CommandLine.Internal.ConsoleLogger., took 0 ms.
TpTrace Verbose: 0 : 11644, 4, 2023/12/03, 13:27:50.768, 5730251401796, vstest.console.dll, MulticastDelegateUtilities.SafeInvoke: InternalTestLoggerEvents.SendTestResult: Invoking callback 1/1 for Microsoft.VisualStudio.TestPlatform.CommandLine.Internal.ConsoleLogger., took 0 ms.
TpTrace Verbose: 0 : 11644, 4, 2023/12/03, 13:27:50.768, 5730251402228, vstest.console.dll, MulticastDelegateUtilities.SafeInvoke: InternalTestLoggerEvents.SendTestResult: Invoking callback 1/1 for Microsoft.VisualStudio.TestPlatform.CommandLine.Internal.ConsoleLogger., took 0 ms.
TpTrace Verbose: 0 : 11644, 13, 2023/12/03, 13:27:50.768, 5730251402330, vstest.console.dll, ParallelProxyExecutionManager: HandlePartialRunComplete: Total workloads = 1, Total started clients = 1 Total completed clients = 1, Run complete = True, Run canceled: False.
TpTrace Verbose: 0 : 11644, 13, 2023/12/03, 13:27:50.769, 5730251403289, vstest.console.dll, ParallelProxyExecutionManager: HandlePartialRunComplete: All runs completed stopping all managers.
TpTrace Verbose: 0 : 11644, 13, 2023/12/03, 13:27:50.769, 5730251403737, vstest.console.dll, ParallelOperationManager.StopAllManagers: Stopping all managers.
TpTrace Verbose: 0 : 11644, 13, 2023/12/03, 13:27:50.769, 5730251404068, vstest.console.dll, ParallelOperationManager.ClearSlots: Clearing all slots. Slots should accept more work: False
TpTrace Verbose: 0 : 11644, 13, 2023/12/03, 13:27:50.769, 5730251404541, vstest.console.dll, ParallelOperationManager.SetOccupiedSlotCount: Setting slot counts AvailableSlotCount = 1, OccupiedSlotCount = 0.
TpTrace Verbose: 0 : 11644, 13, 2023/12/03, 13:27:50.769, 5730251405067, vstest.console.dll, Occupied slots:

TpTrace Verbose: 0 : 11644, 4, 2023/12/03, 13:27:50.777, 5730251488741, vstest.console.dll, MulticastDelegateUtilities.SafeInvoke: InternalTestLoggerEvents.SendTestRunComplete: Invoking callback 1/2 for Microsoft.TestPlatform.Extensions.BlameDataCollector.BlameLogger., took 0 ms.
TpTrace Verbose: 0 : 11644, 4, 2023/12/03, 13:27:50.783, 5730251543841, vstest.console.dll, MulticastDelegateUtilities.SafeInvoke: InternalTestLoggerEvents.SendTestRunComplete: Invoking callback 2/2 for Microsoft.VisualStudio.TestPlatform.CommandLine.Internal.ConsoleLogger., took 5 ms.
TpTrace Verbose: 0 : 11644, 13, 2023/12/03, 13:27:50.783, 5730251548375, vstest.console.dll, TestRunRequest:TestRunComplete: Starting. IsAborted:False IsCanceled:False.
TpTrace Verbose: 0 : 11644, 13, 2023/12/03, 13:27:50.783, 5730251550083, vstest.console.dll, ParallelOperationManager.DoActionOnAllManagers: Calling an action on all managers.
TpTrace Verbose: 0 : 11644, 13, 2023/12/03, 13:27:50.784, 5730251559158, vstest.console.dll, TestLoggerManager.HandleTestRunComplete: Ignoring as the object is disposed.
TpTrace Verbose: 0 : 11644, 13, 2023/12/03, 13:27:50.784, 5730251561324, vstest.console.dll, MulticastDelegateUtilities.SafeInvoke: TestRun.TestRunComplete: Invoking callback 1/2 for Microsoft.VisualStudio.TestPlatform.CommandLine.TestRunResultAggregator., took 0 ms.
TpTrace Verbose: 0 : 11644, 13, 2023/12/03, 13:27:50.785, 5730251562612, vstest.console.dll, MulticastDelegateUtilities.SafeInvoke: TestRun.TestRunComplete: Invoking callback 2/2 for Microsoft.VisualStudio.TestPlatform.CommandLine.Processors.RunTestsArgumentExecutor+TestRunRequestEventsRegistrar., took 0 ms.
TpTrace Information: 0 : 11644, 13, 2023/12/03, 13:27:50.785, 5730251563542, vstest.console.dll, TestRunRequest:TestRunComplete: Completed.
TpTrace Verbose: 0 : 11644, 1, 2023/12/03, 13:27:50.785, 5730251563859, vstest.console.dll, TestRunRequest.Dispose: Starting.
TpTrace Verbose: 0 : 11644, 13, 2023/12/03, 13:27:50.785, 5730251563920, vstest.console.dll, TestRequestSender.SetOperationComplete: Setting operation complete.
TpTrace Information: 0 : 11644, 1, 2023/12/03, 13:27:50.785, 5730251564560, vstest.console.dll, TestRunRequest.Dispose: Completed.
TpTrace Information: 0 : 11644, 13, 2023/12/03, 13:27:50.785, 5730251564939, vstest.console.dll, SocketServer.Stop: Stop server endPoint: 127.0.0.1:51725
TpTrace Information: 0 : 11644, 1, 2023/12/03, 13:27:50.785, 5730251565614, vstest.console.dll, TestRequestManager.RunTests: run tests completed.
TpTrace Information: 0 : 11644, 13, 2023/12/03, 13:27:50.785, 5730251565908, vstest.console.dll, SocketServer.Stop: Cancellation requested. Stopping message loop.
TpTrace Verbose: 0 : 11644, 13, 2023/12/03, 13:27:50.785, 5730251566839, vstest.console.dll, MulticastDelegateUtilities.SafeInvoke: LengthPrefixCommunicationChannel: MessageReceived: Invoking callback 1/1 for Microsoft.VisualStudio.TestPlatform.CommunicationUtilities.TestRequestSender+<>c__DisplayClass34_0., took 135 ms.
TpTrace Information: 0 : 11644, 1, 2023/12/03, 13:27:50.785, 5730251566867, vstest.console.dll, RunTestsArgumentProcessor:Execute: Test run is completed.
TpTrace Information: 0 : 11644, 13, 2023/12/03, 13:27:50.785, 5730251567321, vstest.console.dll, SocketServer.PrivateStop: Stopping server endPoint: 127.0.0.1:51725 error: 
TpTrace Verbose: 0 : 11644, 1, 2023/12/03, 13:27:50.785, 5730251569530, vstest.console.dll, Executor.Execute: Exiting with exit code of 0
TpTrace Verbose: 0 : 11644, 13, 2023/12/03, 13:27:50.785, 5730251572369, vstest.console.dll, LengthPrefixCommunicationChannel.Dispose: Dispose reader and writer.
TpTrace Information: 0 : 11644, 13, 2023/12/03, 13:27:50.786, 5730251573292, vstest.console.dll, SocketServer.Stop: Raise disconnected event endPoint: 127.0.0.1:51725 error: 
TpTrace Verbose: 0 : 11644, 13, 2023/12/03, 13:27:50.786, 5730251574091, vstest.console.dll, TestRequestSender: OnTestRunAbort: Operation is already complete. Skip error message.
