TpTrace Verbose: 0 : 22100, 1, 2023/12/02, 09:02:36.252, 4707120079550, vstest.console.dll, Version: 17.8.0-release-23523-03 Current process architecture: X64
TpTrace Verbose: 0 : 22100, 1, 2023/12/02, 09:02:36.266, 4707120214749, vstest.console.dll, Runtime location: C:\Program Files\dotnet\shared\Microsoft.NETCore.App\8.0.0
TpTrace Verbose: 0 : 22100, 1, 2023/12/02, 09:02:36.269, 4707120249026, vstest.console.dll, ArtifactProcessingPostProcessModeProcessorExecutor.Initialize: ArtifactProcessingMode.Collect
TpTrace Verbose: 0 : 22100, 1, 2023/12/02, 09:02:36.269, 4707120251141, vstest.console.dll, TestSessionCorrelationIdProcessorModeProcessorExecutor.Initialize: TestSessionCorrelationId '31440_d16ef480-1cb9-40d4-8d17-ae05784c9505'
TpTrace Information: 0 : 22100, 1, 2023/12/02, 09:02:36.297, 4707120531785, vstest.console.dll, FilePatternParser: The given file C:\Users\Walterli\Documents\Projetos\Agenda-netcore\TaskManagement.Tests\bin\Debug\net7.0\fine-code-coverage\build-output\TaskManagement.Tests.dll is a full path.
TpTrace Verbose: 0 : 22100, 1, 2023/12/02, 09:02:36.309, 4707120650450, vstest.console.dll, TestPluginCache.DiscoverTestExtensions: finding test extensions in assemblies ends with: RuntimeProvider.dll TPluginInfo: Microsoft.VisualStudio.TestPlatform.Common.ExtensionFramework.Utilities.TestRuntimePluginInformation TExtension: Microsoft.VisualStudio.TestPlatform.ObjectModel.Host.ITestRuntimeProvider
TpTrace Verbose: 0 : 22100, 1, 2023/12/02, 09:02:36.312, 4707120681776, vstest.console.dll, TestPluginCache.GetExtensionPaths: Filtered extension paths: 
TpTrace Verbose: 0 : 22100, 1, 2023/12/02, 09:02:36.313, 4707120684845, vstest.console.dll, TestPluginCache.GetExtensionPaths: Added default extension paths: C:\Program Files\dotnet\sdk\8.0.100\Extensions\Microsoft.Diagnostics.NETCore.Client.dll
C:\Program Files\dotnet\sdk\8.0.100\Extensions\Microsoft.TestPlatform.Extensions.BlameDataCollector.dll
C:\Program Files\dotnet\sdk\8.0.100\Extensions\Microsoft.TestPlatform.Extensions.EventLogCollector.dll
C:\Program Files\dotnet\sdk\8.0.100\Extensions\Microsoft.TestPlatform.TestHostRuntimeProvider.dll
C:\Program Files\dotnet\sdk\8.0.100\Extensions\Microsoft.VisualStudio.TestPlatform.Extensions.Html.TestLogger.dll
C:\Program Files\dotnet\sdk\8.0.100\Extensions\Microsoft.VisualStudio.TestPlatform.Extensions.Trx.TestLogger.dll
TpTrace Verbose: 0 : 22100, 1, 2023/12/02, 09:02:36.313, 4707120685472, vstest.console.dll, TestPluginCache.GetExtensionPaths: Added unfilterableExtensionPaths: 
TpTrace Information: 0 : 22100, 1, 2023/12/02, 09:02:36.314, 4707120695087, vstest.console.dll, AssemblyResolver.ctor: Creating AssemblyResolver with searchDirectories C:\Program Files\dotnet\sdk\8.0.100\Extensions,C:\Program Files\dotnet\sdk\8.0.100
TpTrace Verbose: 0 : 22100, 1, 2023/12/02, 09:02:36.316, 4707120717948, vstest.console.dll, TestPluginCache.DiscoverTestExtensions: Discovering the extensions using extension path.
TpTrace Verbose: 0 : 22100, 1, 2023/12/02, 09:02:36.316, 4707120720786, vstest.console.dll, TestPluginCache.GetExtensionPaths: Filtered extension paths: 
TpTrace Verbose: 0 : 22100, 1, 2023/12/02, 09:02:36.316, 4707120721522, vstest.console.dll, TestPluginCache.GetExtensionPaths: Added default extension paths: C:\Program Files\dotnet\sdk\8.0.100\Extensions\Microsoft.Diagnostics.NETCore.Client.dll
C:\Program Files\dotnet\sdk\8.0.100\Extensions\Microsoft.TestPlatform.Extensions.BlameDataCollector.dll
C:\Program Files\dotnet\sdk\8.0.100\Extensions\Microsoft.TestPlatform.Extensions.EventLogCollector.dll
C:\Program Files\dotnet\sdk\8.0.100\Extensions\Microsoft.TestPlatform.TestHostRuntimeProvider.dll
C:\Program Files\dotnet\sdk\8.0.100\Extensions\Microsoft.VisualStudio.TestPlatform.Extensions.Html.TestLogger.dll
C:\Program Files\dotnet\sdk\8.0.100\Extensions\Microsoft.VisualStudio.TestPlatform.Extensions.Trx.TestLogger.dll
TpTrace Verbose: 0 : 22100, 1, 2023/12/02, 09:02:36.316, 4707120722114, vstest.console.dll, TestPluginCache.GetExtensionPaths: Added unfilterableExtensionPaths: 
TpTrace Verbose: 0 : 22100, 1, 2023/12/02, 09:02:36.316, 4707120723355, vstest.console.dll, TestPluginCache.DiscoverTestExtensions: Discovering the extensions using allExtensionPaths: C:\Program Files\dotnet\sdk\8.0.100\Extensions\Microsoft.Diagnostics.NETCore.Client.dll
C:\Program Files\dotnet\sdk\8.0.100\Extensions\Microsoft.TestPlatform.Extensions.BlameDataCollector.dll
C:\Program Files\dotnet\sdk\8.0.100\Extensions\Microsoft.TestPlatform.Extensions.EventLogCollector.dll
C:\Program Files\dotnet\sdk\8.0.100\Extensions\Microsoft.TestPlatform.TestHostRuntimeProvider.dll
C:\Program Files\dotnet\sdk\8.0.100\Extensions\Microsoft.VisualStudio.TestPlatform.Extensions.Html.TestLogger.dll
C:\Program Files\dotnet\sdk\8.0.100\Extensions\Microsoft.VisualStudio.TestPlatform.Extensions.Trx.TestLogger.dll
TpTrace Information: 0 : 22100, 1, 2023/12/02, 09:02:36.317, 4707120725605, vstest.console.dll, AssemblyResolver.AddSearchDirectories: Adding more searchDirectories C:\Program Files\dotnet\sdk\8.0.100\Extensions,C:\Program Files\dotnet\sdk\8.0.100
TpTrace Information: 0 : 22100, 1, 2023/12/02, 09:02:36.317, 4707120726696, vstest.console.dll, AssemblyResolver.AddSearchDirectories: Adding more searchDirectories C:\Program Files\dotnet\sdk\8.0.100\Extensions,C:\Program Files\dotnet\sdk\8.0.100
TpTrace Information: 0 : 22100, 1, 2023/12/02, 09:02:36.317, 4707120727645, vstest.console.dll, AssemblyResolver.AddSearchDirectories: Adding more searchDirectories C:\Program Files\dotnet\sdk\8.0.100\Extensions,C:\Program Files\dotnet\sdk\8.0.100
TpTrace Information: 0 : 22100, 1, 2023/12/02, 09:02:36.317, 4707120728131, vstest.console.dll, AssemblyResolver.AddSearchDirectories: Adding more searchDirectories C:\Program Files\dotnet\sdk\8.0.100\Extensions,C:\Program Files\dotnet\sdk\8.0.100
TpTrace Information: 0 : 22100, 1, 2023/12/02, 09:02:36.317, 4707120728556, vstest.console.dll, AssemblyResolver.AddSearchDirectories: Adding more searchDirectories C:\Program Files\dotnet\sdk\8.0.100\Extensions,C:\Program Files\dotnet\sdk\8.0.100
TpTrace Information: 0 : 22100, 1, 2023/12/02, 09:02:36.317, 4707120728967, vstest.console.dll, AssemblyResolver.AddSearchDirectories: Adding more searchDirectories C:\Program Files\dotnet\sdk\8.0.100\Extensions,C:\Program Files\dotnet\sdk\8.0.100
TpTrace Information: 0 : 22100, 1, 2023/12/02, 09:02:36.318, 4707120735569, vstest.console.dll, AssemblyResolver.OnResolve: Microsoft.Diagnostics.NETCore.Client: Resolving assembly.
TpTrace Information: 0 : 22100, 1, 2023/12/02, 09:02:36.318, 4707120737638, vstest.console.dll, AssemblyResolver.OnResolve: Microsoft.Diagnostics.NETCore.Client: Searching in: 'C:\Program Files\dotnet\sdk\8.0.100\Extensions'.
TpTrace Information: 0 : 22100, 1, 2023/12/02, 09:02:36.335, 4707120912376, vstest.console.dll, AssemblyResolver.OnResolve: Microsoft.Diagnostics.NETCore.Client: Loading assembly 'C:\Program Files\dotnet\sdk\8.0.100\Extensions\Microsoft.Diagnostics.NETCore.Client.dll'.
TpTrace Information: 0 : 22100, 1, 2023/12/02, 09:02:36.337, 4707120924907, vstest.console.dll, AssemblyResolver.OnResolve: Resolved assembly: Microsoft.Diagnostics.NETCore.Client, from path: C:\Program Files\dotnet\sdk\8.0.100\Extensions\Microsoft.Diagnostics.NETCore.Client.dll
TpTrace Verbose: 0 : 22100, 1, 2023/12/02, 09:02:36.349, 4707121047274, vstest.console.dll, MetadataReaderExtensionsHelper: Discovering extensions inside assembly 'Microsoft.Diagnostics.NETCore.Client, Version=0.2.8.21101, Culture=neutral, PublicKeyToken=31bf3856ad364e35' file path 'C:\Program Files\dotnet\sdk\8.0.100\Extensions\Microsoft.Diagnostics.NETCore.Client.dll'
TpTrace Information: 0 : 22100, 1, 2023/12/02, 09:02:36.356, 4707121120285, vstest.console.dll, AssemblyResolver.OnResolve: Microsoft.Bcl.AsyncInterfaces: Resolving assembly.
TpTrace Information: 0 : 22100, 1, 2023/12/02, 09:02:36.356, 4707121121749, vstest.console.dll, AssemblyResolver.OnResolve: Microsoft.Bcl.AsyncInterfaces: Searching in: 'C:\Program Files\dotnet\sdk\8.0.100\Extensions'.
TpTrace Information: 0 : 22100, 1, 2023/12/02, 09:02:36.356, 4707121122895, vstest.console.dll, AssemblyResolver.OnResolve: Microsoft.Bcl.AsyncInterfaces: Assembly path does not exist: 'C:\Program Files\dotnet\sdk\8.0.100\Extensions\Microsoft.Bcl.AsyncInterfaces.dll', returning.
TpTrace Information: 0 : 22100, 1, 2023/12/02, 09:02:36.357, 4707121124439, vstest.console.dll, AssemblyResolver.OnResolve: Microsoft.Bcl.AsyncInterfaces: Assembly path does not exist: 'C:\Program Files\dotnet\sdk\8.0.100\Extensions\Microsoft.Bcl.AsyncInterfaces.exe', returning.
TpTrace Information: 0 : 22100, 1, 2023/12/02, 09:02:36.357, 4707121124955, vstest.console.dll, AssemblyResolver.OnResolve: Microsoft.Bcl.AsyncInterfaces: Searching in: 'C:\Program Files\dotnet\sdk\8.0.100'.
TpTrace Information: 0 : 22100, 1, 2023/12/02, 09:02:36.357, 4707121125729, vstest.console.dll, AssemblyResolver.OnResolve: Microsoft.Bcl.AsyncInterfaces: Assembly path does not exist: 'C:\Program Files\dotnet\sdk\8.0.100\Microsoft.Bcl.AsyncInterfaces.dll', returning.
TpTrace Information: 0 : 22100, 1, 2023/12/02, 09:02:36.357, 4707121126443, vstest.console.dll, AssemblyResolver.OnResolve: Microsoft.Bcl.AsyncInterfaces: Assembly path does not exist: 'C:\Program Files\dotnet\sdk\8.0.100\Microsoft.Bcl.AsyncInterfaces.exe', returning.
TpTrace Information: 0 : 22100, 1, 2023/12/02, 09:02:36.357, 4707121126867, vstest.console.dll, AssemblyResolver.OnResolve: Microsoft.Bcl.AsyncInterfaces: Failed to load assembly.
TpTrace Verbose: 0 : 22100, 1, 2023/12/02, 09:02:36.357, 4707121127960, vstest.console.dll, CurrentDomainAssemblyResolve: Resolving assembly 'Microsoft.Bcl.AsyncInterfaces'.
TpTrace Information: 0 : 22100, 1, 2023/12/02, 09:02:36.357, 4707121128773, vstest.console.dll, AssemblyResolver.OnResolve: Microsoft.Bcl.AsyncInterfaces: Resolving assembly.
TpTrace Information: 0 : 22100, 1, 2023/12/02, 09:02:36.357, 4707121129336, vstest.console.dll, AssemblyResolver.OnResolve: Microsoft.Bcl.AsyncInterfaces: Resolved from cache.
TpTrace Verbose: 0 : 22100, 1, 2023/12/02, 09:02:36.357, 4707121129722, vstest.console.dll, CurrentDomainAssemblyResolve: Resolving assembly 'Microsoft.Bcl.AsyncInterfaces'.
TpTrace Verbose: 0 : 22100, 1, 2023/12/02, 09:02:36.357, 4707121130179, vstest.console.dll, CurrentDomainAssemblyResolve: Failed to resolve assembly 'Microsoft.Bcl.AsyncInterfaces'.
TpTrace Verbose: 0 : 22100, 1, 2023/12/02, 09:02:36.366, 4707121223414, vstest.console.dll, CurrentDomainAssemblyResolve: Failed to resolve assembly 'Microsoft.Bcl.AsyncInterfaces'.
TpTrace Warning: 0 : 22100, 1, 2023/12/02, 09:02:36.388, 4707121439694, vstest.console.dll, TestPluginDiscoverer: Failed to get types from assembly 'Microsoft.Diagnostics.NETCore.Client, Version=0.2.8.21101, Culture=neutral, PublicKeyToken=31bf3856ad364e35'. Error: System.Reflection.ReflectionTypeLoadException: Unable to load one or more of the requested types.
Could not load file or assembly 'Microsoft.Bcl.AsyncInterfaces, Version=1.0.0.0, Culture=neutral, PublicKeyToken=cc7b13ffcd2ddd51'. The system cannot find the file specified.
   at System.Reflection.RuntimeModule.GetTypes(RuntimeModule module)
   at System.Reflection.RuntimeModule.GetTypes()
   at Microsoft.VisualStudio.TestPlatform.Common.ExtensionFramework.TestPluginDiscoverer.GetTestExtensionsFromAssembly[TPluginInfo,TExtension](Assembly assembly, Dictionary`2 pluginInfos, String filePath) in /_/src/Microsoft.TestPlatform.Common/ExtensionFramework/TestPluginDiscoverer.cs:line 158
System.IO.FileNotFoundException: Could not load file or assembly 'Microsoft.Bcl.AsyncInterfaces, Version=1.0.0.0, Culture=neutral, PublicKeyToken=cc7b13ffcd2ddd51'. The system cannot find the file specified.
File name: 'Microsoft.Bcl.AsyncInterfaces, Version=1.0.0.0, Culture=neutral, PublicKeyToken=cc7b13ffcd2ddd51'
 ---> System.IO.FileNotFoundException: Could not load file or assembly 'Microsoft.Bcl.AsyncInterfaces, Culture=neutral, PublicKeyToken=null'. The system cannot find the file specified.
File name: 'Microsoft.Bcl.AsyncInterfaces, Culture=neutral, PublicKeyToken=null'
   at System.Reflection.RuntimeAssembly.InternalLoad(AssemblyName assemblyName, StackCrawlMark& stackMark, AssemblyLoadContext assemblyLoadContext, RuntimeAssembly requestingAssembly, Boolean throwOnFileNotFound)
   at System.Reflection.Assembly.Load(AssemblyName assemblyRef)
   at Microsoft.VisualStudio.TestPlatform.Common.ExtensionFramework.TestPluginCache.CurrentDomainAssemblyResolve(Object sender, AssemblyResolveEventArgs args) in /_/src/Microsoft.TestPlatform.Common/ExtensionFramework/TestPluginCache.cs:line 513
   at System.Runtime.Loader.AssemblyLoadContext.GetFirstResolvedAssemblyFromResolvingEvent(AssemblyName assemblyName)
   at System.Runtime.Loader.AssemblyLoadContext.ResolveUsingEvent(AssemblyName assemblyName)
   at System.Runtime.Loader.AssemblyLoadContext.ResolveUsingResolvingEvent(IntPtr gchManagedAssemblyLoadContext, AssemblyName assemblyName)
TpTrace Warning: 0 : 22100, 1, 2023/12/02, 09:02:36.389, 4707121446701, vstest.console.dll, LoaderExceptions: System.IO.FileNotFoundException: Could not load file or assembly 'Microsoft.Bcl.AsyncInterfaces, Version=1.0.0.0, Culture=neutral, PublicKeyToken=cc7b13ffcd2ddd51'. The system cannot find the file specified.
File name: 'Microsoft.Bcl.AsyncInterfaces, Version=1.0.0.0, Culture=neutral, PublicKeyToken=cc7b13ffcd2ddd51'
 ---> System.IO.FileNotFoundException: Could not load file or assembly 'Microsoft.Bcl.AsyncInterfaces, Culture=neutral, PublicKeyToken=null'. The system cannot find the file specified.
File name: 'Microsoft.Bcl.AsyncInterfaces, Culture=neutral, PublicKeyToken=null'
   at System.Reflection.RuntimeAssembly.InternalLoad(AssemblyName assemblyName, StackCrawlMark& stackMark, AssemblyLoadContext assemblyLoadContext, RuntimeAssembly requestingAssembly, Boolean throwOnFileNotFound)
   at System.Reflection.Assembly.Load(AssemblyName assemblyRef)
   at Microsoft.VisualStudio.TestPlatform.Common.ExtensionFramework.TestPluginCache.CurrentDomainAssemblyResolve(Object sender, AssemblyResolveEventArgs args) in /_/src/Microsoft.TestPlatform.Common/ExtensionFramework/TestPluginCache.cs:line 513
   at System.Runtime.Loader.AssemblyLoadContext.GetFirstResolvedAssemblyFromResolvingEvent(AssemblyName assemblyName)
   at System.Runtime.Loader.AssemblyLoadContext.ResolveUsingEvent(AssemblyName assemblyName)
   at System.Runtime.Loader.AssemblyLoadContext.ResolveUsingResolvingEvent(IntPtr gchManagedAssemblyLoadContext, AssemblyName assemblyName)
TpTrace Information: 0 : 22100, 1, 2023/12/02, 09:02:36.389, 4707121449005, vstest.console.dll, AssemblyResolver.OnResolve: Microsoft.TestPlatform.Extensions.BlameDataCollector: Resolving assembly.
TpTrace Information: 0 : 22100, 1, 2023/12/02, 09:02:36.389, 4707121450103, vstest.console.dll, AssemblyResolver.OnResolve: Microsoft.TestPlatform.Extensions.BlameDataCollector: Searching in: 'C:\Program Files\dotnet\sdk\8.0.100\Extensions'.
TpTrace Information: 0 : 22100, 1, 2023/12/02, 09:02:36.390, 4707121454682, vstest.console.dll, AssemblyResolver.OnResolve: Microsoft.TestPlatform.Extensions.BlameDataCollector: Loading assembly 'C:\Program Files\dotnet\sdk\8.0.100\Extensions\Microsoft.TestPlatform.Extensions.BlameDataCollector.dll'.
TpTrace Information: 0 : 22100, 1, 2023/12/02, 09:02:36.390, 4707121462581, vstest.console.dll, AssemblyResolver.OnResolve: Resolved assembly: Microsoft.TestPlatform.Extensions.BlameDataCollector, from path: C:\Program Files\dotnet\sdk\8.0.100\Extensions\Microsoft.TestPlatform.Extensions.BlameDataCollector.dll
TpTrace Verbose: 0 : 22100, 1, 2023/12/02, 09:02:36.391, 4707121465021, vstest.console.dll, MetadataReaderExtensionsHelper: Discovering extensions inside assembly 'Microsoft.TestPlatform.Extensions.BlameDataCollector, Version=15.0.0.0, Culture=neutral, PublicKeyToken=b03f5f7f11d50a3a' file path 'C:\Program Files\dotnet\sdk\8.0.100\Extensions\Microsoft.TestPlatform.Extensions.BlameDataCollector.dll'
TpTrace Information: 0 : 22100, 1, 2023/12/02, 09:02:36.393, 4707121486110, vstest.console.dll, AssemblyResolver.OnResolve: Microsoft.TestPlatform.Extensions.EventLogCollector: Resolving assembly.
TpTrace Information: 0 : 22100, 1, 2023/12/02, 09:02:36.401, 4707121568427, vstest.console.dll, AssemblyResolver.OnResolve: Microsoft.TestPlatform.Extensions.EventLogCollector: Searching in: 'C:\Program Files\dotnet\sdk\8.0.100\Extensions'.
TpTrace Information: 0 : 22100, 1, 2023/12/02, 09:02:36.402, 4707121575771, vstest.console.dll, AssemblyResolver.OnResolve: Microsoft.TestPlatform.Extensions.EventLogCollector: Loading assembly 'C:\Program Files\dotnet\sdk\8.0.100\Extensions\Microsoft.TestPlatform.Extensions.EventLogCollector.dll'.
TpTrace Information: 0 : 22100, 1, 2023/12/02, 09:02:36.402, 4707121584034, vstest.console.dll, AssemblyResolver.OnResolve: Resolved assembly: Microsoft.TestPlatform.Extensions.EventLogCollector, from path: C:\Program Files\dotnet\sdk\8.0.100\Extensions\Microsoft.TestPlatform.Extensions.EventLogCollector.dll
TpTrace Verbose: 0 : 22100, 1, 2023/12/02, 09:02:36.403, 4707121588316, vstest.console.dll, MetadataReaderExtensionsHelper: Discovering extensions inside assembly 'Microsoft.TestPlatform.Extensions.EventLogCollector, Version=15.0.0.0, Culture=neutral, PublicKeyToken=b03f5f7f11d50a3a' file path 'C:\Program Files\dotnet\sdk\8.0.100\Extensions\Microsoft.TestPlatform.Extensions.EventLogCollector.dll'
TpTrace Information: 0 : 22100, 1, 2023/12/02, 09:02:36.407, 4707121624481, vstest.console.dll, AssemblyResolver.OnResolve: Microsoft.TestPlatform.TestHostRuntimeProvider: Resolving assembly.
TpTrace Information: 0 : 22100, 1, 2023/12/02, 09:02:36.407, 4707121626528, vstest.console.dll, AssemblyResolver.OnResolve: Microsoft.TestPlatform.TestHostRuntimeProvider: Searching in: 'C:\Program Files\dotnet\sdk\8.0.100\Extensions'.
TpTrace Information: 0 : 22100, 1, 2023/12/02, 09:02:36.407, 4707121633207, vstest.console.dll, AssemblyResolver.OnResolve: Microsoft.TestPlatform.TestHostRuntimeProvider: Loading assembly 'C:\Program Files\dotnet\sdk\8.0.100\Extensions\Microsoft.TestPlatform.TestHostRuntimeProvider.dll'.
TpTrace Information: 0 : 22100, 1, 2023/12/02, 09:02:36.409, 4707121651285, vstest.console.dll, AssemblyResolver.OnResolve: Resolved assembly: Microsoft.TestPlatform.TestHostRuntimeProvider, from path: C:\Program Files\dotnet\sdk\8.0.100\Extensions\Microsoft.TestPlatform.TestHostRuntimeProvider.dll
TpTrace Verbose: 0 : 22100, 1, 2023/12/02, 09:02:36.409, 4707121653682, vstest.console.dll, MetadataReaderExtensionsHelper: Discovering extensions inside assembly 'Microsoft.TestPlatform.TestHostRuntimeProvider, Version=15.0.0.0, Culture=neutral, PublicKeyToken=b03f5f7f11d50a3a' file path 'C:\Program Files\dotnet\sdk\8.0.100\Extensions\Microsoft.TestPlatform.TestHostRuntimeProvider.dll'
TpTrace Information: 0 : 22100, 1, 2023/12/02, 09:02:36.415, 4707121708611, vstest.console.dll, GetTestExtensionFromType: Register extension with identifier data 'HostProvider://DefaultTestHost' and type 'Microsoft.VisualStudio.TestPlatform.CrossPlatEngine.Hosting.DefaultTestHostManager, Microsoft.TestPlatform.TestHostRuntimeProvider, Version=15.0.0.0, Culture=neutral, PublicKeyToken=b03f5f7f11d50a3a' inside file 'C:\Program Files\dotnet\sdk\8.0.100\Extensions\Microsoft.TestPlatform.TestHostRuntimeProvider.dll'
TpTrace Information: 0 : 22100, 1, 2023/12/02, 09:02:36.417, 4707121726353, vstest.console.dll, GetTestExtensionFromType: Register extension with identifier data 'HostProvider://DotnetTestHost' and type 'Microsoft.VisualStudio.TestPlatform.CrossPlatEngine.Hosting.DotnetTestHostManager, Microsoft.TestPlatform.TestHostRuntimeProvider, Version=15.0.0.0, Culture=neutral, PublicKeyToken=b03f5f7f11d50a3a' inside file 'C:\Program Files\dotnet\sdk\8.0.100\Extensions\Microsoft.TestPlatform.TestHostRuntimeProvider.dll'
TpTrace Information: 0 : 22100, 1, 2023/12/02, 09:02:36.418, 4707121737637, vstest.console.dll, AssemblyResolver.OnResolve: Microsoft.VisualStudio.TestPlatform.Extensions.Html.TestLogger: Resolving assembly.
TpTrace Information: 0 : 22100, 1, 2023/12/02, 09:02:36.418, 4707121741845, vstest.console.dll, AssemblyResolver.OnResolve: Microsoft.VisualStudio.TestPlatform.Extensions.Html.TestLogger: Searching in: 'C:\Program Files\dotnet\sdk\8.0.100\Extensions'.
TpTrace Information: 0 : 22100, 1, 2023/12/02, 09:02:36.419, 4707121749309, vstest.console.dll, AssemblyResolver.OnResolve: Microsoft.VisualStudio.TestPlatform.Extensions.Html.TestLogger: Loading assembly 'C:\Program Files\dotnet\sdk\8.0.100\Extensions\Microsoft.VisualStudio.TestPlatform.Extensions.Html.TestLogger.dll'.
TpTrace Information: 0 : 22100, 1, 2023/12/02, 09:02:36.420, 4707121758063, vstest.console.dll, AssemblyResolver.OnResolve: Resolved assembly: Microsoft.VisualStudio.TestPlatform.Extensions.Html.TestLogger, from path: C:\Program Files\dotnet\sdk\8.0.100\Extensions\Microsoft.VisualStudio.TestPlatform.Extensions.Html.TestLogger.dll
TpTrace Verbose: 0 : 22100, 1, 2023/12/02, 09:02:36.420, 4707121759886, vstest.console.dll, MetadataReaderExtensionsHelper: Discovering extensions inside assembly 'Microsoft.VisualStudio.TestPlatform.Extensions.Html.TestLogger, Version=15.0.0.0, Culture=neutral, PublicKeyToken=b03f5f7f11d50a3a' file path 'C:\Program Files\dotnet\sdk\8.0.100\Extensions\Microsoft.VisualStudio.TestPlatform.Extensions.Html.TestLogger.dll'
TpTrace Information: 0 : 22100, 1, 2023/12/02, 09:02:36.421, 4707121771220, vstest.console.dll, AssemblyResolver.OnResolve: Microsoft.VisualStudio.TestPlatform.Extensions.Trx.TestLogger: Resolving assembly.
TpTrace Information: 0 : 22100, 1, 2023/12/02, 09:02:36.421, 4707121774061, vstest.console.dll, AssemblyResolver.OnResolve: Microsoft.VisualStudio.TestPlatform.Extensions.Trx.TestLogger: Searching in: 'C:\Program Files\dotnet\sdk\8.0.100\Extensions'.
TpTrace Information: 0 : 22100, 1, 2023/12/02, 09:02:36.422, 4707121783491, vstest.console.dll, AssemblyResolver.OnResolve: Microsoft.VisualStudio.TestPlatform.Extensions.Trx.TestLogger: Loading assembly 'C:\Program Files\dotnet\sdk\8.0.100\Extensions\Microsoft.VisualStudio.TestPlatform.Extensions.Trx.TestLogger.dll'.
TpTrace Information: 0 : 22100, 1, 2023/12/02, 09:02:36.423, 4707121792150, vstest.console.dll, AssemblyResolver.OnResolve: Resolved assembly: Microsoft.VisualStudio.TestPlatform.Extensions.Trx.TestLogger, from path: C:\Program Files\dotnet\sdk\8.0.100\Extensions\Microsoft.VisualStudio.TestPlatform.Extensions.Trx.TestLogger.dll
TpTrace Verbose: 0 : 22100, 1, 2023/12/02, 09:02:36.423, 4707121793411, vstest.console.dll, MetadataReaderExtensionsHelper: Discovering extensions inside assembly 'Microsoft.VisualStudio.TestPlatform.Extensions.Trx.TestLogger, Version=15.0.0.0, Culture=neutral, PublicKeyToken=b03f5f7f11d50a3a' file path 'C:\Program Files\dotnet\sdk\8.0.100\Extensions\Microsoft.VisualStudio.TestPlatform.Extensions.Trx.TestLogger.dll'
TpTrace Verbose: 0 : 22100, 1, 2023/12/02, 09:02:36.425, 4707121806408, vstest.console.dll, TestPluginCache: Discovered the extensions using extension path ''.
TpTrace Verbose: 0 : 22100, 1, 2023/12/02, 09:02:36.425, 4707121807279, vstest.console.dll, TestPluginCache: Discoverers are ''.
TpTrace Verbose: 0 : 22100, 1, 2023/12/02, 09:02:36.425, 4707121807715, vstest.console.dll, TestPluginCache: Executors are ''.
TpTrace Verbose: 0 : 22100, 1, 2023/12/02, 09:02:36.425, 4707121808056, vstest.console.dll, TestPluginCache: Executors2 are ''.
TpTrace Verbose: 0 : 22100, 1, 2023/12/02, 09:02:36.425, 4707121808385, vstest.console.dll, TestPluginCache: Setting providers are ''.
TpTrace Verbose: 0 : 22100, 1, 2023/12/02, 09:02:36.425, 4707121808713, vstest.console.dll, TestPluginCache: Loggers are ''.
TpTrace Verbose: 0 : 22100, 1, 2023/12/02, 09:02:36.425, 4707121811149, vstest.console.dll, TestPluginCache: TestHosts are 'HostProvider://DefaultTestHost,HostProvider://DotnetTestHost'.
TpTrace Verbose: 0 : 22100, 1, 2023/12/02, 09:02:36.425, 4707121811772, vstest.console.dll, TestPluginCache: DataCollectors are ''.
TpTrace Information: 0 : 22100, 1, 2023/12/02, 09:02:36.457, 4707122125371, vstest.console.dll, RunTestsArgumentProcessor:Execute: Test run is starting.
TpTrace Verbose: 0 : 22100, 1, 2023/12/02, 09:02:36.457, 4707122126820, vstest.console.dll, RunTestsArgumentProcessor:Execute: Queuing Test run.
TpTrace Information: 0 : 22100, 1, 2023/12/02, 09:02:36.457, 4707122131259, vstest.console.dll, TestRequestManager.RunTests: run tests started.
TpTrace Information: 0 : 22100, 1, 2023/12/02, 09:02:36.459, 4707122153964, vstest.console.dll, AssemblyMetadataProvider.GetFrameworkName: Determined framework:'.NETCoreApp,Version=v7.0' for source: 'C:\Users\Walterli\Documents\Projetos\Agenda-netcore\TaskManagement.Tests\bin\Debug\net7.0\fine-code-coverage\build-output\TaskManagement.Tests.dll'
TpTrace Information: 0 : 22100, 1, 2023/12/02, 09:02:36.460, 4707122156561, vstest.console.dll, Determined framework for all sources: .NETCoreApp,Version=v7.0
TpTrace Verbose: 0 : 22100, 1, 2023/12/02, 09:02:36.460, 4707122161156, vstest.console.dll, TestRequestManager.UpdateRunSettingsIfRequired: Default architecture: X64 IsDefaultTargetArchitecture: True, Current process architecture: X64 OperatingSystem: Windows.
TpTrace Information: 0 : 22100, 1, 2023/12/02, 09:02:36.463, 4707122184984, vstest.console.dll, AssemblyMetadataProvider.GetArchitecture: Determined architecture:AnyCPU info for assembly: C:\Users\Walterli\Documents\Projetos\Agenda-netcore\TaskManagement.Tests\bin\Debug\net7.0\fine-code-coverage\build-output\TaskManagement.Tests.dll
TpTrace Information: 0 : 22100, 1, 2023/12/02, 09:02:36.463, 4707122186071, vstest.console.dll, Determined platform for source 'C:\Users\Walterli\Documents\Projetos\Agenda-netcore\TaskManagement.Tests\bin\Debug\net7.0\fine-code-coverage\build-output\TaskManagement.Tests.dll' was AnyCPU and it will use the default plaform X64.
TpTrace Information: 0 : 22100, 1, 2023/12/02, 09:02:36.463, 4707122186485, vstest.console.dll, None of the sources provided any runnable platform, using the default platform: X64
TpTrace Information: 0 : 22100, 1, 2023/12/02, 09:02:36.463, 4707122187931, vstest.console.dll, Platform was updated to 'X64'.
TpTrace Information: 0 : 22100, 1, 2023/12/02, 09:02:36.470, 4707122257251, vstest.console.dll, InferRunSettingsHelper.IsTestSettingsEnabled: Unable to navigate to RunSettings/MSTest. Current node: RunSettings
TpTrace Information: 0 : 22100, 1, 2023/12/02, 09:02:36.471, 4707122266544, vstest.console.dll, AssemblyResolver.OnResolve: Microsoft.VisualStudio.TestPlatform.Fakes: Resolving assembly.
TpTrace Information: 0 : 22100, 1, 2023/12/02, 09:02:36.471, 4707122268888, vstest.console.dll, AssemblyResolver.OnResolve: Microsoft.VisualStudio.TestPlatform.Fakes: Searching in: 'C:\Program Files\dotnet\sdk\8.0.100\Extensions'.
TpTrace Information: 0 : 22100, 1, 2023/12/02, 09:02:36.471, 4707122274074, vstest.console.dll, AssemblyResolver.OnResolve: Microsoft.VisualStudio.TestPlatform.Fakes: Assembly path does not exist: 'C:\Program Files\dotnet\sdk\8.0.100\Extensions\Microsoft.VisualStudio.TestPlatform.Fakes.dll', returning.
TpTrace Information: 0 : 22100, 1, 2023/12/02, 09:02:36.472, 4707122276921, vstest.console.dll, AssemblyResolver.OnResolve: Microsoft.VisualStudio.TestPlatform.Fakes: Assembly path does not exist: 'C:\Program Files\dotnet\sdk\8.0.100\Extensions\Microsoft.VisualStudio.TestPlatform.Fakes.exe', returning.
TpTrace Information: 0 : 22100, 1, 2023/12/02, 09:02:36.472, 4707122278190, vstest.console.dll, AssemblyResolver.OnResolve: Microsoft.VisualStudio.TestPlatform.Fakes: Searching in: 'C:\Program Files\dotnet\sdk\8.0.100'.
TpTrace Information: 0 : 22100, 1, 2023/12/02, 09:02:36.472, 4707122279188, vstest.console.dll, AssemblyResolver.OnResolve: Microsoft.VisualStudio.TestPlatform.Fakes: Assembly path does not exist: 'C:\Program Files\dotnet\sdk\8.0.100\Microsoft.VisualStudio.TestPlatform.Fakes.dll', returning.
TpTrace Information: 0 : 22100, 1, 2023/12/02, 09:02:36.472, 4707122280001, vstest.console.dll, AssemblyResolver.OnResolve: Microsoft.VisualStudio.TestPlatform.Fakes: Assembly path does not exist: 'C:\Program Files\dotnet\sdk\8.0.100\Microsoft.VisualStudio.TestPlatform.Fakes.exe', returning.
TpTrace Information: 0 : 22100, 1, 2023/12/02, 09:02:36.472, 4707122280542, vstest.console.dll, AssemblyResolver.OnResolve: Microsoft.VisualStudio.TestPlatform.Fakes: Failed to load assembly.
TpTrace Information: 0 : 22100, 1, 2023/12/02, 09:02:36.473, 4707122285278, vstest.console.dll, Failed to load assembly Microsoft.VisualStudio.TestPlatform.Fakes, Version=17.0.0.0, Culture=neutral. Reason:System.IO.FileNotFoundException: Could not load file or assembly 'Microsoft.VisualStudio.TestPlatform.Fakes, Version=17.0.0.0, Culture=neutral, PublicKeyToken=null'. The system cannot find the file specified.
File name: 'Microsoft.VisualStudio.TestPlatform.Fakes, Version=17.0.0.0, Culture=neutral, PublicKeyToken=null'
   at System.Reflection.RuntimeAssembly.InternalLoad(AssemblyName assemblyName, StackCrawlMark& stackMark, AssemblyLoadContext assemblyLoadContext, RuntimeAssembly requestingAssembly, Boolean throwOnFileNotFound)
   at System.Reflection.Assembly.Load(AssemblyName assemblyRef)
   at Microsoft.VisualStudio.TestPlatform.Common.Utilities.FakesUtilities.LoadTestPlatformAssembly() in /_/src/Microsoft.TestPlatform.Common/Utilities/FakesUtilities.cs:line 272
TpTrace Verbose: 0 : 22100, 1, 2023/12/02, 09:02:36.477, 4707122329753, vstest.console.dll, TestPluginCache.DiscoverTestExtensions: finding test extensions in assemblies ends with: TestLogger.dll TPluginInfo: Microsoft.VisualStudio.TestPlatform.Common.ExtensionFramework.Utilities.TestLoggerPluginInformation TExtension: Microsoft.VisualStudio.TestPlatform.ObjectModel.Client.ITestLogger
TpTrace Verbose: 0 : 22100, 1, 2023/12/02, 09:02:36.477, 4707122331319, vstest.console.dll, TestPluginCache.GetExtensionPaths: Filtered extension paths: 
TpTrace Verbose: 0 : 22100, 1, 2023/12/02, 09:02:36.477, 4707122331867, vstest.console.dll, TestPluginCache.GetExtensionPaths: Added default extension paths: C:\Program Files\dotnet\sdk\8.0.100\Extensions\Microsoft.Diagnostics.NETCore.Client.dll
C:\Program Files\dotnet\sdk\8.0.100\Extensions\Microsoft.TestPlatform.Extensions.BlameDataCollector.dll
C:\Program Files\dotnet\sdk\8.0.100\Extensions\Microsoft.TestPlatform.Extensions.EventLogCollector.dll
C:\Program Files\dotnet\sdk\8.0.100\Extensions\Microsoft.TestPlatform.TestHostRuntimeProvider.dll
C:\Program Files\dotnet\sdk\8.0.100\Extensions\Microsoft.VisualStudio.TestPlatform.Extensions.Html.TestLogger.dll
C:\Program Files\dotnet\sdk\8.0.100\Extensions\Microsoft.VisualStudio.TestPlatform.Extensions.Trx.TestLogger.dll
TpTrace Verbose: 0 : 22100, 1, 2023/12/02, 09:02:36.477, 4707122332345, vstest.console.dll, TestPluginCache.GetExtensionPaths: Added unfilterableExtensionPaths: 
TpTrace Information: 0 : 22100, 1, 2023/12/02, 09:02:36.478, 4707122334144, vstest.console.dll, AssemblyResolver.AddSearchDirectories: Adding more searchDirectories C:\Program Files\dotnet\sdk\8.0.100\Extensions,C:\Program Files\dotnet\sdk\8.0.100
TpTrace Verbose: 0 : 22100, 1, 2023/12/02, 09:02:36.478, 4707122334769, vstest.console.dll, TestPluginCache.DiscoverTestExtensions: Discovering the extensions using extension path.
TpTrace Verbose: 0 : 22100, 1, 2023/12/02, 09:02:36.478, 4707122335282, vstest.console.dll, TestPluginCache.GetExtensionPaths: Filtered extension paths: 
TpTrace Verbose: 0 : 22100, 1, 2023/12/02, 09:02:36.478, 4707122335742, vstest.console.dll, TestPluginCache.GetExtensionPaths: Added default extension paths: C:\Program Files\dotnet\sdk\8.0.100\Extensions\Microsoft.Diagnostics.NETCore.Client.dll
C:\Program Files\dotnet\sdk\8.0.100\Extensions\Microsoft.TestPlatform.Extensions.BlameDataCollector.dll
C:\Program Files\dotnet\sdk\8.0.100\Extensions\Microsoft.TestPlatform.Extensions.EventLogCollector.dll
C:\Program Files\dotnet\sdk\8.0.100\Extensions\Microsoft.TestPlatform.TestHostRuntimeProvider.dll
C:\Program Files\dotnet\sdk\8.0.100\Extensions\Microsoft.VisualStudio.TestPlatform.Extensions.Html.TestLogger.dll
C:\Program Files\dotnet\sdk\8.0.100\Extensions\Microsoft.VisualStudio.TestPlatform.Extensions.Trx.TestLogger.dll
TpTrace Verbose: 0 : 22100, 1, 2023/12/02, 09:02:36.478, 4707122336139, vstest.console.dll, TestPluginCache.GetExtensionPaths: Added unfilterableExtensionPaths: 
TpTrace Verbose: 0 : 22100, 1, 2023/12/02, 09:02:36.478, 4707122336577, vstest.console.dll, TestPluginCache.DiscoverTestExtensions: Discovering the extensions using allExtensionPaths: C:\Program Files\dotnet\sdk\8.0.100\Extensions\Microsoft.Diagnostics.NETCore.Client.dll
C:\Program Files\dotnet\sdk\8.0.100\Extensions\Microsoft.TestPlatform.Extensions.BlameDataCollector.dll
C:\Program Files\dotnet\sdk\8.0.100\Extensions\Microsoft.TestPlatform.Extensions.EventLogCollector.dll
C:\Program Files\dotnet\sdk\8.0.100\Extensions\Microsoft.TestPlatform.TestHostRuntimeProvider.dll
C:\Program Files\dotnet\sdk\8.0.100\Extensions\Microsoft.VisualStudio.TestPlatform.Extensions.Html.TestLogger.dll
C:\Program Files\dotnet\sdk\8.0.100\Extensions\Microsoft.VisualStudio.TestPlatform.Extensions.Trx.TestLogger.dll
TpTrace Information: 0 : 22100, 1, 2023/12/02, 09:02:36.478, 4707122337926, vstest.console.dll, AssemblyResolver.AddSearchDirectories: Adding more searchDirectories C:\Program Files\dotnet\sdk\8.0.100\Extensions,C:\Program Files\dotnet\sdk\8.0.100
TpTrace Information: 0 : 22100, 1, 2023/12/02, 09:02:36.478, 4707122338713, vstest.console.dll, AssemblyResolver.AddSearchDirectories: Adding more searchDirectories C:\Program Files\dotnet\sdk\8.0.100\Extensions,C:\Program Files\dotnet\sdk\8.0.100
TpTrace Information: 0 : 22100, 1, 2023/12/02, 09:02:36.478, 4707122339279, vstest.console.dll, AssemblyResolver.AddSearchDirectories: Adding more searchDirectories C:\Program Files\dotnet\sdk\8.0.100\Extensions,C:\Program Files\dotnet\sdk\8.0.100
TpTrace Information: 0 : 22100, 1, 2023/12/02, 09:02:36.478, 4707122339692, vstest.console.dll, AssemblyResolver.AddSearchDirectories: Adding more searchDirectories C:\Program Files\dotnet\sdk\8.0.100\Extensions,C:\Program Files\dotnet\sdk\8.0.100
TpTrace Information: 0 : 22100, 1, 2023/12/02, 09:02:36.478, 4707122340095, vstest.console.dll, AssemblyResolver.AddSearchDirectories: Adding more searchDirectories C:\Program Files\dotnet\sdk\8.0.100\Extensions,C:\Program Files\dotnet\sdk\8.0.100
TpTrace Information: 0 : 22100, 1, 2023/12/02, 09:02:36.478, 4707122340545, vstest.console.dll, AssemblyResolver.AddSearchDirectories: Adding more searchDirectories C:\Program Files\dotnet\sdk\8.0.100\Extensions,C:\Program Files\dotnet\sdk\8.0.100
TpTrace Verbose: 0 : 22100, 1, 2023/12/02, 09:02:36.478, 4707122342444, vstest.console.dll, MetadataReaderExtensionsHelper: Discovering extensions inside assembly 'Microsoft.Diagnostics.NETCore.Client, Version=0.2.8.21101, Culture=neutral, PublicKeyToken=31bf3856ad364e35' file path 'C:\Program Files\dotnet\sdk\8.0.100\Extensions\Microsoft.Diagnostics.NETCore.Client.dll'
TpTrace Information: 0 : 22100, 1, 2023/12/02, 09:02:36.479, 4707122352448, vstest.console.dll, AssemblyResolver.OnResolve: Microsoft.Bcl.AsyncInterfaces: Resolving assembly.
TpTrace Information: 0 : 22100, 1, 2023/12/02, 09:02:36.479, 4707122353210, vstest.console.dll, AssemblyResolver.OnResolve: Microsoft.Bcl.AsyncInterfaces: Resolved from cache.
TpTrace Verbose: 0 : 22100, 1, 2023/12/02, 09:02:36.479, 4707122353623, vstest.console.dll, CurrentDomainAssemblyResolve: Resolving assembly 'Microsoft.Bcl.AsyncInterfaces'.
TpTrace Information: 0 : 22100, 1, 2023/12/02, 09:02:36.480, 4707122354337, vstest.console.dll, AssemblyResolver.OnResolve: Microsoft.Bcl.AsyncInterfaces: Resolving assembly.
TpTrace Information: 0 : 22100, 1, 2023/12/02, 09:02:36.480, 4707122354781, vstest.console.dll, AssemblyResolver.OnResolve: Microsoft.Bcl.AsyncInterfaces: Resolved from cache.
TpTrace Verbose: 0 : 22100, 1, 2023/12/02, 09:02:36.480, 4707122355148, vstest.console.dll, CurrentDomainAssemblyResolve: Resolving assembly 'Microsoft.Bcl.AsyncInterfaces'.
TpTrace Verbose: 0 : 22100, 1, 2023/12/02, 09:02:36.480, 4707122355500, vstest.console.dll, CurrentDomainAssemblyResolve: Failed to resolve assembly 'Microsoft.Bcl.AsyncInterfaces'.
TpTrace Verbose: 0 : 22100, 1, 2023/12/02, 09:02:36.480, 4707122357240, vstest.console.dll, CurrentDomainAssemblyResolve: Failed to resolve assembly 'Microsoft.Bcl.AsyncInterfaces'.
TpTrace Warning: 0 : 22100, 1, 2023/12/02, 09:02:36.480, 4707122361484, vstest.console.dll, TestPluginDiscoverer: Failed to get types from assembly 'Microsoft.Diagnostics.NETCore.Client, Version=0.2.8.21101, Culture=neutral, PublicKeyToken=31bf3856ad364e35'. Error: System.Reflection.ReflectionTypeLoadException: Unable to load one or more of the requested types.
Could not load file or assembly 'Microsoft.Bcl.AsyncInterfaces, Version=1.0.0.0, Culture=neutral, PublicKeyToken=cc7b13ffcd2ddd51'. The system cannot find the file specified.
   at System.Reflection.RuntimeModule.GetTypes(RuntimeModule module)
   at System.Reflection.RuntimeModule.GetTypes()
   at Microsoft.VisualStudio.TestPlatform.Common.ExtensionFramework.TestPluginDiscoverer.GetTestExtensionsFromAssembly[TPluginInfo,TExtension](Assembly assembly, Dictionary`2 pluginInfos, String filePath) in /_/src/Microsoft.TestPlatform.Common/ExtensionFramework/TestPluginDiscoverer.cs:line 158
System.IO.FileNotFoundException: Could not load file or assembly 'Microsoft.Bcl.AsyncInterfaces, Version=1.0.0.0, Culture=neutral, PublicKeyToken=cc7b13ffcd2ddd51'. The system cannot find the file specified.
File name: 'Microsoft.Bcl.AsyncInterfaces, Version=1.0.0.0, Culture=neutral, PublicKeyToken=cc7b13ffcd2ddd51'
 ---> System.IO.FileNotFoundException: Could not load file or assembly 'Microsoft.Bcl.AsyncInterfaces, Culture=neutral, PublicKeyToken=null'. The system cannot find the file specified.
File name: 'Microsoft.Bcl.AsyncInterfaces, Culture=neutral, PublicKeyToken=null'
   at System.Reflection.RuntimeAssembly.InternalLoad(AssemblyName assemblyName, StackCrawlMark& stackMark, AssemblyLoadContext assemblyLoadContext, RuntimeAssembly requestingAssembly, Boolean throwOnFileNotFound)
   at System.Reflection.Assembly.Load(AssemblyName assemblyRef)
   at Microsoft.VisualStudio.TestPlatform.Common.ExtensionFramework.TestPluginCache.CurrentDomainAssemblyResolve(Object sender, AssemblyResolveEventArgs args) in /_/src/Microsoft.TestPlatform.Common/ExtensionFramework/TestPluginCache.cs:line 513
   at System.Runtime.Loader.AssemblyLoadContext.GetFirstResolvedAssemblyFromResolvingEvent(AssemblyName assemblyName)
   at System.Runtime.Loader.AssemblyLoadContext.ResolveUsingEvent(AssemblyName assemblyName)
   at System.Runtime.Loader.AssemblyLoadContext.ResolveUsingResolvingEvent(IntPtr gchManagedAssemblyLoadContext, AssemblyName assemblyName)
TpTrace Warning: 0 : 22100, 1, 2023/12/02, 09:02:36.481, 4707122365046, vstest.console.dll, LoaderExceptions: System.IO.FileNotFoundException: Could not load file or assembly 'Microsoft.Bcl.AsyncInterfaces, Version=1.0.0.0, Culture=neutral, PublicKeyToken=cc7b13ffcd2ddd51'. The system cannot find the file specified.
File name: 'Microsoft.Bcl.AsyncInterfaces, Version=1.0.0.0, Culture=neutral, PublicKeyToken=cc7b13ffcd2ddd51'
 ---> System.IO.FileNotFoundException: Could not load file or assembly 'Microsoft.Bcl.AsyncInterfaces, Culture=neutral, PublicKeyToken=null'. The system cannot find the file specified.
File name: 'Microsoft.Bcl.AsyncInterfaces, Culture=neutral, PublicKeyToken=null'
   at System.Reflection.RuntimeAssembly.InternalLoad(AssemblyName assemblyName, StackCrawlMark& stackMark, AssemblyLoadContext assemblyLoadContext, RuntimeAssembly requestingAssembly, Boolean throwOnFileNotFound)
   at System.Reflection.Assembly.Load(AssemblyName assemblyRef)
   at Microsoft.VisualStudio.TestPlatform.Common.ExtensionFramework.TestPluginCache.CurrentDomainAssemblyResolve(Object sender, AssemblyResolveEventArgs args) in /_/src/Microsoft.TestPlatform.Common/ExtensionFramework/TestPluginCache.cs:line 513
   at System.Runtime.Loader.AssemblyLoadContext.GetFirstResolvedAssemblyFromResolvingEvent(AssemblyName assemblyName)
   at System.Runtime.Loader.AssemblyLoadContext.ResolveUsingEvent(AssemblyName assemblyName)
   at System.Runtime.Loader.AssemblyLoadContext.ResolveUsingResolvingEvent(IntPtr gchManagedAssemblyLoadContext, AssemblyName assemblyName)
TpTrace Verbose: 0 : 22100, 1, 2023/12/02, 09:02:36.481, 4707122366647, vstest.console.dll, MetadataReaderExtensionsHelper: Discovering extensions inside assembly 'Microsoft.TestPlatform.Extensions.BlameDataCollector, Version=15.0.0.0, Culture=neutral, PublicKeyToken=b03f5f7f11d50a3a' file path 'C:\Program Files\dotnet\sdk\8.0.100\Extensions\Microsoft.TestPlatform.Extensions.BlameDataCollector.dll'
TpTrace Information: 0 : 22100, 1, 2023/12/02, 09:02:36.482, 4707122375252, vstest.console.dll, GetTestExtensionFromType: Register extension with identifier data 'logger://Microsoft/TestPlatform/Extensions/Blame/v1' and type 'Microsoft.TestPlatform.Extensions.BlameDataCollector.BlameLogger, Microsoft.TestPlatform.Extensions.BlameDataCollector, Version=15.0.0.0, Culture=neutral, PublicKeyToken=b03f5f7f11d50a3a' inside file 'C:\Program Files\dotnet\sdk\8.0.100\Extensions\Microsoft.TestPlatform.Extensions.BlameDataCollector.dll'
TpTrace Verbose: 0 : 22100, 1, 2023/12/02, 09:02:36.482, 4707122377054, vstest.console.dll, MetadataReaderExtensionsHelper: Discovering extensions inside assembly 'Microsoft.TestPlatform.Extensions.EventLogCollector, Version=15.0.0.0, Culture=neutral, PublicKeyToken=b03f5f7f11d50a3a' file path 'C:\Program Files\dotnet\sdk\8.0.100\Extensions\Microsoft.TestPlatform.Extensions.EventLogCollector.dll'
TpTrace Verbose: 0 : 22100, 1, 2023/12/02, 09:02:36.482, 4707122383352, vstest.console.dll, MetadataReaderExtensionsHelper: Discovering extensions inside assembly 'Microsoft.TestPlatform.TestHostRuntimeProvider, Version=15.0.0.0, Culture=neutral, PublicKeyToken=b03f5f7f11d50a3a' file path 'C:\Program Files\dotnet\sdk\8.0.100\Extensions\Microsoft.TestPlatform.TestHostRuntimeProvider.dll'
TpTrace Verbose: 0 : 22100, 1, 2023/12/02, 09:02:36.483, 4707122388732, vstest.console.dll, MetadataReaderExtensionsHelper: Discovering extensions inside assembly 'Microsoft.VisualStudio.TestPlatform.Extensions.Html.TestLogger, Version=15.0.0.0, Culture=neutral, PublicKeyToken=b03f5f7f11d50a3a' file path 'C:\Program Files\dotnet\sdk\8.0.100\Extensions\Microsoft.VisualStudio.TestPlatform.Extensions.Html.TestLogger.dll'
TpTrace Information: 0 : 22100, 1, 2023/12/02, 09:02:36.484, 4707122402639, vstest.console.dll, GetTestExtensionFromType: Register extension with identifier data 'logger://Microsoft/TestPlatform/HtmlLogger/v1' and type 'Microsoft.VisualStudio.TestPlatform.Extensions.HtmlLogger.HtmlLogger, Microsoft.VisualStudio.TestPlatform.Extensions.Html.TestLogger, Version=15.0.0.0, Culture=neutral, PublicKeyToken=b03f5f7f11d50a3a' inside file 'C:\Program Files\dotnet\sdk\8.0.100\Extensions\Microsoft.VisualStudio.TestPlatform.Extensions.Html.TestLogger.dll'
TpTrace Verbose: 0 : 22100, 1, 2023/12/02, 09:02:36.485, 4707122406375, vstest.console.dll, MetadataReaderExtensionsHelper: Discovering extensions inside assembly 'Microsoft.VisualStudio.TestPlatform.Extensions.Trx.TestLogger, Version=15.0.0.0, Culture=neutral, PublicKeyToken=b03f5f7f11d50a3a' file path 'C:\Program Files\dotnet\sdk\8.0.100\Extensions\Microsoft.VisualStudio.TestPlatform.Extensions.Trx.TestLogger.dll'
TpTrace Information: 0 : 22100, 1, 2023/12/02, 09:02:36.486, 4707122416201, vstest.console.dll, GetTestExtensionFromType: Register extension with identifier data 'logger://Microsoft/TestPlatform/TrxLogger/v1' and type 'Microsoft.VisualStudio.TestPlatform.Extensions.TrxLogger.TrxLogger, Microsoft.VisualStudio.TestPlatform.Extensions.Trx.TestLogger, Version=15.0.0.0, Culture=neutral, PublicKeyToken=b03f5f7f11d50a3a' inside file 'C:\Program Files\dotnet\sdk\8.0.100\Extensions\Microsoft.VisualStudio.TestPlatform.Extensions.Trx.TestLogger.dll'
TpTrace Verbose: 0 : 22100, 1, 2023/12/02, 09:02:36.486, 4707122420106, vstest.console.dll, TestPluginCache: Discovered the extensions using extension path ''.
TpTrace Verbose: 0 : 22100, 1, 2023/12/02, 09:02:36.486, 4707122421159, vstest.console.dll, TestPluginCache: Discoverers are ''.
TpTrace Verbose: 0 : 22100, 1, 2023/12/02, 09:02:36.486, 4707122421550, vstest.console.dll, TestPluginCache: Executors are ''.
TpTrace Verbose: 0 : 22100, 1, 2023/12/02, 09:02:36.486, 4707122421903, vstest.console.dll, TestPluginCache: Executors2 are ''.
TpTrace Verbose: 0 : 22100, 1, 2023/12/02, 09:02:36.486, 4707122422243, vstest.console.dll, TestPluginCache: Setting providers are ''.
TpTrace Verbose: 0 : 22100, 1, 2023/12/02, 09:02:36.487, 4707122424649, vstest.console.dll, TestPluginCache: Loggers are 'logger://Microsoft/TestPlatform/Extensions/Blame/v1,logger://Microsoft/TestPlatform/HtmlLogger/v1,logger://Microsoft/TestPlatform/TrxLogger/v1'.
TpTrace Verbose: 0 : 22100, 1, 2023/12/02, 09:02:36.487, 4707122425940, vstest.console.dll, TestPluginCache: TestHosts are 'HostProvider://DefaultTestHost,HostProvider://DotnetTestHost'.
TpTrace Verbose: 0 : 22100, 1, 2023/12/02, 09:02:36.487, 4707122426376, vstest.console.dll, TestPluginCache: DataCollectors are ''.
TpTrace Information: 0 : 22100, 1, 2023/12/02, 09:02:36.489, 4707122454022, vstest.console.dll, TestPluginManager.CreateTestExtension: Attempting to load test extension: Microsoft.TestPlatform.Extensions.BlameDataCollector.BlameLogger
TpTrace Verbose: 0 : 22100, 1, 2023/12/02, 09:02:36.510, 4707122658069, vstest.console.dll, TestEngine: Initializing Parallel Execution as MaxCpuCount is set to: 1
TpTrace Information: 0 : 22100, 1, 2023/12/02, 09:02:36.512, 4707122678611, vstest.console.dll, TestPluginManager.CreateTestExtension: Attempting to load test extension: Microsoft.VisualStudio.TestPlatform.CrossPlatEngine.Hosting.DefaultTestHostManager
TpTrace Information: 0 : 22100, 1, 2023/12/02, 09:02:36.513, 4707122692297, vstest.console.dll, TestPluginManager.CreateTestExtension: Attempting to load test extension: Microsoft.VisualStudio.TestPlatform.CrossPlatEngine.Hosting.DotnetTestHostManager
TpTrace Information: 0 : 22100, 1, 2023/12/02, 09:02:36.515, 4707122705273, vstest.console.dll, InferRunSettingsHelper.IsTestSettingsEnabled: Unable to navigate to RunSettings/MSTest. Current node: RunSettings
TpTrace Verbose: 0 : 22100, 1, 2023/12/02, 09:02:36.516, 4707122719630, vstest.console.dll, ParallelOperationManager.ClearSlots: Clearing all slots. Slots should accept more work: True
TpTrace Verbose: 0 : 22100, 1, 2023/12/02, 09:02:36.531, 4707122867744, vstest.console.dll, ParallelOperationManager.SetOccupiedSlotCount: Setting slot counts AvailableSlotCount = 1, OccupiedSlotCount = 0.
TpTrace Verbose: 0 : 22100, 1, 2023/12/02, 09:02:36.532, 4707122874266, vstest.console.dll, Occupied slots:

TpTrace Verbose: 0 : 22100, 1, 2023/12/02, 09:02:36.544, 4707123003264, vstest.console.dll, TestEngine.GetExecutionManager: Chosen execution manager 'Microsoft.VisualStudio.TestPlatform.CrossPlatEngine.Client.Parallel.ParallelProxyExecutionManager, Microsoft.TestPlatform.CrossPlatEngine, Version=15.0.0.0, Culture=neutral, PublicKeyToken=b03f5f7f11d50a3a' ParallelLevel '1'.
TpTrace Verbose: 0 : 22100, 1, 2023/12/02, 09:02:36.545, 4707123006375, vstest.console.dll, TestRunRequest.ExecuteAsync: Creating test run request.
TpTrace Verbose: 0 : 22100, 1, 2023/12/02, 09:02:36.546, 4707123019663, vstest.console.dll, TestRunRequest.ExecuteAsync: Starting.
TpTrace Information: 0 : 22100, 1, 2023/12/02, 09:02:36.548, 4707123038196, vstest.console.dll, TestRunRequest.ExecuteAsync: Starting run with settings:TestRunCriteria:
   KeepAlive=False,FrequencyOfRunStatsChangeEvent=10,RunStatsChangeEventTimeout=00:00:01.5000000,TestCaseFilter=,TestExecutorLauncher=
   Settingsxml=<RunSettings>
  <RunConfiguration>
    <ResultsDirectory>C:\Users\Walterli\Documents\Projetos\Agenda-netcore\TaskManagement.Tests\bin\Debug\net7.0\fine-code-coverage\coverage-tool-output</ResultsDirectory>
    <TargetPlatform>X64</TargetPlatform>
    <TargetFrameworkVersion>.NETCoreApp,Version=v7.0</TargetFrameworkVersion>
    <DesignMode>False</DesignMode>
    <CollectSourceInformation>False</CollectSourceInformation>
  </RunConfiguration>
  <LoggerRunSettings>
    <Loggers>
      <Logger friendlyName="blame" enabled="True" />
      <Logger friendlyName="Console" uri="logger://microsoft/TestPlatform/ConsoleLogger/v1" assemblyQualifiedName="Microsoft.VisualStudio.TestPlatform.CommandLine.Internal.ConsoleLogger, vstest.console, Version=15.0.0.0, Culture=neutral, PublicKeyToken=b03f5f7f11d50a3a" codeBase="C:\Program Files\dotnet\sdk\8.0.100\vstest.console.dll" enabled="True" />
    </Loggers>
  </LoggerRunSettings>
  <DataCollectionRunSettings>
    <DataCollectors>
      <DataCollector friendlyName="blame" enabled="True">
        <Configuration>
          <ResultsDirectory>C:\Users\Walterli\Documents\Projetos\Agenda-netcore\TaskManagement.Tests\bin\Debug\net7.0\fine-code-coverage\coverage-tool-output</ResultsDirectory>
        </Configuration>
      </DataCollector>
    </DataCollectors>
  </DataCollectionRunSettings>
</RunSettings>

TpTrace Verbose: 0 : 22100, 1, 2023/12/02, 09:02:36.548, 4707123039367, vstest.console.dll, TestRunRequest.ExecuteAsync: Wait for the first run request is over.
TpTrace Verbose: 0 : 22100, 1, 2023/12/02, 09:02:36.548, 4707123044116, vstest.console.dll, MulticastDelegateUtilities.SafeInvoke: TestRun.TestRunStart: Invoking callbacks was skipped because there are no subscribers.
TpTrace Verbose: 0 : 22100, 4, 2023/12/02, 09:02:36.549, 4707123046968, vstest.console.dll, MulticastDelegateUtilities.SafeInvoke: InternalTestLoggerEvents.SendTestRunStart: Invoking callback 1/1 for Microsoft.VisualStudio.TestPlatform.CommandLine.Internal.ConsoleLogger., took 0 ms.
TpTrace Verbose: 0 : 22100, 1, 2023/12/02, 09:02:36.550, 4707123058723, vstest.console.dll, ParallelProxyExecutionManager: Start execution. Total sources: 1
TpTrace Verbose: 0 : 22100, 1, 2023/12/02, 09:02:36.550, 4707123063838, vstest.console.dll, ParallelOperationManager.StartWork: Starting adding 1 workloads.
TpTrace Verbose: 0 : 22100, 1, 2023/12/02, 09:02:36.551, 4707123064878, vstest.console.dll, ParallelOperationManager.ClearSlots: Clearing all slots. Slots should accept more work: True
TpTrace Verbose: 0 : 22100, 1, 2023/12/02, 09:02:36.551, 4707123065888, vstest.console.dll, ParallelOperationManager.SetOccupiedSlotCount: Setting slot counts AvailableSlotCount = 1, OccupiedSlotCount = 0.
TpTrace Verbose: 0 : 22100, 1, 2023/12/02, 09:02:36.551, 4707123066402, vstest.console.dll, Occupied slots:

TpTrace Verbose: 0 : 22100, 1, 2023/12/02, 09:02:36.553, 4707123085528, vstest.console.dll, TestRequestSender is acting as server.
TpTrace Verbose: 0 : 22100, 1, 2023/12/02, 09:02:36.572, 4707123280374, vstest.console.dll, ParallelOperationManager.RunWorkInParallel: Adding 1 workload to slot, remaining workloads 0.
TpTrace Verbose: 0 : 22100, 1, 2023/12/02, 09:02:36.573, 4707123284761, vstest.console.dll, ParallelOperationManager.SetOccupiedSlotCount: Setting slot counts AvailableSlotCount = 0, OccupiedSlotCount = 1.
TpTrace Verbose: 0 : 22100, 1, 2023/12/02, 09:02:36.573, 4707123287694, vstest.console.dll, Occupied slots:
0: C:\Users\Walterli\Documents\Projetos\Agenda-netcore\TaskManagement.Tests\bin\Debug\net7.0\fine-code-coverage\build-output\TaskManagement.Tests.dll
TpTrace Verbose: 0 : 22100, 1, 2023/12/02, 09:02:36.575, 4707123309455, vstest.console.dll, ParallelOperationManager.RunWorkInParallel: Started host in slot number 0 for work (source): C:\Users\Walterli\Documents\Projetos\Agenda-netcore\TaskManagement.Tests\bin\Debug\net7.0\fine-code-coverage\build-output\TaskManagement.Tests.dll.
TpTrace Verbose: 0 : 22100, 1, 2023/12/02, 09:02:36.579, 4707123345299, vstest.console.dll, ParallelOperationManager.RunWorkInParallel: We started 1 work items, which is the max parallel level. Won't start more work.
TpTrace Verbose: 0 : 22100, 1, 2023/12/02, 09:02:36.579, 4707123349085, vstest.console.dll, ParallelOperationManager.RunWorkInParallel: We started 1 work items in here, returning True.
TpTrace Verbose: 0 : 22100, 5, 2023/12/02, 09:02:36.579, 4707123349596, vstest.console.dll, ParallelProxyExecutionManager.StartTestRunOnConcurrentManager: Initializing uninitialized client. Started clients: 0
TpTrace Information: 0 : 22100, 1, 2023/12/02, 09:02:36.579, 4707123350437, vstest.console.dll, TestRunRequest.ExecuteAsync: Started.
TpTrace Verbose: 0 : 22100, 5, 2023/12/02, 09:02:36.579, 4707123353340, vstest.console.dll, DataCollectionRequestSender.InitializeCommunication : Initialize communication. 
TpTrace Verbose: 0 : 22100, 1, 2023/12/02, 09:02:36.580, 4707123363436, vstest.console.dll, TestRunRequest.WaitForCompletion: Waiting with timeout -1.
TpTrace Information: 0 : 22100, 5, 2023/12/02, 09:02:36.594, 4707123498638, vstest.console.dll, Listening on Endpoint : 127.0.0.1:64977
TpTrace Verbose: 0 : 22100, 5, 2023/12/02, 09:02:36.603, 4707123593704, vstest.console.dll, DotnetDataCollectionLauncher: Adding  --runtimeconfig "C:\Program Files\dotnet\sdk\8.0.100\datacollector.runtimeconfig.json" in args
TpTrace Verbose: 0 : 22100, 5, 2023/12/02, 09:02:36.604, 4707123595676, vstest.console.dll, DotnetDataCollectionLauncher: Adding  --depsfile "C:\Program Files\dotnet\sdk\8.0.100\datacollector.deps.json" in args
TpTrace Verbose: 0 : 22100, 5, 2023/12/02, 09:02:36.604, 4707123598598, vstest.console.dll, DotnetDataCollectionLauncher: Full path of dotnet.exe is C:\Program Files\dotnet\dotnet.exe
TpTrace Information: 0 : 22100, 5, 2023/12/02, 09:02:36.620, 4707123760729, vstest.console.dll, ProxyDataCollectionManager.Initialize: Launched datacollector processId: 11964 port: 64977
TpTrace Information: 0 : 22100, 5, 2023/12/02, 09:02:36.620, 4707123763560, vstest.console.dll, ProxyDataCollectionManager.Initialize: waiting for connection with timeout: 90 seconds
TpTrace Verbose: 0 : 22100, 5, 2023/12/02, 09:02:36.621, 4707123764808, vstest.console.dll, DataCollectionRequestSender.WaitForRequestHandlerConnection : Waiting for connection with timeout: 90000
TpTrace Verbose: 0 : 22100, 5, 2023/12/02, 09:02:36.922, 4707126783279, vstest.console.dll, SocketCommunicationManager.WaitForClientConnection took: 301 ms, with 90000 ms timeout, and finished with True.
TpTrace Verbose: 0 : 22100, 5, 2023/12/02, 09:02:36.923, 4707126786612, vstest.console.dll, ProxyDataCollectionManager.InvokeDataCollectionServiceAction: Starting.
TpTrace Information: 0 : 22100, 5, 2023/12/02, 09:02:36.923, 4707126788299, vstest.console.dll, ProxyDataCollectionManager.BeforeTestRunStart: Get environment variable and port for datacollector processId: 11964 port: 64977
TpTrace Information: 0 : 22100, 7, 2023/12/02, 09:02:36.923, 4707126789152, vstest.console.dll, Using the buffer size of 16384 bytes
TpTrace Information: 0 : 22100, 7, 2023/12/02, 09:02:36.923, 4707126790474, vstest.console.dll, Accepted Client request and set the flag
TpTrace Verbose: 0 : 22100, 5, 2023/12/02, 09:02:36.923, 4707126790969, vstest.console.dll, DataCollectionRequestSender.SendBeforeTestRunStartAndGetResult: Send BeforeTestRunStart message with settingsXml <RunSettings><RunConfiguration><ResultsDirectory>C:\Users\Walterli\Documents\Projetos\Agenda-netcore\TaskManagement.Tests\bin\Debug\net7.0\fine-code-coverage\coverage-tool-output</ResultsDirectory><TargetPlatform>X64</TargetPlatform><TargetFrameworkVersion>.NETCoreApp,Version=v7.0</TargetFrameworkVersion><DesignMode>False</DesignMode><CollectSourceInformation>False</CollectSourceInformation><TestAdaptersPaths>C:\Program Files\dotnet\sdk\8.0.100\Extensions</TestAdaptersPaths></RunConfiguration><LoggerRunSettings><Loggers><Logger friendlyName="blame" enabled="True" /><Logger friendlyName="Console" uri="logger://microsoft/TestPlatform/ConsoleLogger/v1" assemblyQualifiedName="Microsoft.VisualStudio.TestPlatform.CommandLine.Internal.ConsoleLogger, vstest.console, Version=15.0.0.0, Culture=neutral, PublicKeyToken=b03f5f7f11d50a3a" codeBase="C:\Program Files\dotnet\sdk\8.0.100\vstest.console.dll" enabled="True" /></Loggers></LoggerRunSettings><DataCollectionRunSettings><DataCollectors><DataCollector friendlyName="blame" enabled="True"><Configuration><ResultsDirectory>C:\Users\Walterli\Documents\Projetos\Agenda-netcore\TaskManagement.Tests\bin\Debug\net7.0\fine-code-coverage\coverage-tool-output</ResultsDirectory></Configuration></DataCollector></DataCollectors></DataCollectionRunSettings></RunSettings> and sources System.Collections.Generic.List`1[System.String]: 
TpTrace Verbose: 0 : 22100, 5, 2023/12/02, 09:02:37.102, 4707128579432, vstest.console.dll, DataCollectionRequestSender.SendBeforeTestRunStartAndGetResult: Received message: (DataCollection.SendMessage) -> {"MessageType":"DataCollection.SendMessage","Payload":{"FriendlyName":null,"Uri":null,"TestCaseId":"00000000-0000-0000-0000-000000000000","Message":"Logging DataCollector Diagnostics in file: C:\\Users\\Walterli\\Documents\\Projetos\\Agenda-netcore\\TaskManagement.Tests\\bin\\Debug\\net7.0\\fine-code-coverage\\coverage-tool-output\\diagnostics.datacollector.23-12-02_09-02-36_60363_5.log","Level":0}}
TpTrace Verbose: 0 : 22100, 5, 2023/12/02, 09:02:37.343, 4707130993069, vstest.console.dll, DataCollectionRequestSender.SendBeforeTestRunStartAndGetResult: Received message: (DataCollection.BeforeTestRunStartResult) -> {"MessageType":"DataCollection.BeforeTestRunStartResult","Payload":{"EnvironmentVariables":{},"DataCollectionEventsPort":64979}}
TpTrace Information: 0 : 22100, 5, 2023/12/02, 09:02:37.353, 4707131093502, vstest.console.dll, ProxyDataCollectionManager.BeforeTestRunStart: SendBeforeTestRunStartAndGetResult successful, env variable from datacollector:   and testhost port: 64979
TpTrace Information: 0 : 22100, 5, 2023/12/02, 09:02:37.354, 4707131095832, vstest.console.dll, ProxyDataCollectionManager.InvokeDataCollectionServiceAction: Completed.
TpTrace Verbose: 0 : 22100, 5, 2023/12/02, 09:02:37.354, 4707131097088, vstest.console.dll, ParallelProxyExecutionManager.StartTestRunOnConcurrentManager: Initializing test run. Started clients: 0
TpTrace Verbose: 0 : 22100, 5, 2023/12/02, 09:02:37.354, 4707131099140, vstest.console.dll, ProxyExecutionManager: Test host is always Lazy initialize.
TpTrace Verbose: 0 : 22100, 5, 2023/12/02, 09:02:37.354, 4707131103746, vstest.console.dll, TestRequestSender.InitializeCommunication: initialize communication. 
TpTrace Information: 0 : 22100, 5, 2023/12/02, 09:02:37.356, 4707131115456, vstest.console.dll, SocketServer.Start: Listening on endpoint : 127.0.0.1:64980
TpTrace Verbose: 0 : 22100, 5, 2023/12/02, 09:02:37.359, 4707131150064, vstest.console.dll, DotnetTestHostmanager.GetTestHostProcessStartInfo: Platform environment 'X64' target architecture 'X64' framework '.NETCoreApp,Version=v7.0' OS 'Windows'
TpTrace Verbose: 0 : 22100, 5, 2023/12/02, 09:02:37.360, 4707131159895, vstest.console.dll, DotnetTestHostmanager: Adding  --runtimeconfig "C:\Users\Walterli\Documents\Projetos\Agenda-netcore\TaskManagement.Tests\bin\Debug\net7.0\fine-code-coverage\build-output\TaskManagement.Tests.runtimeconfig.json" in args
TpTrace Verbose: 0 : 22100, 5, 2023/12/02, 09:02:37.360, 4707131162624, vstest.console.dll, DotnetTestHostmanager: Adding  --depsfile "C:\Users\Walterli\Documents\Projetos\Agenda-netcore\TaskManagement.Tests\bin\Debug\net7.0\fine-code-coverage\build-output\TaskManagement.Tests.deps.json" in args
TpTrace Verbose: 0 : 22100, 5, 2023/12/02, 09:02:37.361, 4707131166300, vstest.console.dll, DotnetTestHostmanager.IsWinOnArm: Current PROCESSOR_ARCHITECTURE from environment variable 'AMD64'
TpTrace Verbose: 0 : 22100, 5, 2023/12/02, 09:02:37.361, 4707131167719, vstest.console.dll, DotnetTestHostmanager.IsWinOnArm: Is Windows on ARM 'False'
TpTrace Verbose: 0 : 22100, 5, 2023/12/02, 09:02:37.361, 4707131169737, vstest.console.dll, DotnetTestHostManager: testhost.exe found at path: C:\Users\Walterli\Documents\Projetos\Agenda-netcore\TaskManagement.Tests\bin\Debug\net7.0\fine-code-coverage\build-output\testhost.exe
TpTrace Verbose: 0 : 22100, 5, 2023/12/02, 09:02:37.361, 4707131170793, vstest.console.dll, DotnetTestHostmanager: Full path of host exe is C:\Users\Walterli\Documents\Projetos\Agenda-netcore\TaskManagement.Tests\bin\Debug\net7.0\fine-code-coverage\build-output\testhost.exe
TpTrace Verbose: 0 : 22100, 5, 2023/12/02, 09:02:37.361, 4707131173860, vstest.console.dll, DotnetTestHostmanager.LaunchTestHostAsync: Found 'VSTEST_WINAPPHOST_DOTNET_ROOT' in env variables, value 'C:\Program Files\dotnet', forwarding to 'DOTNET_ROOT'
TpTrace Verbose: 0 : 22100, 5, 2023/12/02, 09:02:37.362, 4707131177686, vstest.console.dll, DotnetTestHostManager: Starting process 'C:\Users\Walterli\Documents\Projetos\Agenda-netcore\TaskManagement.Tests\bin\Debug\net7.0\fine-code-coverage\build-output\testhost.exe' with command line ' --runtimeconfig "C:\Users\Walterli\Documents\Projetos\Agenda-netcore\TaskManagement.Tests\bin\Debug\net7.0\fine-code-coverage\build-output\TaskManagement.Tests.runtimeconfig.json" --depsfile "C:\Users\Walterli\Documents\Projetos\Agenda-netcore\TaskManagement.Tests\bin\Debug\net7.0\fine-code-coverage\build-output\TaskManagement.Tests.deps.json" --port 64980 --endpoint 127.0.0.1:064980 --role client --parentprocessid 22100 --diag "C:\Users\Walterli\Documents\Projetos\Agenda-netcore\TaskManagement.Tests\bin\Debug\net7.0\fine-code-coverage\coverage-tool-output\diagnostics.host.23-12-02_09-02-37_35755_5.log" --tracelevel 4 --datacollectionport 64979 --telemetryoptedin false'
TpTrace Verbose: 0 : 22100, 5, 2023/12/02, 09:02:37.383, 4707131387988, vstest.console.dll, MulticastDelegateUtilities.SafeInvoke: HostProviderEvents.OnHostLaunched: Invoking callback 1/2 for Microsoft.VisualStudio.TestPlatform.CrossPlatEngine.Client.ProxyExecutionManagerWithDataCollection., took 1 ms.
TpTrace Verbose: 0 : 22100, 5, 2023/12/02, 09:02:37.384, 4707131402243, vstest.console.dll, Test Runtime launched
TpTrace Verbose: 0 : 22100, 5, 2023/12/02, 09:02:37.385, 4707131405500, vstest.console.dll, MulticastDelegateUtilities.SafeInvoke: HostProviderEvents.OnHostLaunched: Invoking callback 2/2 for Microsoft.VisualStudio.TestPlatform.CrossPlatEngine.Client.ProxyOperationManager., took 1 ms.
TpTrace Verbose: 0 : 22100, 5, 2023/12/02, 09:02:37.385, 4707131408465, vstest.console.dll, TestRequestSender.WaitForRequestHandlerConnection: waiting for connection with timeout: 90000.
TpTrace Verbose: 0 : 22100, 5, 2023/12/02, 09:02:37.877, 4707136329674, vstest.console.dll, TestRequestSender.WaitForRequestHandlerConnection: waiting took 492 ms, with timeout 90000 ms, and result 0, which is success.
TpTrace Verbose: 0 : 22100, 11, 2023/12/02, 09:02:37.877, 4707136329659, vstest.console.dll, MulticastDelegateUtilities.SafeInvoke: SocketServer: ClientConnected: Invoking callback 1/1 for Microsoft.VisualStudio.TestPlatform.CommunicationUtilities.TestRequestSender., took 0 ms.
TpTrace Verbose: 0 : 22100, 11, 2023/12/02, 09:02:37.878, 4707136334781, vstest.console.dll, SocketServer.OnClientConnected: Client connected for endPoint: 127.0.0.1:64980, starting MessageLoopAsync:
TpTrace Verbose: 0 : 22100, 11, 2023/12/02, 09:02:37.879, 4707136347723, vstest.console.dll, TcpClientExtensions.MessageLoopAsync: Polling on remoteEndPoint: 127.0.0.1:64981 localEndPoint: 127.0.0.1:64980
TpTrace Verbose: 0 : 22100, 5, 2023/12/02, 09:02:37.880, 4707136355982, vstest.console.dll, TestRequestSender.CheckVersionWithTestHost: Sending check version message: {"MessageType":"ProtocolVersion","Payload":7}
TpTrace Verbose: 0 : 22100, 11, 2023/12/02, 09:02:38.153, 4707139085692, vstest.console.dll, TcpClientExtensions.MessageLoopAsync: NotifyDataAvailable remoteEndPoint: 127.0.0.1:64981 localEndPoint: 127.0.0.1:64980
TpTrace Verbose: 0 : 22100, 11, 2023/12/02, 09:02:38.153, 4707139090656, vstest.console.dll, TestRequestSender.CheckVersionWithTestHost: onMessageReceived received message: (ProtocolVersion) -> {"MessageType":"ProtocolVersion","Payload":7}
TpTrace Verbose: 0 : 22100, 11, 2023/12/02, 09:02:38.155, 4707139107714, vstest.console.dll, MulticastDelegateUtilities.SafeInvoke: LengthPrefixCommunicationChannel: MessageReceived: Invoking callback 1/1 for Microsoft.VisualStudio.TestPlatform.CommunicationUtilities.TestRequestSender+<>c__DisplayClass29_0., took 1 ms.
TpTrace Verbose: 0 : 22100, 5, 2023/12/02, 09:02:38.155, 4707139109003, vstest.console.dll, TestPluginCache.GetExtensionPaths: Filtered extension paths: 
TpTrace Verbose: 0 : 22100, 11, 2023/12/02, 09:02:38.155, 4707139112226, vstest.console.dll, TcpClientExtensions.MessageLoopAsync: Polling on remoteEndPoint: 127.0.0.1:64981 localEndPoint: 127.0.0.1:64980
TpTrace Verbose: 0 : 22100, 5, 2023/12/02, 09:02:38.155, 4707139113455, vstest.console.dll, TestPluginCache.GetExtensionPaths: Added default extension paths: C:\Program Files\dotnet\sdk\8.0.100\Extensions\Microsoft.Diagnostics.NETCore.Client.dll
C:\Program Files\dotnet\sdk\8.0.100\Extensions\Microsoft.TestPlatform.Extensions.BlameDataCollector.dll
C:\Program Files\dotnet\sdk\8.0.100\Extensions\Microsoft.TestPlatform.Extensions.EventLogCollector.dll
C:\Program Files\dotnet\sdk\8.0.100\Extensions\Microsoft.TestPlatform.TestHostRuntimeProvider.dll
C:\Program Files\dotnet\sdk\8.0.100\Extensions\Microsoft.VisualStudio.TestPlatform.Extensions.Html.TestLogger.dll
C:\Program Files\dotnet\sdk\8.0.100\Extensions\Microsoft.VisualStudio.TestPlatform.Extensions.Trx.TestLogger.dll
TpTrace Verbose: 0 : 22100, 5, 2023/12/02, 09:02:38.156, 4707139119459, vstest.console.dll, TestPluginCache.GetExtensionPaths: Added unfilterableExtensionPaths: 
TpTrace Verbose: 0 : 22100, 5, 2023/12/02, 09:02:38.164, 4707139195698, vstest.console.dll, TestRequestSender.InitializeExecution: Sending initialize execution with message: {"Version":7,"MessageType":"TestExecution.Initialize","Payload":["C:\\Users\\Walterli\\Documents\\Projetos\\Agenda-netcore\\TaskManagement.Tests\\bin\\Debug\\net7.0\\fine-code-coverage\\build-output\\xunit.runner.visualstudio.dotnetcore.testadapter.dll"]}
TpTrace Verbose: 0 : 22100, 5, 2023/12/02, 09:02:38.164, 4707139198405, vstest.console.dll, ParallelProxyExecutionManager.StartTestRunOnConcurrentManager: Execution starting. Started clients: 1
TpTrace Verbose: 0 : 22100, 5, 2023/12/02, 09:02:38.164, 4707139202563, vstest.console.dll, TestRunRequest:SendTestRunMessage: Starting.
TpTrace Verbose: 0 : 22100, 5, 2023/12/02, 09:02:38.165, 4707139204494, vstest.console.dll, MulticastDelegateUtilities.SafeInvoke: TestRun.LogMessages: Invoking callback 1/1 for Microsoft.VisualStudio.TestPlatform.CommandLine.TestRunResultAggregator., took 0 ms.
TpTrace Information: 0 : 22100, 5, 2023/12/02, 09:02:38.165, 4707139205104, vstest.console.dll, TestRunRequest:SendTestRunMessage: Completed.
TpTrace Verbose: 0 : 22100, 4, 2023/12/02, 09:02:38.165, 4707139207268, vstest.console.dll, MulticastDelegateUtilities.SafeInvoke: InternalTestLoggerEvents.SendTestRunMessage: Invoking callback 1/1 for Microsoft.VisualStudio.TestPlatform.CommandLine.Internal.ConsoleLogger., took 0 ms.
TpTrace Warning: 0 : 22100, 5, 2023/12/02, 09:02:38.165, 4707139210064, vstest.console.dll, InferRunSettingsHelper.MakeRunsettingsCompatible: Removing the following settings: TargetPlatform from RunSettings file. To use those settings please move to latest version of Microsoft.NET.Test.Sdk
TpTrace Verbose: 0 : 22100, 11, 2023/12/02, 09:02:38.167, 4707139232456, vstest.console.dll, TcpClientExtensions.MessageLoopAsync: NotifyDataAvailable remoteEndPoint: 127.0.0.1:64981 localEndPoint: 127.0.0.1:64980
TpTrace Verbose: 0 : 22100, 11, 2023/12/02, 09:02:38.168, 4707139240450, vstest.console.dll, TestRequestSender.OnExecutionMessageReceived: Received message: {"Version":7,"MessageType":"TestSession.Message","Payload":{"MessageLevel":0,"Message":"Registro em log do diagnstico TestHost no arquivo: C:\\Users\\Walterli\\Documents\\Projetos\\Agenda-netcore\\TaskManagement.Tests\\bin\\Debug\\net7.0\\fine-code-coverage\\coverage-tool-output\\diagnostics.host.23-12-02_09-02-37_35755_5.log"}}
TpTrace Verbose: 0 : 22100, 11, 2023/12/02, 09:02:38.176, 4707139317597, vstest.console.dll, TestRunRequest:SendTestRunMessage: Starting.
TpTrace Verbose: 0 : 22100, 11, 2023/12/02, 09:02:38.176, 4707139323409, vstest.console.dll, MulticastDelegateUtilities.SafeInvoke: TestRun.LogMessages: Invoking callback 1/1 for Microsoft.VisualStudio.TestPlatform.CommandLine.TestRunResultAggregator., took 0 ms.
TpTrace Information: 0 : 22100, 11, 2023/12/02, 09:02:38.177, 4707139324557, vstest.console.dll, TestRunRequest:SendTestRunMessage: Completed.
TpTrace Verbose: 0 : 22100, 4, 2023/12/02, 09:02:38.177, 4707139325262, vstest.console.dll, MulticastDelegateUtilities.SafeInvoke: InternalTestLoggerEvents.SendTestRunMessage: Invoking callback 1/1 for Microsoft.VisualStudio.TestPlatform.CommandLine.Internal.ConsoleLogger., took 0 ms.
TpTrace Verbose: 0 : 22100, 11, 2023/12/02, 09:02:38.177, 4707139325431, vstest.console.dll, MulticastDelegateUtilities.SafeInvoke: LengthPrefixCommunicationChannel: MessageReceived: Invoking callback 1/1 for Microsoft.VisualStudio.TestPlatform.CommunicationUtilities.TestRequestSender+<>c__DisplayClass34_0., took 8 ms.
TpTrace Verbose: 0 : 22100, 11, 2023/12/02, 09:02:38.177, 4707139327800, vstest.console.dll, TcpClientExtensions.MessageLoopAsync: Polling on remoteEndPoint: 127.0.0.1:64981 localEndPoint: 127.0.0.1:64980
TpTrace Verbose: 0 : 22100, 5, 2023/12/02, 09:02:38.188, 4707139439926, vstest.console.dll, TestRequestSender.StartTestRun: Sending test run with message: {"Version":7,"MessageType":"TestExecution.StartWithSources","Payload":{"AdapterSourceMap":{"_none_":["C:\\Users\\Walterli\\Documents\\Projetos\\Agenda-netcore\\TaskManagement.Tests\\bin\\Debug\\net7.0\\fine-code-coverage\\build-output\\TaskManagement.Tests.dll"]},"RunSettings":"<RunSettings>\r\n  <RunConfiguration>\r\n    <ResultsDirectory>C:\\Users\\Walterli\\Documents\\Projetos\\Agenda-netcore\\TaskManagement.Tests\\bin\\Debug\\net7.0\\fine-code-coverage\\coverage-tool-output</ResultsDirectory>\r\n    <TargetFrameworkVersion>.NETCoreApp,Version=v7.0</TargetFrameworkVersion>\r\n    <DesignMode>False</DesignMode>\r\n    <CollectSourceInformation>False</CollectSourceInformation>\r\n  </RunConfiguration>\r\n  <LoggerRunSettings>\r\n    <Loggers>\r\n      <Logger friendlyName=\"blame\" enabled=\"True\" />\r\n      <Logger friendlyName=\"Console\" uri=\"logger://microsoft/TestPlatform/ConsoleLogger/v1\" assemblyQualifiedName=\"Microsoft.VisualStudio.TestPlatform.CommandLine.Internal.ConsoleLogger, vstest.console, Version=15.0.0.0, Culture=neutral, PublicKeyToken=b03f5f7f11d50a3a\" codeBase=\"C:\\Program Files\\dotnet\\sdk\\8.0.100\\vstest.console.dll\" enabled=\"True\" />\r\n    </Loggers>\r\n  </LoggerRunSettings>\r\n  <DataCollectionRunSettings>\r\n    <DataCollectors>\r\n      <DataCollector friendlyName=\"blame\" enabled=\"True\">\r\n        <Configuration>\r\n          <ResultsDirectory>C:\\Users\\Walterli\\Documents\\Projetos\\Agenda-netcore\\TaskManagement.Tests\\bin\\Debug\\net7.0\\fine-code-coverage\\coverage-tool-output</ResultsDirectory>\r\n        </Configuration>\r\n      </DataCollector>\r\n    </DataCollectors>\r\n  </DataCollectionRunSettings>\r\n</RunSettings>","TestExecutionContext":{"FrequencyOfRunStatsChangeEvent":10,"RunStatsChangeEventTimeout":"00:00:01.5000000","InIsolation":false,"KeepAlive":false,"AreTestCaseLevelEventsRequired":false,"IsDebug":false,"TestCaseFilter":null,"FilterOptions":null},"Package":null}}
TpTrace Verbose: 0 : 22100, 5, 2023/12/02, 09:02:38.189, 4707139444290, vstest.console.dll, ParallelProxyExecutionManager.StartTestRunOnConcurrentManager: Execution started. Started clients: 1
TpTrace Verbose: 0 : 22100, 11, 2023/12/02, 09:02:38.685, 4707144405735, vstest.console.dll, TcpClientExtensions.MessageLoopAsync: NotifyDataAvailable remoteEndPoint: 127.0.0.1:64981 localEndPoint: 127.0.0.1:64980
TpTrace Verbose: 0 : 22100, 11, 2023/12/02, 09:02:38.685, 4707144409085, vstest.console.dll, TestRequestSender.OnExecutionMessageReceived: Received message: {"Version":7,"MessageType":"TestSession.Message","Payload":{"MessageLevel":0,"Message":"[xUnit.net 00:00:00.00] xUnit.net VSTest Adapter v2.5.4.1+b9eacec401 (64-bit .NET 7.0.14)"}}
TpTrace Verbose: 0 : 22100, 11, 2023/12/02, 09:02:38.686, 4707144414796, vstest.console.dll, TestRunRequest:SendTestRunMessage: Starting.
TpTrace Verbose: 0 : 22100, 11, 2023/12/02, 09:02:38.686, 4707144416867, vstest.console.dll, MulticastDelegateUtilities.SafeInvoke: TestRun.LogMessages: Invoking callback 1/1 for Microsoft.VisualStudio.TestPlatform.CommandLine.TestRunResultAggregator., took 0 ms.
TpTrace Verbose: 0 : 22100, 4, 2023/12/02, 09:02:38.686, 4707144417399, vstest.console.dll, MulticastDelegateUtilities.SafeInvoke: InternalTestLoggerEvents.SendTestRunMessage: Invoking callback 1/1 for Microsoft.VisualStudio.TestPlatform.CommandLine.Internal.ConsoleLogger., took 0 ms.
TpTrace Information: 0 : 22100, 11, 2023/12/02, 09:02:38.686, 4707144417524, vstest.console.dll, TestRunRequest:SendTestRunMessage: Completed.
TpTrace Verbose: 0 : 22100, 11, 2023/12/02, 09:02:38.686, 4707144419798, vstest.console.dll, MulticastDelegateUtilities.SafeInvoke: LengthPrefixCommunicationChannel: MessageReceived: Invoking callback 1/1 for Microsoft.VisualStudio.TestPlatform.CommunicationUtilities.TestRequestSender+<>c__DisplayClass34_0., took 1 ms.
TpTrace Verbose: 0 : 22100, 11, 2023/12/02, 09:02:38.686, 4707144420648, vstest.console.dll, TcpClientExtensions.MessageLoopAsync: Polling on remoteEndPoint: 127.0.0.1:64981 localEndPoint: 127.0.0.1:64980
TpTrace Verbose: 0 : 22100, 11, 2023/12/02, 09:02:39.688, 4707154442099, vstest.console.dll, TcpClientExtensions.MessageLoopAsync: Polling on remoteEndPoint: 127.0.0.1:64981 localEndPoint: 127.0.0.1:64980
TpTrace Verbose: 0 : 22100, 11, 2023/12/02, 09:02:40.312, 4707160676025, vstest.console.dll, TcpClientExtensions.MessageLoopAsync: NotifyDataAvailable remoteEndPoint: 127.0.0.1:64981 localEndPoint: 127.0.0.1:64980
TpTrace Verbose: 0 : 22100, 11, 2023/12/02, 09:02:40.312, 4707160678814, vstest.console.dll, TestRequestSender.OnExecutionMessageReceived: Received message: {"Version":7,"MessageType":"TestSession.Message","Payload":{"MessageLevel":0,"Message":"[xUnit.net 00:00:01.63]   Discovering: TaskManagement.Tests"}}
TpTrace Verbose: 0 : 22100, 11, 2023/12/02, 09:02:40.312, 4707160681677, vstest.console.dll, TestRunRequest:SendTestRunMessage: Starting.
TpTrace Verbose: 0 : 22100, 11, 2023/12/02, 09:02:40.312, 4707160683135, vstest.console.dll, MulticastDelegateUtilities.SafeInvoke: TestRun.LogMessages: Invoking callback 1/1 for Microsoft.VisualStudio.TestPlatform.CommandLine.TestRunResultAggregator., took 0 ms.
TpTrace Information: 0 : 22100, 11, 2023/12/02, 09:02:40.312, 4707160683785, vstest.console.dll, TestRunRequest:SendTestRunMessage: Completed.
TpTrace Verbose: 0 : 22100, 11, 2023/12/02, 09:02:40.313, 4707160685286, vstest.console.dll, MulticastDelegateUtilities.SafeInvoke: LengthPrefixCommunicationChannel: MessageReceived: Invoking callback 1/1 for Microsoft.VisualStudio.TestPlatform.CommunicationUtilities.TestRequestSender+<>c__DisplayClass34_0., took 0 ms.
TpTrace Verbose: 0 : 22100, 11, 2023/12/02, 09:02:40.313, 4707160686178, vstest.console.dll, TcpClientExtensions.MessageLoopAsync: Polling on remoteEndPoint: 127.0.0.1:64981 localEndPoint: 127.0.0.1:64980
TpTrace Verbose: 0 : 22100, 4, 2023/12/02, 09:02:40.313, 4707160686466, vstest.console.dll, MulticastDelegateUtilities.SafeInvoke: InternalTestLoggerEvents.SendTestRunMessage: Invoking callback 1/1 for Microsoft.VisualStudio.TestPlatform.CommandLine.Internal.ConsoleLogger., took 0 ms.
TpTrace Verbose: 0 : 22100, 11, 2023/12/02, 09:02:40.415, 4707161709534, vstest.console.dll, TcpClientExtensions.MessageLoopAsync: NotifyDataAvailable remoteEndPoint: 127.0.0.1:64981 localEndPoint: 127.0.0.1:64980
TpTrace Verbose: 0 : 22100, 11, 2023/12/02, 09:02:40.415, 4707161711584, vstest.console.dll, TestRequestSender.OnExecutionMessageReceived: Received message: {"Version":7,"MessageType":"TestSession.Message","Payload":{"MessageLevel":0,"Message":"[xUnit.net 00:00:01.73]   Discovered:  TaskManagement.Tests"}}
TpTrace Verbose: 0 : 22100, 11, 2023/12/02, 09:02:40.415, 4707161713145, vstest.console.dll, TestRunRequest:SendTestRunMessage: Starting.
TpTrace Verbose: 0 : 22100, 11, 2023/12/02, 09:02:40.415, 4707161714051, vstest.console.dll, MulticastDelegateUtilities.SafeInvoke: TestRun.LogMessages: Invoking callback 1/1 for Microsoft.VisualStudio.TestPlatform.CommandLine.TestRunResultAggregator., took 0 ms.
TpTrace Information: 0 : 22100, 11, 2023/12/02, 09:02:40.416, 4707161714685, vstest.console.dll, TestRunRequest:SendTestRunMessage: Completed.
TpTrace Verbose: 0 : 22100, 4, 2023/12/02, 09:02:40.416, 4707161714635, vstest.console.dll, MulticastDelegateUtilities.SafeInvoke: InternalTestLoggerEvents.SendTestRunMessage: Invoking callback 1/1 for Microsoft.VisualStudio.TestPlatform.CommandLine.Internal.ConsoleLogger., took 0 ms.
TpTrace Verbose: 0 : 22100, 11, 2023/12/02, 09:02:40.416, 4707161715240, vstest.console.dll, MulticastDelegateUtilities.SafeInvoke: LengthPrefixCommunicationChannel: MessageReceived: Invoking callback 1/1 for Microsoft.VisualStudio.TestPlatform.CommunicationUtilities.TestRequestSender+<>c__DisplayClass34_0., took 0 ms.
TpTrace Verbose: 0 : 22100, 11, 2023/12/02, 09:02:40.416, 4707161716772, vstest.console.dll, TcpClientExtensions.MessageLoopAsync: Polling on remoteEndPoint: 127.0.0.1:64981 localEndPoint: 127.0.0.1:64980
TpTrace Verbose: 0 : 22100, 11, 2023/12/02, 09:02:40.422, 4707161776097, vstest.console.dll, TcpClientExtensions.MessageLoopAsync: NotifyDataAvailable remoteEndPoint: 127.0.0.1:64981 localEndPoint: 127.0.0.1:64980
TpTrace Verbose: 0 : 22100, 11, 2023/12/02, 09:02:40.422, 4707161782630, vstest.console.dll, TestRequestSender.OnExecutionMessageReceived: Received message: {"Version":7,"MessageType":"TestSession.Message","Payload":{"MessageLevel":0,"Message":"[xUnit.net 00:00:01.74]   Starting:    TaskManagement.Tests"}}
TpTrace Verbose: 0 : 22100, 11, 2023/12/02, 09:02:40.423, 4707161787183, vstest.console.dll, TestRunRequest:SendTestRunMessage: Starting.
TpTrace Verbose: 0 : 22100, 11, 2023/12/02, 09:02:40.423, 4707161789676, vstest.console.dll, MulticastDelegateUtilities.SafeInvoke: TestRun.LogMessages: Invoking callback 1/1 for Microsoft.VisualStudio.TestPlatform.CommandLine.TestRunResultAggregator., took 0 ms.
TpTrace Information: 0 : 22100, 11, 2023/12/02, 09:02:40.423, 4707161791445, vstest.console.dll, TestRunRequest:SendTestRunMessage: Completed.
TpTrace Verbose: 0 : 22100, 11, 2023/12/02, 09:02:40.424, 4707161800087, vstest.console.dll, MulticastDelegateUtilities.SafeInvoke: LengthPrefixCommunicationChannel: MessageReceived: Invoking callback 1/1 for Microsoft.VisualStudio.TestPlatform.CommunicationUtilities.TestRequestSender+<>c__DisplayClass34_0., took 1 ms.
TpTrace Verbose: 0 : 22100, 4, 2023/12/02, 09:02:40.425, 4707161804959, vstest.console.dll, MulticastDelegateUtilities.SafeInvoke: InternalTestLoggerEvents.SendTestRunMessage: Invoking callback 1/1 for Microsoft.VisualStudio.TestPlatform.CommandLine.Internal.ConsoleLogger., took 0 ms.
TpTrace Verbose: 0 : 22100, 11, 2023/12/02, 09:02:40.425, 4707161806018, vstest.console.dll, TcpClientExtensions.MessageLoopAsync: Polling on remoteEndPoint: 127.0.0.1:64981 localEndPoint: 127.0.0.1:64980
TpTrace Verbose: 0 : 22100, 11, 2023/12/02, 09:02:40.568, 4707163237613, vstest.console.dll, TcpClientExtensions.MessageLoopAsync: NotifyDataAvailable remoteEndPoint: 127.0.0.1:64981 localEndPoint: 127.0.0.1:64980
TpTrace Verbose: 0 : 22100, 11, 2023/12/02, 09:02:40.568, 4707163240708, vstest.console.dll, TestRequestSender.OnExecutionMessageReceived: Received message: {"Version":7,"MessageType":"TestExecution.StatsChange","Payload":{"NewTestResults":[],"TestRunStatistics":{"ExecutedTests":0,"Stats":{}},"ActiveTests":[{"Id":"e74bdc2f-935e-ca52-3440-7daf8e9d32d9","FullyQualifiedName":"TaskManagement.Tests.Applications.ReportApplicationTests.GetAmountTasksFinishedPerUserInAMounth_ShouldReturnCorrectResult","DisplayName":"TaskManagement.Tests.Applications.ReportApplicationTests.GetAmountTasksFinishedPerUserInAMounth_ShouldReturnCorrectResult","ExecutorUri":"executor://xunit/VsTestRunner2/netcoreapp","Source":"C:\\Users\\Walterli\\Documents\\Projetos\\Agenda-netcore\\TaskManagement.Tests\\bin\\Debug\\net7.0\\fine-code-coverage\\build-output\\TaskManagement.Tests.dll","CodeFilePath":null,"LineNumber":0,"Properties":[]}]}}
TpTrace Verbose: 0 : 22100, 11, 2023/12/02, 09:02:40.604, 4707163597381, vstest.console.dll, TestRunRequest:SendTestRunStatsChange: Starting.
TpTrace Verbose: 0 : 22100, 11, 2023/12/02, 09:02:40.604, 4707163600865, vstest.console.dll, InProgress is TaskManagement.Tests.Applications.ReportApplicationTests.GetAmountTasksFinishedPerUserInAMounth_ShouldReturnCorrectResult
TpTrace Verbose: 0 : 22100, 11, 2023/12/02, 09:02:40.604, 4707163602749, vstest.console.dll, MulticastDelegateUtilities.SafeInvoke: TestRun.RunStatsChanged: Invoking callbacks was skipped because there are no subscribers.
TpTrace Information: 0 : 22100, 11, 2023/12/02, 09:02:40.604, 4707163603319, vstest.console.dll, TestRunRequest:SendTestRunStatsChange: Completed.
TpTrace Verbose: 0 : 22100, 11, 2023/12/02, 09:02:40.604, 4707163603865, vstest.console.dll, MulticastDelegateUtilities.SafeInvoke: LengthPrefixCommunicationChannel: MessageReceived: Invoking callback 1/1 for Microsoft.VisualStudio.TestPlatform.CommunicationUtilities.TestRequestSender+<>c__DisplayClass34_0., took 36 ms.
TpTrace Verbose: 0 : 22100, 11, 2023/12/02, 09:02:40.605, 4707163604333, vstest.console.dll, TcpClientExtensions.MessageLoopAsync: Polling on remoteEndPoint: 127.0.0.1:64981 localEndPoint: 127.0.0.1:64980
TpTrace Verbose: 0 : 22100, 11, 2023/12/02, 09:02:41.606, 4707173624070, vstest.console.dll, TcpClientExtensions.MessageLoopAsync: Polling on remoteEndPoint: 127.0.0.1:64981 localEndPoint: 127.0.0.1:64980
TpTrace Verbose: 0 : 22100, 11, 2023/12/02, 09:02:41.841, 4707175970437, vstest.console.dll, TcpClientExtensions.MessageLoopAsync: NotifyDataAvailable remoteEndPoint: 127.0.0.1:64981 localEndPoint: 127.0.0.1:64980
TpTrace Verbose: 0 : 22100, 11, 2023/12/02, 09:02:41.842, 4707175975895, vstest.console.dll, TestRequestSender.OnExecutionMessageReceived: Received message: {"Version":7,"MessageType":"TestExecution.StatsChange","Payload":{"NewTestResults":[{"TestCase":{"Id":"90a52537-af7e-b75d-c85c-f587373e4f56","FullyQualifiedName":"TaskManagement.Tests.Controllers.TaskControllerTests.RemoveComment_ValidIds_ReturnsOkResult","DisplayName":"TaskManagement.Tests.Controllers.TaskControllerTests.RemoveComment_ValidIds_ReturnsOkResult","ExecutorUri":"executor://xunit/VsTestRunner2/netcoreapp","Source":"C:\\Users\\Walterli\\Documents\\Projetos\\Agenda-netcore\\TaskManagement.Tests\\bin\\Debug\\net7.0\\fine-code-coverage\\build-output\\TaskManagement.Tests.dll","CodeFilePath":null,"LineNumber":0,"Properties":[]},"Attachments":[],"Outcome":1,"ErrorMessage":null,"ErrorStackTrace":null,"DisplayName":"TaskManagement.Tests.Controllers.TaskControllerTests.RemoveComment_ValidIds_ReturnsOkResult","Messages":[],"ComputerName":"DESKTOP-3ANLQSQ","Duration":"00:00:01.0325352","StartTime":"2023-12-02T12:02:41.5896441+00:00","EndTime":"2023-12-02T12:02:41.5896994+00:00","Properties":[]},{"TestCase":{"Id":"8d8a1fd0-51ec-c58a-4d6b-15146420b81b","FullyQualifiedName":"TaskManagement.Tests.Controllers.ProjectControllerTests.Get_ReturnsBadRequest_WhenResponseIsInvalid","DisplayName":"TaskManagement.Tests.Controllers.ProjectControllerTests.Get_ReturnsBadRequest_WhenResponseIsInvalid","ExecutorUri":"executor://xunit/VsTestRunner2/netcoreapp","Source":"C:\\Users\\Walterli\\Documents\\Projetos\\Agenda-netcore\\TaskManagement.Tests\\bin\\Debug\\net7.0\\fine-code-coverage\\build-output\\TaskManagement.Tests.dll","CodeFilePath":null,"LineNumber":0,"Properties":[]},"Attachments":[],"Outcome":1,"ErrorMessage":null,"ErrorStackTrace":null,"DisplayName":"TaskManagement.Tests.Controllers.ProjectControllerTests.Get_ReturnsBadRequest_WhenResponseIsInvalid","Messages":[],"ComputerName":"DESKTOP-3ANLQSQ","Duration":"00:00:01.0419000","StartTime":"2023-12-02T12:02:41.6657+00:00","EndTime":"2023-12-02T12:02:41.6657003+00:00","Properties":[]},{"TestCase":{"Id":"af7d72dc-3aaa-2152-6ddf-269cda84385a","FullyQualifiedName":"TaskManagement.Tests.Controllers.ProjectControllerTests.Get_ReturnsSuccess_WhenResponseIsValid","DisplayName":"TaskManagement.Tests.Controllers.ProjectControllerTests.Get_ReturnsSuccess_WhenResponseIsValid","ExecutorUri":"executor://xunit/VsTestRunner2/netcoreapp","Source":"C:\\Users\\Walterli\\Documents\\Projetos\\Agenda-netcore\\TaskManagement.Tests\\bin\\Debug\\net7.0\\fine-code-coverage\\build-output\\TaskManagement.Tests.dll","CodeFilePath":null,"LineNumber":0,"Properties":[]},"Attachments":[],"Outcome":1,"ErrorMessage":null,"ErrorStackTrace":null,"DisplayName":"TaskManagement.Tests.Controllers.ProjectControllerTests.Get_ReturnsSuccess_WhenResponseIsValid","Messages":[],"ComputerName":"DESKTOP-3ANLQSQ","Duration":"00:00:00.2082979","StartTime":"2023-12-02T12:02:41.7965827+00:00","EndTime":"2023-12-02T12:02:41.7965831+00:00","Properties":[]},{"TestCase":{"Id":"71710635-77d2-cd46-e18c-c6c7fd499b94","FullyQualifiedName":"TaskManagement.Tests.Controllers.TaskControllerTests.GetComment_ValidId_ReturnsOkResult","DisplayName":"TaskManagement.Tests.Controllers.TaskControllerTests.GetComment_ValidId_ReturnsOkResult","ExecutorUri":"executor://xunit/VsTestRunner2/netcoreapp","Source":"C:\\Users\\Walterli\\Documents\\Projetos\\Agenda-netcore\\TaskManagement.Tests\\bin\\Debug\\net7.0\\fine-code-coverage\\build-output\\TaskManagement.Tests.dll","CodeFilePath":null,"LineNumber":0,"Properties":[]},"Attachments":[],"Outcome":1,"ErrorMessage":null,"ErrorStackTrace":null,"DisplayName":"TaskManagement.Tests.Controllers.TaskControllerTests.GetComment_ValidId_ReturnsOkResult","Messages":[],"ComputerName":"DESKTOP-3ANLQSQ","Duration":"00:00:00.2092076","StartTime":"2023-12-02T12:02:41.803623+00:00","EndTime":"2023-12-02T12:02:41.8036254+00:00","Properties":[]},{"TestCase":{"Id":"de5059ad-82e5-9273-68a7-e2131a6c5a68","FullyQualifiedName":"TaskManagement.Tests.Controllers.TaskControllerTests.PostComment_ValidData_ReturnsOkResult","DisplayName":"TaskManagement.Tests.Controllers.TaskControllerTests.PostComment_ValidData_ReturnsOkResult","ExecutorUri":"executor://xunit/VsTestRunner2/netcoreapp","Source":"C:\\Users\\Walterli\\Documents\\Projetos\\Agenda-netcore\\TaskManagement.Tests\\bin\\Debug\\net7.0\\fine-code-coverage\\build-output\\TaskManagement.Tests.dll","CodeFilePath":null,"LineNumber":0,"Properties":[]},"Attachments":[],"Outcome":1,"ErrorMessage":null,"ErrorStackTrace":null,"DisplayName":"TaskManagement.Tests.Controllers.TaskControllerTests.PostComment_ValidData_ReturnsOkResult","Messages":[],"ComputerName":"DESKTOP-3ANLQSQ","Duration":"00:00:00.0175896","StartTime":"2023-12-02T12:02:41.815148+00:00","EndTime":"2023-12-02T12:02:41.8151483+00:00","Properties":[]}],"TestRunStatistics":{"ExecutedTests":5,"Stats":{"Passed":5}},"ActiveTests":[{"Id":"88a2e505-3718-7cde-922b-948047b6b14e","FullyQualifiedName":"TaskManagement.Tests.Applications.CommentApplicationTests.CreateAsync_ShouldReturnOkResult","DisplayName":"TaskManagement.Tests.Applications.CommentApplicationTests.CreateAsync_ShouldReturnOkResult","ExecutorUri":"executor://xunit/VsTestRunner2/netcoreapp","Source":"C:\\Users\\Walterli\\Documents\\Projetos\\Agenda-netcore\\TaskManagement.Tests\\bin\\Debug\\net7.0\\fine-code-coverage\\build-output\\TaskManagement.Tests.dll","CodeFilePath":null,"LineNumber":0,"Properties":[]},{"Id":"f541be38-3d81-78bd-224f-2569b6e74914","FullyQualifiedName":"TaskManagement.Tests.Applications.TaskApplicationTests.RemoveAsync_ShouldReturnSuccess","DisplayName":"TaskManagement.Tests.Applications.TaskApplicationTests.RemoveAsync_ShouldReturnSuccess","ExecutorUri":"executor://xunit/VsTestRunner2/netcoreapp","Source":"C:\\Users\\Walterli\\Documents\\Projetos\\Agenda-netcore\\TaskManagement.Tests\\bin\\Debug\\net7.0\\fine-code-coverage\\build-output\\TaskManagement.Tests.dll","CodeFilePath":null,"LineNumber":0,"Properties":[]},{"Id":"679b6d6f-2c35-5c04-068f-2c4e1b9c8d10","FullyQualifiedName":"TaskManagement.Tests.Applications.ProjectApplicationTests.CreateAsync_ShouldReturnSuccess","DisplayName":"TaskManagement.Tests.Applications.ProjectApplicationTests.CreateAsync_ShouldReturnSuccess","ExecutorUri":"executor://xunit/VsTestRunner2/netcoreapp","Source":"C:\\Users\\Walterli\\Documents\\Projetos\\Agenda-netcore\\TaskManagement.Tests\\bin\\Debug\\net7.0\\fine-code-coverage\\build-output\\TaskManagement.Tests.dll","CodeFilePath":null,"LineNumber":0,"Properties":[]},{"Id":"668a11be-c93c-3dad-0c1b-29640b1e9503","FullyQualifiedName":"TaskManagement.Tests.Controllers.ProjectControllerTests.Remove_ReturnsBadRequest_WhenResponseIsInvalid","DisplayName":"TaskManagement.Tests.Controllers.ProjectControllerTests.Remove_ReturnsBadRequest_WhenResponseIsInvalid","ExecutorUri":"executor://xunit/VsTestRunner2/netcoreapp","Source":"C:\\Users\\Walterli\\Documents\\Projetos\\Agenda-netcore\\TaskManagement.Tests\\bin\\Debug\\net7.0\\fine-code-coverage\\build-output\\TaskManagement.Tests.dll","CodeFilePath":null,"LineNumber":0,"Properties":[]},{"Id":"aa5da257-9f79-a496-8e0e-b0ae48a67462","FullyQualifiedName":"TaskManagement.Tests.Controllers.TaskControllerTests.Remove_ReturnsSuccess_WhenResponseIsValid","DisplayName":"TaskManagement.Tests.Controllers.TaskControllerTests.Remove_ReturnsSuccess_WhenResponseIsValid","ExecutorUri":"executor://xunit/VsTestRunner2/netcoreapp","Source":"C:\\Users\\Walterli\\Documents\\Projetos\\Agenda-netcore\\TaskManagement.Tests\\bin\\Debug\\net7.0\\fine-code-coverage\\build-output\\TaskManagement.Tests.dll","CodeFilePath":null,"LineNumber":0,"Properties":[]}]}}
TpTrace Verbose: 0 : 22100, 11, 2023/12/02, 09:02:41.864, 4707176195087, vstest.console.dll, TestRunRequest:SendTestRunStatsChange: Starting.
TpTrace Verbose: 0 : 22100, 11, 2023/12/02, 09:02:41.864, 4707176196634, vstest.console.dll, InProgress is TaskManagement.Tests.Applications.CommentApplicationTests.CreateAsync_ShouldReturnOkResult
TpTrace Verbose: 0 : 22100, 11, 2023/12/02, 09:02:41.864, 4707176197238, vstest.console.dll, InProgress is TaskManagement.Tests.Applications.TaskApplicationTests.RemoveAsync_ShouldReturnSuccess
TpTrace Verbose: 0 : 22100, 11, 2023/12/02, 09:02:41.864, 4707176197746, vstest.console.dll, InProgress is TaskManagement.Tests.Applications.ProjectApplicationTests.CreateAsync_ShouldReturnSuccess
TpTrace Verbose: 0 : 22100, 11, 2023/12/02, 09:02:41.864, 4707176198217, vstest.console.dll, InProgress is TaskManagement.Tests.Controllers.ProjectControllerTests.Remove_ReturnsBadRequest_WhenResponseIsInvalid
TpTrace Verbose: 0 : 22100, 11, 2023/12/02, 09:02:41.864, 4707176198818, vstest.console.dll, InProgress is TaskManagement.Tests.Controllers.TaskControllerTests.Remove_ReturnsSuccess_WhenResponseIsValid
TpTrace Verbose: 0 : 22100, 11, 2023/12/02, 09:02:41.865, 4707176207993, vstest.console.dll, MulticastDelegateUtilities.SafeInvoke: TestRun.RunStatsChanged: Invoking callbacks was skipped because there are no subscribers.
TpTrace Information: 0 : 22100, 11, 2023/12/02, 09:02:41.865, 4707176210719, vstest.console.dll, TestRunRequest:SendTestRunStatsChange: Completed.
TpTrace Verbose: 0 : 22100, 11, 2023/12/02, 09:02:41.865, 4707176212331, vstest.console.dll, MulticastDelegateUtilities.SafeInvoke: LengthPrefixCommunicationChannel: MessageReceived: Invoking callback 1/1 for Microsoft.VisualStudio.TestPlatform.CommunicationUtilities.TestRequestSender+<>c__DisplayClass34_0., took 23 ms.
TpTrace Verbose: 0 : 22100, 11, 2023/12/02, 09:02:41.865, 4707176213752, vstest.console.dll, TcpClientExtensions.MessageLoopAsync: Polling on remoteEndPoint: 127.0.0.1:64981 localEndPoint: 127.0.0.1:64980
TpTrace Verbose: 0 : 22100, 4, 2023/12/02, 09:02:41.874, 4707176298138, vstest.console.dll, MulticastDelegateUtilities.SafeInvoke: InternalTestLoggerEvents.SendTestResult: Invoking callback 1/1 for Microsoft.VisualStudio.TestPlatform.CommandLine.Internal.ConsoleLogger., took 9 ms.
TpTrace Verbose: 0 : 22100, 4, 2023/12/02, 09:02:41.875, 4707176307098, vstest.console.dll, MulticastDelegateUtilities.SafeInvoke: InternalTestLoggerEvents.SendTestResult: Invoking callback 1/1 for Microsoft.VisualStudio.TestPlatform.CommandLine.Internal.ConsoleLogger., took 0 ms.
TpTrace Verbose: 0 : 22100, 4, 2023/12/02, 09:02:41.875, 4707176309283, vstest.console.dll, MulticastDelegateUtilities.SafeInvoke: InternalTestLoggerEvents.SendTestResult: Invoking callback 1/1 for Microsoft.VisualStudio.TestPlatform.CommandLine.Internal.ConsoleLogger., took 0 ms.
TpTrace Verbose: 0 : 22100, 4, 2023/12/02, 09:02:41.875, 4707176310260, vstest.console.dll, MulticastDelegateUtilities.SafeInvoke: InternalTestLoggerEvents.SendTestResult: Invoking callback 1/1 for Microsoft.VisualStudio.TestPlatform.CommandLine.Internal.ConsoleLogger., took 0 ms.
TpTrace Verbose: 0 : 22100, 4, 2023/12/02, 09:02:41.875, 4707176311220, vstest.console.dll, MulticastDelegateUtilities.SafeInvoke: InternalTestLoggerEvents.SendTestResult: Invoking callback 1/1 for Microsoft.VisualStudio.TestPlatform.CommandLine.Internal.ConsoleLogger., took 0 ms.
TpTrace Verbose: 0 : 22100, 11, 2023/12/02, 09:02:41.965, 4707177207371, vstest.console.dll, TcpClientExtensions.MessageLoopAsync: NotifyDataAvailable remoteEndPoint: 127.0.0.1:64981 localEndPoint: 127.0.0.1:64980
TpTrace Verbose: 0 : 22100, 11, 2023/12/02, 09:02:41.965, 4707177212634, vstest.console.dll, TestRequestSender.OnExecutionMessageReceived: Received message: {"Version":7,"MessageType":"TestExecution.StatsChange","Payload":{"NewTestResults":[{"TestCase":{"Id":"668a11be-c93c-3dad-0c1b-29640b1e9503","FullyQualifiedName":"TaskManagement.Tests.Controllers.ProjectControllerTests.Remove_ReturnsBadRequest_WhenResponseIsInvalid","DisplayName":"TaskManagement.Tests.Controllers.ProjectControllerTests.Remove_ReturnsBadRequest_WhenResponseIsInvalid","ExecutorUri":"executor://xunit/VsTestRunner2/netcoreapp","Source":"C:\\Users\\Walterli\\Documents\\Projetos\\Agenda-netcore\\TaskManagement.Tests\\bin\\Debug\\net7.0\\fine-code-coverage\\build-output\\TaskManagement.Tests.dll","CodeFilePath":null,"LineNumber":0,"Properties":[]},"Attachments":[],"Outcome":1,"ErrorMessage":null,"ErrorStackTrace":null,"DisplayName":"TaskManagement.Tests.Controllers.ProjectControllerTests.Remove_ReturnsBadRequest_WhenResponseIsInvalid","Messages":[],"ComputerName":"DESKTOP-3ANLQSQ","Duration":"00:00:00.0189186","StartTime":"2023-12-02T12:02:41.8520085+00:00","EndTime":"2023-12-02T12:02:41.8520089+00:00","Properties":[]},{"TestCase":{"Id":"f541be38-3d81-78bd-224f-2569b6e74914","FullyQualifiedName":"TaskManagement.Tests.Applications.TaskApplicationTests.RemoveAsync_ShouldReturnSuccess","DisplayName":"TaskManagement.Tests.Applications.TaskApplicationTests.RemoveAsync_ShouldReturnSuccess","ExecutorUri":"executor://xunit/VsTestRunner2/netcoreapp","Source":"C:\\Users\\Walterli\\Documents\\Projetos\\Agenda-netcore\\TaskManagement.Tests\\bin\\Debug\\net7.0\\fine-code-coverage\\build-output\\TaskManagement.Tests.dll","CodeFilePath":null,"LineNumber":0,"Properties":[]},"Attachments":[],"Outcome":1,"ErrorMessage":null,"ErrorStackTrace":null,"DisplayName":"TaskManagement.Tests.Applications.TaskApplicationTests.RemoveAsync_ShouldReturnSuccess","Messages":[],"ComputerName":"DESKTOP-3ANLQSQ","Duration":"00:00:01.2833731","StartTime":"2023-12-02T12:02:41.8627794+00:00","EndTime":"2023-12-02T12:02:41.8627796+00:00","Properties":[]},{"TestCase":{"Id":"aa5da257-9f79-a496-8e0e-b0ae48a67462","FullyQualifiedName":"TaskManagement.Tests.Controllers.TaskControllerTests.Remove_ReturnsSuccess_WhenResponseIsValid","DisplayName":"TaskManagement.Tests.Controllers.TaskControllerTests.Remove_ReturnsSuccess_WhenResponseIsValid","ExecutorUri":"executor://xunit/VsTestRunner2/netcoreapp","Source":"C:\\Users\\Walterli\\Documents\\Projetos\\Agenda-netcore\\TaskManagement.Tests\\bin\\Debug\\net7.0\\fine-code-coverage\\build-output\\TaskManagement.Tests.dll","CodeFilePath":null,"LineNumber":0,"Properties":[]},"Attachments":[],"Outcome":1,"ErrorMessage":null,"ErrorStackTrace":null,"DisplayName":"TaskManagement.Tests.Controllers.TaskControllerTests.Remove_ReturnsSuccess_WhenResponseIsValid","Messages":[],"ComputerName":"DESKTOP-3ANLQSQ","Duration":"00:00:00.0139333","StartTime":"2023-12-02T12:02:41.8702325+00:00","EndTime":"2023-12-02T12:02:41.8702334+00:00","Properties":[]},{"TestCase":{"Id":"e74bdc2f-935e-ca52-3440-7daf8e9d32d9","FullyQualifiedName":"TaskManagement.Tests.Applications.ReportApplicationTests.GetAmountTasksFinishedPerUserInAMounth_ShouldReturnCorrectResult","DisplayName":"TaskManagement.Tests.Applications.ReportApplicationTests.GetAmountTasksFinishedPerUserInAMounth_ShouldReturnCorrectResult","ExecutorUri":"executor://xunit/VsTestRunner2/netcoreapp","Source":"C:\\Users\\Walterli\\Documents\\Projetos\\Agenda-netcore\\TaskManagement.Tests\\bin\\Debug\\net7.0\\fine-code-coverage\\build-output\\TaskManagement.Tests.dll","CodeFilePath":null,"LineNumber":0,"Properties":[]},"Attachments":[],"Outcome":1,"ErrorMessage":null,"ErrorStackTrace":null,"DisplayName":"TaskManagement.Tests.Applications.ReportApplicationTests.GetAmountTasksFinishedPerUserInAMounth_ShouldReturnCorrectResult","Messages":[],"ComputerName":"DESKTOP-3ANLQSQ","Duration":"00:00:01.2975022","StartTime":"2023-12-02T12:02:41.9008167+00:00","EndTime":"2023-12-02T12:02:41.9008171+00:00","Properties":[]},{"TestCase":{"Id":"89248619-d312-4380-c1ee-278ca108d992","FullyQualifiedName":"TaskManagement.Tests.Controllers.ProjectControllerTests.Create_ReturnsOk_WhenResponseIsValid","DisplayName":"TaskManagement.Tests.Controllers.ProjectControllerTests.Create_ReturnsOk_WhenResponseIsValid","ExecutorUri":"executor://xunit/VsTestRunner2/netcoreapp","Source":"C:\\Users\\Walterli\\Documents\\Projetos\\Agenda-netcore\\TaskManagement.Tests\\bin\\Debug\\net7.0\\fine-code-coverage\\build-output\\TaskManagement.Tests.dll","CodeFilePath":null,"LineNumber":0,"Properties":[]},"Attachments":[],"Outcome":1,"ErrorMessage":null,"ErrorStackTrace":null,"DisplayName":"TaskManagement.Tests.Controllers.ProjectControllerTests.Create_ReturnsOk_WhenResponseIsValid","Messages":[],"ComputerName":"DESKTOP-3ANLQSQ","Duration":"00:00:00.0386852","StartTime":"2023-12-02T12:02:41.9053048+00:00","EndTime":"2023-12-02T12:02:41.905305+00:00","Properties":[]},{"TestCase":{"Id":"afccbcff-b717-7911-fb1a-b4d9c7cbf6d8","FullyQualifiedName":"TaskManagement.Tests.Controllers.TaskControllerTests.Put_ReturnsBadRequest_WhenResponseIsInvalid","DisplayName":"TaskManagement.Tests.Controllers.TaskControllerTests.Put_ReturnsBadRequest_WhenResponseIsInvalid","ExecutorUri":"executor://xunit/VsTestRunner2/netcoreapp","Source":"C:\\Users\\Walterli\\Documents\\Projetos\\Agenda-netcore\\TaskManagement.Tests\\bin\\Debug\\net7.0\\fine-code-coverage\\build-output\\TaskManagement.Tests.dll","CodeFilePath":null,"LineNumber":0,"Properties":[]},"Attachments":[],"Outcome":1,"ErrorMessage":null,"ErrorStackTrace":null,"DisplayName":"TaskManagement.Tests.Controllers.TaskControllerTests.Put_ReturnsBadRequest_WhenResponseIsInvalid","Messages":[],"ComputerName":"DESKTOP-3ANLQSQ","Duration":"00:00:00.0317020","StartTime":"2023-12-02T12:02:41.9121815+00:00","EndTime":"2023-12-02T12:02:41.9121819+00:00","Properties":[]},{"TestCase":{"Id":"88a2e505-3718-7cde-922b-948047b6b14e","FullyQualifiedName":"TaskManagement.Tests.Applications.CommentApplicationTests.CreateAsync_ShouldReturnOkResult","DisplayName":"TaskManagement.Tests.Applications.CommentApplicationTests.CreateAsync_ShouldReturnOkResult","ExecutorUri":"executor://xunit/VsTestRunner2/netcoreapp","Source":"C:\\Users\\Walterli\\Documents\\Projetos\\Agenda-netcore\\TaskManagement.Tests\\bin\\Debug\\net7.0\\fine-code-coverage\\build-output\\TaskManagement.Tests.dll","CodeFilePath":null,"LineNumber":0,"Properties":[]},"Attachments":[],"Outcome":1,"ErrorMessage":null,"ErrorStackTrace":null,"DisplayName":"TaskManagement.Tests.Applications.CommentApplicationTests.CreateAsync_ShouldReturnOkResult","Messages":[],"ComputerName":"DESKTOP-3ANLQSQ","Duration":"00:00:01.3232065","StartTime":"2023-12-02T12:02:41.9288307+00:00","EndTime":"2023-12-02T12:02:41.9288308+00:00","Properties":[]}],"TestRunStatistics":{"ExecutedTests":12,"Stats":{"Passed":12}},"ActiveTests":[{"Id":"ccbdc96d-279c-2005-79e8-1fca94fc7126","FullyQualifiedName":"TaskManagement.Tests.Applications.TaskApplicationTests.CreateAsync_ShouldReturnError_WhenEntityIsNotValid","DisplayName":"TaskManagement.Tests.Applications.TaskApplicationTests.CreateAsync_ShouldReturnError_WhenEntityIsNotValid","ExecutorUri":"executor://xunit/VsTestRunner2/netcoreapp","Source":"C:\\Users\\Walterli\\Documents\\Projetos\\Agenda-netcore\\TaskManagement.Tests\\bin\\Debug\\net7.0\\fine-code-coverage\\build-output\\TaskManagement.Tests.dll","CodeFilePath":null,"LineNumber":0,"Properties":[]},{"Id":"863d9969-1ed2-efc5-b005-35de4cc69aa7","FullyQualifiedName":"TaskManagement.Tests.Controllers.ProjectControllerTests.Create_ReturnsBadRequest_WhenResponseIsInvalid","DisplayName":"TaskManagement.Tests.Controllers.ProjectControllerTests.Create_ReturnsBadRequest_WhenResponseIsInvalid","ExecutorUri":"executor://xunit/VsTestRunner2/netcoreapp","Source":"C:\\Users\\Walterli\\Documents\\Projetos\\Agenda-netcore\\TaskManagement.Tests\\bin\\Debug\\net7.0\\fine-code-coverage\\build-output\\TaskManagement.Tests.dll","CodeFilePath":null,"LineNumber":0,"Properties":[]},{"Id":"395c7593-20ca-83df-59e1-0511b8dfd05e","FullyQualifiedName":"TaskManagement.Tests.Controllers.TaskControllerTests.Remove_ReturnsBadRequest_WhenResponseIsInvalid","DisplayName":"TaskManagement.Tests.Controllers.TaskControllerTests.Remove_ReturnsBadRequest_WhenResponseIsInvalid","ExecutorUri":"executor://xunit/VsTestRunner2/netcoreapp","Source":"C:\\Users\\Walterli\\Documents\\Projetos\\Agenda-netcore\\TaskManagement.Tests\\bin\\Debug\\net7.0\\fine-code-coverage\\build-output\\TaskManagement.Tests.dll","CodeFilePath":null,"LineNumber":0,"Properties":[]}]}}
TpTrace Verbose: 0 : 22100, 11, 2023/12/02, 09:02:41.972, 4707177275053, vstest.console.dll, TestRunRequest:SendTestRunStatsChange: Starting.
TpTrace Verbose: 0 : 22100, 11, 2023/12/02, 09:02:41.972, 4707177276549, vstest.console.dll, InProgress is TaskManagement.Tests.Applications.TaskApplicationTests.CreateAsync_ShouldReturnError_WhenEntityIsNotValid
TpTrace Verbose: 0 : 22100, 11, 2023/12/02, 09:02:41.972, 4707177277113, vstest.console.dll, InProgress is TaskManagement.Tests.Controllers.ProjectControllerTests.Create_ReturnsBadRequest_WhenResponseIsInvalid
TpTrace Verbose: 0 : 22100, 11, 2023/12/02, 09:02:41.972, 4707177277588, vstest.console.dll, InProgress is TaskManagement.Tests.Controllers.TaskControllerTests.Remove_ReturnsBadRequest_WhenResponseIsInvalid
TpTrace Verbose: 0 : 22100, 11, 2023/12/02, 09:02:41.972, 4707177278629, vstest.console.dll, MulticastDelegateUtilities.SafeInvoke: TestRun.RunStatsChanged: Invoking callbacks was skipped because there are no subscribers.
TpTrace Information: 0 : 22100, 11, 2023/12/02, 09:02:41.972, 4707177279452, vstest.console.dll, TestRunRequest:SendTestRunStatsChange: Completed.
TpTrace Verbose: 0 : 22100, 11, 2023/12/02, 09:02:41.972, 4707177280030, vstest.console.dll, MulticastDelegateUtilities.SafeInvoke: LengthPrefixCommunicationChannel: MessageReceived: Invoking callback 1/1 for Microsoft.VisualStudio.TestPlatform.CommunicationUtilities.TestRequestSender+<>c__DisplayClass34_0., took 6 ms.
TpTrace Verbose: 0 : 22100, 11, 2023/12/02, 09:02:41.972, 4707177280598, vstest.console.dll, TcpClientExtensions.MessageLoopAsync: Polling on remoteEndPoint: 127.0.0.1:64981 localEndPoint: 127.0.0.1:64980
TpTrace Verbose: 0 : 22100, 4, 2023/12/02, 09:02:41.972, 4707177283862, vstest.console.dll, MulticastDelegateUtilities.SafeInvoke: InternalTestLoggerEvents.SendTestResult: Invoking callback 1/1 for Microsoft.VisualStudio.TestPlatform.CommandLine.Internal.ConsoleLogger., took 0 ms.
TpTrace Verbose: 0 : 22100, 4, 2023/12/02, 09:02:41.973, 4707177284936, vstest.console.dll, MulticastDelegateUtilities.SafeInvoke: InternalTestLoggerEvents.SendTestResult: Invoking callback 1/1 for Microsoft.VisualStudio.TestPlatform.CommandLine.Internal.ConsoleLogger., took 0 ms.
TpTrace Verbose: 0 : 22100, 4, 2023/12/02, 09:02:41.973, 4707177285783, vstest.console.dll, MulticastDelegateUtilities.SafeInvoke: InternalTestLoggerEvents.SendTestResult: Invoking callback 1/1 for Microsoft.VisualStudio.TestPlatform.CommandLine.Internal.ConsoleLogger., took 0 ms.
TpTrace Verbose: 0 : 22100, 4, 2023/12/02, 09:02:41.973, 4707177286582, vstest.console.dll, MulticastDelegateUtilities.SafeInvoke: InternalTestLoggerEvents.SendTestResult: Invoking callback 1/1 for Microsoft.VisualStudio.TestPlatform.CommandLine.Internal.ConsoleLogger., took 0 ms.
TpTrace Verbose: 0 : 22100, 4, 2023/12/02, 09:02:41.973, 4707177287324, vstest.console.dll, MulticastDelegateUtilities.SafeInvoke: InternalTestLoggerEvents.SendTestResult: Invoking callback 1/1 for Microsoft.VisualStudio.TestPlatform.CommandLine.Internal.ConsoleLogger., took 0 ms.
TpTrace Verbose: 0 : 22100, 4, 2023/12/02, 09:02:41.973, 4707177288876, vstest.console.dll, MulticastDelegateUtilities.SafeInvoke: InternalTestLoggerEvents.SendTestResult: Invoking callback 1/1 for Microsoft.VisualStudio.TestPlatform.CommandLine.Internal.ConsoleLogger., took 0 ms.
TpTrace Verbose: 0 : 22100, 4, 2023/12/02, 09:02:41.973, 4707177290040, vstest.console.dll, MulticastDelegateUtilities.SafeInvoke: InternalTestLoggerEvents.SendTestResult: Invoking callback 1/1 for Microsoft.VisualStudio.TestPlatform.CommandLine.Internal.ConsoleLogger., took 0 ms.
TpTrace Verbose: 0 : 22100, 11, 2023/12/02, 09:02:42.010, 4707177660383, vstest.console.dll, TcpClientExtensions.MessageLoopAsync: NotifyDataAvailable remoteEndPoint: 127.0.0.1:64981 localEndPoint: 127.0.0.1:64980
TpTrace Verbose: 0 : 22100, 11, 2023/12/02, 09:02:42.010, 4707177663483, vstest.console.dll, TestRequestSender.OnExecutionMessageReceived: Received message: {"Version":7,"MessageType":"TestExecution.StatsChange","Payload":{"NewTestResults":[{"TestCase":{"Id":"395c7593-20ca-83df-59e1-0511b8dfd05e","FullyQualifiedName":"TaskManagement.Tests.Controllers.TaskControllerTests.Remove_ReturnsBadRequest_WhenResponseIsInvalid","DisplayName":"TaskManagement.Tests.Controllers.TaskControllerTests.Remove_ReturnsBadRequest_WhenResponseIsInvalid","ExecutorUri":"executor://xunit/VsTestRunner2/netcoreapp","Source":"C:\\Users\\Walterli\\Documents\\Projetos\\Agenda-netcore\\TaskManagement.Tests\\bin\\Debug\\net7.0\\fine-code-coverage\\build-output\\TaskManagement.Tests.dll","CodeFilePath":null,"LineNumber":0,"Properties":[]},"Attachments":[],"Outcome":1,"ErrorMessage":null,"ErrorStackTrace":null,"DisplayName":"TaskManagement.Tests.Controllers.TaskControllerTests.Remove_ReturnsBadRequest_WhenResponseIsInvalid","Messages":[],"ComputerName":"DESKTOP-3ANLQSQ","Duration":"00:00:00.0043764","StartTime":"2023-12-02T12:02:41.9711109+00:00","EndTime":"2023-12-02T12:02:41.9711112+00:00","Properties":[]},{"TestCase":{"Id":"679b6d6f-2c35-5c04-068f-2c4e1b9c8d10","FullyQualifiedName":"TaskManagement.Tests.Applications.ProjectApplicationTests.CreateAsync_ShouldReturnSuccess","DisplayName":"TaskManagement.Tests.Applications.ProjectApplicationTests.CreateAsync_ShouldReturnSuccess","ExecutorUri":"executor://xunit/VsTestRunner2/netcoreapp","Source":"C:\\Users\\Walterli\\Documents\\Projetos\\Agenda-netcore\\TaskManagement.Tests\\bin\\Debug\\net7.0\\fine-code-coverage\\build-output\\TaskManagement.Tests.dll","CodeFilePath":null,"LineNumber":0,"Properties":[]},"Attachments":[],"Outcome":1,"ErrorMessage":null,"ErrorStackTrace":null,"DisplayName":"TaskManagement.Tests.Applications.ProjectApplicationTests.CreateAsync_ShouldReturnSuccess","Messages":[],"ComputerName":"DESKTOP-3ANLQSQ","Duration":"00:00:01.3290464","StartTime":"2023-12-02T12:02:41.9782755+00:00","EndTime":"2023-12-02T12:02:41.9782761+00:00","Properties":[]},{"TestCase":{"Id":"863d9969-1ed2-efc5-b005-35de4cc69aa7","FullyQualifiedName":"TaskManagement.Tests.Controllers.ProjectControllerTests.Create_ReturnsBadRequest_WhenResponseIsInvalid","DisplayName":"TaskManagement.Tests.Controllers.ProjectControllerTests.Create_ReturnsBadRequest_WhenResponseIsInvalid","ExecutorUri":"executor://xunit/VsTestRunner2/netcoreapp","Source":"C:\\Users\\Walterli\\Documents\\Projetos\\Agenda-netcore\\TaskManagement.Tests\\bin\\Debug\\net7.0\\fine-code-coverage\\build-output\\TaskManagement.Tests.dll","CodeFilePath":null,"LineNumber":0,"Properties":[]},"Attachments":[],"Outcome":1,"ErrorMessage":null,"ErrorStackTrace":null,"DisplayName":"TaskManagement.Tests.Controllers.ProjectControllerTests.Create_ReturnsBadRequest_WhenResponseIsInvalid","Messages":[],"ComputerName":"DESKTOP-3ANLQSQ","Duration":"00:00:00.0180476","StartTime":"2023-12-02T12:02:41.9865731+00:00","EndTime":"2023-12-02T12:02:41.9865732+00:00","Properties":[]},{"TestCase":{"Id":"ba57422b-b97b-bdd0-768a-6129145e3777","FullyQualifiedName":"TaskManagement.Tests.Controllers.ProjectControllerTests.Remove_ReturnsSuccess_WhenResponseIsValid","DisplayName":"TaskManagement.Tests.Controllers.ProjectControllerTests.Remove_ReturnsSuccess_WhenResponseIsValid","ExecutorUri":"executor://xunit/VsTestRunner2/netcoreapp","Source":"C:\\Users\\Walterli\\Documents\\Projetos\\Agenda-netcore\\TaskManagement.Tests\\bin\\Debug\\net7.0\\fine-code-coverage\\build-output\\TaskManagement.Tests.dll","CodeFilePath":null,"LineNumber":0,"Properties":[]},"Attachments":[],"Outcome":1,"ErrorMessage":null,"ErrorStackTrace":null,"DisplayName":"TaskManagement.Tests.Controllers.ProjectControllerTests.Remove_ReturnsSuccess_WhenResponseIsValid","Messages":[],"ComputerName":"DESKTOP-3ANLQSQ","Duration":"00:00:00.0278196","StartTime":"2023-12-02T12:02:41.9934955+00:00","EndTime":"2023-12-02T12:02:41.9934957+00:00","Properties":[]},{"TestCase":{"Id":"ccbdc96d-279c-2005-79e8-1fca94fc7126","FullyQualifiedName":"TaskManagement.Tests.Applications.TaskApplicationTests.CreateAsync_ShouldReturnError_WhenEntityIsNotValid","DisplayName":"TaskManagement.Tests.Applications.TaskApplicationTests.CreateAsync_ShouldReturnError_WhenEntityIsNotValid","ExecutorUri":"executor://xunit/VsTestRunner2/netcoreapp","Source":"C:\\Users\\Walterli\\Documents\\Projetos\\Agenda-netcore\\TaskManagement.Tests\\bin\\Debug\\net7.0\\fine-code-coverage\\build-output\\TaskManagement.Tests.dll","CodeFilePath":null,"LineNumber":0,"Properties":[]},"Attachments":[],"Outcome":1,"ErrorMessage":null,"ErrorStackTrace":null,"DisplayName":"TaskManagement.Tests.Applications.TaskApplicationTests.CreateAsync_ShouldReturnError_WhenEntityIsNotValid","Messages":[],"ComputerName":"DESKTOP-3ANLQSQ","Duration":"00:00:00.0824111","StartTime":"2023-12-02T12:02:41.9959206+00:00","EndTime":"2023-12-02T12:02:41.9959209+00:00","Properties":[]},{"TestCase":{"Id":"060d5f90-d3a4-57ae-522a-2b65bfb0dbf8","FullyQualifiedName":"TaskManagement.Tests.Controllers.TaskControllerTests.Post_ReturnsBadRequest_WhenResponseIsInvalid","DisplayName":"TaskManagement.Tests.Controllers.TaskControllerTests.Post_ReturnsBadRequest_WhenResponseIsInvalid","ExecutorUri":"executor://xunit/VsTestRunner2/netcoreapp","Source":"C:\\Users\\Walterli\\Documents\\Projetos\\Agenda-netcore\\TaskManagement.Tests\\bin\\Debug\\net7.0\\fine-code-coverage\\build-output\\TaskManagement.Tests.dll","CodeFilePath":null,"LineNumber":0,"Properties":[]},"Attachments":[],"Outcome":1,"ErrorMessage":null,"ErrorStackTrace":null,"DisplayName":"TaskManagement.Tests.Controllers.TaskControllerTests.Post_ReturnsBadRequest_WhenResponseIsInvalid","Messages":[],"ComputerName":"DESKTOP-3ANLQSQ","Duration":"00:00:00.0429712","StartTime":"2023-12-02T12:02:42.0032961+00:00","EndTime":"2023-12-02T12:02:42.003297+00:00","Properties":[]}],"TestRunStatistics":{"ExecutedTests":18,"Stats":{"Passed":18}},"ActiveTests":[{"Id":"d4f8d78d-fdd3-7e53-1390-8f324656ac5b","FullyQualifiedName":"TaskManagement.Tests.Applications.CommentApplicationTests.GetAsync_ShouldReturnCorrectResult","DisplayName":"TaskManagement.Tests.Applications.CommentApplicationTests.GetAsync_ShouldReturnCorrectResult","ExecutorUri":"executor://xunit/VsTestRunner2/netcoreapp","Source":"C:\\Users\\Walterli\\Documents\\Projetos\\Agenda-netcore\\TaskManagement.Tests\\bin\\Debug\\net7.0\\fine-code-coverage\\build-output\\TaskManagement.Tests.dll","CodeFilePath":null,"LineNumber":0,"Properties":[]},{"Id":"ca1a58fc-1fb8-5888-d8e7-05d667ee32c5","FullyQualifiedName":"TaskManagement.Tests.Applications.ProjectApplicationTests.CreateAsync_DeveRetornarErroQuandoEntidadeInvalida","DisplayName":"TaskManagement.Tests.Applications.ProjectApplicationTests.CreateAsync_DeveRetornarErroQuandoEntidadeInvalida","ExecutorUri":"executor://xunit/VsTestRunner2/netcoreapp","Source":"C:\\Users\\Walterli\\Documents\\Projetos\\Agenda-netcore\\TaskManagement.Tests\\bin\\Debug\\net7.0\\fine-code-coverage\\build-output\\TaskManagement.Tests.dll","CodeFilePath":null,"LineNumber":0,"Properties":[]},{"Id":"7fc25e3a-59ce-abdc-001b-400d80ab8a7d","FullyQualifiedName":"TaskManagement.Tests.Applications.TaskApplicationTests.CreateAsync_ShouldReturnError_WhenProjectHas20Tasks","DisplayName":"TaskManagement.Tests.Applications.TaskApplicationTests.CreateAsync_ShouldReturnError_WhenProjectHas20Tasks","ExecutorUri":"executor://xunit/VsTestRunner2/netcoreapp","Source":"C:\\Users\\Walterli\\Documents\\Projetos\\Agenda-netcore\\TaskManagement.Tests\\bin\\Debug\\net7.0\\fine-code-coverage\\build-output\\TaskManagement.Tests.dll","CodeFilePath":null,"LineNumber":0,"Properties":[]},{"Id":"7edf6b7d-2d56-04bc-e51f-7c345cdd6cb0","FullyQualifiedName":"TaskManagement.Tests.Controllers.TaskControllerTests.Post_ReturnsSuccess_WhenResponseIsValid","DisplayName":"TaskManagement.Tests.Controllers.TaskControllerTests.Post_ReturnsSuccess_WhenResponseIsValid","ExecutorUri":"executor://xunit/VsTestRunner2/netcoreapp","Source":"C:\\Users\\Walterli\\Documents\\Projetos\\Agenda-netcore\\TaskManagement.Tests\\bin\\Debug\\net7.0\\fine-code-coverage\\build-output\\TaskManagement.Tests.dll","CodeFilePath":null,"LineNumber":0,"Properties":[]}]}}
TpTrace Verbose: 0 : 22100, 11, 2023/12/02, 09:02:42.012, 4707177674317, vstest.console.dll, TestRunRequest:SendTestRunStatsChange: Starting.
TpTrace Verbose: 0 : 22100, 11, 2023/12/02, 09:02:42.012, 4707177675049, vstest.console.dll, InProgress is TaskManagement.Tests.Applications.CommentApplicationTests.GetAsync_ShouldReturnCorrectResult
TpTrace Verbose: 0 : 22100, 11, 2023/12/02, 09:02:42.012, 4707177675374, vstest.console.dll, InProgress is TaskManagement.Tests.Applications.ProjectApplicationTests.CreateAsync_DeveRetornarErroQuandoEntidadeInvalida
TpTrace Verbose: 0 : 22100, 11, 2023/12/02, 09:02:42.012, 4707177675663, vstest.console.dll, InProgress is TaskManagement.Tests.Applications.TaskApplicationTests.CreateAsync_ShouldReturnError_WhenProjectHas20Tasks
TpTrace Verbose: 0 : 22100, 11, 2023/12/02, 09:02:42.012, 4707177675959, vstest.console.dll, InProgress is TaskManagement.Tests.Controllers.TaskControllerTests.Post_ReturnsSuccess_WhenResponseIsValid
TpTrace Verbose: 0 : 22100, 11, 2023/12/02, 09:02:42.012, 4707177676552, vstest.console.dll, MulticastDelegateUtilities.SafeInvoke: TestRun.RunStatsChanged: Invoking callbacks was skipped because there are no subscribers.
TpTrace Information: 0 : 22100, 11, 2023/12/02, 09:02:42.012, 4707177677289, vstest.console.dll, TestRunRequest:SendTestRunStatsChange: Completed.
TpTrace Verbose: 0 : 22100, 4, 2023/12/02, 09:02:42.012, 4707177677340, vstest.console.dll, MulticastDelegateUtilities.SafeInvoke: InternalTestLoggerEvents.SendTestResult: Invoking callback 1/1 for Microsoft.VisualStudio.TestPlatform.CommandLine.Internal.ConsoleLogger., took 0 ms.
TpTrace Verbose: 0 : 22100, 11, 2023/12/02, 09:02:42.012, 4707177677751, vstest.console.dll, MulticastDelegateUtilities.SafeInvoke: LengthPrefixCommunicationChannel: MessageReceived: Invoking callback 1/1 for Microsoft.VisualStudio.TestPlatform.CommunicationUtilities.TestRequestSender+<>c__DisplayClass34_0., took 1 ms.
TpTrace Verbose: 0 : 22100, 4, 2023/12/02, 09:02:42.012, 4707177678605, vstest.console.dll, MulticastDelegateUtilities.SafeInvoke: InternalTestLoggerEvents.SendTestResult: Invoking callback 1/1 for Microsoft.VisualStudio.TestPlatform.CommandLine.Internal.ConsoleLogger., took 0 ms.
TpTrace Verbose: 0 : 22100, 11, 2023/12/02, 09:02:42.012, 4707177678748, vstest.console.dll, TcpClientExtensions.MessageLoopAsync: Polling on remoteEndPoint: 127.0.0.1:64981 localEndPoint: 127.0.0.1:64980
TpTrace Verbose: 0 : 22100, 4, 2023/12/02, 09:02:42.012, 4707177679310, vstest.console.dll, MulticastDelegateUtilities.SafeInvoke: InternalTestLoggerEvents.SendTestResult: Invoking callback 1/1 for Microsoft.VisualStudio.TestPlatform.CommandLine.Internal.ConsoleLogger., took 0 ms.
TpTrace Verbose: 0 : 22100, 4, 2023/12/02, 09:02:42.012, 4707177680504, vstest.console.dll, MulticastDelegateUtilities.SafeInvoke: InternalTestLoggerEvents.SendTestResult: Invoking callback 1/1 for Microsoft.VisualStudio.TestPlatform.CommandLine.Internal.ConsoleLogger., took 0 ms.
TpTrace Verbose: 0 : 22100, 4, 2023/12/02, 09:02:42.012, 4707177681572, vstest.console.dll, MulticastDelegateUtilities.SafeInvoke: InternalTestLoggerEvents.SendTestResult: Invoking callback 1/1 for Microsoft.VisualStudio.TestPlatform.CommandLine.Internal.ConsoleLogger., took 0 ms.
TpTrace Verbose: 0 : 22100, 4, 2023/12/02, 09:02:42.012, 4707177682233, vstest.console.dll, MulticastDelegateUtilities.SafeInvoke: InternalTestLoggerEvents.SendTestResult: Invoking callback 1/1 for Microsoft.VisualStudio.TestPlatform.CommandLine.Internal.ConsoleLogger., took 0 ms.
TpTrace Verbose: 0 : 22100, 11, 2023/12/02, 09:02:42.074, 4707178294464, vstest.console.dll, TcpClientExtensions.MessageLoopAsync: NotifyDataAvailable remoteEndPoint: 127.0.0.1:64981 localEndPoint: 127.0.0.1:64980
TpTrace Verbose: 0 : 22100, 11, 2023/12/02, 09:02:42.075, 4707178304881, vstest.console.dll, TestRequestSender.OnExecutionMessageReceived: Received message: {"Version":7,"MessageType":"TestExecution.StatsChange","Payload":{"NewTestResults":[{"TestCase":{"Id":"ca1a58fc-1fb8-5888-d8e7-05d667ee32c5","FullyQualifiedName":"TaskManagement.Tests.Applications.ProjectApplicationTests.CreateAsync_DeveRetornarErroQuandoEntidadeInvalida","DisplayName":"TaskManagement.Tests.Applications.ProjectApplicationTests.CreateAsync_DeveRetornarErroQuandoEntidadeInvalida","ExecutorUri":"executor://xunit/VsTestRunner2/netcoreapp","Source":"C:\\Users\\Walterli\\Documents\\Projetos\\Agenda-netcore\\TaskManagement.Tests\\bin\\Debug\\net7.0\\fine-code-coverage\\build-output\\TaskManagement.Tests.dll","CodeFilePath":null,"LineNumber":0,"Properties":[]},"Attachments":[],"Outcome":1,"ErrorMessage":null,"ErrorStackTrace":null,"DisplayName":"TaskManagement.Tests.Applications.ProjectApplicationTests.CreateAsync_DeveRetornarErroQuandoEntidadeInvalida","Messages":[],"ComputerName":"DESKTOP-3ANLQSQ","Duration":"00:00:00.0418529","StartTime":"2023-12-02T12:02:42.012815+00:00","EndTime":"2023-12-02T12:02:42.0128152+00:00","Properties":[]},{"TestCase":{"Id":"7edf6b7d-2d56-04bc-e51f-7c345cdd6cb0","FullyQualifiedName":"TaskManagement.Tests.Controllers.TaskControllerTests.Post_ReturnsSuccess_WhenResponseIsValid","DisplayName":"TaskManagement.Tests.Controllers.TaskControllerTests.Post_ReturnsSuccess_WhenResponseIsValid","ExecutorUri":"executor://xunit/VsTestRunner2/netcoreapp","Source":"C:\\Users\\Walterli\\Documents\\Projetos\\Agenda-netcore\\TaskManagement.Tests\\bin\\Debug\\net7.0\\fine-code-coverage\\build-output\\TaskManagement.Tests.dll","CodeFilePath":null,"LineNumber":0,"Properties":[]},"Attachments":[],"Outcome":1,"ErrorMessage":null,"ErrorStackTrace":null,"DisplayName":"TaskManagement.Tests.Controllers.TaskControllerTests.Post_ReturnsSuccess_WhenResponseIsValid","Messages":[],"ComputerName":"DESKTOP-3ANLQSQ","Duration":"00:00:00.0152279","StartTime":"2023-12-02T12:02:42.0174538+00:00","EndTime":"2023-12-02T12:02:42.017454+00:00","Properties":[]},{"TestCase":{"Id":"b2c9a529-b5ca-f7e4-094a-0720b18edd1e","FullyQualifiedName":"TaskManagement.Tests.Applications.ProjectApplicationTests.RemoveAsync_ShouldReturnError_WhenProjectIdIsInvalid","DisplayName":"TaskManagement.Tests.Applications.ProjectApplicationTests.RemoveAsync_ShouldReturnError_WhenProjectIdIsInvalid","ExecutorUri":"executor://xunit/VsTestRunner2/netcoreapp","Source":"C:\\Users\\Walterli\\Documents\\Projetos\\Agenda-netcore\\TaskManagement.Tests\\bin\\Debug\\net7.0\\fine-code-coverage\\build-output\\TaskManagement.Tests.dll","CodeFilePath":null,"LineNumber":0,"Properties":[]},"Attachments":[],"Outcome":1,"ErrorMessage":null,"ErrorStackTrace":null,"DisplayName":"TaskManagement.Tests.Applications.ProjectApplicationTests.RemoveAsync_ShouldReturnError_WhenProjectIdIsInvalid","Messages":[],"ComputerName":"DESKTOP-3ANLQSQ","Duration":"00:00:00.0206655","StartTime":"2023-12-02T12:02:42.0251262+00:00","EndTime":"2023-12-02T12:02:42.0251263+00:00","Properties":[]},{"TestCase":{"Id":"2179b59f-9bed-b91c-8ecb-0b83017a0e85","FullyQualifiedName":"TaskManagement.Tests.Controllers.TaskControllerTests.Put_ReturnsSuccess_WhenResponseIsValid","DisplayName":"TaskManagement.Tests.Controllers.TaskControllerTests.Put_ReturnsSuccess_WhenResponseIsValid","ExecutorUri":"executor://xunit/VsTestRunner2/netcoreapp","Source":"C:\\Users\\Walterli\\Documents\\Projetos\\Agenda-netcore\\TaskManagement.Tests\\bin\\Debug\\net7.0\\fine-code-coverage\\build-output\\TaskManagement.Tests.dll","CodeFilePath":null,"LineNumber":0,"Properties":[]},"Attachments":[],"Outcome":1,"ErrorMessage":null,"ErrorStackTrace":null,"DisplayName":"TaskManagement.Tests.Controllers.TaskControllerTests.Put_ReturnsSuccess_WhenResponseIsValid","Messages":[],"ComputerName":"DESKTOP-3ANLQSQ","Duration":"00:00:00.0503440","StartTime":"2023-12-02T12:02:42.0415842+00:00","EndTime":"2023-12-02T12:02:42.0415845+00:00","Properties":[]},{"TestCase":{"Id":"d4f8d78d-fdd3-7e53-1390-8f324656ac5b","FullyQualifiedName":"TaskManagement.Tests.Applications.CommentApplicationTests.GetAsync_ShouldReturnCorrectResult","DisplayName":"TaskManagement.Tests.Applications.CommentApplicationTests.GetAsync_ShouldReturnCorrectResult","ExecutorUri":"executor://xunit/VsTestRunner2/netcoreapp","Source":"C:\\Users\\Walterli\\Documents\\Projetos\\Agenda-netcore\\TaskManagement.Tests\\bin\\Debug\\net7.0\\fine-code-coverage\\build-output\\TaskManagement.Tests.dll","CodeFilePath":null,"LineNumber":0,"Properties":[]},"Attachments":[],"Outcome":1,"ErrorMessage":null,"ErrorStackTrace":null,"DisplayName":"TaskManagement.Tests.Applications.CommentApplicationTests.GetAsync_ShouldReturnCorrectResult","Messages":[],"ComputerName":"DESKTOP-3ANLQSQ","Duration":"00:00:00.1135869","StartTime":"2023-12-02T12:02:42.0476879+00:00","EndTime":"2023-12-02T12:02:42.0476882+00:00","Properties":[]},{"TestCase":{"Id":"cf238958-0903-db5d-a717-6d4cd0cc9681","FullyQualifiedName":"TaskManagement.Tests.Controllers.TaskControllerTests.Get_ReturnsBadRequest_WhenResponseIsInvalid","DisplayName":"TaskManagement.Tests.Controllers.TaskControllerTests.Get_ReturnsBadRequest_WhenResponseIsInvalid","ExecutorUri":"executor://xunit/VsTestRunner2/netcoreapp","Source":"C:\\Users\\Walterli\\Documents\\Projetos\\Agenda-netcore\\TaskManagement.Tests\\bin\\Debug\\net7.0\\fine-code-coverage\\build-output\\TaskManagement.Tests.dll","CodeFilePath":null,"LineNumber":0,"Properties":[]},"Attachments":[],"Outcome":1,"ErrorMessage":null,"ErrorStackTrace":null,"DisplayName":"TaskManagement.Tests.Controllers.TaskControllerTests.Get_ReturnsBadRequest_WhenResponseIsInvalid","Messages":[],"ComputerName":"DESKTOP-3ANLQSQ","Duration":"00:00:00.0078914","StartTime":"2023-12-02T12:02:42.050821+00:00","EndTime":"2023-12-02T12:02:42.0508213+00:00","Properties":[]},{"TestCase":{"Id":"a53c104a-3683-7223-1002-2526063fd5d7","FullyQualifiedName":"TaskManagement.Tests.Controllers.TaskControllerTests.Get_ReturnsSuccess_WhenResponseIsValid","DisplayName":"TaskManagement.Tests.Controllers.TaskControllerTests.Get_ReturnsSuccess_WhenResponseIsValid","ExecutorUri":"executor://xunit/VsTestRunner2/netcoreapp","Source":"C:\\Users\\Walterli\\Documents\\Projetos\\Agenda-netcore\\TaskManagement.Tests\\bin\\Debug\\net7.0\\fine-code-coverage\\build-output\\TaskManagement.Tests.dll","CodeFilePath":null,"LineNumber":0,"Properties":[]},"Attachments":[],"Outcome":1,"ErrorMessage":null,"ErrorStackTrace":null,"DisplayName":"TaskManagement.Tests.Controllers.TaskControllerTests.Get_ReturnsSuccess_WhenResponseIsValid","Messages":[],"ComputerName":"DESKTOP-3ANLQSQ","Duration":"00:00:00.0124013","StartTime":"2023-12-02T12:02:42.0592182+00:00","EndTime":"2023-12-02T12:02:42.0592191+00:00","Properties":[]},{"TestCase":{"Id":"5993890f-483c-923f-c451-cd053bf5f162","FullyQualifiedName":"TaskManagement.Tests.Controllers.TaskControllerTests.PutComment_ValidData_ReturnsOkResult","DisplayName":"TaskManagement.Tests.Controllers.TaskControllerTests.PutComment_ValidData_ReturnsOkResult","ExecutorUri":"executor://xunit/VsTestRunner2/netcoreapp","Source":"C:\\Users\\Walterli\\Documents\\Projetos\\Agenda-netcore\\TaskManagement.Tests\\bin\\Debug\\net7.0\\fine-code-coverage\\build-output\\TaskManagement.Tests.dll","CodeFilePath":null,"LineNumber":0,"Properties":[]},"Attachments":[],"Outcome":1,"ErrorMessage":null,"ErrorStackTrace":null,"DisplayName":"TaskManagement.Tests.Controllers.TaskControllerTests.PutComment_ValidData_ReturnsOkResult","Messages":[],"ComputerName":"DESKTOP-3ANLQSQ","Duration":"00:00:00.0120346","StartTime":"2023-12-02T12:02:42.0656543+00:00","EndTime":"2023-12-02T12:02:42.0656546+00:00","Properties":[]},{"TestCase":{"Id":"7fc25e3a-59ce-abdc-001b-400d80ab8a7d","FullyQualifiedName":"TaskManagement.Tests.Applications.TaskApplicationTests.CreateAsync_ShouldReturnError_WhenProjectHas20Tasks","DisplayName":"TaskManagement.Tests.Applications.TaskApplicationTests.CreateAsync_ShouldReturnError_WhenProjectHas20Tasks","ExecutorUri":"executor://xunit/VsTestRunner2/netcoreapp","Source":"C:\\Users\\Walterli\\Documents\\Projetos\\Agenda-netcore\\TaskManagement.Tests\\bin\\Debug\\net7.0\\fine-code-coverage\\build-output\\TaskManagement.Tests.dll","CodeFilePath":null,"LineNumber":0,"Properties":[]},"Attachments":[],"Outcome":1,"ErrorMessage":null,"ErrorStackTrace":null,"DisplayName":"TaskManagement.Tests.Applications.TaskApplicationTests.CreateAsync_ShouldReturnError_WhenProjectHas20Tasks","Messages":[],"ComputerName":"DESKTOP-3ANLQSQ","Duration":"00:00:00.1050904","StartTime":"2023-12-02T12:02:42.0685943+00:00","EndTime":"2023-12-02T12:02:42.0685945+00:00","Properties":[]}],"TestRunStatistics":{"ExecutedTests":27,"Stats":{"Passed":27}},"ActiveTests":[{"Id":"4dc2a20f-13f5-cee8-057c-5bd6eff699fa","FullyQualifiedName":"TaskManagement.Tests.Applications.ProjectApplicationTests.GetAsync_ShouldReturnSuccess","DisplayName":"TaskManagement.Tests.Applications.ProjectApplicationTests.GetAsync_ShouldReturnSuccess","ExecutorUri":"executor://xunit/VsTestRunner2/netcoreapp","Source":"C:\\Users\\Walterli\\Documents\\Projetos\\Agenda-netcore\\TaskManagement.Tests\\bin\\Debug\\net7.0\\fine-code-coverage\\build-output\\TaskManagement.Tests.dll","CodeFilePath":null,"LineNumber":0,"Properties":[]}]}}
TpTrace Verbose: 0 : 22100, 11, 2023/12/02, 09:02:42.078, 4707178335457, vstest.console.dll, TestRunRequest:SendTestRunStatsChange: Starting.
TpTrace Verbose: 0 : 22100, 11, 2023/12/02, 09:02:42.078, 4707178337346, vstest.console.dll, InProgress is TaskManagement.Tests.Applications.ProjectApplicationTests.GetAsync_ShouldReturnSuccess
TpTrace Verbose: 0 : 22100, 11, 2023/12/02, 09:02:42.078, 4707178338650, vstest.console.dll, MulticastDelegateUtilities.SafeInvoke: TestRun.RunStatsChanged: Invoking callbacks was skipped because there are no subscribers.
TpTrace Information: 0 : 22100, 11, 2023/12/02, 09:02:42.078, 4707178339152, vstest.console.dll, TestRunRequest:SendTestRunStatsChange: Completed.
TpTrace Verbose: 0 : 22100, 11, 2023/12/02, 09:02:42.078, 4707178339703, vstest.console.dll, MulticastDelegateUtilities.SafeInvoke: LengthPrefixCommunicationChannel: MessageReceived: Invoking callback 1/1 for Microsoft.VisualStudio.TestPlatform.CommunicationUtilities.TestRequestSender+<>c__DisplayClass34_0., took 3 ms.
TpTrace Verbose: 0 : 22100, 11, 2023/12/02, 09:02:42.078, 4707178340251, vstest.console.dll, TcpClientExtensions.MessageLoopAsync: Polling on remoteEndPoint: 127.0.0.1:64981 localEndPoint: 127.0.0.1:64980
TpTrace Verbose: 0 : 22100, 4, 2023/12/02, 09:02:42.078, 4707178342277, vstest.console.dll, MulticastDelegateUtilities.SafeInvoke: InternalTestLoggerEvents.SendTestResult: Invoking callback 1/1 for Microsoft.VisualStudio.TestPlatform.CommandLine.Internal.ConsoleLogger., took 0 ms.
TpTrace Verbose: 0 : 22100, 4, 2023/12/02, 09:02:42.078, 4707178343395, vstest.console.dll, MulticastDelegateUtilities.SafeInvoke: InternalTestLoggerEvents.SendTestResult: Invoking callback 1/1 for Microsoft.VisualStudio.TestPlatform.CommandLine.Internal.ConsoleLogger., took 0 ms.
TpTrace Verbose: 0 : 22100, 4, 2023/12/02, 09:02:42.078, 4707178344040, vstest.console.dll, MulticastDelegateUtilities.SafeInvoke: InternalTestLoggerEvents.SendTestResult: Invoking callback 1/1 for Microsoft.VisualStudio.TestPlatform.CommandLine.Internal.ConsoleLogger., took 0 ms.
TpTrace Verbose: 0 : 22100, 4, 2023/12/02, 09:02:42.079, 4707178344652, vstest.console.dll, MulticastDelegateUtilities.SafeInvoke: InternalTestLoggerEvents.SendTestResult: Invoking callback 1/1 for Microsoft.VisualStudio.TestPlatform.CommandLine.Internal.ConsoleLogger., took 0 ms.
TpTrace Verbose: 0 : 22100, 4, 2023/12/02, 09:02:42.079, 4707178345378, vstest.console.dll, MulticastDelegateUtilities.SafeInvoke: InternalTestLoggerEvents.SendTestResult: Invoking callback 1/1 for Microsoft.VisualStudio.TestPlatform.CommandLine.Internal.ConsoleLogger., took 0 ms.
TpTrace Verbose: 0 : 22100, 4, 2023/12/02, 09:02:42.079, 4707178347584, vstest.console.dll, MulticastDelegateUtilities.SafeInvoke: InternalTestLoggerEvents.SendTestResult: Invoking callback 1/1 for Microsoft.VisualStudio.TestPlatform.CommandLine.Internal.ConsoleLogger., took 0 ms.
TpTrace Verbose: 0 : 22100, 4, 2023/12/02, 09:02:42.079, 4707178348458, vstest.console.dll, MulticastDelegateUtilities.SafeInvoke: InternalTestLoggerEvents.SendTestResult: Invoking callback 1/1 for Microsoft.VisualStudio.TestPlatform.CommandLine.Internal.ConsoleLogger., took 0 ms.
TpTrace Verbose: 0 : 22100, 4, 2023/12/02, 09:02:42.079, 4707178349187, vstest.console.dll, MulticastDelegateUtilities.SafeInvoke: InternalTestLoggerEvents.SendTestResult: Invoking callback 1/1 for Microsoft.VisualStudio.TestPlatform.CommandLine.Internal.ConsoleLogger., took 0 ms.
TpTrace Verbose: 0 : 22100, 4, 2023/12/02, 09:02:42.082, 4707178380577, vstest.console.dll, MulticastDelegateUtilities.SafeInvoke: InternalTestLoggerEvents.SendTestResult: Invoking callback 1/1 for Microsoft.VisualStudio.TestPlatform.CommandLine.Internal.ConsoleLogger., took 3 ms.
TpTrace Verbose: 0 : 22100, 11, 2023/12/02, 09:02:42.239, 4707179949592, vstest.console.dll, TcpClientExtensions.MessageLoopAsync: NotifyDataAvailable remoteEndPoint: 127.0.0.1:64981 localEndPoint: 127.0.0.1:64980
TpTrace Verbose: 0 : 22100, 11, 2023/12/02, 09:02:42.240, 4707179956293, vstest.console.dll, TestRequestSender.OnExecutionMessageReceived: Received message: {"Version":7,"MessageType":"TestSession.Message","Payload":{"MessageLevel":0,"Message":"[xUnit.net 00:00:03.56]   Finished:    TaskManagement.Tests"}}
TpTrace Verbose: 0 : 22100, 11, 2023/12/02, 09:02:42.240, 4707179958512, vstest.console.dll, TestRunRequest:SendTestRunMessage: Starting.
TpTrace Verbose: 0 : 22100, 11, 2023/12/02, 09:02:42.240, 4707179959574, vstest.console.dll, MulticastDelegateUtilities.SafeInvoke: TestRun.LogMessages: Invoking callback 1/1 for Microsoft.VisualStudio.TestPlatform.CommandLine.TestRunResultAggregator., took 0 ms.
TpTrace Information: 0 : 22100, 11, 2023/12/02, 09:02:42.240, 4707179959919, vstest.console.dll, TestRunRequest:SendTestRunMessage: Completed.
TpTrace Verbose: 0 : 22100, 4, 2023/12/02, 09:02:42.240, 4707179959893, vstest.console.dll, MulticastDelegateUtilities.SafeInvoke: InternalTestLoggerEvents.SendTestRunMessage: Invoking callback 1/1 for Microsoft.VisualStudio.TestPlatform.CommandLine.Internal.ConsoleLogger., took 0 ms.
TpTrace Verbose: 0 : 22100, 11, 2023/12/02, 09:02:42.240, 4707179960275, vstest.console.dll, MulticastDelegateUtilities.SafeInvoke: LengthPrefixCommunicationChannel: MessageReceived: Invoking callback 1/1 for Microsoft.VisualStudio.TestPlatform.CommunicationUtilities.TestRequestSender+<>c__DisplayClass34_0., took 0 ms.
TpTrace Verbose: 0 : 22100, 11, 2023/12/02, 09:02:42.240, 4707179961525, vstest.console.dll, TcpClientExtensions.MessageLoopAsync: Polling on remoteEndPoint: 127.0.0.1:64981 localEndPoint: 127.0.0.1:64980
TpTrace Verbose: 0 : 22100, 11, 2023/12/02, 09:02:42.273, 4707180286462, vstest.console.dll, TcpClientExtensions.MessageLoopAsync: NotifyDataAvailable remoteEndPoint: 127.0.0.1:64981 localEndPoint: 127.0.0.1:64980
TpTrace Verbose: 0 : 22100, 11, 2023/12/02, 09:02:42.273, 4707180291842, vstest.console.dll, TestRequestSender.OnExecutionMessageReceived: Received message: {"Version":7,"MessageType":"TestExecution.Completed","Payload":{"TestRunCompleteArgs":{"TestRunStatistics":{"ExecutedTests":36,"Stats":{"Passed":36}},"IsCanceled":false,"IsAborted":false,"Error":null,"AttachmentSets":[],"InvokedDataCollectors":[],"ElapsedTimeInRunningTests":"00:00:03.5917527","Metrics":{},"DiscoveredExtensions":{"TestDiscoverers":["Xunit.Runner.VisualStudio.VsTestRunner, xunit.runner.visualstudio.dotnetcore.testadapter, Version=2.5.0.0, Culture=neutral, PublicKeyToken=null"],"TestExecutors":["executor://xunit/VsTestRunner2/netcoreapp"],"TestExecutors2":[],"TestSettingsProviders":[]}},"LastRunTests":{"NewTestResults":[{"TestCase":{"Id":"4dc2a20f-13f5-cee8-057c-5bd6eff699fa","FullyQualifiedName":"TaskManagement.Tests.Applications.ProjectApplicationTests.GetAsync_ShouldReturnSuccess","DisplayName":"TaskManagement.Tests.Applications.ProjectApplicationTests.GetAsync_ShouldReturnSuccess","ExecutorUri":"executor://xunit/VsTestRunner2/netcoreapp","Source":"C:\\Users\\Walterli\\Documents\\Projetos\\Agenda-netcore\\TaskManagement.Tests\\bin\\Debug\\net7.0\\fine-code-coverage\\build-output\\TaskManagement.Tests.dll","CodeFilePath":null,"LineNumber":0,"Properties":[]},"Attachments":[],"Outcome":1,"ErrorMessage":null,"ErrorStackTrace":null,"DisplayName":"TaskManagement.Tests.Applications.ProjectApplicationTests.GetAsync_ShouldReturnSuccess","Messages":[],"ComputerName":"DESKTOP-3ANLQSQ","Duration":"00:00:00.0824264","StartTime":"2023-12-02T12:02:42.0790496+00:00","EndTime":"2023-12-02T12:02:42.0790498+00:00","Properties":[]},{"TestCase":{"Id":"36c5a3b0-83a7-ed1b-09a7-a54e7a66c3f1","FullyQualifiedName":"TaskManagement.Tests.Applications.TaskApplicationTests.CreateAsync_ShouldReturnError_WhenProjectNotFound","DisplayName":"TaskManagement.Tests.Applications.TaskApplicationTests.CreateAsync_ShouldReturnError_WhenProjectNotFound","ExecutorUri":"executor://xunit/VsTestRunner2/netcoreapp","Source":"C:\\Users\\Walterli\\Documents\\Projetos\\Agenda-netcore\\TaskManagement.Tests\\bin\\Debug\\net7.0\\fine-code-coverage\\build-output\\TaskManagement.Tests.dll","CodeFilePath":null,"LineNumber":0,"Properties":[]},"Attachments":[],"Outcome":1,"ErrorMessage":null,"ErrorStackTrace":null,"DisplayName":"TaskManagement.Tests.Applications.TaskApplicationTests.CreateAsync_ShouldReturnError_WhenProjectNotFound","Messages":[],"ComputerName":"DESKTOP-3ANLQSQ","Duration":"00:00:00.0317630","StartTime":"2023-12-02T12:02:42.0843214+00:00","EndTime":"2023-12-02T12:02:42.0843216+00:00","Properties":[]},{"TestCase":{"Id":"ad9abca7-af4e-811b-8655-89db359e7f3a","FullyQualifiedName":"TaskManagement.Tests.Applications.ProjectApplicationTests.RemoveAsync_ShouldReturnSuccess","DisplayName":"TaskManagement.Tests.Applications.ProjectApplicationTests.RemoveAsync_ShouldReturnSuccess","ExecutorUri":"executor://xunit/VsTestRunner2/netcoreapp","Source":"C:\\Users\\Walterli\\Documents\\Projetos\\Agenda-netcore\\TaskManagement.Tests\\bin\\Debug\\net7.0\\fine-code-coverage\\build-output\\TaskManagement.Tests.dll","CodeFilePath":null,"LineNumber":0,"Properties":[]},"Attachments":[],"Outcome":1,"ErrorMessage":null,"ErrorStackTrace":null,"DisplayName":"TaskManagement.Tests.Applications.ProjectApplicationTests.RemoveAsync_ShouldReturnSuccess","Messages":[],"ComputerName":"DESKTOP-3ANLQSQ","Duration":"00:00:00.0644996","StartTime":"2023-12-02T12:02:42.0900339+00:00","EndTime":"2023-12-02T12:02:42.0900341+00:00","Properties":[]},{"TestCase":{"Id":"b01f88a0-1fc9-6249-f338-aa5ce399f027","FullyQualifiedName":"TaskManagement.Tests.Applications.TaskApplicationTests.UpdateAsync_ShouldReturnError_WhenInvalidData","DisplayName":"TaskManagement.Tests.Applications.TaskApplicationTests.UpdateAsync_ShouldReturnError_WhenInvalidData","ExecutorUri":"executor://xunit/VsTestRunner2/netcoreapp","Source":"C:\\Users\\Walterli\\Documents\\Projetos\\Agenda-netcore\\TaskManagement.Tests\\bin\\Debug\\net7.0\\fine-code-coverage\\build-output\\TaskManagement.Tests.dll","CodeFilePath":null,"LineNumber":0,"Properties":[]},"Attachments":[],"Outcome":1,"ErrorMessage":null,"ErrorStackTrace":null,"DisplayName":"TaskManagement.Tests.Applications.TaskApplicationTests.UpdateAsync_ShouldReturnError_WhenInvalidData","Messages":[],"ComputerName":"DESKTOP-3ANLQSQ","Duration":"00:00:00.0447836","StartTime":"2023-12-02T12:02:42.0967582+00:00","EndTime":"2023-12-02T12:02:42.0967585+00:00","Properties":[]},{"TestCase":{"Id":"a00686fb-6b8a-bd0a-8d54-44dd01e709c3","FullyQualifiedName":"TaskManagement.Tests.Applications.ProjectApplicationTests.GetAsync_ShouldRetornError_UserIdIsInvalid","DisplayName":"TaskManagement.Tests.Applications.ProjectApplicationTests.GetAsync_ShouldRetornError_UserIdIsInvalid","ExecutorUri":"executor://xunit/VsTestRunner2/netcoreapp","Source":"C:\\Users\\Walterli\\Documents\\Projetos\\Agenda-netcore\\TaskManagement.Tests\\bin\\Debug\\net7.0\\fine-code-coverage\\build-output\\TaskManagement.Tests.dll","CodeFilePath":null,"LineNumber":0,"Properties":[]},"Attachments":[],"Outcome":1,"ErrorMessage":null,"ErrorStackTrace":null,"DisplayName":"TaskManagement.Tests.Applications.ProjectApplicationTests.GetAsync_ShouldRetornError_UserIdIsInvalid","Messages":[],"ComputerName":"DESKTOP-3ANLQSQ","Duration":"00:00:00.0101447","StartTime":"2023-12-02T12:02:42.1015328+00:00","EndTime":"2023-12-02T12:02:42.101533+00:00","Properties":[]},{"TestCase":{"Id":"b39e2f24-84ed-d88c-6d8a-ac57de882e3a","FullyQualifiedName":"TaskManagement.Tests.Applications.TaskApplicationTests.UpdateAsync_ShouldReturnSuccess","DisplayName":"TaskManagement.Tests.Applications.TaskApplicationTests.UpdateAsync_ShouldReturnSuccess","ExecutorUri":"executor://xunit/VsTestRunner2/netcoreapp","Source":"C:\\Users\\Walterli\\Documents\\Projetos\\Agenda-netcore\\TaskManagement.Tests\\bin\\Debug\\net7.0\\fine-code-coverage\\build-output\\TaskManagement.Tests.dll","CodeFilePath":null,"LineNumber":0,"Properties":[]},"Attachments":[],"Outcome":1,"ErrorMessage":null,"ErrorStackTrace":null,"DisplayName":"TaskManagement.Tests.Applications.TaskApplicationTests.UpdateAsync_ShouldReturnSuccess","Messages":[],"ComputerName":"DESKTOP-3ANLQSQ","Duration":"00:00:00.0317701","StartTime":"2023-12-02T12:02:42.1209316+00:00","EndTime":"2023-12-02T12:02:42.1209319+00:00","Properties":[]},{"TestCase":{"Id":"579a0216-cfb5-5848-0155-1cf3519174c4","FullyQualifiedName":"TaskManagement.Tests.Applications.TaskApplicationTests.GetAsync_ShouldReturnSuccess","DisplayName":"TaskManagement.Tests.Applications.TaskApplicationTests.GetAsync_ShouldReturnSuccess","ExecutorUri":"executor://xunit/VsTestRunner2/netcoreapp","Source":"C:\\Users\\Walterli\\Documents\\Projetos\\Agenda-netcore\\TaskManagement.Tests\\bin\\Debug\\net7.0\\fine-code-coverage\\build-output\\TaskManagement.Tests.dll","CodeFilePath":null,"LineNumber":0,"Properties":[]},"Attachments":[],"Outcome":1,"ErrorMessage":null,"ErrorStackTrace":null,"DisplayName":"TaskManagement.Tests.Applications.TaskApplicationTests.GetAsync_ShouldReturnSuccess","Messages":[],"ComputerName":"DESKTOP-3ANLQSQ","Duration":"00:00:00.0655879","StartTime":"2023-12-02T12:02:42.186769+00:00","EndTime":"2023-12-02T12:02:42.1867693+00:00","Properties":[]},{"TestCase":{"Id":"28a8eb3d-8df3-9df9-2f95-27a81692df4d","FullyQualifiedName":"TaskManagement.Tests.Applications.TaskApplicationTests.CreateAsync_ShouldReturnSuccess","DisplayName":"TaskManagement.Tests.Applications.TaskApplicationTests.CreateAsync_ShouldReturnSuccess","ExecutorUri":"executor://xunit/VsTestRunner2/netcoreapp","Source":"C:\\Users\\Walterli\\Documents\\Projetos\\Agenda-netcore\\TaskManagement.Tests\\bin\\Debug\\net7.0\\fine-code-coverage\\build-output\\TaskManagement.Tests.dll","CodeFilePath":null,"LineNumber":0,"Properties":[]},"Attachments":[],"Outcome":1,"ErrorMessage":null,"ErrorStackTrace":null,"DisplayName":"TaskManagement.Tests.Applications.TaskApplicationTests.CreateAsync_ShouldReturnSuccess","Messages":[],"ComputerName":"DESKTOP-3ANLQSQ","Duration":"00:00:00.0307960","StartTime":"2023-12-02T12:02:42.2177046+00:00","EndTime":"2023-12-02T12:02:42.217705+00:00","Properties":[]},{"TestCase":{"Id":"80d6d4b7-0b1f-da49-be53-24ada6c1487c","FullyQualifiedName":"TaskManagement.Tests.Applications.TaskApplicationTests.RemoveAsync_ShouldReturnError_WhenTaskNotFound","DisplayName":"TaskManagement.Tests.Applications.TaskApplicationTests.RemoveAsync_ShouldReturnError_WhenTaskNotFound","ExecutorUri":"executor://xunit/VsTestRunner2/netcoreapp","Source":"C:\\Users\\Walterli\\Documents\\Projetos\\Agenda-netcore\\TaskManagement.Tests\\bin\\Debug\\net7.0\\fine-code-coverage\\build-output\\TaskManagement.Tests.dll","CodeFilePath":null,"LineNumber":0,"Properties":[]},"Attachments":[],"Outcome":1,"ErrorMessage":null,"ErrorStackTrace":null,"DisplayName":"TaskManagement.Tests.Applications.TaskApplicationTests.RemoveAsync_ShouldReturnError_WhenTaskNotFound","Messages":[],"ComputerName":"DESKTOP-3ANLQSQ","Duration":"00:00:00.0088979","StartTime":"2023-12-02T12:02:42.2268044+00:00","EndTime":"2023-12-02T12:02:42.2268046+00:00","Properties":[]}],"TestRunStatistics":{"ExecutedTests":36,"Stats":{"Passed":36}},"ActiveTests":[]},"RunAttachments":[],"ExecutorUris":["executor://xunit/VsTestRunner2/netcoreapp"]}}
TpTrace Verbose: 0 : 22100, 11, 2023/12/02, 09:02:42.275, 4707180310854, vstest.console.dll, TestRequestSender.EndSession: Sending end session.
TpTrace Verbose: 0 : 22100, 11, 2023/12/02, 09:02:42.276, 4707180315569, vstest.console.dll, ProxyOperationManager.Close: waiting for test host to exit for 100 ms
TpTrace Verbose: 0 : 22100, 7, 2023/12/02, 09:02:42.356, 4707181117708, vstest.console.dll, TestHostManagerCallbacks.ctor: Experimental forwarding output is disabled.
TpTrace Warning: 0 : 22100, 7, 2023/12/02, 09:02:42.356, 4707181120022, vstest.console.dll, TestHostManagerCallbacks.ErrorReceivedCallback Test host standard error line: 
TpTrace Warning: 0 : 22100, 11, 2023/12/02, 09:02:42.383, 4707181386934, vstest.console.dll, ProxyOperationManager: Timed out waiting for test host to exit. Will terminate process.
TpTrace Information: 0 : 22100, 11, 2023/12/02, 09:02:42.383, 4707181391100, vstest.console.dll, SocketServer.Stop: Stop server endPoint: 127.0.0.1:64980
TpTrace Information: 0 : 22100, 11, 2023/12/02, 09:02:42.383, 4707181392024, vstest.console.dll, SocketServer.Stop: Cancellation requested. Stopping message loop.
TpTrace Information: 0 : 22100, 11, 2023/12/02, 09:02:42.384, 4707181394648, vstest.console.dll, Closing the connection
TpTrace Verbose: 0 : 22100, 11, 2023/12/02, 09:02:42.396, 4707181523373, vstest.console.dll, TestHostProvider.ExitCallBack: Host exited starting callback.
TpTrace Information: 0 : 22100, 11, 2023/12/02, 09:02:42.397, 4707181526164, vstest.console.dll, TestHostManagerCallbacks.ExitCallBack: Testhost processId: 39796 exited with exitcode: 0 error: ''
TpTrace Verbose: 0 : 22100, 11, 2023/12/02, 09:02:42.397, 4707181526928, vstest.console.dll, DotnetTestHostManager.OnHostExited: invoking OnHostExited callback
TpTrace Verbose: 0 : 22100, 11, 2023/12/02, 09:02:42.397, 4707181527778, vstest.console.dll, CrossPlatEngine.TestHostManagerHostExited: calling on client process exit callback.
TpTrace Information: 0 : 22100, 11, 2023/12/02, 09:02:42.397, 4707181528762, vstest.console.dll, TestRequestSender.OnClientProcessExit: Test host process exited. Standard error: 
TpTrace Information: 0 : 22100, 11, 2023/12/02, 09:02:42.397, 4707181530552, vstest.console.dll, SocketServer.Stop: Stop server endPoint: 127.0.0.1:64980
TpTrace Information: 0 : 22100, 11, 2023/12/02, 09:02:42.397, 4707181530910, vstest.console.dll, SocketServer.Stop: Cancellation requested. Stopping message loop.
TpTrace Verbose: 0 : 22100, 11, 2023/12/02, 09:02:42.397, 4707181531686, vstest.console.dll, MulticastDelegateUtilities.SafeInvoke: HostProviderEvents.OnHostExited: Invoking callback 1/1 for Microsoft.VisualStudio.TestPlatform.CrossPlatEngine.Client.ProxyOperationManager., took 0 ms.
TpTrace Verbose: 0 : 22100, 11, 2023/12/02, 09:02:42.400, 4707181560008, vstest.console.dll, ProxyDataCollectionManager.InvokeDataCollectionServiceAction: Starting.
TpTrace Information: 0 : 22100, 11, 2023/12/02, 09:02:42.400, 4707181562125, vstest.console.dll, ProxyDataCollectionManager.AfterTestRunEnd: Get attachment set and invoked data collectors processId: 11964 port: 64977
TpTrace Verbose: 0 : 22100, 11, 2023/12/02, 09:02:42.400, 4707181563292, vstest.console.dll, DataCollectionRequestSender.SendAfterTestRunStartAndGetResult: Send AfterTestRunEnd message with isCancelled: False
TpTrace Verbose: 0 : 22100, 11, 2023/12/02, 09:02:42.415, 4707181710858, vstest.console.dll, DataCollectionRequestSender.SendAfterTestRunStartAndGetResult: Received message: (DataCollection.AfterTestRunEndResult) -> {"MessageType":"DataCollection.AfterTestRunEndResult","Payload":{"AttachmentSets":[],"InvokedDataCollectors":[{"Uri":"datacollector://Microsoft/TestPlatform/Extensions/Blame/v1","FriendlyName":"Blame","AssemblyQualifiedName":"Microsoft.TestPlatform.Extensions.BlameDataCollector.BlameCollector, Microsoft.TestPlatform.Extensions.BlameDataCollector, Version=15.0.0.0, Culture=neutral, PublicKeyToken=b03f5f7f11d50a3a","FilePath":"C:\\Program Files\\dotnet\\sdk\\8.0.100\\Extensions\\Microsoft.TestPlatform.Extensions.BlameDataCollector.dll","HasAttachmentProcessor":false}],"Metrics":{}}}
TpTrace Warning: 0 : 22100, 10, 2023/12/02, 09:02:42.423, 4707181788423, vstest.console.dll, DataCollectionLauncher.ErrorReceivedCallback datacollector standard error line: 
TpTrace Information: 0 : 22100, 11, 2023/12/02, 09:02:42.425, 4707181813643, vstest.console.dll, ProxyDataCollectionManager.InvokeDataCollectionServiceAction: Completed.
TpTrace Information: 0 : 22100, 10, 2023/12/02, 09:02:42.439, 4707181945152, vstest.console.dll, DataCollectionLauncher.ExitCallBack: Data collector exited with exitcode: 0 error: ''
TpTrace Verbose: 0 : 22100, 11, 2023/12/02, 09:02:42.503, 4707182591624, vstest.console.dll, TestRunRequest:SendTestRunStatsChange: Starting.
TpTrace Verbose: 0 : 22100, 11, 2023/12/02, 09:02:42.503, 4707182593613, vstest.console.dll, MulticastDelegateUtilities.SafeInvoke: TestRun.RunStatsChanged: Invoking callbacks was skipped because there are no subscribers.
TpTrace Information: 0 : 22100, 11, 2023/12/02, 09:02:42.504, 4707182594274, vstest.console.dll, TestRunRequest:SendTestRunStatsChange: Completed.
TpTrace Verbose: 0 : 22100, 4, 2023/12/02, 09:02:42.504, 4707182594809, vstest.console.dll, MulticastDelegateUtilities.SafeInvoke: InternalTestLoggerEvents.SendTestResult: Invoking callback 1/1 for Microsoft.VisualStudio.TestPlatform.CommandLine.Internal.ConsoleLogger., took 0 ms.
TpTrace Verbose: 0 : 22100, 4, 2023/12/02, 09:02:42.504, 4707182596489, vstest.console.dll, MulticastDelegateUtilities.SafeInvoke: InternalTestLoggerEvents.SendTestResult: Invoking callback 1/1 for Microsoft.VisualStudio.TestPlatform.CommandLine.Internal.ConsoleLogger., took 0 ms.
TpTrace Verbose: 0 : 22100, 4, 2023/12/02, 09:02:42.504, 4707182598376, vstest.console.dll, MulticastDelegateUtilities.SafeInvoke: InternalTestLoggerEvents.SendTestResult: Invoking callback 1/1 for Microsoft.VisualStudio.TestPlatform.CommandLine.Internal.ConsoleLogger., took 0 ms.
TpTrace Verbose: 0 : 22100, 4, 2023/12/02, 09:02:42.504, 4707182599589, vstest.console.dll, MulticastDelegateUtilities.SafeInvoke: InternalTestLoggerEvents.SendTestResult: Invoking callback 1/1 for Microsoft.VisualStudio.TestPlatform.CommandLine.Internal.ConsoleLogger., took 0 ms.
TpTrace Verbose: 0 : 22100, 4, 2023/12/02, 09:02:42.504, 4707182601373, vstest.console.dll, MulticastDelegateUtilities.SafeInvoke: InternalTestLoggerEvents.SendTestResult: Invoking callback 1/1 for Microsoft.VisualStudio.TestPlatform.CommandLine.Internal.ConsoleLogger., took 0 ms.
TpTrace Verbose: 0 : 22100, 4, 2023/12/02, 09:02:42.504, 4707182602836, vstest.console.dll, MulticastDelegateUtilities.SafeInvoke: InternalTestLoggerEvents.SendTestResult: Invoking callback 1/1 for Microsoft.VisualStudio.TestPlatform.CommandLine.Internal.ConsoleLogger., took 0 ms.
TpTrace Verbose: 0 : 22100, 4, 2023/12/02, 09:02:42.505, 4707182604671, vstest.console.dll, MulticastDelegateUtilities.SafeInvoke: InternalTestLoggerEvents.SendTestResult: Invoking callback 1/1 for Microsoft.VisualStudio.TestPlatform.CommandLine.Internal.ConsoleLogger., took 0 ms.
TpTrace Verbose: 0 : 22100, 4, 2023/12/02, 09:02:42.505, 4707182606405, vstest.console.dll, MulticastDelegateUtilities.SafeInvoke: InternalTestLoggerEvents.SendTestResult: Invoking callback 1/1 for Microsoft.VisualStudio.TestPlatform.CommandLine.Internal.ConsoleLogger., took 0 ms.
TpTrace Verbose: 0 : 22100, 4, 2023/12/02, 09:02:42.505, 4707182607834, vstest.console.dll, MulticastDelegateUtilities.SafeInvoke: InternalTestLoggerEvents.SendTestResult: Invoking callback 1/1 for Microsoft.VisualStudio.TestPlatform.CommandLine.Internal.ConsoleLogger., took 0 ms.
TpTrace Verbose: 0 : 22100, 11, 2023/12/02, 09:02:42.505, 4707182609237, vstest.console.dll, ParallelProxyExecutionManager: HandlePartialRunComplete: Total workloads = 1, Total started clients = 1 Total completed clients = 1, Run complete = True, Run canceled: False.
TpTrace Verbose: 0 : 22100, 11, 2023/12/02, 09:02:42.505, 4707182610516, vstest.console.dll, ParallelProxyExecutionManager: HandlePartialRunComplete: All runs completed stopping all managers.
TpTrace Verbose: 0 : 22100, 11, 2023/12/02, 09:02:42.505, 4707182611132, vstest.console.dll, ParallelOperationManager.StopAllManagers: Stopping all managers.
TpTrace Verbose: 0 : 22100, 11, 2023/12/02, 09:02:42.505, 4707182611490, vstest.console.dll, ParallelOperationManager.ClearSlots: Clearing all slots. Slots should accept more work: False
TpTrace Verbose: 0 : 22100, 11, 2023/12/02, 09:02:42.505, 4707182612276, vstest.console.dll, ParallelOperationManager.SetOccupiedSlotCount: Setting slot counts AvailableSlotCount = 1, OccupiedSlotCount = 0.
TpTrace Verbose: 0 : 22100, 11, 2023/12/02, 09:02:42.505, 4707182613043, vstest.console.dll, Occupied slots:

TpTrace Verbose: 0 : 22100, 4, 2023/12/02, 09:02:42.517, 4707182730525, vstest.console.dll, MulticastDelegateUtilities.SafeInvoke: InternalTestLoggerEvents.SendTestRunComplete: Invoking callback 1/2 for Microsoft.TestPlatform.Extensions.BlameDataCollector.BlameLogger., took 0 ms.
TpTrace Verbose: 0 : 22100, 4, 2023/12/02, 09:02:42.529, 4707182849764, vstest.console.dll, MulticastDelegateUtilities.SafeInvoke: InternalTestLoggerEvents.SendTestRunComplete: Invoking callback 2/2 for Microsoft.VisualStudio.TestPlatform.CommandLine.Internal.ConsoleLogger., took 11 ms.
TpTrace Verbose: 0 : 22100, 11, 2023/12/02, 09:02:42.531, 4707182865093, vstest.console.dll, TestRunRequest:TestRunComplete: Starting. IsAborted:False IsCanceled:False.
TpTrace Verbose: 0 : 22100, 11, 2023/12/02, 09:02:42.531, 4707182871629, vstest.console.dll, ParallelOperationManager.DoActionOnAllManagers: Calling an action on all managers.
TpTrace Verbose: 0 : 22100, 11, 2023/12/02, 09:02:42.533, 4707182893112, vstest.console.dll, TestLoggerManager.HandleTestRunComplete: Ignoring as the object is disposed.
TpTrace Verbose: 0 : 22100, 11, 2023/12/02, 09:02:42.534, 4707182897233, vstest.console.dll, MulticastDelegateUtilities.SafeInvoke: TestRun.TestRunComplete: Invoking callback 1/2 for Microsoft.VisualStudio.TestPlatform.CommandLine.TestRunResultAggregator., took 0 ms.
TpTrace Verbose: 0 : 22100, 11, 2023/12/02, 09:02:42.534, 4707182900749, vstest.console.dll, MulticastDelegateUtilities.SafeInvoke: TestRun.TestRunComplete: Invoking callback 2/2 for Microsoft.VisualStudio.TestPlatform.CommandLine.Processors.RunTestsArgumentExecutor+TestRunRequestEventsRegistrar., took 0 ms.
TpTrace Information: 0 : 22100, 11, 2023/12/02, 09:02:42.535, 4707182904479, vstest.console.dll, TestRunRequest:TestRunComplete: Completed.
TpTrace Verbose: 0 : 22100, 11, 2023/12/02, 09:02:42.535, 4707182906293, vstest.console.dll, TestRequestSender.SetOperationComplete: Setting operation complete.
TpTrace Verbose: 0 : 22100, 1, 2023/12/02, 09:02:42.535, 4707182906334, vstest.console.dll, TestRunRequest.Dispose: Starting.
TpTrace Information: 0 : 22100, 11, 2023/12/02, 09:02:42.535, 4707182907337, vstest.console.dll, SocketServer.Stop: Stop server endPoint: 127.0.0.1:64980
TpTrace Information: 0 : 22100, 1, 2023/12/02, 09:02:42.535, 4707182910199, vstest.console.dll, TestRunRequest.Dispose: Completed.
TpTrace Information: 0 : 22100, 11, 2023/12/02, 09:02:42.535, 4707182910561, vstest.console.dll, SocketServer.Stop: Cancellation requested. Stopping message loop.
TpTrace Information: 0 : 22100, 1, 2023/12/02, 09:02:42.535, 4707182913520, vstest.console.dll, TestRequestManager.RunTests: run tests completed.
TpTrace Verbose: 0 : 22100, 11, 2023/12/02, 09:02:42.535, 4707182913768, vstest.console.dll, MulticastDelegateUtilities.SafeInvoke: LengthPrefixCommunicationChannel: MessageReceived: Invoking callback 1/1 for Microsoft.VisualStudio.TestPlatform.CommunicationUtilities.TestRequestSender+<>c__DisplayClass34_0., took 262 ms.
TpTrace Information: 0 : 22100, 11, 2023/12/02, 09:02:42.536, 4707182916230, vstest.console.dll, SocketServer.PrivateStop: Stopping server endPoint: 127.0.0.1:64980 error: 
TpTrace Information: 0 : 22100, 1, 2023/12/02, 09:02:42.536, 4707182917626, vstest.console.dll, RunTestsArgumentProcessor:Execute: Test run is completed.
TpTrace Verbose: 0 : 22100, 1, 2023/12/02, 09:02:42.537, 4707182924297, vstest.console.dll, Executor.Execute: Exiting with exit code of 0
TpTrace Verbose: 0 : 22100, 11, 2023/12/02, 09:02:42.537, 4707182928221, vstest.console.dll, LengthPrefixCommunicationChannel.Dispose: Dispose reader and writer.
TpTrace Information: 0 : 22100, 11, 2023/12/02, 09:02:42.537, 4707182929522, vstest.console.dll, SocketServer.Stop: Raise disconnected event endPoint: 127.0.0.1:64980 error: 
